------Start of DE processing------ = [12/8/25, 22:24:21:095 UTC]
Exception = java.util.concurrent.RejectedExecutionException
Source = com.ibm.ws.cdi.liberty.CDIRuntimeImpl
probeid = 484
Stack Dump = java.util.concurrent.RejectedExecutionException: CWWKE1202E: A task cannot be submitted because the executor managedExecutorService[DefaultManagedExecutorService] (concurrencyPolicy[defaultConcurrencyPolicy]) has been shut down.
	at com.ibm.ws.threading.internal.PolicyExecutorImpl.enqueue(PolicyExecutorImpl.java:659)
	at com.ibm.ws.threading.internal.PolicyExecutorImpl.invokeAll(PolicyExecutorImpl.java:837)
	at com.ibm.ws.concurrent.internal.ManagedExecutorServiceImpl.invokeAll(ManagedExecutorServiceImpl.java:660)
	at org.jboss.weld.executor.AbstractExecutorServices.invokeAllAndCheckForExceptions(AbstractExecutorServices.java:59)
	at org.jboss.weld.executor.AbstractExecutorServices.invokeAllAndCheckForExceptions(AbstractExecutorServices.java:67)
	at org.jboss.weld.bootstrap.ConcurrentBeanDeployer.addClasses(ConcurrentBeanDeployer.java:52)
	at org.jboss.weld.bootstrap.BeanDeployment.createClasses(BeanDeployment.java:198)
	at org.jboss.weld.bootstrap.WeldStartup.startInitialization(WeldStartup.java:417)
	at org.jboss.weld.bootstrap.WeldBootstrap.startInitialization(WeldBootstrap.java:79)
	at com.ibm.ws.cdi.impl.CDIContainerImpl$2.run(CDIContainerImpl.java:172)
	at com.ibm.ws.cdi.impl.CDIContainerImpl$2.run(CDIContainerImpl.java:169)
	at java.base/java.security.AccessController.doPrivileged(AccessController.java:695)
	at com.ibm.ws.cdi.impl.CDIContainerImpl.startInitialization(CDIContainerImpl.java:169)
	at com.ibm.ws.cdi.liberty.CDIRuntimeImpl.applicationStarting(CDIRuntimeImpl.java:485)
	at com.ibm.ws.container.service.state.internal.ApplicationStateManager.fireStarting(ApplicationStateManager.java:53)
	at com.ibm.ws.container.service.state.internal.StateChangeServiceImpl.fireApplicationStarting(StateChangeServiceImpl.java:52)
	at com.ibm.ws.app.manager.module.internal.SimpleDeployedAppInfoBase.preDeployApp(SimpleDeployedAppInfoBase.java:623)
	at com.ibm.ws.app.manager.module.internal.SimpleDeployedAppInfoBase.installApp(SimpleDeployedAppInfoBase.java:584)
	at com.ibm.ws.app.manager.module.internal.DeployedAppInfoBase.deployApp(DeployedAppInfoBase.java:625)
	at com.ibm.ws.app.manager.war.internal.WARApplicationHandlerImpl.install(WARApplicationHandlerImpl.java:67)
	at com.ibm.ws.app.manager.internal.statemachine.StartAction.execute(StartAction.java:199)
	at com.ibm.ws.app.manager.internal.statemachine.ApplicationStateMachineImpl.enterState(ApplicationStateMachineImpl.java:1369)
	at com.ibm.ws.app.manager.internal.statemachine.ApplicationStateMachineImpl.run(ApplicationStateMachineImpl.java:912)
	at com.ibm.ws.threading.internal.ExecutorServiceImpl$RunnableWrapper.run(ExecutorServiceImpl.java:344)
	at java.base/java.util.concurrent.ThreadPoolExecutor.runWorker(ThreadPoolExecutor.java:1136)
	at java.base/java.util.concurrent.ThreadPoolExecutor$Worker.run(ThreadPoolExecutor.java:635)
	at java.base/java.lang.Thread.run(Thread.java:853)

Dump of callerThis
Object type = com.ibm.ws.cdi.liberty.CDIRuntimeImpl
  tc = class com.ibm.websphere.ras.TraceComponent@285e83f3
    strings[0] = "TraceComponent[com.ibm.ws.cdi.liberty.CDIRuntimeImpl,class com.ibm.ws.cdi.liberty.CDIRuntimeImpl,[JCDI],com.ibm.ws.cdi.internal.resources.CDI,null]"
  metaDataSlotServiceSR = class com.ibm.wsspi.kernel.service.utils.AtomicServiceReference@c3a2bd1a
    referenceName = "metaDataSlotService"
    contextRef = class java.util.concurrent.atomic.AtomicReference@e08f7088
      serialVersionUID = "/* Could not access serialVersionUID */"
      VALUE = "/* Could not access VALUE */"
      value = "/* Could not access value */"
    references = class java.util.PriorityQueue@bf09964
      serialVersionUID = "/* Could not access serialVersionUID */"
      DEFAULT_INITIAL_CAPACITY = "/* Could not access DEFAULT_INITIAL_CAPACITY */"
      queue = "/* Could not access queue */"
      size = "/* Could not access size */"
      comparator = "/* Could not access comparator */"
      modCount = "/* Could not access modCount */"
    referencesLock = class java.util.concurrent.locks.ReentrantReadWriteLock@6a2e73a
      serialVersionUID = "/* Could not access serialVersionUID */"
      readerLock = "/* Could not access readerLock */"
      writerLock = "/* Could not access writerLock */"
      sync = "/* Could not access sync */"
    serialVersionUID = -5371852544883285473
    $$$tc$$$ = class com.ibm.websphere.ras.TraceComponent@6300a457
  ejbEndpointServiceSR = class com.ibm.wsspi.kernel.service.utils.AtomicServiceReference@53d525af
    referenceName = "ejbEndpointService"
    contextRef = class java.util.concurrent.atomic.AtomicReference@2e1555ac
      serialVersionUID = "/* Could not access serialVersionUID */"
      VALUE = "/* Could not access VALUE */"
      value = "/* Could not access value */"
    references = class java.util.PriorityQueue@ef5c85be
      serialVersionUID = "/* Could not access serialVersionUID */"
      DEFAULT_INITIAL_CAPACITY = "/* Could not access DEFAULT_INITIAL_CAPACITY */"
      queue = "/* Could not access queue */"
      size = "/* Could not access size */"
      comparator = "/* Could not access comparator */"
      modCount = "/* Could not access modCount */"
    referencesLock = class java.util.concurrent.locks.ReentrantReadWriteLock@466fc664
      serialVersionUID = "/* Could not access serialVersionUID */"
      readerLock = "/* Could not access readerLock */"
      writerLock = "/* Could not access writerLock */"
      sync = "/* Could not access sync */"
    serialVersionUID = -5371852544883285473
    $$$tc$$$ = class com.ibm.websphere.ras.TraceComponent@6300a457
  classLoadingSRRef = class com.ibm.wsspi.kernel.service.utils.AtomicServiceReference@13e49b90
    referenceName = "classLoadingService"
    contextRef = class java.util.concurrent.atomic.AtomicReference@9082daa7
      serialVersionUID = "/* Could not access serialVersionUID */"
      VALUE = "/* Could not access VALUE */"
      value = "/* Could not access value */"
    references = class java.util.PriorityQueue@9b5689d0
      serialVersionUID = "/* Could not access serialVersionUID */"
      DEFAULT_INITIAL_CAPACITY = "/* Could not access DEFAULT_INITIAL_CAPACITY */"
      queue = "/* Could not access queue */"
      size = "/* Could not access size */"
      comparator = "/* Could not access comparator */"
      modCount = "/* Could not access modCount */"
    referencesLock = class java.util.concurrent.locks.ReentrantReadWriteLock@5b961f9e
      serialVersionUID = "/* Could not access serialVersionUID */"
      readerLock = "/* Could not access readerLock */"
      writerLock = "/* Could not access writerLock */"
      sync = "/* Could not access sync */"
    serialVersionUID = -5371852544883285473
    $$$tc$$$ = class com.ibm.websphere.ras.TraceComponent@6300a457
  ejbServices = class com.ibm.wsspi.kernel.service.utils.AtomicServiceReference@edc14fc9
    referenceName = "ejbServices"
    contextRef = class java.util.concurrent.atomic.AtomicReference@8c5a4362
      serialVersionUID = "/* Could not access serialVersionUID */"
      VALUE = "/* Could not access VALUE */"
      value = "/* Could not access value */"
    references = class java.util.PriorityQueue@a6e55417
      serialVersionUID = "/* Could not access serialVersionUID */"
      DEFAULT_INITIAL_CAPACITY = "/* Could not access DEFAULT_INITIAL_CAPACITY */"
      queue = "/* Could not access queue */"
      size = "/* Could not access size */"
      comparator = "/* Could not access comparator */"
      modCount = "/* Could not access modCount */"
    referencesLock = class java.util.concurrent.locks.ReentrantReadWriteLock@e0c71bfe
      serialVersionUID = "/* Could not access serialVersionUID */"
      readerLock = "/* Could not access readerLock */"
      writerLock = "/* Could not access writerLock */"
      sync = "/* Could not access sync */"
    serialVersionUID = -5371852544883285473
    $$$tc$$$ = class com.ibm.websphere.ras.TraceComponent@6300a457
  transactionService = class com.ibm.wsspi.kernel.service.utils.AtomicServiceReference@abdf7892
    referenceName = "transactionService"
    contextRef = class java.util.concurrent.atomic.AtomicReference@9f90cd37
      serialVersionUID = "/* Could not access serialVersionUID */"
      VALUE = "/* Could not access VALUE */"
      value = "/* Could not access value */"
    references = class java.util.PriorityQueue@8ccdaf88
      serialVersionUID = "/* Could not access serialVersionUID */"
      DEFAULT_INITIAL_CAPACITY = "/* Could not access DEFAULT_INITIAL_CAPACITY */"
      queue = "/* Could not access queue */"
      size = "/* Could not access size */"
      comparator = "/* Could not access comparator */"
      modCount = "/* Could not access modCount */"
    referencesLock = class java.util.concurrent.locks.ReentrantReadWriteLock@e44de184
      serialVersionUID = "/* Could not access serialVersionUID */"
      readerLock = "/* Could not access readerLock */"
      writerLock = "/* Could not access writerLock */"
      sync = "/* Could not access sync */"
    serialVersionUID = -5371852544883285473
    $$$tc$$$ = class com.ibm.websphere.ras.TraceComponent@6300a457
  securityServices = class com.ibm.wsspi.kernel.service.utils.AtomicServiceReference@db26b223
    referenceName = "securityServices"
    contextRef = class java.util.concurrent.atomic.AtomicReference@84594fe1
      serialVersionUID = "/* Could not access serialVersionUID */"
      VALUE = "/* Could not access VALUE */"
      value = "/* Could not access value */"
    references = class java.util.PriorityQueue@f2d43e2f
      serialVersionUID = "/* Could not access serialVersionUID */"
      DEFAULT_INITIAL_CAPACITY = "/* Could not access DEFAULT_INITIAL_CAPACITY */"
      queue = "/* Could not access queue */"
      size = "/* Could not access size */"
      comparator = "/* Could not access comparator */"
      modCount = "/* Could not access modCount */"
    referencesLock = class java.util.concurrent.locks.ReentrantReadWriteLock@bd8e5ea0
      serialVersionUID = "/* Could not access serialVersionUID */"
      readerLock = "/* Could not access readerLock */"
      writerLock = "/* Could not access writerLock */"
      sync = "/* Could not access sync */"
    serialVersionUID = -5371852544883285473
    $$$tc$$$ = class com.ibm.websphere.ras.TraceComponent@6300a457
  extensionsSR = class com.ibm.wsspi.kernel.service.utils.ConcurrentServiceReferenceSet@c760abb9
    referenceName = "extensionService"
    contextRef = class java.util.concurrent.atomic.AtomicReference@736e21a3
      serialVersionUID = "/* Could not access serialVersionUID */"
      VALUE = "/* Could not access VALUE */"
      value = "/* Could not access value */"
    elementMap = class java.util.LinkedHashMap@cf5b6566
      serialVersionUID = "/* Could not access serialVersionUID */"
      head = "/* Could not access head */"
      tail = "/* Could not access tail */"
      accessOrder = "/* Could not access accessOrder */"
      serialVersionUID = "/* Could not access serialVersionUID */"
      DEFAULT_INITIAL_CAPACITY = "/* Could not access DEFAULT_INITIAL_CAPACITY */"
      MAXIMUM_CAPACITY = "/* Could not access MAXIMUM_CAPACITY */"
      DEFAULT_LOAD_FACTOR = "/* Could not access DEFAULT_LOAD_FACTOR */"
      TREEIFY_THRESHOLD = "/* Could not access TREEIFY_THRESHOLD */"
      UNTREEIFY_THRESHOLD = "/* Could not access UNTREEIFY_THRESHOLD */"
      MIN_TREEIFY_CAPACITY = "/* Could not access MIN_TREEIFY_CAPACITY */"
      table = "/* Could not access table */"
      entrySet = "/* Could not access entrySet */"
      size = "/* Could not access size */"
      modCount = "/* Could not access modCount */"
      threshold = "/* Could not access threshold */"
      loadFactor = "/* Could not access loadFactor */"
      keySet = "/* Could not access keySet */"
      values = "/* Could not access values */"
    elementMapLock = class java.util.concurrent.locks.ReentrantReadWriteLock@81662ea0
      serialVersionUID = "/* Could not access serialVersionUID */"
      readerLock = "/* Could not access readerLock */"
      writerLock = "/* Could not access writerLock */"
      sync = "/* Could not access sync */"
    elementSet = class java.util.concurrent.ConcurrentSkipListSet@52e9e7a
      serialVersionUID = "/* Could not access serialVersionUID */"
      m = "/* Could not access m */"
    elementSetUnsorted = false
    serialVersionUID = 57360986016377485
    $$$tc$$$ = class com.ibm.websphere.ras.TraceComponent@6d94179c
      strings[0] = "TraceComponent[com.ibm.wsspi.kernel.service.utils.ConcurrentServiceReferenceSet,class com.ibm.wsspi.kernel.service.utils.ConcurrentServiceReferenceSet,[kernelUtils],com.ibm.ws.kernel.service.utils.resources.ServiceMessages,null]"
  spiExtensionsSR = class com.ibm.wsspi.kernel.service.utils.ConcurrentServiceReferenceSet@188a7520
    referenceName = "spiExtensionService"
    contextRef = class java.util.concurrent.atomic.AtomicReference@85d09619
      serialVersionUID = "/* Could not access serialVersionUID */"
      VALUE = "/* Could not access VALUE */"
      value = "/* Could not access value */"
    elementMap = class java.util.LinkedHashMap@95144b1e
      serialVersionUID = "/* Could not access serialVersionUID */"
      head = "/* Could not access head */"
      tail = "/* Could not access tail */"
      accessOrder = "/* Could not access accessOrder */"
      serialVersionUID = "/* Could not access serialVersionUID */"
      DEFAULT_INITIAL_CAPACITY = "/* Could not access DEFAULT_INITIAL_CAPACITY */"
      MAXIMUM_CAPACITY = "/* Could not access MAXIMUM_CAPACITY */"
      DEFAULT_LOAD_FACTOR = "/* Could not access DEFAULT_LOAD_FACTOR */"
      TREEIFY_THRESHOLD = "/* Could not access TREEIFY_THRESHOLD */"
      UNTREEIFY_THRESHOLD = "/* Could not access UNTREEIFY_THRESHOLD */"
      MIN_TREEIFY_CAPACITY = "/* Could not access MIN_TREEIFY_CAPACITY */"
      table = "/* Could not access table */"
      entrySet = "/* Could not access entrySet */"
      size = "/* Could not access size */"
      modCount = "/* Could not access modCount */"
      threshold = "/* Could not access threshold */"
      loadFactor = "/* Could not access loadFactor */"
      keySet = "/* Could not access keySet */"
      values = "/* Could not access values */"
    elementMapLock = class java.util.concurrent.locks.ReentrantReadWriteLock@378f4aa3
      serialVersionUID = "/* Could not access serialVersionUID */"
      readerLock = "/* Could not access readerLock */"
      writerLock = "/* Could not access writerLock */"
      sync = "/* Could not access sync */"
    elementSet = class java.util.concurrent.ConcurrentSkipListSet@d214e46e
      serialVersionUID = "/* Could not access serialVersionUID */"
      m = "/* Could not access m */"
    elementSetUnsorted = false
    serialVersionUID = 57360986016377485
    $$$tc$$$ = class com.ibm.websphere.ras.TraceComponent@6d94179c
  containerFactorySRRef = class com.ibm.wsspi.kernel.service.utils.AtomicServiceReference@dbbae832
    referenceName = "containerFactory"
    contextRef = class java.util.concurrent.atomic.AtomicReference@a6bdb626
      serialVersionUID = "/* Could not access serialVersionUID */"
      VALUE = "/* Could not access VALUE */"
      value = "/* Could not access value */"
    references = class java.util.PriorityQueue@a33b73e2
      serialVersionUID = "/* Could not access serialVersionUID */"
      DEFAULT_INITIAL_CAPACITY = "/* Could not access DEFAULT_INITIAL_CAPACITY */"
      queue = "/* Could not access queue */"
      size = "/* Could not access size */"
      comparator = "/* Could not access comparator */"
      modCount = "/* Could not access modCount */"
    referencesLock = class java.util.concurrent.locks.ReentrantReadWriteLock@adfdf66e
      serialVersionUID = "/* Could not access serialVersionUID */"
      readerLock = "/* Could not access readerLock */"
      writerLock = "/* Could not access writerLock */"
      sync = "/* Could not access sync */"
    serialVersionUID = -5371852544883285473
    $$$tc$$$ = class com.ibm.websphere.ras.TraceComponent@6300a457
  adaptableModuleFactorySRRef = class com.ibm.wsspi.kernel.service.utils.AtomicServiceReference@a823f21a
    referenceName = "adaptableModuleFactory"
    contextRef = class java.util.concurrent.atomic.AtomicReference@f7ac0109
      serialVersionUID = "/* Could not access serialVersionUID */"
      VALUE = "/* Could not access VALUE */"
      value = "/* Could not access value */"
    references = class java.util.PriorityQueue@b4e477c2
      serialVersionUID = "/* Could not access serialVersionUID */"
      DEFAULT_INITIAL_CAPACITY = "/* Could not access DEFAULT_INITIAL_CAPACITY */"
      queue = "/* Could not access queue */"
      size = "/* Could not access size */"
      comparator = "/* Could not access comparator */"
      modCount = "/* Could not access modCount */"
    referencesLock = class java.util.concurrent.locks.ReentrantReadWriteLock@24cb5884
      serialVersionUID = "/* Could not access serialVersionUID */"
      readerLock = "/* Could not access readerLock */"
      writerLock = "/* Could not access writerLock */"
      sync = "/* Could not access sync */"
    serialVersionUID = -5371852544883285473
    $$$tc$$$ = class com.ibm.websphere.ras.TraceComponent@6300a457
  injectionEngineServiceRef = class com.ibm.wsspi.kernel.service.utils.AtomicServiceReference@4baeac5a
    referenceName = "injectionEngine"
    contextRef = class java.util.concurrent.atomic.AtomicReference@6435627
      serialVersionUID = "/* Could not access serialVersionUID */"
      VALUE = "/* Could not access VALUE */"
      value = "/* Could not access value */"
    references = class java.util.PriorityQueue@4c9fd59b
      serialVersionUID = "/* Could not access serialVersionUID */"
      DEFAULT_INITIAL_CAPACITY = "/* Could not access DEFAULT_INITIAL_CAPACITY */"
      queue = "/* Could not access queue */"
      size = "/* Could not access size */"
      comparator = "/* Could not access comparator */"
      modCount = "/* Could not access modCount */"
    referencesLock = class java.util.concurrent.locks.ReentrantReadWriteLock@78b5edc1
      serialVersionUID = "/* Could not access serialVersionUID */"
      readerLock = "/* Could not access readerLock */"
      writerLock = "/* Could not access writerLock */"
      sync = "/* Could not access sync */"
    serialVersionUID = -5371852544883285473
    $$$tc$$$ = class com.ibm.websphere.ras.TraceComponent@6300a457
  scheduledExecutorServiceRef = class com.ibm.wsspi.kernel.service.utils.AtomicServiceReference@8d90cdd5
    referenceName = "scheduledExecutorService"
    contextRef = class java.util.concurrent.atomic.AtomicReference@726ab0e3
      serialVersionUID = "/* Could not access serialVersionUID */"
      VALUE = "/* Could not access VALUE */"
      value = "/* Could not access value */"
    references = class java.util.PriorityQueue@ac583036
      serialVersionUID = "/* Could not access serialVersionUID */"
      DEFAULT_INITIAL_CAPACITY = "/* Could not access DEFAULT_INITIAL_CAPACITY */"
      queue = "/* Could not access queue */"
      size = "/* Could not access size */"
      comparator = "/* Could not access comparator */"
      modCount = "/* Could not access modCount */"
    referencesLock = class java.util.concurrent.locks.ReentrantReadWriteLock@b6eec954
      serialVersionUID = "/* Could not access serialVersionUID */"
      readerLock = "/* Could not access readerLock */"
      writerLock = "/* Could not access writerLock */"
      sync = "/* Could not access sync */"
    serialVersionUID = -5371852544883285473
    $$$tc$$$ = class com.ibm.websphere.ras.TraceComponent@6300a457
  executorServiceRef = class com.ibm.wsspi.kernel.service.utils.AtomicServiceReference@45fe8cc6
    referenceName = "executorService"
    contextRef = class java.util.concurrent.atomic.AtomicReference@37e8e5e3
      serialVersionUID = "/* Could not access serialVersionUID */"
      VALUE = "/* Could not access VALUE */"
      value = "/* Could not access value */"
    references = class java.util.PriorityQueue@28671524
      serialVersionUID = "/* Could not access serialVersionUID */"
      DEFAULT_INITIAL_CAPACITY = "/* Could not access DEFAULT_INITIAL_CAPACITY */"
      queue = "/* Could not access queue */"
      size = "/* Could not access size */"
      comparator = "/* Could not access comparator */"
      modCount = "/* Could not access modCount */"
    referencesLock = class java.util.concurrent.locks.ReentrantReadWriteLock@d7a83cd4
      serialVersionUID = "/* Could not access serialVersionUID */"
      readerLock = "/* Could not access readerLock */"
      writerLock = "/* Could not access writerLock */"
      sync = "/* Could not access sync */"
    serialVersionUID = -5371852544883285473
    $$$tc$$$ = class com.ibm.websphere.ras.TraceComponent@6300a457
  managedExecutorServiceRef = class com.ibm.wsspi.kernel.service.utils.AtomicServiceReference@51284467
    referenceName = "managedExecutorService"
    contextRef = class java.util.concurrent.atomic.AtomicReference@962f3a0b
      serialVersionUID = "/* Could not access serialVersionUID */"
      VALUE = "/* Could not access VALUE */"
      value = "/* Could not access value */"
    references = class java.util.PriorityQueue@da7ebae
      serialVersionUID = "/* Could not access serialVersionUID */"
      DEFAULT_INITIAL_CAPACITY = "/* Could not access DEFAULT_INITIAL_CAPACITY */"
      queue = "/* Could not access queue */"
      size = "/* Could not access size */"
      comparator = "/* Could not access comparator */"
      modCount = "/* Could not access modCount */"
    referencesLock = class java.util.concurrent.locks.ReentrantReadWriteLock@60b4f975
      serialVersionUID = "/* Could not access serialVersionUID */"
      readerLock = "/* Could not access readerLock */"
      writerLock = "/* Could not access writerLock */"
      sync = "/* Could not access sync */"
    serialVersionUID = -5371852544883285473
    $$$tc$$$ = class com.ibm.websphere.ras.TraceComponent@6300a457
  resourceRefConfigFactoryRef = class com.ibm.wsspi.kernel.service.utils.AtomicServiceReference@8e6d852c
    referenceName = "resourceRefConfigFactory"
    contextRef = class java.util.concurrent.atomic.AtomicReference@b94e57f4
      serialVersionUID = "/* Could not access serialVersionUID */"
      VALUE = "/* Could not access VALUE */"
      value = "/* Could not access value */"
    references = class java.util.PriorityQueue@c0413b25
      serialVersionUID = "/* Could not access serialVersionUID */"
      DEFAULT_INITIAL_CAPACITY = "/* Could not access DEFAULT_INITIAL_CAPACITY */"
      queue = "/* Could not access queue */"
      size = "/* Could not access size */"
      comparator = "/* Could not access comparator */"
      modCount = "/* Could not access modCount */"
    referencesLock = class java.util.concurrent.locks.ReentrantReadWriteLock@6fb5ac31
      serialVersionUID = "/* Could not access serialVersionUID */"
      readerLock = "/* Could not access readerLock */"
      writerLock = "/* Could not access writerLock */"
      sync = "/* Could not access sync */"
    serialVersionUID = -5371852544883285473
    $$$tc$$$ = class com.ibm.websphere.ras.TraceComponent@6300a457
      strings[0] = "TraceComponent[com.ibm.wsspi.kernel.service.utils.AtomicServiceReference,class com.ibm.wsspi.kernel.service.utils.AtomicServiceReference,[kernelUtils],com.ibm.ws.kernel.service.utils.resources.ServiceMessages,null]"
  deferredMetaDataFactoryRef = class com.ibm.wsspi.kernel.service.utils.AtomicServiceReference@92970de0
    referenceName = "cdiDeferredMetaDataFactoryImpl"
    contextRef = class java.util.concurrent.atomic.AtomicReference@f7027817
      serialVersionUID = "/* Could not access serialVersionUID */"
      VALUE = "/* Could not access VALUE */"
      value = "/* Could not access value */"
    references = class java.util.PriorityQueue@9fea60fa
      serialVersionUID = "/* Could not access serialVersionUID */"
      DEFAULT_INITIAL_CAPACITY = "/* Could not access DEFAULT_INITIAL_CAPACITY */"
      queue = "/* Could not access queue */"
      size = "/* Could not access size */"
      comparator = "/* Could not access comparator */"
      modCount = "/* Could not access modCount */"
    referencesLock = class java.util.concurrent.locks.ReentrantReadWriteLock@efe31158
      serialVersionUID = "/* Could not access serialVersionUID */"
      readerLock = "/* Could not access readerLock */"
      writerLock = "/* Could not access writerLock */"
      sync = "/* Could not access sync */"
    serialVersionUID = -5371852544883285473
    $$$tc$$$ = class com.ibm.websphere.ras.TraceComponent@6300a457
  beansXmlParser = class com.ibm.ws.cdi.impl.CDI20BeansXmlParserImpl@29449d0c
    serialVersionUID = -2551917422868296378
    $$$tc$$$ = class com.ibm.websphere.ras.TraceComponent@f262f24b
      strings[0] = "TraceComponent[com.ibm.ws.cdi.impl.CDI20BeansXmlParserImpl,class com.ibm.ws.cdi.impl.CDI20BeansXmlParserImpl,[JCDI],com.ibm.ws.cdi.internal.resources.CDI,null]"
  bceFinder = null
  cdiContainerEventManager = null
  cdiContainerConfig = class com.ibm.ws.cdi.impl.CDI20AggregatedConfigurationImpl@bb8fe513
    serialVersionUID = -5651906535577980940
    $$$tc$$$ = class com.ibm.websphere.ras.TraceComponent@5b52efdb
      strings[0] = "TraceComponent[com.ibm.ws.cdi.impl.CDI20AggregatedConfigurationImpl,class com.ibm.ws.cdi.impl.CDI20AggregatedConfigurationImpl,[JCDI],com.ibm.ws.cdi.internal.resources.CDI,null]"
    serialVersionUID = 7690726995515754343
    $$$tc$$$ = class com.ibm.websphere.ras.TraceComponent@204b571d
      strings[0] = "TraceComponent[com.ibm.ws.cdi.internal.config.CDI12AggregatedConfiguration,class com.ibm.ws.cdi.internal.config.CDI12AggregatedConfiguration,[JCDI],com.ibm.ws.cdi.internal.resources.CDI,null]"
    tc = class com.ibm.websphere.ras.TraceComponent@987a656f
      strings[0] = "TraceComponent[com.ibm.ws.cdi.internal.config.AggregatedConfiguration,class com.ibm.ws.cdi.internal.config.AggregatedConfiguration,[JCDI],com.ibm.ws.cdi.internal.resources.CDI,null]"
    ENABLE_IMPLICIT_BEAN_ARCHIVES = "enableImplicitBeanArchives"
    EMPTY_BEANS_XML_CDI3_COMPATIBILITY = "emptyBeansXmlCDI3Compatibility"
    ENABLE_IMPLICIT_BEAN_ARCHIVES_DEFAULT = true
    EMPTY_BEANS_XML_CDI3_COMPATIBILITY_DEFAULT = false
    cdi12EnableImplicitBeanArchives = null
    cdiEnableImplicitBeanArchives = null
    cdiEmptyBeansXmlCDI3Compatibility = null
    enableImplicitBeanArchives = true
    emptyBeansXmlCDI3Compatibility = false
    serialVersionUID = 2383387866469920840
  extensionArchiveProviders = class java.util.concurrent.CopyOnWriteArrayList@165911cd
    serialVersionUID = "/* Could not access serialVersionUID */"
    lock = "/* Could not access lock */"
    array = "/* Could not access array */"
  extensionArchiveFactories = class java.util.ArrayList@fcbbb22e
    serialVersionUID = "/* Could not access serialVersionUID */"
    DEFAULT_CAPACITY = "/* Could not access DEFAULT_CAPACITY */"
    EMPTY_ELEMENTDATA = "/* Could not access EMPTY_ELEMENTDATA */"
    DEFAULTCAPACITY_EMPTY_ELEMENTDATA = "/* Could not access DEFAULTCAPACITY_EMPTY_ELEMENTDATA */"
    elementData = "/* Could not access elementData */"
    size = "/* Could not access size */"
    modCount = "/* Could not access modCount */"
  applicationSlot = class com.ibm.ws.runtime.metadata.MetaDataSlotImpl@ef65d90
    id = 0
    destroyed = false
    metadataIntf = class java.lang.Class@86e3a039
      serialVersionUID = "/* Could not access serialVersionUID */"
      SYNTHETIC = "/* Could not access SYNTHETIC */"
      ANNOTATION = "/* Could not access ANNOTATION */"
      ENUM = "/* Could not access ENUM */"
      MEMBER_INVALID_TYPE = "/* Could not access MEMBER_INVALID_TYPE */"
      EmptyParameters = "/* Could not access EmptyParameters */"
      vmRef = "/* Could not access vmRef */"
      module = "/* Could not access module */"
      protectionDomain = "/* Could not access protectionDomain */"
      classNameString = "/* Could not access classNameString */"
      cachedToString = "/* Could not access cachedToString */"
      fileNameString = "/* Could not access fileNameString */"
      packageNameString = "/* Could not access packageNameString */"
      annotationVars = "/* Could not access annotationVars */"
      annotationVarsOffset = "/* Could not access annotationVarsOffset */"
      classValueMap = "/* Could not access classValueMap */"
      enumVars = "/* Could not access enumVars */"
      enumVarsOffset = "/* Could not access enumVarsOffset */"
      initializationLock = "/* Could not access initializationLock */"
      methodHandleCache = "/* Could not access methodHandleCache */"
      classRepoHolder = "/* Could not access classRepoHolder */"
      annotationCache = "/* Could not access annotationCache */"
      annotationCacheOffset = "/* Could not access annotationCacheOffset */"
      reflectCacheEnabled = "/* Could not access reflectCacheEnabled */"
      reflectCacheDebug = "/* Could not access reflectCacheDebug */"
      reflectCacheAppOnly = "/* Could not access reflectCacheAppOnly */"
      metadataCache = "/* Could not access metadataCache */"
      metadataCacheOffset = "/* Could not access metadataCacheOffset */"
      cachedInterfaces = "/* Could not access cachedInterfaces */"
      cachedInterfacesOffset = "/* Could not access cachedInterfacesOffset */"
      cachedDeclaringClass = "/* Could not access cachedDeclaringClass */"
      cachedDeclaringClassOffset = "/* Could not access cachedDeclaringClassOffset */"
      cachedEnclosingClass = "/* Could not access cachedEnclosingClass */"
      cachedEnclosingClassOffset = "/* Could not access cachedEnclosingClassOffset */"
      cachedCheckInnerClassAttr = "/* Could not access cachedCheckInnerClassAttr */"
      EMPTY_ANNOTATION_ARRAY = "/* Could not access EMPTY_ANNOTATION_ARRAY */"
      implLookup = "/* Could not access implLookup */"
      unsafe = "/* Could not access unsafe */"
      nestHost = "/* Could not access nestHost */"
      cachedPermittedSubclasses = "/* Could not access cachedPermittedSubclasses */"
      cachedPermittedSubclassesOffset = "/* Could not access cachedPermittedSubclassesOffset */"
      reflectCache = "/* Could not access reflectCache */"
      reflectCacheOffset = "/* Could not access reflectCacheOffset */"
      reflectionFactory = "/* Could not access reflectionFactory */"
    manager = class com.ibm.ws.container.service.metadata.internal.ApplicationMetaDataManager@e3a927b4
      serialVersionUID = 1843747281024490904
      $$$tc$$$ = class com.ibm.websphere.ras.TraceComponent@59ea8df7
      listeners = class com.ibm.wsspi.kernel.service.utils.ConcurrentServiceReferenceSet@4eee6d49
      metaDataIDs = class com.ibm.ws.container.service.metadata.internal.IndexList@975b27ca
      metaDatas = class java.util.ArrayList@10695b0b
      slotIDs = class com.ibm.ws.container.service.metadata.internal.IndexList@146f6fbd
      serialVersionUID = 5464421863354792977
      $$$tc$$$ = class com.ibm.websphere.ras.TraceComponent@920114fe
    bundle = class org.eclipse.osgi.internal.framework.EquinoxBundle@3ce5920a
  isClientProcess = false
  proxyServices = class com.ibm.ws.cdi.proxy.ProxyServicesImpl@b9f9a3b5
    tc = class com.ibm.websphere.ras.TraceComponent@a73f0a47
      strings[0] = "TraceComponent[com.ibm.ws.cdi.proxy.ProxyServicesImpl,class com.ibm.ws.cdi.proxy.ProxyServicesImpl,[],null,null]"
    SUPPRESS_ACCESS_CHECKS_PERMISSION = class java.lang.reflect.ReflectPermission@68840d08
      serialVersionUID = "/* Could not access serialVersionUID */"
      serialVersionUID = "/* Could not access serialVersionUID */"
      wildcard = "/* Could not access wildcard */"
      path = "/* Could not access path */"
      exitVM = "/* Could not access exitVM */"
      serialVersionUID = "/* Could not access serialVersionUID */"
      name = "/* Could not access name */"
    DECLARED_MEMBERS_PERMISSION = class java.lang.RuntimePermission@55f3cd2f
      serialVersionUID = "/* Could not access serialVersionUID */"
      serialVersionUID = "/* Could not access serialVersionUID */"
      wildcard = "/* Could not access wildcard */"
      path = "/* Could not access path */"
      exitVM = "/* Could not access exitVM */"
      serialVersionUID = "/* Could not access serialVersionUID */"
      name = "/* Could not access name */"
    GET_CLASS_LOADER_PERMISSION = class java.lang.RuntimePermission@e49ed96c
      serialVersionUID = "/* Could not access serialVersionUID */"
      serialVersionUID = "/* Could not access serialVersionUID */"
      wildcard = "/* Could not access wildcard */"
      path = "/* Could not access path */"
      exitVM = "/* Could not access exitVM */"
      serialVersionUID = "/* Could not access serialVersionUID */"
      name = "/* Could not access name */"
    WELD_PACKAGES = class org.eclipse.osgi.util.ManifestElement[1]
      ManifestElement[0] = class org.eclipse.osgi.util.ManifestElement@74943246
    CLASS_LOADER_FOR_SYSTEM_CLASSES = class org.eclipse.osgi.internal.loader.EquinoxClassLoader@c5e7311b
      configuration = class org.eclipse.osgi.internal.framework.EquinoxConfiguration@b7f335aa
      debug = class org.eclipse.osgi.internal.debug.Debug@637fe9e0
      delegate = class org.eclipse.osgi.internal.loader.BundleLoader@c83f7f31
      generation = class org.eclipse.osgi.storage.BundleInfo$Generation@a80074a4
      manager = class org.eclipse.osgi.internal.loader.classpath.ClasspathManager@ea45b57c
      ALLPERMISSIONS = class java.security.AllPermissionCollection@e8c00932
      classNameLocks = class org.eclipse.osgi.internal.container.KeyBasedLockStore@dfa16c73
      pkgLock = class java.lang.Object@b0bbbc7
    loaderMap = class com.ibm.ws.cdi.proxy.ProxyServicesImpl$1@4685d875
      this$0 = class com.ibm.ws.cdi.proxy.ProxyServicesImpl@b9f9a3b5
      serialVersionUID = 7414824288598027114
      $$$tc$$$ = class com.ibm.websphere.ras.TraceComponent@3f4b81ce
      EMPTY_CACHE = "/* Could not access EMPTY_CACHE */"
      hashCodeForCache = "/* Could not access hashCodeForCache */"
      nextHashCode = "/* Could not access nextHashCode */"
      HASH_INCREMENT = "/* Could not access HASH_INCREMENT */"
      HASH_MASK = "/* Could not access HASH_MASK */"
      identity = "/* Could not access identity */"
      version = "/* Could not access version */"
      CRITICAL_SECTION = "/* Could not access CRITICAL_SECTION */"
      UNSAFE = "/* Could not access UNSAFE */"
    serialVersionUID = 2161568117283927806
  DEVELOPMENT_MODE = "org.jboss.weld.development"
  developmentMode = false
  serialVersionUID = 3329518109332864412
  THREAD_CONTEXT_ACCESSOR = class com.ibm.ws.util.ThreadContextAccessor$ReflectionThreadContextAccessorImpl@8e55cf7b
    field = class java.lang.reflect.Field@4922b3c5
    tc = class com.ibm.ejs.ras.TraceComponent@18c5f7f5
      strings[0] = "TraceComponent[com.ibm.ws.util.ThreadContextAccessor,class com.ibm.ws.util.ThreadContextAccessor,[Runtime],null,null]"
    PRINT_STACK_ON_SET_CTX_CLASSLOADER = false
    PRIVILEGED_ACTION = class com.ibm.ws.util.ThreadContextAccessor$1@9b1f16d0
    UNCHANGED = class com.ibm.ws.util.ThreadContextAccessor$Unchanged@a17191f0
    threadContextAccessor = class com.ibm.ws.util.ThreadContextAccessor$ReflectionThreadContextAccessorImpl@8e55cf7b
  classLoadingServiceCaller = class com.ibm.ws.kernel.service.util.ServiceCaller@55ebdc7
    bundle = class org.eclipse.osgi.internal.framework.EquinoxBundle@3ce5920a
      equinoxContainer = class org.eclipse.osgi.internal.framework.EquinoxContainer@ff0f334e
      module = class org.eclipse.osgi.internal.framework.EquinoxBundle$EquinoxModule@8c6811d8
      monitor = class java.lang.Object@9e701b38
      context = class org.eclipse.osgi.internal.framework.BundleContextImpl@50fc09a6
      signedContent = null
      $SWITCH_TABLE$org$eclipse$osgi$container$Module$State = {1,2,3,4,5,6,7} /* array length = 7 */
    serviceType = class java.lang.Class@9cc276a4
      serialVersionUID = "/* Could not access serialVersionUID */"
      SYNTHETIC = "/* Could not access SYNTHETIC */"
      ANNOTATION = "/* Could not access ANNOTATION */"
      ENUM = "/* Could not access ENUM */"
      MEMBER_INVALID_TYPE = "/* Could not access MEMBER_INVALID_TYPE */"
      EmptyParameters = "/* Could not access EmptyParameters */"
      vmRef = "/* Could not access vmRef */"
      module = "/* Could not access module */"
      protectionDomain = "/* Could not access protectionDomain */"
      classNameString = "/* Could not access classNameString */"
      cachedToString = "/* Could not access cachedToString */"
      fileNameString = "/* Could not access fileNameString */"
      packageNameString = "/* Could not access packageNameString */"
      annotationVars = "/* Could not access annotationVars */"
      annotationVarsOffset = "/* Could not access annotationVarsOffset */"
      classValueMap = "/* Could not access classValueMap */"
      enumVars = "/* Could not access enumVars */"
      enumVarsOffset = "/* Could not access enumVarsOffset */"
      initializationLock = "/* Could not access initializationLock */"
      methodHandleCache = "/* Could not access methodHandleCache */"
      classRepoHolder = "/* Could not access classRepoHolder */"
      annotationCache = "/* Could not access annotationCache */"
      annotationCacheOffset = "/* Could not access annotationCacheOffset */"
      reflectCacheEnabled = "/* Could not access reflectCacheEnabled */"
      reflectCacheDebug = "/* Could not access reflectCacheDebug */"
      reflectCacheAppOnly = "/* Could not access reflectCacheAppOnly */"
      metadataCache = "/* Could not access metadataCache */"
      metadataCacheOffset = "/* Could not access metadataCacheOffset */"
      cachedInterfaces = "/* Could not access cachedInterfaces */"
      cachedInterfacesOffset = "/* Could not access cachedInterfacesOffset */"
      cachedDeclaringClass = "/* Could not access cachedDeclaringClass */"
      cachedDeclaringClassOffset = "/* Could not access cachedDeclaringClassOffset */"
      cachedEnclosingClass = "/* Could not access cachedEnclosingClass */"
      cachedEnclosingClassOffset = "/* Could not access cachedEnclosingClassOffset */"
      cachedCheckInnerClassAttr = "/* Could not access cachedCheckInnerClassAttr */"
      EMPTY_ANNOTATION_ARRAY = "/* Could not access EMPTY_ANNOTATION_ARRAY */"
      implLookup = "/* Could not access implLookup */"
      unsafe = "/* Could not access unsafe */"
      nestHost = "/* Could not access nestHost */"
      cachedPermittedSubclasses = "/* Could not access cachedPermittedSubclasses */"
      cachedPermittedSubclassesOffset = "/* Could not access cachedPermittedSubclassesOffset */"
      reflectCache = "/* Could not access reflectCache */"
      reflectCacheOffset = "/* Could not access reflectCacheOffset */"
      reflectionFactory = "/* Could not access reflectionFactory */"
    filter = null
    servicePermission = class org.osgi.framework.ServicePermission@5846d1b2
      serialVersionUID = -7662148639076511574
      GET = "get"
      REGISTER = "register"
      ACTION_GET = 1
      ACTION_REGISTER = 2
      ACTION_ALL = 3
      ACTION_NONE = 0
      action_mask = 1
      actions = null
      service = null
      objectClass = null
      filter = null
      properties = null
      wildcard = false
      prefix = null
      serialVersionUID = "/* Could not access serialVersionUID */"
      wildcard = "/* Could not access wildcard */"
      path = "/* Could not access path */"
      exitVM = "/* Could not access exitVM */"
      serialVersionUID = "/* Could not access serialVersionUID */"
      name = "/* Could not access name */"
    service = null
    serialVersionUID = -960652899262673249
    $$$tc$$$ = class com.ibm.websphere.ras.TraceComponent@389a4fd0
      strings[0] = "TraceComponent[com.ibm.ws.kernel.service.util.ServiceCaller,class com.ibm.ws.kernel.service.util.ServiceCaller,[],com.ibm.ws.kernel.service.utils.resources.ServiceMessages,null]"
  cdiContainer = class com.ibm.ws.cdi.impl.CDIContainerImpl@fd361474
    tc = class com.ibm.websphere.ras.TraceComponent@614e4fc9
      strings[0] = "TraceComponent[com.ibm.ws.cdi.impl.CDIContainerImpl,class com.ibm.ws.cdi.impl.CDIContainerImpl,[JCDI],com.ibm.ws.cdi.internal.resources.CDI,null]"
    CLASSLOADER = class org.eclipse.osgi.internal.loader.EquinoxClassLoader@535fabb5
      configuration = class org.eclipse.osgi.internal.framework.EquinoxConfiguration@b7f335aa
      debug = class org.eclipse.osgi.internal.debug.Debug@637fe9e0
      delegate = class org.eclipse.osgi.internal.loader.BundleLoader@eef1351f
      generation = class org.eclipse.osgi.storage.BundleInfo$Generation@54c75554
      manager = class org.eclipse.osgi.internal.loader.classpath.ClasspathManager@fcb577cf
      ALLPERMISSIONS = class java.security.AllPermissionCollection@e8c00932
      classNameLocks = class org.eclipse.osgi.internal.container.KeyBasedLockStore@6b27b638
      pkgLock = class java.lang.Object@7464e457
    EXTENSION_API_CLASSES = "api.classes"
    EXTENSION_BEAN_DEFINING_ANNOTATIONS = "bean.defining.annotations"
    EXTENSION_APP_BDAS_VISIBLE = "application.bdas.visible"
    EXTENSION_CLASSES_ONLY_MODE = "extension.classes.only"
    EXTENSION_API_CLASSES_SEPARATOR = ";"
    runtimeExtensionMap = class java.util.HashMap@bc4994d5
      serialVersionUID = "/* Could not access serialVersionUID */"
      DEFAULT_INITIAL_CAPACITY = "/* Could not access DEFAULT_INITIAL_CAPACITY */"
      MAXIMUM_CAPACITY = "/* Could not access MAXIMUM_CAPACITY */"
      DEFAULT_LOAD_FACTOR = "/* Could not access DEFAULT_LOAD_FACTOR */"
      TREEIFY_THRESHOLD = "/* Could not access TREEIFY_THRESHOLD */"
      UNTREEIFY_THRESHOLD = "/* Could not access UNTREEIFY_THRESHOLD */"
      MIN_TREEIFY_CAPACITY = "/* Could not access MIN_TREEIFY_CAPACITY */"
      table = "/* Could not access table */"
      entrySet = "/* Could not access entrySet */"
      size = "/* Could not access size */"
      modCount = "/* Could not access modCount */"
      threshold = "/* Could not access threshold */"
      loadFactor = "/* Could not access loadFactor */"
      keySet = "/* Could not access keySet */"
      values = "/* Could not access values */"
    currentDeployment = class java.lang.ThreadLocal@96bc239e
      threadLocalHashCode = "/* Could not access threadLocalHashCode */"
      nextHashCode = "/* Could not access nextHashCode */"
      HASH_INCREMENT = "/* Could not access HASH_INCREMENT */"
    cdiRuntime = class com.ibm.ws.cdi.liberty.CDIRuntimeImpl@3d9817d0
    WELD_DISABLE_BEANSXML_VALIDATING = "org.jboss.weld.xml.disableValidating"
    serialVersionUID = -4796492233437621350
  runtimeFactory = class com.ibm.ws.cdi.internal.archive.liberty.RuntimeFactory@2fbe7a44
    services = class com.ibm.ws.cdi.liberty.CDIRuntimeImpl@3d9817d0
    applications = class java.util.concurrent.ConcurrentHashMap@3f1de12
      serialVersionUID = "/* Could not access serialVersionUID */"
      MAXIMUM_CAPACITY = "/* Could not access MAXIMUM_CAPACITY */"
      DEFAULT_CAPACITY = "/* Could not access DEFAULT_CAPACITY */"
      MAX_ARRAY_SIZE = "/* Could not access MAX_ARRAY_SIZE */"
      DEFAULT_CONCURRENCY_LEVEL = "/* Could not access DEFAULT_CONCURRENCY_LEVEL */"
      LOAD_FACTOR = "/* Could not access LOAD_FACTOR */"
      TREEIFY_THRESHOLD = "/* Could not access TREEIFY_THRESHOLD */"
      UNTREEIFY_THRESHOLD = "/* Could not access UNTREEIFY_THRESHOLD */"
      MIN_TREEIFY_CAPACITY = "/* Could not access MIN_TREEIFY_CAPACITY */"
      MIN_TRANSFER_STRIDE = "/* Could not access MIN_TRANSFER_STRIDE */"
      RESIZE_STAMP_BITS = "/* Could not access RESIZE_STAMP_BITS */"
      MAX_RESIZERS = "/* Could not access MAX_RESIZERS */"
      RESIZE_STAMP_SHIFT = "/* Could not access RESIZE_STAMP_SHIFT */"
      MOVED = "/* Could not access MOVED */"
      TREEBIN = "/* Could not access TREEBIN */"
      RESERVED = "/* Could not access RESERVED */"
      HASH_BITS = "/* Could not access HASH_BITS */"
      NCPU = "/* Could not access NCPU */"
      serialPersistentFields = "/* Could not access serialPersistentFields */"
      table = "/* Could not access table */"
      nextTable = "/* Could not access nextTable */"
      baseCount = "/* Could not access baseCount */"
      sizeCtl = "/* Could not access sizeCtl */"
      transferIndex = "/* Could not access transferIndex */"
      cellsBusy = "/* Could not access cellsBusy */"
      counterCells = "/* Could not access counterCells */"
      keySet = "/* Could not access keySet */"
      values = "/* Could not access values */"
      entrySet = "/* Could not access entrySet */"
      U = "/* Could not access U */"
      SIZECTL = "/* Could not access SIZECTL */"
      TRANSFERINDEX = "/* Could not access TRANSFERINDEX */"
      BASECOUNT = "/* Could not access BASECOUNT */"
      CELLSBUSY = "/* Could not access CELLSBUSY */"
      CELLVALUE = "/* Could not access CELLVALUE */"
      ABASE = "/* Could not access ABASE */"
      ASHIFT = "/* Could not access ASHIFT */"
      keySet = "/* Could not access keySet */"
      values = "/* Could not access values */"
    serialVersionUID = -4018560651187016223
    $$$tc$$$ = class com.ibm.websphere.ras.TraceComponent@a4433b86
      strings[0] = "TraceComponent[com.ibm.ws.cdi.internal.archive.liberty.RuntimeFactory,class com.ibm.ws.cdi.internal.archive.liberty.RuntimeFactory,[JCDI],com.ibm.ws.cdi.internal.resources.CDI,null]"
  serialVersionUID = -532538009176290897
  $$$tc$$$ = class com.ibm.websphere.ras.TraceComponent@ccd2fc7c
    strings[0] = "TraceComponent[com.ibm.ws.cdi.impl.AbstractCDIRuntime,class com.ibm.ws.cdi.impl.AbstractCDIRuntime,[JCDI],com.ibm.ws.cdi.internal.resources.CDI,null]"

Dump of objectArray[0]
Object type = com.ibm.ws.container.service.app.deploy.internal.ApplicationInfoImpl
  appName = "com.ibm.zosconnect.ui.backend"
  appMetaData = class com.ibm.ws.container.service.app.deploy.internal.ApplicationMetaDataImpl@e729211a
    j2eeName = class com.ibm.ws.container.service.metadata.internal.J2EENameImpl@375fd937
      serialVersionUID = 7488184044073147667
      application = "zosconnect-ui-backend"
      module = null
      component = null
      string = "zosconnect-ui-backend"
      j2eeNameBytes = null
      $$$tc$$$ = class com.ibm.websphere.ras.TraceComponent@821e1ce6
    serialVersionUID = -7906531148367236579
    $$$tc$$$ = class com.ibm.websphere.ras.TraceComponent@b34a28a3
      strings[0] = "TraceComponent[com.ibm.ws.container.service.app.deploy.internal.ApplicationMetaDataImpl,class com.ibm.ws.container.service.app.deploy.internal.ApplicationMetaDataImpl,[container.service],com.ibm.ws.container.service.resources.Messages,null]"
    tc = class com.ibm.websphere.ras.TraceComponent@a16808d8
      strings[0] = "TraceComponent[com.ibm.ws.runtime.metadata.MetaDataImpl,class com.ibm.ws.runtime.metadata.MetaDataImpl,[Runtime],null,null]"
    NUM_STATIC_SLOTS = 4
    ID_UNINITIALIZED = -1
    id = 12
    metaDataInterface = class java.lang.Class@86e3a039
      serialVersionUID = "/* Could not access serialVersionUID */"
      SYNTHETIC = "/* Could not access SYNTHETIC */"
      ANNOTATION = "/* Could not access ANNOTATION */"
      ENUM = "/* Could not access ENUM */"
      MEMBER_INVALID_TYPE = "/* Could not access MEMBER_INVALID_TYPE */"
      EmptyParameters = "/* Could not access EmptyParameters */"
      vmRef = "/* Could not access vmRef */"
      module = "/* Could not access module */"
      protectionDomain = "/* Could not access protectionDomain */"
      classNameString = "/* Could not access classNameString */"
      cachedToString = "/* Could not access cachedToString */"
      fileNameString = "/* Could not access fileNameString */"
      packageNameString = "/* Could not access packageNameString */"
      annotationVars = "/* Could not access annotationVars */"
      annotationVarsOffset = "/* Could not access annotationVarsOffset */"
      classValueMap = "/* Could not access classValueMap */"
      enumVars = "/* Could not access enumVars */"
      enumVarsOffset = "/* Could not access enumVarsOffset */"
      initializationLock = "/* Could not access initializationLock */"
      methodHandleCache = "/* Could not access methodHandleCache */"
      classRepoHolder = "/* Could not access classRepoHolder */"
      annotationCache = "/* Could not access annotationCache */"
      annotationCacheOffset = "/* Could not access annotationCacheOffset */"
      reflectCacheEnabled = "/* Could not access reflectCacheEnabled */"
      reflectCacheDebug = "/* Could not access reflectCacheDebug */"
      reflectCacheAppOnly = "/* Could not access reflectCacheAppOnly */"
      metadataCache = "/* Could not access metadataCache */"
      metadataCacheOffset = "/* Could not access metadataCacheOffset */"
      cachedInterfaces = "/* Could not access cachedInterfaces */"
      cachedInterfacesOffset = "/* Could not access cachedInterfacesOffset */"
      cachedDeclaringClass = "/* Could not access cachedDeclaringClass */"
      cachedDeclaringClassOffset = "/* Could not access cachedDeclaringClassOffset */"
      cachedEnclosingClass = "/* Could not access cachedEnclosingClass */"
      cachedEnclosingClassOffset = "/* Could not access cachedEnclosingClassOffset */"
      cachedCheckInnerClassAttr = "/* Could not access cachedCheckInnerClassAttr */"
      EMPTY_ANNOTATION_ARRAY = "/* Could not access EMPTY_ANNOTATION_ARRAY */"
      implLookup = "/* Could not access implLookup */"
      unsafe = "/* Could not access unsafe */"
      nestHost = "/* Could not access nestHost */"
      cachedPermittedSubclasses = "/* Could not access cachedPermittedSubclasses */"
      cachedPermittedSubclassesOffset = "/* Could not access cachedPermittedSubclassesOffset */"
      reflectCache = "/* Could not access reflectCache */"
      reflectCacheOffset = "/* Could not access reflectCacheOffset */"
      reflectionFactory = "/* Could not access reflectionFactory */"
    staticSlots = class java.lang.Object[4]
      Object[0] = class com.ibm.ws.cdi.impl.weld.WebSphereCDIDeploymentImpl@dda1c540
      Object[1] = class com.ibm.ws.injectionengine.osgi.internal.OSGiInjectionScopeData@6477a4f1
      Object[2] = "com.ibm.zosconnect.ui.backend"
      Object[3] = null
    dynamicSlots = null
  appContainer = class com.ibm.ws.adaptable.module.internal.AdaptableContainerImpl@5119f4d3
    root = class com.ibm.ws.adaptable.module.internal.AdaptableContainerImpl@5119f4d3
    rootOverlay = class com.ibm.ws.artifact.overlay.internal.DirectoryBasedOverlayContainerImpl@828cc054
      tc = class com.ibm.websphere.ras.TraceComponent@3185b878
      base = class com.ibm.ws.artifact.file.internal.FileContainer@1f3336d4
      maskSet = class java.util.HashSet@60f80668
      cfHolder = class com.ibm.ws.artifact.overlay.internal.OverlayContainerFactoryImpl@8492773c
      fileOverlayContainer = class com.ibm.ws.artifact.file.internal.FileContainer@be85e8d9
      overlayDirectory = class java.io.File@fa23c7ff
      cacheDirForOverlay = class java.io.File@b99b74c4
      overlayNotifier = class com.ibm.ws.artifact.overlay.internal.DirectoryBasedOverlayNotifier@e9a22ab0
      enclosingContainer = null
      entryInEnclosingContainer = null
      nestedOverlays = class java.util.concurrent.ConcurrentHashMap@2977079e
      cacheStore = class com.ibm.ws.artifact.overlay.internal.OverlayCache@e9bb2480
      parentOverlay = null
      isPassThroughMode = true
      serialVersionUID = -8445278173803874173
    factoryHolder = class com.ibm.ws.adaptable.module.internal.AdaptableModuleFactoryImpl@6c42d80f
      adapterFactoryService = class com.ibm.ws.adaptable.module.internal.AdapterFactoryServiceImpl@ac5acf52
      containerFactory = class com.ibm.ws.artifact.internal.ArtifactContainerFactoryService@dfd4891e
      overlayContainerFactory = class com.ibm.ws.artifact.overlay.internal.OverlayContainerFactoryImpl@8492773c
      serialVersionUID = 4200251809856292987
      $$$tc$$$ = class com.ibm.websphere.ras.TraceComponent@8369b2b1
    delegate = class com.ibm.ws.artifact.overlay.internal.DirectoryBasedOverlayContainerImpl@828cc054
    notifier = class com.ibm.ws.adaptable.module.internal.NotifierImpl@bf62cc47
      root = class com.ibm.ws.adaptable.module.internal.AdaptableContainerImpl@5119f4d3
      delegateNotifier = class com.ibm.ws.artifact.overlay.internal.DirectoryBasedOverlayNotifier@e9a22ab0
      delegateRoot = class com.ibm.ws.artifact.overlay.internal.DirectoryBasedOverlayContainerImpl@828cc054
      listenerDelegates = class java.util.HashMap@893bce43
      serialVersionUID = 6839382523957017880
      $$$tc$$$ = class com.ibm.websphere.ras.TraceComponent@4ef774c3
    serialVersionUID = -5950528200509051684
    $$$tc$$$ = class com.ibm.websphere.ras.TraceComponent@6e8bfeaf
      strings[0] = "TraceComponent[com.ibm.ws.adaptable.module.internal.AdaptableContainerImpl,class com.ibm.ws.adaptable.module.internal.AdaptableContainerImpl,[archive.adaptable],null,null]"
  configHelper = class com.ibm.ws.app.manager.module.ApplicationNestedConfigHelper@3527b90c
    appInfo = class com.ibm.ws.app.manager.internal.ApplicationInstallInfo@5cd4b326
    serialVersionUID = -3174031738676705046
    $$$tc$$$ = class com.ibm.websphere.ras.TraceComponent@ac6a4f0e
      strings[0] = "TraceComponent[com.ibm.ws.app.manager.module.ApplicationNestedConfigHelper,class com.ibm.ws.app.manager.module.ApplicationNestedConfigHelper,[applications, app.manager],null,null]"
  applicationInformation = class com.ibm.ws.app.manager.internal.ApplicationInstallInfo@5cd4b326
    _config = class com.ibm.ws.app.manager.internal.ApplicationConfig@d1464c79
      tc = class com.ibm.websphere.ras.TraceComponent@77bed12b
      _configPid = "com.ibm.ws.app.manager_4"
      _config = class com.ibm.ws.config.admin.ConfigurationDictionary@7d1765e3
      _applicationManager = class com.ibm.ws.app.manager.ApplicationManager@7ee88267
      _location = "/opt/ibm/zosconnect/lib/com.ibm.zosconnect.ui.backend.war"
      _type = "war"
      _name = "zosconnect-ui-backend"
      _notificationBroadcasterSupport = class javax.management.NotificationBroadcasterSupport@72753f43
      ONE_TIME_JANDEX_MSGS_DISPLAYED = true
      serialVersionUID = -2151423388299667431
    _handlerInfo = class java.util.concurrent.atomic.AtomicReference@52a7a570
      serialVersionUID = "/* Could not access serialVersionUID */"
      VALUE = "/* Could not access VALUE */"
      value = "/* Could not access value */"
    _container = class java.util.concurrent.atomic.AtomicReference@4fe6080
      serialVersionUID = "/* Could not access serialVersionUID */"
      VALUE = "/* Could not access VALUE */"
      value = "/* Could not access value */"
    _resolvedLocation = class java.util.concurrent.atomic.AtomicReference@5f8d46f
      serialVersionUID = "/* Could not access serialVersionUID */"
      VALUE = "/* Could not access VALUE */"
      value = "/* Could not access value */"
    _handler = class com.ibm.ws.app.manager.war.internal.WARApplicationHandlerImpl@d543fa08
      futureMonitor = class com.ibm.ws.threading.internal.FutureMonitorImpl@f74f22c9
      deployedAppFactory = class com.ibm.ws.app.manager.war.internal.WARDeployedAppInfoFactoryImpl@a4602ce5
      serialVersionUID = 4622845147410944782
      $$$tc$$$ = class com.ibm.websphere.ras.TraceComponent@96792e03
    _ami = class java.util.concurrent.atomic.AtomicReference@5320464d
      serialVersionUID = "/* Could not access serialVersionUID */"
      VALUE = "/* Could not access VALUE */"
      value = "/* Could not access value */"
    _updateHandler = class com.ibm.ws.app.manager.internal.statemachine.ApplicationStateMachineImpl@503eab32
      _tc = class com.ibm.websphere.ras.TraceComponent@ed3b6688
      EMPTY_FUTURE_ARRAY = interface java.util.concurrent.Future[0]
      asmSequenceNumber = class java.util.concurrent.atomic.AtomicLong@58dd870c
      _qscaCounter = class java.util.concurrent.atomic.AtomicInteger@e4f7e6af
      _failedThrowable = null
      _interruptibleLock = class com.ibm.ws.app.manager.internal.statemachine.ApplicationStateMachineImpl$2@25bbdeea
      _interruptible = false
      _performingQueuedActions = true
      _queuedActions = class java.util.concurrent.ConcurrentLinkedQueue@6afc8cd6
      _callbackState = class java.util.concurrent.atomic.AtomicReference@7817a2bf
      blockAppStartingFutures = class java.util.Collections$SetFromMap@d9c984a6
      waitingForAppHandlerFuture = class java.util.concurrent.atomic.AtomicReference@a3255996
      waitingForExplicitStartFuture = class java.util.concurrent.atomic.AtomicReference@4158ec8a
      startAfterFutures = class java.util.Collections$SetFromMap@d1ddec0a
      completionListener = class java.util.concurrent.atomic.AtomicReference@70affed4
      _notifyAppStopped = class java.util.concurrent.ConcurrentLinkedQueue@487074a3
      _notifyAppStarting = class java.util.concurrent.ConcurrentLinkedQueue@291fca16
      _notifyAppInstallCalled = class java.util.concurrent.ConcurrentLinkedQueue@fb248c0d
      _notifyAppStarted = class java.util.concurrent.ConcurrentLinkedQueue@65528370
      _notifyAppRemoved = class java.util.concurrent.ConcurrentLinkedQueue@869c258e
      _stateLock = class com.ibm.ws.app.manager.internal.statemachine.ApplicationStateMachineImpl$3@70ba84ed
      _internalState = class java.util.concurrent.atomic.AtomicReference@229a39e1
      _currentAction = class java.util.concurrent.atomic.AtomicReference@d84a1b7e
      _rfa = class java.util.concurrent.atomic.AtomicReference@99040d63
      _appInstallInfo = class java.util.concurrent.atomic.AtomicReference@f5bfa0cf
      _update = class java.util.concurrent.atomic.AtomicBoolean@bcf1da36
      _appConfig = class java.util.concurrent.atomic.AtomicReference@4e1e6d05
      _nextAppConfig = class java.util.concurrent.atomic.AtomicReference@7ac706d9
      _appContainer = class java.util.concurrent.atomic.AtomicReference@fdd423b6
      _resolvedLocation = class java.util.concurrent.atomic.AtomicReference@674ff018
      _handler = class java.util.concurrent.atomic.AtomicReference@13a93d94
      _asmSeqNo = 5
      _ctx = class org.eclipse.osgi.internal.framework.BundleContextImpl@8bcd06
      _locAdmin = class com.ibm.ws.kernel.service.location.internal.WsLocationAdminImpl@6358afb8
      _futureMonitor = class com.ibm.ws.threading.internal.FutureMonitorImpl@f74f22c9
      _artifactFactory = class com.ibm.ws.artifact.internal.ArtifactContainerFactoryService@dfd4891e
      _moduleFactory = class com.ibm.ws.adaptable.module.internal.AdaptableModuleFactoryImpl@6c42d80f
      _executorService = class com.ibm.ws.threading.internal.ExecutorServiceImpl@8e7e3711
      _scheduledExecutorService = class com.ibm.ws.threading.internal.ScheduledExecutorImpl@38ead88e
      _asmHelper = class com.ibm.ws.app.manager.internal.ApplicationConfigurator$NamedApplication@1ef0274b
      _appMonitor = class com.ibm.ws.app.manager.internal.monitor.ApplicationMonitor@5d7c09f0
      _configurator = class com.ibm.ws.app.manager.internal.ApplicationConfigurator@efb66396
      enterStateCalled = class java.util.concurrent.atomic.AtomicBoolean@c90a82b2
      serialVersionUID = -6475068840410943645
      serialVersionUID = 612087896849635075
      $$$tc$$$ = class com.ibm.websphere.ras.TraceComponent@b3cbc70e
    serialVersionUID = 9158118295547182789
    $$$tc$$$ = class com.ibm.websphere.ras.TraceComponent@85c84eee
      strings[0] = "TraceComponent[com.ibm.ws.app.manager.internal.ApplicationInstallInfo,class com.ibm.ws.app.manager.internal.ApplicationInstallInfo,[applications, app.manager],com.ibm.ws.app.manager.internal.resources.AppManagerMessages,null]"
  serialVersionUID = 5227817860647895780
  $$$tc$$$ = class com.ibm.websphere.ras.TraceComponent@c9bdeda2
    strings[0] = "TraceComponent[com.ibm.ws.container.service.app.deploy.internal.ApplicationInfoImpl,class com.ibm.ws.container.service.app.deploy.internal.ApplicationInfoImpl,[container.service],com.ibm.ws.container.service.resources.Messages,null]"

