------Start of DE processing------ = [12/8/25, 22:24:23:971 UTC]
Exception = com.ibm.ws.container.service.state.StateChangeException
Source = com.ibm.ws.app.manager.module.internal.SimpleDeployedAppInfoBase
probeid = 624
Stack Dump = com.ibm.ws.container.service.state.StateChangeException: java.util.concurrent.RejectedExecutionException: CWWKE1202E: A task cannot be submitted because the executor managedExecutorService[DefaultManagedExecutorService] (concurrencyPolicy[defaultConcurrencyPolicy]) has been shut down.
	at com.ibm.ws.container.service.state.internal.ApplicationStateManager.fireStarting(ApplicationStateManager.java:57)
	at com.ibm.ws.container.service.state.internal.StateChangeServiceImpl.fireApplicationStarting(StateChangeServiceImpl.java:52)
	at com.ibm.ws.app.manager.module.internal.SimpleDeployedAppInfoBase.preDeployApp(SimpleDeployedAppInfoBase.java:623)
	at com.ibm.ws.app.manager.module.internal.SimpleDeployedAppInfoBase.installApp(SimpleDeployedAppInfoBase.java:584)
	at com.ibm.ws.app.manager.module.internal.DeployedAppInfoBase.deployApp(DeployedAppInfoBase.java:625)
	at com.ibm.ws.app.manager.war.internal.WARApplicationHandlerImpl.install(WARApplicationHandlerImpl.java:67)
	at com.ibm.ws.app.manager.internal.statemachine.StartAction.execute(StartAction.java:199)
	at com.ibm.ws.app.manager.internal.statemachine.ApplicationStateMachineImpl.enterState(ApplicationStateMachineImpl.java:1369)
	at com.ibm.ws.app.manager.internal.statemachine.ApplicationStateMachineImpl.run(ApplicationStateMachineImpl.java:912)
	at com.ibm.ws.threading.internal.ExecutorServiceImpl$RunnableWrapper.run(ExecutorServiceImpl.java:344)
	at java.base/java.util.concurrent.ThreadPoolExecutor.runWorker(ThreadPoolExecutor.java:1136)
	at java.base/java.util.concurrent.ThreadPoolExecutor$Worker.run(ThreadPoolExecutor.java:635)
	at java.base/java.lang.Thread.run(Thread.java:853)
Caused by: java.util.concurrent.RejectedExecutionException: CWWKE1202E: A task cannot be submitted because the executor managedExecutorService[DefaultManagedExecutorService] (concurrencyPolicy[defaultConcurrencyPolicy]) has been shut down.
	at com.ibm.ws.threading.internal.PolicyExecutorImpl.enqueue(PolicyExecutorImpl.java:659)
	at com.ibm.ws.threading.internal.PolicyExecutorImpl.invokeAll(PolicyExecutorImpl.java:837)
	at com.ibm.ws.concurrent.internal.ManagedExecutorServiceImpl.invokeAll(ManagedExecutorServiceImpl.java:660)
	at org.jboss.weld.executor.AbstractExecutorServices.invokeAllAndCheckForExceptions(AbstractExecutorServices.java:59)
	at org.jboss.weld.executor.AbstractExecutorServices.invokeAllAndCheckForExceptions(AbstractExecutorServices.java:67)
	at org.jboss.weld.bootstrap.ConcurrentBeanDeployer.addClasses(ConcurrentBeanDeployer.java:52)
	at org.jboss.weld.bootstrap.BeanDeployment.createClasses(BeanDeployment.java:198)
	at org.jboss.weld.bootstrap.WeldStartup.startInitialization(WeldStartup.java:417)
	at org.jboss.weld.bootstrap.WeldBootstrap.startInitialization(WeldBootstrap.java:79)
	at com.ibm.ws.cdi.impl.CDIContainerImpl$2.run(CDIContainerImpl.java:172)
	at com.ibm.ws.cdi.impl.CDIContainerImpl$2.run(CDIContainerImpl.java:169)
	at java.base/java.security.AccessController.doPrivileged(AccessController.java:695)
	at com.ibm.ws.cdi.impl.CDIContainerImpl.startInitialization(CDIContainerImpl.java:169)
	at com.ibm.ws.cdi.liberty.CDIRuntimeImpl.applicationStarting(CDIRuntimeImpl.java:485)
	at com.ibm.ws.container.service.state.internal.ApplicationStateManager.fireStarting(ApplicationStateManager.java:53)
	... 12 more

Dump of callerThis
Object type = com.ibm.ws.app.manager.war.internal.WARDeployedAppInfo
  CONTEXT_ROOT = "context-root"
  webContainerModuleInfo = class com.ibm.ws.app.manager.module.internal.SimpleDeployedAppInfoBase$WebModuleContainerInfo@c4b53877
    contextRoot = "/zosConnect/designer/api"
    defaultContextRoot = "zosconnect-ui-backend"
    serialVersionUID = -6540310718183606095
    $$$tc$$$ = class com.ibm.websphere.ras.TraceComponent@3bc7b7fb
      strings[0] = "TraceComponent[com.ibm.ws.app.manager.module.internal.SimpleDeployedAppInfoBase$WebModuleContainerInfo,class com.ibm.ws.app.manager.module.internal.SimpleDeployedAppInfoBase$WebModuleContainerInfo,[applications, app.manager],null,null]"
    moduleHandler = class com.ibm.ws.app.manager.web.internal.WebModuleHandlerImpl@ef3e740d
      serialVersionUID = 4795602325763828210
      $$$tc$$$ = class com.ibm.websphere.ras.TraceComponent@60171fcd
      futureMonitor = class com.ibm.ws.threading.internal.FutureMonitorImpl@f74f22c9
      metaDataService = class com.ibm.ws.container.service.metadata.internal.MetaDataServiceImpl@943e3383
      stateChangeService = class com.ibm.ws.container.service.state.internal.StateChangeServiceImpl@bcc6384c
      moduleRuntimeContainer = class com.ibm.ws.webcontainer.osgi.WebContainer@d06b6fee
      firstFailure = null
      serialVersionUID = -4563697739413190872
      $$$tc$$$ = class com.ibm.websphere.ras.TraceComponent@8a442b8f
    moduleMetaDataExtenders = class java.util.Collections$UnmodifiableRandomAccessList@7e736be
      serialVersionUID = "/* Could not access serialVersionUID */"
      serialVersionUID = "/* Could not access serialVersionUID */"
      list = "/* Could not access list */"
      serialVersionUID = "/* Could not access serialVersionUID */"
      c = "/* Could not access c */"
    nestedModuleMetaDataFactories = class java.util.Collections$UnmodifiableRandomAccessList@e63abea2
      serialVersionUID = "/* Could not access serialVersionUID */"
      serialVersionUID = "/* Could not access serialVersionUID */"
      list = "/* Could not access list */"
      serialVersionUID = "/* Could not access serialVersionUID */"
      c = "/* Could not access c */"
    nestedModules = null
    moduleName = "com.ibm.zosconnect.ui.backend"
    moduleDD = class com.ibm.ws.javaee.ddmodel.web.common.WebAppType@c7d6bc7f
      version = class com.ibm.ws.javaee.ddmodel.TokenType@b55b97fe
      metadata_complete = null
      module_name = null
      absolute_ordering = null
      serialVersionUID = 4092807504738198665
      $$$tc$$$ = class com.ibm.websphere.ras.TraceComponent@b68703a7
      description = null
      display_name = null
      icon = null
      distributable = null
      context_param = null
      filter = null
      filter_mapping = null
      listener = null
      servlet = class com.ibm.ws.javaee.ddmodel.web.common.ServletType$ListType@e8f1c232
      servlet_mapping = null
      session_config = null
      mime_mapping = null
      welcome_file_list = null
      error_page = null
      jsp_config = null
      security_constraint = null
      deny_uncovered_http_methods = null
      login_config = null
      security_role = null
      message_destination = null
      locale_encoding_mapping_list = null
      default_context_path = null
      request_encoding = null
      response_encoding = null
      servletNameToServletMap = null
      filterNameToFilterMap = null
      ejbRefNameToEJBLocalRefMap = null
      ejbRefNameToEJBRefMap = null
      resourceEnvRefNameToResourceEnvRefMap = null
      messageDestinationRefNameToMessageDestinationRefMap = null
      resRefNameToResourceRefMap = null
      envEntryNameToEnvEntryMap = null
      roleNameToSecurityRoleMap = null
      roleLinkToSecurityRoleRefMap = null
      handlerNameToHandlerMap = null
      path = "WEB-INF/web.xml"
      idMap = class com.ibm.ws.javaee.ddmodel.DDParser$ComponentIDMap@289ffdd6
      serialVersionUID = 5321339975883512588
      $$$tc$$$ = class com.ibm.websphere.ras.TraceComponent@34807e55
      post_construct = null
      pre_destroy = null
      serialVersionUID = 1102064201943992836
      $$$tc$$$ = class com.ibm.websphere.ras.TraceComponent@91effa2
      env_entry = null
      ejb_ref = null
      ejb_local_ref = null
      resource_ref = null
      resource_env_ref = null
      message_destination_ref = null
      persistence_context_ref = null
      persistence_unit_ref = null
      data_source = null
      jms_connection_factory = null
      jms_destination = null
      mail_session = null
      connection_factory = null
      administered_object = null
      context_service = null
      managed_executor = null
      managed_scheduled_executor = null
      managed_thread_factory = null
      serialVersionUID = -4864135339185986387
      $$$tc$$$ = class com.ibm.websphere.ras.TraceComponent@f856fee7
      service_ref = null
      serialVersionUID = -6199862059825607270
      $$$tc$$$ = class com.ibm.websphere.ras.TraceComponent@f38ecd7b
      nilled = false
      serialVersionUID = -2826386306561723362
      $$$tc$$$ = class com.ibm.websphere.ras.TraceComponent@bd4d6880
    moduleInfo = class com.ibm.ws.app.manager.module.internal.WebModuleInfoImpl@faf7a291
      contextRoot = "/zosConnect/designer/api"
      isDefaultContextRootUsed = false
      defaultContextRoot = "zosconnect-ui-backend"
      serialVersionUID = -6699247856069243844
      $$$tc$$$ = class com.ibm.websphere.ras.TraceComponent@fd665081
      tc = class com.ibm.websphere.ras.TraceComponent@67d41504
      appInfo = class com.ibm.ws.container.service.app.deploy.internal.ApplicationInfoImpl@b0eca9a1
      moduleName = "com.ibm.zosconnect.ui.backend"
      path = "com.ibm.zosconnect.ui.backend.war"
      moduleContainer = class com.ibm.ws.adaptable.module.internal.AdaptableContainerImpl@5119f4d3
      altDDEntry = null
      moduleClassesContainers = class java.util.ArrayList@70bc650e
      classLoaderFactory = class com.ibm.ws.app.manager.war.internal.WARDeployedAppInfo@faf85d65
      containerInfoType = class com.ibm.ws.container.service.app.deploy.ContainerInfo$Type@c9e087ad
      classLoader = class com.ibm.ws.classloading.internal.AppClassLoader@d0ac9e15
      moduleMetaData = class com.ibm.ws.webcontainer.osgi.metadata.WebModuleMetaDataImpl@647a6688
      nestedModuleMetaDataTypes = null
      nestedModuleMetaDataValues = null
      serialVersionUID = 3986734351620206554
    serialVersionUID = 3299123460332364435
    $$$tc$$$ = class com.ibm.websphere.ras.TraceComponent@326667b0
      strings[0] = "TraceComponent[com.ibm.ws.app.manager.module.internal.SimpleDeployedAppInfoBase$ModuleContainerInfoBase,class com.ibm.ws.app.manager.module.internal.SimpleDeployedAppInfoBase$ModuleContainerInfoBase,[applications, app.manager],null,null]"
    type = class com.ibm.ws.container.service.app.deploy.ContainerInfo$Type@c9e087ad
      MANIFEST_CLASSPATH = class com.ibm.ws.container.service.app.deploy.ContainerInfo$Type@91f04663
      WEB_INF_CLASSES = class com.ibm.ws.container.service.app.deploy.ContainerInfo$Type@b09c46b6
      WEB_INF_LIB = class com.ibm.ws.container.service.app.deploy.ContainerInfo$Type@5bf71526
      EAR_LIB = class com.ibm.ws.container.service.app.deploy.ContainerInfo$Type@ecc61ad8
      WEB_MODULE = class com.ibm.ws.container.service.app.deploy.ContainerInfo$Type@c9e087ad
      EJB_MODULE = class com.ibm.ws.container.service.app.deploy.ContainerInfo$Type@a7474f57
      CLIENT_MODULE = class com.ibm.ws.container.service.app.deploy.ContainerInfo$Type@18fa3b05
      RAR_MODULE = class com.ibm.ws.container.service.app.deploy.ContainerInfo$Type@c1def9e5
      JAR_MODULE = class com.ibm.ws.container.service.app.deploy.ContainerInfo$Type@324af7ee
      SHARED_LIB = class com.ibm.ws.container.service.app.deploy.ContainerInfo$Type@821db094
      $VALUES = class com.ibm.ws.container.service.app.deploy.ContainerInfo$Type[10]
      name = "/* Could not access name */"
      ordinal = "/* Could not access ordinal */"
    name = "com.ibm.zosconnect.ui.backend.war"
    container = class com.ibm.ws.adaptable.module.internal.AdaptableContainerImpl@5119f4d3
      root = class com.ibm.ws.adaptable.module.internal.AdaptableContainerImpl@5119f4d3
      rootOverlay = class com.ibm.ws.artifact.overlay.internal.DirectoryBasedOverlayContainerImpl@828cc054
      factoryHolder = class com.ibm.ws.adaptable.module.internal.AdaptableModuleFactoryImpl@6c42d80f
      delegate = class com.ibm.ws.artifact.overlay.internal.DirectoryBasedOverlayContainerImpl@828cc054
      notifier = class com.ibm.ws.adaptable.module.internal.NotifierImpl@bf62cc47
      serialVersionUID = -5950528200509051684
      $$$tc$$$ = class com.ibm.websphere.ras.TraceComponent@6e8bfeaf
    moduleClassLoaderFactory = class com.ibm.ws.app.manager.war.internal.WARDeployedAppInfo@faf85d65
    altDDEntry = null
    classesContainerInfo = class java.util.ArrayList@70bc650e
      serialVersionUID = "/* Could not access serialVersionUID */"
      DEFAULT_CAPACITY = "/* Could not access DEFAULT_CAPACITY */"
      EMPTY_ELEMENTDATA = "/* Could not access EMPTY_ELEMENTDATA */"
      DEFAULTCAPACITY_EMPTY_ELEMENTDATA = "/* Could not access DEFAULTCAPACITY_EMPTY_ELEMENTDATA */"
      elementData = "/* Could not access elementData */"
      size = "/* Could not access size */"
      modCount = "/* Could not access modCount */"
    serialVersionUID = 4636874131959542427
    $$$tc$$$ = class com.ibm.websphere.ras.TraceComponent@9427330a
      strings[0] = "TraceComponent[com.ibm.ws.app.manager.module.internal.SimpleDeployedAppInfoBase$ExtendedContainerInfo,class com.ibm.ws.app.manager.module.internal.SimpleDeployedAppInfoBase$ExtendedContainerInfo,[applications, app.manager],null,null]"
  DYNAMIC_IMPORT_PACKAGE_LIST = class java.util.Collections$UnmodifiableRandomAccessList@29ff4d76
    serialVersionUID = "/* Could not access serialVersionUID */"
    serialVersionUID = "/* Could not access serialVersionUID */"
    list = "/* Could not access list */"
    serialVersionUID = "/* Could not access serialVersionUID */"
    c = "/* Could not access c */"
  serialVersionUID = 6176035338244935179
  $$$tc$$$ = class com.ibm.websphere.ras.TraceComponent@2b8c3eea
    strings[0] = "TraceComponent[com.ibm.ws.app.manager.war.internal.WARDeployedAppInfo,class com.ibm.ws.app.manager.war.internal.WARDeployedAppInfo,[webcontainer, applications, app.manager],com.ibm.ws.app.manager.war.internal.resources.Messages,null]"
  _tc = class com.ibm.websphere.ras.TraceComponent@c772426d
    strings[0] = "TraceComponent[com.ibm.ws.app.manager.module.internal.DeployedAppInfoBase,class com.ibm.ws.app.manager.module.internal.DeployedAppInfoBase,[app.manager],com.ibm.ws.app.manager.module.internal.resources.Messages,null]"
  PERMISSION_XML = "permissions.xml"
  libraryContainerCache = class com.ibm.ws.app.manager.module.internal.CaptureCache@33929117
    tc = class com.ibm.websphere.ras.TraceComponent@4ea9f71f
      strings[0] = "TraceComponent[com.ibm.ws.app.manager.module.internal.CaptureCache,class com.ibm.ws.app.manager.module.internal.CaptureCache,[app.manager],com.ibm.ws.app.manager.module.internal.resources.Messages,null]"
    tag = "container"
    cacheLock = class java.lang.Object@bb5429f6
    keys = class java.util.HashMap@fafdcb1c
      serialVersionUID = "/* Could not access serialVersionUID */"
      DEFAULT_INITIAL_CAPACITY = "/* Could not access DEFAULT_INITIAL_CAPACITY */"
      MAXIMUM_CAPACITY = "/* Could not access MAXIMUM_CAPACITY */"
      DEFAULT_LOAD_FACTOR = "/* Could not access DEFAULT_LOAD_FACTOR */"
      TREEIFY_THRESHOLD = "/* Could not access TREEIFY_THRESHOLD */"
      UNTREEIFY_THRESHOLD = "/* Could not access UNTREEIFY_THRESHOLD */"
      MIN_TREEIFY_CAPACITY = "/* Could not access MIN_TREEIFY_CAPACITY */"
      table = "/* Could not access table */"
      entrySet = "/* Could not access entrySet */"
      size = "/* Could not access size */"
      modCount = "/* Could not access modCount */"
      threshold = "/* Could not access threshold */"
      loadFactor = "/* Could not access loadFactor */"
      keySet = "/* Could not access keySet */"
      values = "/* Could not access values */"
    keySource = class com.ibm.ws.app.manager.module.internal.CaptureCache$$Lambda$340/0x000000007c0cdee8@2df464f4
    storage = class java.util.IdentityHashMap@9ec90feb
      DEFAULT_CAPACITY = "/* Could not access DEFAULT_CAPACITY */"
      MINIMUM_CAPACITY = "/* Could not access MINIMUM_CAPACITY */"
      MAXIMUM_CAPACITY = "/* Could not access MAXIMUM_CAPACITY */"
      table = "/* Could not access table */"
      size = "/* Could not access size */"
      modCount = "/* Could not access modCount */"
      NULL_KEY = "/* Could not access NULL_KEY */"
      entrySet = "/* Could not access entrySet */"
      serialVersionUID = "/* Could not access serialVersionUID */"
      keySet = "/* Could not access keySet */"
      values = "/* Could not access values */"
    serialVersionUID = -7896557607357810368
  applicationInformation = class com.ibm.ws.app.manager.internal.ApplicationInstallInfo@5cd4b326
    _config = class com.ibm.ws.app.manager.internal.ApplicationConfig@d1464c79
      tc = class com.ibm.websphere.ras.TraceComponent@77bed12b
      _configPid = "com.ibm.ws.app.manager_4"
      _config = class com.ibm.ws.config.admin.ConfigurationDictionary@7d1765e3
      _applicationManager = class com.ibm.ws.app.manager.ApplicationManager@7ee88267
      _location = "/opt/ibm/zosconnect/lib/com.ibm.zosconnect.ui.backend.war"
      _type = "war"
      _name = "zosconnect-ui-backend"
      _notificationBroadcasterSupport = class javax.management.NotificationBroadcasterSupport@72753f43
      ONE_TIME_JANDEX_MSGS_DISPLAYED = true
      serialVersionUID = -2151423388299667431
    _handlerInfo = class java.util.concurrent.atomic.AtomicReference@52a7a570
      serialVersionUID = "/* Could not access serialVersionUID */"
      VALUE = "/* Could not access VALUE */"
      value = "/* Could not access value */"
    _container = class java.util.concurrent.atomic.AtomicReference@4fe6080
      serialVersionUID = "/* Could not access serialVersionUID */"
      VALUE = "/* Could not access VALUE */"
      value = "/* Could not access value */"
    _resolvedLocation = class java.util.concurrent.atomic.AtomicReference@5f8d46f
      serialVersionUID = "/* Could not access serialVersionUID */"
      VALUE = "/* Could not access VALUE */"
      value = "/* Could not access value */"
    _handler = class com.ibm.ws.app.manager.war.internal.WARApplicationHandlerImpl@d543fa08
      futureMonitor = class com.ibm.ws.threading.internal.FutureMonitorImpl@f74f22c9
      deployedAppFactory = class com.ibm.ws.app.manager.war.internal.WARDeployedAppInfoFactoryImpl@a4602ce5
      serialVersionUID = 4622845147410944782
      $$$tc$$$ = class com.ibm.websphere.ras.TraceComponent@96792e03
    _ami = class java.util.concurrent.atomic.AtomicReference@5320464d
      serialVersionUID = "/* Could not access serialVersionUID */"
      VALUE = "/* Could not access VALUE */"
      value = "/* Could not access value */"
    _updateHandler = class com.ibm.ws.app.manager.internal.statemachine.ApplicationStateMachineImpl@503eab32
      _tc = class com.ibm.websphere.ras.TraceComponent@ed3b6688
      EMPTY_FUTURE_ARRAY = interface java.util.concurrent.Future[0]
      asmSequenceNumber = class java.util.concurrent.atomic.AtomicLong@58dd870c
      _qscaCounter = class java.util.concurrent.atomic.AtomicInteger@e4f7e6af
      _failedThrowable = null
      _interruptibleLock = class com.ibm.ws.app.manager.internal.statemachine.ApplicationStateMachineImpl$2@25bbdeea
      _interruptible = false
      _performingQueuedActions = true
      _queuedActions = class java.util.concurrent.ConcurrentLinkedQueue@6afc8cd6
      _callbackState = class java.util.concurrent.atomic.AtomicReference@7817a2bf
      blockAppStartingFutures = class java.util.Collections$SetFromMap@d9c984a6
      waitingForAppHandlerFuture = class java.util.concurrent.atomic.AtomicReference@a3255996
      waitingForExplicitStartFuture = class java.util.concurrent.atomic.AtomicReference@4158ec8a
      startAfterFutures = class java.util.Collections$SetFromMap@d1ddec0a
      completionListener = class java.util.concurrent.atomic.AtomicReference@70affed4
      _notifyAppStopped = class java.util.concurrent.ConcurrentLinkedQueue@487074a3
      _notifyAppStarting = class java.util.concurrent.ConcurrentLinkedQueue@291fca16
      _notifyAppInstallCalled = class java.util.concurrent.ConcurrentLinkedQueue@fb248c0d
      _notifyAppStarted = class java.util.concurrent.ConcurrentLinkedQueue@65528370
      _notifyAppRemoved = class java.util.concurrent.ConcurrentLinkedQueue@869c258e
      _stateLock = class com.ibm.ws.app.manager.internal.statemachine.ApplicationStateMachineImpl$3@70ba84ed
      _internalState = class java.util.concurrent.atomic.AtomicReference@229a39e1
      _currentAction = class java.util.concurrent.atomic.AtomicReference@d84a1b7e
      _rfa = class java.util.concurrent.atomic.AtomicReference@99040d63
      _appInstallInfo = class java.util.concurrent.atomic.AtomicReference@f5bfa0cf
      _update = class java.util.concurrent.atomic.AtomicBoolean@bcf1da36
      _appConfig = class java.util.concurrent.atomic.AtomicReference@4e1e6d05
      _nextAppConfig = class java.util.concurrent.atomic.AtomicReference@7ac706d9
      _appContainer = class java.util.concurrent.atomic.AtomicReference@fdd423b6
      _resolvedLocation = class java.util.concurrent.atomic.AtomicReference@674ff018
      _handler = class java.util.concurrent.atomic.AtomicReference@13a93d94
      _asmSeqNo = 5
      _ctx = class org.eclipse.osgi.internal.framework.BundleContextImpl@8bcd06
      _locAdmin = class com.ibm.ws.kernel.service.location.internal.WsLocationAdminImpl@6358afb8
      _futureMonitor = class com.ibm.ws.threading.internal.FutureMonitorImpl@f74f22c9
      _artifactFactory = class com.ibm.ws.artifact.internal.ArtifactContainerFactoryService@dfd4891e
      _moduleFactory = class com.ibm.ws.adaptable.module.internal.AdaptableModuleFactoryImpl@6c42d80f
      _executorService = class com.ibm.ws.threading.internal.ExecutorServiceImpl@8e7e3711
      _scheduledExecutorService = class com.ibm.ws.threading.internal.ScheduledExecutorImpl@38ead88e
      _asmHelper = class com.ibm.ws.app.manager.internal.ApplicationConfigurator$NamedApplication@1ef0274b
      _appMonitor = class com.ibm.ws.app.manager.internal.monitor.ApplicationMonitor@5d7c09f0
      _configurator = class com.ibm.ws.app.manager.internal.ApplicationConfigurator@efb66396
      enterStateCalled = class java.util.concurrent.atomic.AtomicBoolean@c90a82b2
      serialVersionUID = -6475068840410943645
      serialVersionUID = 612087896849635075
      $$$tc$$$ = class com.ibm.websphere.ras.TraceComponent@b3cbc70e
    serialVersionUID = 9158118295547182789
    $$$tc$$$ = class com.ibm.websphere.ras.TraceComponent@85c84eee
      strings[0] = "TraceComponent[com.ibm.ws.app.manager.internal.ApplicationInstallInfo,class com.ibm.ws.app.manager.internal.ApplicationInstallInfo,[applications, app.manager],com.ibm.ws.app.manager.internal.resources.AppManagerMessages,null]"
  location = "/opt/ibm/zosconnect/lib/com.ibm.zosconnect.ui.backend.war"
  classLoadingService = class com.ibm.ws.classloading.internal.ClassLoadingServiceImpl@80ba51c6
    tc = class com.ibm.websphere.ras.TraceComponent@92ff8820
      strings[0] = "TraceComponent[com.ibm.ws.classloading.internal.ClassLoadingServiceImpl,class com.ibm.ws.classloading.internal.ClassLoadingServiceImpl,[ClassLoadingService],com.ibm.ws.classloading.internal.resources.ClassLoadingServiceMessages,null]"
    leakDetectionMap = class java.util.concurrent.ConcurrentHashMap@bfa92d9f
      serialVersionUID = "/* Could not access serialVersionUID */"
      MAXIMUM_CAPACITY = "/* Could not access MAXIMUM_CAPACITY */"
      DEFAULT_CAPACITY = "/* Could not access DEFAULT_CAPACITY */"
      MAX_ARRAY_SIZE = "/* Could not access MAX_ARRAY_SIZE */"
      DEFAULT_CONCURRENCY_LEVEL = "/* Could not access DEFAULT_CONCURRENCY_LEVEL */"
      LOAD_FACTOR = "/* Could not access LOAD_FACTOR */"
      TREEIFY_THRESHOLD = "/* Could not access TREEIFY_THRESHOLD */"
      UNTREEIFY_THRESHOLD = "/* Could not access UNTREEIFY_THRESHOLD */"
      MIN_TREEIFY_CAPACITY = "/* Could not access MIN_TREEIFY_CAPACITY */"
      MIN_TRANSFER_STRIDE = "/* Could not access MIN_TRANSFER_STRIDE */"
      RESIZE_STAMP_BITS = "/* Could not access RESIZE_STAMP_BITS */"
      MAX_RESIZERS = "/* Could not access MAX_RESIZERS */"
      RESIZE_STAMP_SHIFT = "/* Could not access RESIZE_STAMP_SHIFT */"
      MOVED = "/* Could not access MOVED */"
      TREEBIN = "/* Could not access TREEBIN */"
      RESERVED = "/* Could not access RESERVED */"
      HASH_BITS = "/* Could not access HASH_BITS */"
      NCPU = "/* Could not access NCPU */"
      serialPersistentFields = "/* Could not access serialPersistentFields */"
      table = "/* Could not access table */"
      nextTable = "/* Could not access nextTable */"
      baseCount = "/* Could not access baseCount */"
      sizeCtl = "/* Could not access sizeCtl */"
      transferIndex = "/* Could not access transferIndex */"
      cellsBusy = "/* Could not access cellsBusy */"
      counterCells = "/* Could not access counterCells */"
      keySet = "/* Could not access keySet */"
      values = "/* Could not access values */"
      entrySet = "/* Could not access entrySet */"
      U = "/* Could not access U */"
      SIZECTL = "/* Could not access SIZECTL */"
      TRANSFERINDEX = "/* Could not access TRANSFERINDEX */"
      BASECOUNT = "/* Could not access BASECOUNT */"
      CELLSBUSY = "/* Could not access CELLSBUSY */"
      CELLVALUE = "/* Could not access CELLVALUE */"
      ABASE = "/* Could not access ABASE */"
      ASHIFT = "/* Could not access ASHIFT */"
      keySet = "/* Could not access keySet */"
      values = "/* Could not access values */"
    appClassLoaders = class java.util.Collections$SetFromMap@37f51db6
      m = "/* Could not access m */"
      s = "/* Could not access s */"
      serialVersionUID = "/* Could not access serialVersionUID */"
    TCCL_LOCK_WAIT = 15000
    REFERENCE_GENERATORS = "generators"
    tcclLockStore = class com.ibm.ws.kernel.boot.utils.KeyBasedLockStore@9545b78
      refQueue = class java.lang.ref.ReferenceQueue@c73137fa
      lockMap = class java.util.concurrent.ConcurrentHashMap@730cfe5a
      lockCreator = class com.ibm.ws.classloading.internal.ClassLoadingServiceImpl$1@11e8c465
    bundleContext = class org.eclipse.osgi.internal.framework.BundleContextImpl@65317640
    aclStore = class com.ibm.ws.classloading.internal.util.CanonicalStore@e97b5b9f
      map = class java.util.concurrent.ConcurrentHashMap@6672d0e7
      q = class com.ibm.ws.classloading.internal.util.RefQueue@bbec43ab
      serialVersionUID = 6715157558227169968
      $$$tc$$$ = class com.ibm.websphere.ras.TraceComponent@e40a28d3
    tcclStore = class com.ibm.ws.classloading.internal.util.CanonicalStore@90be56e9
      map = class java.util.concurrent.ConcurrentHashMap@707c3db0
      q = class com.ibm.ws.classloading.internal.util.RefQueue@2e266fd3
      serialVersionUID = 6715157558227169968
      $$$tc$$$ = class com.ibm.websphere.ras.TraceComponent@e40a28d3
    digraph = class org.eclipse.equinox.internal.region.StandardRegionDigraph@a2c4852e
      EMPTY_EDGE_SET = class java.util.Collections$UnmodifiableSet@1d966c47
      monitor = class java.lang.Object@7372b6a1
      regions = class java.util.HashMap@567eba5d
      bundleIdToRegionMapping = class org.eclipse.equinox.internal.region.StandardBundleIdToRegionMapping@8535b59c
      edges = class java.util.HashMap@c24a7d2a
      bundleContext = class org.eclipse.osgi.internal.framework.BundleContextImpl@772efca6
      threadLocal = class java.lang.ThreadLocal@1df305cd
      subgraphTraverser = class org.eclipse.equinox.internal.region.SubgraphTraverser@1e17fe0
      bundleCollisionHook = class org.eclipse.equinox.internal.region.hook.RegionBundleCollisionHook@36a453ad
      bundleEventHook = class org.eclipse.equinox.internal.region.hook.RegionBundleEventHook@4c9792f3
      bundleFindHook = class org.eclipse.equinox.internal.region.hook.RegionBundleFindHook@f522a1bc
      serviceEventHook = class org.eclipse.equinox.internal.region.hook.RegionServiceEventHook@dc7835bc
      serviceFindHook = class org.eclipse.equinox.internal.region.hook.RegionServiceFindHook@3e50a26b
      resolverHookFactory = class org.eclipse.equinox.internal.region.hook.RegionResolverHookFactory@5853e121
      origin = null
      originUpdateCount = -1
      updateCount = class java.util.concurrent.atomic.AtomicLong@79106ff7
      defaultRegion = null
    redefiner = class com.ibm.ws.classloading.internal.util.ClassRedefiner@8f586729
      tc = class com.ibm.websphere.ras.TraceComponent@e1692fd9
      LS = "
"
      inst = class jdk.proxy2.$Proxy2@59905106
      serialVersionUID = 2420101865139508526
    listener = class com.ibm.ws.classloading.internal.ClassLoadingServiceImpl$2@362db063
      this$0 = class com.ibm.ws.classloading.internal.ClassLoadingServiceImpl@80ba51c6
      serialVersionUID = -5816835778307299777
      $$$tc$$$ = class com.ibm.websphere.ras.TraceComponent@dc6820cc
    classloaders = class java.util.Collections$SynchronizedMap@44e26225
      serialVersionUID = "/* Could not access serialVersionUID */"
      m = "/* Could not access m */"
      mutex = "/* Could not access mutex */"
      keySet = "/* Could not access keySet */"
      entrySet = "/* Could not access entrySet */"
      values = "/* Could not access values */"
    resourceProviders = class com.ibm.ws.classloading.internal.CompositeResourceProvider@9fecd584
      lockFactory = class java.util.concurrent.locks.ReentrantReadWriteLock@b3f0445c
      providerMap = class com.ibm.ws.classloading.internal.util.MultiMap@e1078361
      serialVersionUID = -5576435894946156347
      $$$tc$$$ = class com.ibm.websphere.ras.TraceComponent@53acb91c
    rememberedBundles = class java.util.concurrent.ConcurrentHashMap@f41c926d
      serialVersionUID = "/* Could not access serialVersionUID */"
      MAXIMUM_CAPACITY = "/* Could not access MAXIMUM_CAPACITY */"
      DEFAULT_CAPACITY = "/* Could not access DEFAULT_CAPACITY */"
      MAX_ARRAY_SIZE = "/* Could not access MAX_ARRAY_SIZE */"
      DEFAULT_CONCURRENCY_LEVEL = "/* Could not access DEFAULT_CONCURRENCY_LEVEL */"
      LOAD_FACTOR = "/* Could not access LOAD_FACTOR */"
      TREEIFY_THRESHOLD = "/* Could not access TREEIFY_THRESHOLD */"
      UNTREEIFY_THRESHOLD = "/* Could not access UNTREEIFY_THRESHOLD */"
      MIN_TREEIFY_CAPACITY = "/* Could not access MIN_TREEIFY_CAPACITY */"
      MIN_TRANSFER_STRIDE = "/* Could not access MIN_TRANSFER_STRIDE */"
      RESIZE_STAMP_BITS = "/* Could not access RESIZE_STAMP_BITS */"
      MAX_RESIZERS = "/* Could not access MAX_RESIZERS */"
      RESIZE_STAMP_SHIFT = "/* Could not access RESIZE_STAMP_SHIFT */"
      MOVED = "/* Could not access MOVED */"
      TREEBIN = "/* Could not access TREEBIN */"
      RESERVED = "/* Could not access RESERVED */"
      HASH_BITS = "/* Could not access HASH_BITS */"
      NCPU = "/* Could not access NCPU */"
      serialPersistentFields = "/* Could not access serialPersistentFields */"
      table = "/* Could not access table */"
      nextTable = "/* Could not access nextTable */"
      baseCount = "/* Could not access baseCount */"
      sizeCtl = "/* Could not access sizeCtl */"
      transferIndex = "/* Could not access transferIndex */"
      cellsBusy = "/* Could not access cellsBusy */"
      counterCells = "/* Could not access counterCells */"
      keySet = "/* Could not access keySet */"
      values = "/* Could not access values */"
      entrySet = "/* Could not access entrySet */"
      U = "/* Could not access U */"
      SIZECTL = "/* Could not access SIZECTL */"
      TRANSFERINDEX = "/* Could not access TRANSFERINDEX */"
      BASECOUNT = "/* Could not access BASECOUNT */"
      CELLSBUSY = "/* Could not access CELLSBUSY */"
      CELLVALUE = "/* Could not access CELLVALUE */"
      ABASE = "/* Could not access ABASE */"
      ASHIFT = "/* Could not access ASHIFT */"
      keySet = "/* Could not access keySet */"
      values = "/* Could not access values */"
    collectedBundles = class java.lang.ref.ReferenceQueue@27eaa1b1
      references = "/* Could not access references */"
      head = "/* Could not access head */"
      tail = "/* Could not access tail */"
      empty = "/* Could not access empty */"
      DEFAULT_QUEUE_SIZE = "/* Could not access DEFAULT_QUEUE_SIZE */"
      reflectRefClass = "/* Could not access reflectRefClass */"
      classNameLockRefClass = "/* Could not access classNameLockRefClass */"
    generatorRefs = class com.ibm.wsspi.kernel.service.utils.ConcurrentServiceReferenceSet@3ff07b65
      referenceName = "generators"
      contextRef = class java.util.concurrent.atomic.AtomicReference@68770b6b
      elementMap = class java.util.LinkedHashMap@50369d0
      elementMapLock = class java.util.concurrent.locks.ReentrantReadWriteLock@c6615b43
      elementSet = class java.util.concurrent.ConcurrentSkipListSet@e3f69af
      elementSetUnsorted = false
      serialVersionUID = 57360986016377485
      $$$tc$$$ = class com.ibm.websphere.ras.TraceComponent@6d94179c
    generatorManager = class com.ibm.ws.classloading.internal.ClassGeneratorManager@7ff029c3
      tc = class com.ibm.websphere.ras.TraceComponent@e385381a
      generatorRefs = class com.ibm.wsspi.kernel.service.utils.ConcurrentServiceReferenceSet@3ff07b65
      serialVersionUID = 4152663586056483310
    appExtLibs = class java.util.concurrent.CopyOnWriteArrayList@3d39ece
      serialVersionUID = "/* Could not access serialVersionUID */"
      lock = "/* Could not access lock */"
      array = "/* Could not access array */"
    globalConfig = class com.ibm.ws.classloading.configuration.GlobalClassloadingConfiguration@86afe5ae
      USE_JAR_URLS_KEY = "useJarUrls"
      LIBRARY_PRECEDENCE_KEY = "libraryPrecedence"
      tc = class com.ibm.websphere.ras.TraceComponent@da092c08
      issuedBetaMessage = class java.util.concurrent.atomic.AtomicBoolean@6c2c608a
      useJarUrls = false
      libraryPrecedence = class com.ibm.ws.classloading.configuration.GlobalClassloadingConfiguration$LibraryPrecedence@436aa91c
      serialVersionUID = 1273901704779686705
    systemTransformers = class java.util.concurrent.CopyOnWriteArrayList@190034b7
      serialVersionUID = "/* Could not access serialVersionUID */"
      lock = "/* Could not access lock */"
      array = "/* Could not access array */"
    metaInfServicesProviders = class java.util.concurrent.ConcurrentHashMap@de8560e
      serialVersionUID = "/* Could not access serialVersionUID */"
      MAXIMUM_CAPACITY = "/* Could not access MAXIMUM_CAPACITY */"
      DEFAULT_CAPACITY = "/* Could not access DEFAULT_CAPACITY */"
      MAX_ARRAY_SIZE = "/* Could not access MAX_ARRAY_SIZE */"
      DEFAULT_CONCURRENCY_LEVEL = "/* Could not access DEFAULT_CONCURRENCY_LEVEL */"
      LOAD_FACTOR = "/* Could not access LOAD_FACTOR */"
      TREEIFY_THRESHOLD = "/* Could not access TREEIFY_THRESHOLD */"
      UNTREEIFY_THRESHOLD = "/* Could not access UNTREEIFY_THRESHOLD */"
      MIN_TREEIFY_CAPACITY = "/* Could not access MIN_TREEIFY_CAPACITY */"
      MIN_TRANSFER_STRIDE = "/* Could not access MIN_TRANSFER_STRIDE */"
      RESIZE_STAMP_BITS = "/* Could not access RESIZE_STAMP_BITS */"
      MAX_RESIZERS = "/* Could not access MAX_RESIZERS */"
      RESIZE_STAMP_SHIFT = "/* Could not access RESIZE_STAMP_SHIFT */"
      MOVED = "/* Could not access MOVED */"
      TREEBIN = "/* Could not access TREEBIN */"
      RESERVED = "/* Could not access RESERVED */"
      HASH_BITS = "/* Could not access HASH_BITS */"
      NCPU = "/* Could not access NCPU */"
      serialPersistentFields = "/* Could not access serialPersistentFields */"
      table = "/* Could not access table */"
      nextTable = "/* Could not access nextTable */"
      baseCount = "/* Could not access baseCount */"
      sizeCtl = "/* Could not access sizeCtl */"
      transferIndex = "/* Could not access transferIndex */"
      cellsBusy = "/* Could not access cellsBusy */"
      counterCells = "/* Could not access counterCells */"
      keySet = "/* Could not access keySet */"
      values = "/* Could not access values */"
      entrySet = "/* Could not access entrySet */"
      U = "/* Could not access U */"
      SIZECTL = "/* Could not access SIZECTL */"
      TRANSFERINDEX = "/* Could not access TRANSFERINDEX */"
      BASECOUNT = "/* Could not access BASECOUNT */"
      CELLSBUSY = "/* Could not access CELLSBUSY */"
      CELLVALUE = "/* Could not access CELLVALUE */"
      ABASE = "/* Could not access ABASE */"
      ASHIFT = "/* Could not access ASHIFT */"
      keySet = "/* Could not access keySet */"
      values = "/* Could not access values */"
    metaInfServicesRefs = class com.ibm.wsspi.kernel.service.utils.ConcurrentServiceReferenceMap@68360e58
      referenceName = "MetaInfServicesProvider"
      context = class org.apache.felix.scr.impl.manager.ComponentContextImpl@d5d9cd93
      elementMap = class java.util.concurrent.ConcurrentHashMap@33b6c21a
      serialVersionUID = 6980924785166233786
      $$$tc$$$ = class com.ibm.websphere.ras.TraceComponent@5b437d85
    protectionDomainMap = class java.util.HashMap@6f6955ab
      serialVersionUID = "/* Could not access serialVersionUID */"
      DEFAULT_INITIAL_CAPACITY = "/* Could not access DEFAULT_INITIAL_CAPACITY */"
      MAXIMUM_CAPACITY = "/* Could not access MAXIMUM_CAPACITY */"
      DEFAULT_LOAD_FACTOR = "/* Could not access DEFAULT_LOAD_FACTOR */"
      TREEIFY_THRESHOLD = "/* Could not access TREEIFY_THRESHOLD */"
      UNTREEIFY_THRESHOLD = "/* Could not access UNTREEIFY_THRESHOLD */"
      MIN_TREEIFY_CAPACITY = "/* Could not access MIN_TREEIFY_CAPACITY */"
      table = "/* Could not access table */"
      entrySet = "/* Could not access entrySet */"
      size = "/* Could not access size */"
      modCount = "/* Could not access modCount */"
      threshold = "/* Could not access threshold */"
      loadFactor = "/* Could not access loadFactor */"
      keySet = "/* Could not access keySet */"
      values = "/* Could not access values */"
    metadataIdentifierService = class com.ibm.ws.container.service.metadata.internal.MetaDataServiceImpl@943e3383
    globalSharedLibrary = class java.util.concurrent.atomic.AtomicReference@ba4e1e74
      serialVersionUID = "/* Could not access serialVersionUID */"
      VALUE = "/* Could not access VALUE */"
      value = "/* Could not access value */"
    serialVersionUID = 8192504020319046322
  globalSharedLibrary = class com.ibm.ws.library.internal.SharedLibraryImpl@24e60b72
    tc = class com.ibm.websphere.ras.TraceComponent@d600134b
      strings[0] = "TraceComponent[com.ibm.ws.library.internal.SharedLibraryImpl,class com.ibm.ws.library.internal.SharedLibraryImpl,[SharedLibrary],com.ibm.ws.classloading.internal.resources.ClassLoadingServiceMessages,null]"
    deleted = false
    libraryListenersTracker = class org.osgi.util.tracker.ServiceTracker@836e78de
      DEBUG = false
      context = class org.eclipse.osgi.internal.framework.BundleContextImpl@65317640
      filter = class org.eclipse.osgi.internal.framework.FilterImpl$And@19f00ee7
      customizer = class org.osgi.util.tracker.ServiceTracker@836e78de
      listenerFilter = "(&(objectClass=com.ibm.wsspi.library.LibraryChangeListener)(|(library=global)(libraryRef=*com.ibm.ws.classloading.sharedlibrary_2*)))"
      trackClass = null
      trackReference = null
      tracked = class org.osgi.util.tracker.ServiceTracker$Tracked@188f3a25
      cachedReference = null
      cachedService = null
    libraryReg = class org.eclipse.osgi.internal.serviceregistry.ServiceRegistrationImpl@d73970f0
      registry = class org.eclipse.osgi.internal.serviceregistry.ServiceRegistry@7b461813
      context = class org.eclipse.osgi.internal.framework.BundleContextImpl@65317640
      bundle = class org.eclipse.osgi.internal.framework.EquinoxBundle@629d529e
      clazzes = class java.lang.String[1]
      service = class com.ibm.ws.library.internal.SharedLibraryImpl@24e60b72
      reference = class org.eclipse.osgi.internal.serviceregistry.ServiceReferenceImpl@59b68e52
      contextsUsing = class java.util.ArrayList@a4f4c4fb
      properties = class java.util.Collections$UnmodifiableMap@5f39dd5e
      serviceid = 335
      serviceranking = 0
      registrationLock = class java.lang.Object@fe65db62
      state = 0
      REGISTERED = 0
      UNREGISTERING = 1
      UNREGISTERED = 2
      FRAMEWORK_SET_SERVICE_PROPERTIES_COUNT = 4
      $assertionsDisabled = true
    ctx = class org.eclipse.osgi.internal.framework.BundleContextImpl@65317640
      valid = true
      bundle = class org.eclipse.osgi.internal.framework.EquinoxBundle@629d529e
      container = class org.eclipse.osgi.internal.framework.EquinoxContainer@ff0f334e
      debug = class org.eclipse.osgi.internal.debug.Debug@637fe9e0
      servicesInUse = class java.util.HashMap@7aee7bee
      activator = null
      contextLock = class java.lang.Object@abc2e2f
    classLoadingService = class com.ibm.ws.classloading.internal.ClassLoadingServiceImpl@80ba51c6
    configAdmin = class com.ibm.ws.config.admin.internal.ConfigurationAdminImpl@d5d3e539
      tc = class com.ibm.websphere.ras.TraceComponent@b5645c70
      bundle = class org.eclipse.osgi.internal.framework.EquinoxBundle@629d529e
      caFactory = class com.ibm.ws.config.admin.internal.ConfigAdminServiceFactory@c9217d62
      serialVersionUID = -2875522750804142523
    resolvedBasePath = "/opt/ibm/wlp/usr/servers/defaultServer/"
    generationLock = class com.ibm.ws.library.internal.SharedLibraryImpl$1@ff785988
      this$0 = class com.ibm.ws.library.internal.SharedLibraryImpl@24e60b72
      serialVersionUID = 2483639803450672373
      $$$tc$$$ = class com.ibm.websphere.ras.TraceComponent@537bd7f8
    currentGeneration = class com.ibm.ws.library.internal.LibraryGeneration@8f01eb40
      tc = class com.ibm.websphere.ras.TraceComponent@27fa22b8
      nextInt = class java.util.concurrent.atomic.AtomicInteger@c692291b
      libraryId = "global"
      genId = 0
      libraryProps = class java.util.Hashtable@354fea5b
      filesetRefs = class java.util.Collections$UnmodifiableRandomAccessList@83adcbc1
      apiTypeVisibility = class java.util.RegularEnumSet@647bd155
      files = class java.util.ArrayList@e545f358
      folders = class java.util.ArrayList@2f4c37b7
      fileAndFolderContainers = class java.util.Collections$EmptyList@579eb7d8
      filesets = class java.util.concurrent.ArrayBlockingQueue@5818c5b6
      filesetListenerRegs = class java.util.concurrent.ConcurrentLinkedQueue@36aacc5c
      cancelled = false
      library = class com.ibm.ws.library.internal.SharedLibraryImpl@24e60b72
      serialVersionUID = 6965220007121905717
    nextGeneration = class com.ibm.ws.library.internal.LibraryGeneration@8f01eb40
    artifactContainerFactory = class com.ibm.ws.library.internal.SharedLibraryFactory$1@bb477a32
      this$0 = class com.ibm.ws.library.internal.SharedLibraryFactory@8323364a
      serialVersionUID = 7730244564205089330
      $$$tc$$$ = class com.ibm.websphere.ras.TraceComponent@de76b236
    packageExporter = class com.ibm.ws.library.internal.LibraryPackageExporter@7eb1e8c8
      EXPORTER_POSTFIX = "_library_exporter"
      REGION_EXPORT_TO_LIBERTY = "liberty.library.export.to.liberty"
      REGION_EXPORT_TO_OSGI_APPS = "liberty.library.export.to.osgi.app"
      REGION_KERNEL = "org.eclipse.equinox.region.kernel"
      counter = class java.util.concurrent.atomic.AtomicLong@79f3bfd2
      context = class org.eclipse.osgi.internal.framework.BundleContextImpl@65317640
      digraph = class org.eclipse.equinox.internal.region.StandardRegionDigraph@a2c4852e
      bundleToLibrary = class java.util.concurrent.ConcurrentHashMap@f467dd3f
      libraryToVisibility = class java.util.concurrent.ConcurrentHashMap@1f0e0a02
      serialVersionUID = 8074378969667956573
      $$$tc$$$ = class com.ibm.websphere.ras.TraceComponent@8cd1d89c
    serialVersionUID = -2820082183656396262
  sharedLibDeploymentInfo = class com.ibm.ws.app.manager.module.internal.DeployedAppInfoBase$SharedLibDeploymentInfo@996b797d
    locAdmin = class com.ibm.ws.kernel.service.location.internal.WsLocationAdminImpl@6358afb8
      tc = class com.ibm.websphere.ras.TraceComponent@cc51ad1b
      LOC_INTERNAL_LIB_DIR = "wlp.lib.dir"
      LOC_INTERNAL_WORKAREA_DIR = "wlp.workarea.dir"
      LOC_AREA_NAME_APPS = "shared/apps/"
      LOC_AREA_NAME_CONFIG = "shared/config/"
      LOC_AREA_NAME_RESC = "shared/resources/"
      LOC_AREA_NAME_STATE = "logs/state/"
      LOC_AREA_NAME_SERVERS = "servers/"
      LOC_AREA_NAME_CLIENTS = "clients/"
      LOC_AREA_NAME_WORKING = "workarea/"
      LOC_AREA_NAME_LOGS = "logs/"
      LOC_AREA_NAME_EXTENSION = "extension/"
      instance = class com.ibm.ws.kernel.service.location.internal.WsLocationAdminImpl@6358afb8
      installRoot = class com.ibm.ws.kernel.service.location.internal.SymbolicRootResource@dcef8a42
      installParentRoot = class com.ibm.ws.kernel.service.location.internal.SymbolicRootResource@dc418c8f
      userRoot = class com.ibm.ws.kernel.service.location.internal.SymbolicRootResource@ff0d9008
      usrExtensionRoot = class com.ibm.ws.kernel.service.location.internal.SymbolicRootResource@20800cfb
      serverConfigDir = class com.ibm.ws.kernel.service.location.internal.SymbolicRootResource@f678578d
      serverOutputDir = class com.ibm.ws.kernel.service.location.internal.SymbolicRootResource@c2fbbd58
      bootstrapLib = class com.ibm.ws.kernel.service.location.internal.LocalFileResource@d0a90470
      serverWorkarea = class com.ibm.ws.kernel.service.location.internal.LocalFileResource@3cd9c360
      serverState = class com.ibm.ws.kernel.service.location.internal.LocalFileResource@b9b8d94f
      sharedAppsRoot = class com.ibm.ws.kernel.service.location.internal.SymbolicRootResource@3267d450
      sharedConfigRoot = class com.ibm.ws.kernel.service.location.internal.SymbolicRootResource@51608315
      sharedResourceRoot = class com.ibm.ws.kernel.service.location.internal.SymbolicRootResource@2f592ab3
      tmpRoot = class com.ibm.ws.kernel.service.location.internal.SymbolicRootResource@63ac4a58
      serverName = "defaultServer"
      resourcePaths = class java.util.ArrayList@17f5c05d
      resourceGroups = class java.util.HashMap@cc8c458e
      commonRoot = class com.ibm.ws.kernel.service.location.internal.VirtualRootResource@19489f6a
      serverCfgDirStr = "/opt/ibm/wlp/usr/servers/defaultServer/"
      variableSourceDirs = "/opt/ibm/wlp/usr/servers/defaultServer/variables/"
      serialVersionUID = 7963438175177362522
    artifactFactory = class com.ibm.ws.artifact.internal.ArtifactContainerFactoryService@dfd4891e
      CATEGORY_PROP_NAME = "category"
      ENTRY_KEY = "com.ibm.wsspi.artifact.ArtifactEntry"
      helperMap = class com.ibm.wsspi.kernel.service.utils.ConcurrentServiceReferenceSetMap@29f25e67
      contributorMap = class com.ibm.wsspi.kernel.service.utils.ConcurrentServiceReferenceSetMap@57445c25
      helperCategoryMap = class com.ibm.wsspi.kernel.service.utils.ConcurrentServiceReferenceSetMap@53f92920
      contributorCategoryMap = class com.ibm.wsspi.kernel.service.utils.ConcurrentServiceReferenceSetMap@aadb5056
      categories = class java.util.Collections$SynchronizedSet@8494acce
      baseProperties = class org.apache.felix.scr.impl.helper.ReadOnlyDictionary@e2c5dea5
      registration = class com.ibm.ws.kernel.service.util.ServiceRegistrationModifier@928869f2
      serialVersionUID = 6566424214406946230
      $$$tc$$$ = class com.ibm.websphere.ras.TraceComponent@b8efaf3c
    moduleFactory = class com.ibm.ws.adaptable.module.internal.AdaptableModuleFactoryImpl@6c42d80f
      adapterFactoryService = class com.ibm.ws.adaptable.module.internal.AdapterFactoryServiceImpl@ac5acf52
      containerFactory = class com.ibm.ws.artifact.internal.ArtifactContainerFactoryService@dfd4891e
      overlayContainerFactory = class com.ibm.ws.artifact.overlay.internal.OverlayContainerFactoryImpl@8492773c
      serialVersionUID = 4200251809856292987
      $$$tc$$$ = class com.ibm.websphere.ras.TraceComponent@8369b2b1
    classesContainerInfo = class java.util.ArrayList@9e1d4f0a
      serialVersionUID = "/* Could not access serialVersionUID */"
      DEFAULT_CAPACITY = "/* Could not access DEFAULT_CAPACITY */"
      EMPTY_ELEMENTDATA = "/* Could not access EMPTY_ELEMENTDATA */"
      DEFAULTCAPACITY_EMPTY_ELEMENTDATA = "/* Could not access DEFAULTCAPACITY_EMPTY_ELEMENTDATA */"
      elementData = "/* Could not access elementData */"
      size = "/* Could not access size */"
      modCount = "/* Could not access modCount */"
    libraryPaths = class java.util.ArrayList@1fd7d962
      serialVersionUID = "/* Could not access serialVersionUID */"
      DEFAULT_CAPACITY = "/* Could not access DEFAULT_CAPACITY */"
      EMPTY_ELEMENTDATA = "/* Could not access EMPTY_ELEMENTDATA */"
      DEFAULTCAPACITY_EMPTY_ELEMENTDATA = "/* Could not access DEFAULTCAPACITY_EMPTY_ELEMENTDATA */"
      elementData = "/* Could not access elementData */"
      size = "/* Could not access size */"
      modCount = "/* Could not access modCount */"
    serialVersionUID = -4090796501427576275
    $$$tc$$$ = class com.ibm.websphere.ras.TraceComponent@27805006
      strings[0] = "TraceComponent[com.ibm.ws.app.manager.module.internal.DeployedAppInfoBase$SharedLibDeploymentInfo,class com.ibm.ws.app.manager.module.internal.DeployedAppInfoBase$SharedLibDeploymentInfo,[applications, app.manager],null,null]"
  configAdmin = class com.ibm.ws.config.admin.internal.ConfigurationAdminImpl@9001f279
    tc = class com.ibm.websphere.ras.TraceComponent@b5645c70
      strings[0] = "TraceComponent[com.ibm.ws.config.admin.internal.ConfigurationAdminImpl,class com.ibm.ws.config.admin.internal.ConfigurationAdminImpl,[config],com.ibm.ws.config.internal.resources.ConfigMessages,null]"
    bundle = class org.eclipse.osgi.internal.framework.EquinoxBundle@7180855a
      equinoxContainer = class org.eclipse.osgi.internal.framework.EquinoxContainer@ff0f334e
      module = class org.eclipse.osgi.internal.framework.EquinoxBundle$EquinoxModule@514c9166
      monitor = class java.lang.Object@c1f30ef7
      context = class org.eclipse.osgi.internal.framework.BundleContextImpl@7c41f687
      signedContent = null
      $SWITCH_TABLE$org$eclipse$osgi$container$Module$State = {1,2,3,4,5,6,7} /* array length = 7 */
    caFactory = class com.ibm.ws.config.admin.internal.ConfigAdminServiceFactory@c9217d62
      tc = class com.ibm.websphere.ras.TraceComponent@84cbf9cf
      configurationPermission = class org.osgi.service.cm.ConfigurationPermission@29a14f48
      INDEX_DICTIONARY = 0
      INDEX_LOCATION = 1
      INDEX_METATYPE_PROCESSED = 2
      INDEX_IN_OVERRIDES_FILE = 3
      INDEX_REFERENCES = 4
      INDEX_UNIQUES = 5
      bundleContext = class org.eclipse.osgi.internal.framework.BundleContextImpl@b33aba94
      msTracker = class com.ibm.ws.config.admin.internal.ManagedServiceTracker@47bc8084
      msfTracker = class com.ibm.ws.config.admin.internal.ManagedServiceFactoryTracker@79c077a0
      pluginManager = class com.ibm.ws.config.admin.internal.PluginManager@45290878
      configurationStore = class com.ibm.ws.config.admin.internal.ConfigurationStore@f5b5204d
      updateQueue = class com.ibm.ws.config.admin.internal.UpdateQueue@b9136f77
      ced = class com.ibm.ws.config.admin.internal.ConfigEventDispatcher@e1ed38aa
      idMap = class java.util.Collections$SynchronizedMap@a0fa815d
      referenceMap = class java.util.Collections$SynchronizedMap@7336dde7
      variableRegistryTracker = class org.osgi.util.tracker.ServiceTracker@b521cd20
      variableRegistry = class com.ibm.ws.kernel.service.location.internal.VariableRegistryHelper@881479a3
      configurationAdminRef = class org.eclipse.osgi.internal.serviceregistry.ServiceRegistrationImpl@c7749a40
      serialVersionUID = 6695202270027014725
    serialVersionUID = -2875522750804142523
  libraryConfigHelper = class com.ibm.ws.classloading.ClassLoaderConfigHelper@e8060df8
    tc = class com.ibm.websphere.ras.TraceComponent@5e389269
      strings[0] = "TraceComponent[com.ibm.ws.classloading.ClassLoaderConfigHelper,class com.ibm.ws.classloading.ClassLoaderConfigHelper,[ClassLoadingService],com.ibm.ws.classloading.internal.resources.ClassLoadingServiceMessages,null]"
    DEFAULT_API_TYPES = class java.util.RegularEnumSet@e256a8df
      serialVersionUID = "/* Could not access serialVersionUID */"
      elements = "/* Could not access elements */"
      serialVersionUID = "/* Could not access serialVersionUID */"
      elementType = "/* Could not access elementType */"
      universe = "/* Could not access universe */"
    overrideLibraries = class java.util.Collections$EmptyList@579eb7d8
      serialVersionUID = "/* Could not access serialVersionUID */"
      modCount = "/* Could not access modCount */"
    sharedLibraries = class java.util.Collections$EmptyList@579eb7d8
    commonLibraries = class java.util.Collections$EmptyList@579eb7d8
    classProviders = class java.util.Collections$EmptyList@579eb7d8
    sharedLibrariesPids = null
    commonLibrariesPids = null
    isDelegateLast = false
    apiTypes = class java.util.RegularEnumSet@e256a8df
    classLoaderConfigProps = null
    serialVersionUID = 920929822525674233
  isDelegateLast = false
  permissionManager = class com.ibm.ws.classloading.java2sec.PermissionManager@36c2311d
    tc = class com.ibm.websphere.ras.TraceComponent@7052ea23
      strings[0] = "TraceComponent[com.ibm.ws.classloading.java2sec.PermissionManager,class com.ibm.ws.classloading.java2sec.PermissionManager,[Java2SecurityUtil],com.ibm.ws.classloading.internal.resources.Java2SecurityUtilMessages,null]"
    bundleContext = class org.eclipse.osgi.internal.framework.BundleContextImpl@65317640
    classLoadingService = class com.ibm.ws.classloading.internal.ClassLoadingServiceImpl@80ba51c6
    DEFAULT_SERVER_RESTRICTABLE_PERMISSIONS = class java.security.Permission[4]
      Permission[0] = class java.lang.RuntimePermission@2963544b
      Permission[1] = class java.lang.RuntimePermission@aa503ce0
      Permission[2] = class java.security.SecurityPermission@cd1a5eb4
      Permission[3] = class javax.security.auth.AuthPermission@fa8f4147
    DEFAULT_CLIENT_RESTRICTABLE_PERMISSIONS = class java.security.Permission[3]
      Permission[0] = class java.lang.RuntimePermission@b48a1c79
      Permission[1] = class java.security.SecurityPermission@5f38a000
      Permission[2] = class javax.security.auth.AuthPermission@6513125f
    isServer = true
    wsjarUrlStreamHandlerAvailable = true
    LOGGING_PERMISSION = "java.util.logging.LoggingPermission"
    restrictablePermissions = class java.util.ArrayList@f0303634
      serialVersionUID = "/* Could not access serialVersionUID */"
      DEFAULT_CAPACITY = "/* Could not access DEFAULT_CAPACITY */"
      EMPTY_ELEMENTDATA = "/* Could not access EMPTY_ELEMENTDATA */"
      DEFAULTCAPACITY_EMPTY_ELEMENTDATA = "/* Could not access DEFAULTCAPACITY_EMPTY_ELEMENTDATA */"
      elementData = "/* Could not access elementData */"
      size = "/* Could not access size */"
      modCount = "/* Could not access modCount */"
    javaAllCodeBasePermissions = class java.util.ArrayList@7be3a26d
      serialVersionUID = "/* Could not access serialVersionUID */"
      DEFAULT_CAPACITY = "/* Could not access DEFAULT_CAPACITY */"
      EMPTY_ELEMENTDATA = "/* Could not access EMPTY_ELEMENTDATA */"
      DEFAULTCAPACITY_EMPTY_ELEMENTDATA = "/* Could not access DEFAULTCAPACITY_EMPTY_ELEMENTDATA */"
      elementData = "/* Could not access elementData */"
      size = "/* Could not access size */"
      modCount = "/* Could not access modCount */"
    expandProps = true
    grantedPermissions = class java.util.ArrayList@fec1417b
      serialVersionUID = "/* Could not access serialVersionUID */"
      DEFAULT_CAPACITY = "/* Could not access DEFAULT_CAPACITY */"
      EMPTY_ELEMENTDATA = "/* Could not access EMPTY_ELEMENTDATA */"
      DEFAULTCAPACITY_EMPTY_ELEMENTDATA = "/* Could not access DEFAULTCAPACITY_EMPTY_ELEMENTDATA */"
      elementData = "/* Could not access elementData */"
      size = "/* Could not access size */"
      modCount = "/* Could not access modCount */"
    KEY_PERMISSION = "permission"
    INCORRECT_PERMISSION_CONFIGURATION = "INCORRECT_PERMISSION_CONFIGURATION"
    PERMISSION_CLASSNOTFOUND = "PERMISSION_CLASSNOTFOUND"
    SERVER_XML = "server.xml"
    CLIENT_XML = "client.xml"
    JAVA_POLICY = "java.policy"
    os_name = "Linux"
    os_version = "6.6.87.2-microsoft-standard-WSL2"
    originationFile = "server.xml"
    permissions = class com.ibm.wsspi.kernel.service.utils.ConcurrentServiceReferenceSet@8c1dba14
      referenceName = "permission"
      contextRef = class java.util.concurrent.atomic.AtomicReference@5b72d0b9
      elementMap = class java.util.LinkedHashMap@98a39143
      elementMapLock = class java.util.concurrent.locks.ReentrantReadWriteLock@d5fe583c
      elementSet = class java.util.concurrent.ConcurrentSkipListSet@4fda0456
      elementSetUnsorted = false
      serialVersionUID = 57360986016377485
      $$$tc$$$ = class com.ibm.websphere.ras.TraceComponent@6d94179c
    codeBasePermissionMap = class java.util.HashMap@a97c9de2
      serialVersionUID = "/* Could not access serialVersionUID */"
      DEFAULT_INITIAL_CAPACITY = "/* Could not access DEFAULT_INITIAL_CAPACITY */"
      MAXIMUM_CAPACITY = "/* Could not access MAXIMUM_CAPACITY */"
      DEFAULT_LOAD_FACTOR = "/* Could not access DEFAULT_LOAD_FACTOR */"
      TREEIFY_THRESHOLD = "/* Could not access TREEIFY_THRESHOLD */"
      UNTREEIFY_THRESHOLD = "/* Could not access UNTREEIFY_THRESHOLD */"
      MIN_TREEIFY_CAPACITY = "/* Could not access MIN_TREEIFY_CAPACITY */"
      table = "/* Could not access table */"
      entrySet = "/* Could not access entrySet */"
      size = "/* Could not access size */"
      modCount = "/* Could not access modCount */"
      threshold = "/* Could not access threshold */"
      loadFactor = "/* Could not access loadFactor */"
      keySet = "/* Could not access keySet */"
      values = "/* Could not access values */"
    permissionXMLPermissionMap = class java.util.HashMap@55a43a5c
      serialVersionUID = "/* Could not access serialVersionUID */"
      DEFAULT_INITIAL_CAPACITY = "/* Could not access DEFAULT_INITIAL_CAPACITY */"
      MAXIMUM_CAPACITY = "/* Could not access MAXIMUM_CAPACITY */"
      DEFAULT_LOAD_FACTOR = "/* Could not access DEFAULT_LOAD_FACTOR */"
      TREEIFY_THRESHOLD = "/* Could not access TREEIFY_THRESHOLD */"
      UNTREEIFY_THRESHOLD = "/* Could not access UNTREEIFY_THRESHOLD */"
      MIN_TREEIFY_CAPACITY = "/* Could not access MIN_TREEIFY_CAPACITY */"
      table = "/* Could not access table */"
      entrySet = "/* Could not access entrySet */"
      size = "/* Could not access size */"
      modCount = "/* Could not access modCount */"
      threshold = "/* Could not access threshold */"
      loadFactor = "/* Could not access loadFactor */"
      keySet = "/* Could not access keySet */"
      values = "/* Could not access values */"
    serialVersionUID = 8583289148510585888
  permissionsConfig = null
  serialVersionUID = 4371978155432087357
  DEFAULT_MANIFEST_CLASS_PATH_CONSUMER = class com.ibm.ws.app.manager.module.internal.SimpleDeployedAppInfoBase$$Lambda$263/0x0000000000000000@28cf0922
  appInfo = class com.ibm.ws.container.service.app.deploy.internal.ApplicationInfoImpl@b0eca9a1
    appName = "com.ibm.zosconnect.ui.backend"
    appMetaData = class com.ibm.ws.container.service.app.deploy.internal.ApplicationMetaDataImpl@e729211a
      j2eeName = class com.ibm.ws.container.service.metadata.internal.J2EENameImpl@375fd937
      serialVersionUID = -7906531148367236579
      $$$tc$$$ = class com.ibm.websphere.ras.TraceComponent@b34a28a3
      tc = class com.ibm.websphere.ras.TraceComponent@a16808d8
      NUM_STATIC_SLOTS = 4
      ID_UNINITIALIZED = -1
      id = 12
      metaDataInterface = class java.lang.Class@86e3a039
      staticSlots = class java.lang.Object[4]
      dynamicSlots = null
    appContainer = class com.ibm.ws.adaptable.module.internal.AdaptableContainerImpl@5119f4d3
    configHelper = class com.ibm.ws.app.manager.module.ApplicationNestedConfigHelper@3527b90c
      appInfo = class com.ibm.ws.app.manager.internal.ApplicationInstallInfo@5cd4b326
      serialVersionUID = -3174031738676705046
      $$$tc$$$ = class com.ibm.websphere.ras.TraceComponent@ac6a4f0e
    applicationInformation = class com.ibm.ws.app.manager.internal.ApplicationInstallInfo@5cd4b326
    serialVersionUID = 5227817860647895780
    $$$tc$$$ = class com.ibm.websphere.ras.TraceComponent@c9bdeda2
      strings[0] = "TraceComponent[com.ibm.ws.container.service.app.deploy.internal.ApplicationInfoImpl,class com.ibm.ws.container.service.app.deploy.internal.ApplicationInfoImpl,[container.service],com.ibm.ws.container.service.resources.Messages,null]"
  appInfoRegistration = null
  modulesDeployed = class java.util.ArrayList@d7e75730
    serialVersionUID = "/* Could not access serialVersionUID */"
    DEFAULT_CAPACITY = "/* Could not access DEFAULT_CAPACITY */"
    EMPTY_ELEMENTDATA = "/* Could not access EMPTY_ELEMENTDATA */"
    DEFAULTCAPACITY_EMPTY_ELEMENTDATA = "/* Could not access DEFAULTCAPACITY_EMPTY_ELEMENTDATA */"
    elementData = "/* Could not access elementData */"
    size = "/* Could not access size */"
    modCount = "/* Could not access modCount */"
  starting = true
  started = false
  deployedAppServices = class com.ibm.ws.app.manager.module.internal.DeployedAppServicesImpl@73f22198
    SERVER_APPS_DIR = "${server.output.dir}/apps/"
    EXPANDED_APPS_DIR = "${server.output.dir}/apps/expanded/"
    bundleContext = class org.eclipse.osgi.internal.framework.BundleContextImpl@7c41f687
      valid = true
      bundle = class org.eclipse.osgi.internal.framework.EquinoxBundle@7180855a
      container = class org.eclipse.osgi.internal.framework.EquinoxContainer@ff0f334e
      debug = class org.eclipse.osgi.internal.debug.Debug@637fe9e0
      servicesInUse = class java.util.HashMap@4d48f18d
      activator = null
      contextLock = class java.lang.Object@76a5d96a
    applicationInfoFactory = class com.ibm.ws.container.service.app.deploy.internal.ApplicationInfoFactoryImpl@4c708217
    futureMonitor = class com.ibm.ws.threading.internal.FutureMonitorImpl@f74f22c9
    classLoadingService = class com.ibm.ws.classloading.internal.ClassLoadingServiceImpl@80ba51c6
    globalSharedLibrary = class com.ibm.ws.library.internal.SharedLibraryImpl@24e60b72
    globalSharedLibraryPid = "com.ibm.ws.classloading.sharedlibrary_2"
    configAdmin = class com.ibm.ws.config.admin.internal.ConfigurationAdminImpl@9001f279
    metaDataService = class com.ibm.ws.container.service.metadata.internal.MetaDataServiceImpl@943e3383
    stateChangeService = class com.ibm.ws.container.service.state.internal.StateChangeServiceImpl@bcc6384c
    allModuleTypes = class java.lang.String[4]
      String[0] = "ejb"
      String[1] = "web"
      String[2] = "client"
      String[3] = "connector"
    moduleMetaDataExtenders = class java.util.concurrent.ConcurrentHashMap@e5c48a20
      serialVersionUID = "/* Could not access serialVersionUID */"
      MAXIMUM_CAPACITY = "/* Could not access MAXIMUM_CAPACITY */"
      DEFAULT_CAPACITY = "/* Could not access DEFAULT_CAPACITY */"
      MAX_ARRAY_SIZE = "/* Could not access MAX_ARRAY_SIZE */"
      DEFAULT_CONCURRENCY_LEVEL = "/* Could not access DEFAULT_CONCURRENCY_LEVEL */"
      LOAD_FACTOR = "/* Could not access LOAD_FACTOR */"
      TREEIFY_THRESHOLD = "/* Could not access TREEIFY_THRESHOLD */"
      UNTREEIFY_THRESHOLD = "/* Could not access UNTREEIFY_THRESHOLD */"
      MIN_TREEIFY_CAPACITY = "/* Could not access MIN_TREEIFY_CAPACITY */"
      MIN_TRANSFER_STRIDE = "/* Could not access MIN_TRANSFER_STRIDE */"
      RESIZE_STAMP_BITS = "/* Could not access RESIZE_STAMP_BITS */"
      MAX_RESIZERS = "/* Could not access MAX_RESIZERS */"
      RESIZE_STAMP_SHIFT = "/* Could not access RESIZE_STAMP_SHIFT */"
      MOVED = "/* Could not access MOVED */"
      TREEBIN = "/* Could not access TREEBIN */"
      RESERVED = "/* Could not access RESERVED */"
      HASH_BITS = "/* Could not access HASH_BITS */"
      NCPU = "/* Could not access NCPU */"
      serialPersistentFields = "/* Could not access serialPersistentFields */"
      table = "/* Could not access table */"
      nextTable = "/* Could not access nextTable */"
      baseCount = "/* Could not access baseCount */"
      sizeCtl = "/* Could not access sizeCtl */"
      transferIndex = "/* Could not access transferIndex */"
      cellsBusy = "/* Could not access cellsBusy */"
      counterCells = "/* Could not access counterCells */"
      keySet = "/* Could not access keySet */"
      values = "/* Could not access values */"
      entrySet = "/* Could not access entrySet */"
      U = "/* Could not access U */"
      SIZECTL = "/* Could not access SIZECTL */"
      TRANSFERINDEX = "/* Could not access TRANSFERINDEX */"
      BASECOUNT = "/* Could not access BASECOUNT */"
      CELLSBUSY = "/* Could not access CELLSBUSY */"
      CELLVALUE = "/* Could not access CELLVALUE */"
      ABASE = "/* Could not access ABASE */"
      ASHIFT = "/* Could not access ASHIFT */"
      keySet = "/* Could not access keySet */"
      values = "/* Could not access values */"
    nestedModuleMetaDataFactories = class java.util.concurrent.ConcurrentHashMap@3f93321d
      serialVersionUID = "/* Could not access serialVersionUID */"
      MAXIMUM_CAPACITY = "/* Could not access MAXIMUM_CAPACITY */"
      DEFAULT_CAPACITY = "/* Could not access DEFAULT_CAPACITY */"
      MAX_ARRAY_SIZE = "/* Could not access MAX_ARRAY_SIZE */"
      DEFAULT_CONCURRENCY_LEVEL = "/* Could not access DEFAULT_CONCURRENCY_LEVEL */"
      LOAD_FACTOR = "/* Could not access LOAD_FACTOR */"
      TREEIFY_THRESHOLD = "/* Could not access TREEIFY_THRESHOLD */"
      UNTREEIFY_THRESHOLD = "/* Could not access UNTREEIFY_THRESHOLD */"
      MIN_TREEIFY_CAPACITY = "/* Could not access MIN_TREEIFY_CAPACITY */"
      MIN_TRANSFER_STRIDE = "/* Could not access MIN_TRANSFER_STRIDE */"
      RESIZE_STAMP_BITS = "/* Could not access RESIZE_STAMP_BITS */"
      MAX_RESIZERS = "/* Could not access MAX_RESIZERS */"
      RESIZE_STAMP_SHIFT = "/* Could not access RESIZE_STAMP_SHIFT */"
      MOVED = "/* Could not access MOVED */"
      TREEBIN = "/* Could not access TREEBIN */"
      RESERVED = "/* Could not access RESERVED */"
      HASH_BITS = "/* Could not access HASH_BITS */"
      NCPU = "/* Could not access NCPU */"
      serialPersistentFields = "/* Could not access serialPersistentFields */"
      table = "/* Could not access table */"
      nextTable = "/* Could not access nextTable */"
      baseCount = "/* Could not access baseCount */"
      sizeCtl = "/* Could not access sizeCtl */"
      transferIndex = "/* Could not access transferIndex */"
      cellsBusy = "/* Could not access cellsBusy */"
      counterCells = "/* Could not access counterCells */"
      keySet = "/* Could not access keySet */"
      values = "/* Could not access values */"
      entrySet = "/* Could not access entrySet */"
      U = "/* Could not access U */"
      SIZECTL = "/* Could not access SIZECTL */"
      TRANSFERINDEX = "/* Could not access TRANSFERINDEX */"
      BASECOUNT = "/* Could not access BASECOUNT */"
      CELLSBUSY = "/* Could not access CELLSBUSY */"
      CELLVALUE = "/* Could not access CELLVALUE */"
      ABASE = "/* Could not access ABASE */"
      ASHIFT = "/* Could not access ASHIFT */"
      keySet = "/* Could not access keySet */"
      values = "/* Could not access values */"
    permissionManager = class com.ibm.ws.classloading.java2sec.PermissionManager@36c2311d
    locAdmin = class com.ibm.ws.kernel.service.location.internal.WsLocationAdminImpl@6358afb8
    artifactFactory = class com.ibm.ws.artifact.internal.ArtifactContainerFactoryService@dfd4891e
    moduleFactory = class com.ibm.ws.adaptable.module.internal.AdaptableModuleFactoryImpl@6c42d80f
    serialVersionUID = 8537801607979767986
    $$$tc$$$ = class com.ibm.websphere.ras.TraceComponent@6f3841cb
      strings[0] = "TraceComponent[com.ibm.ws.app.manager.module.internal.DeployedAppServicesImpl,class com.ibm.ws.app.manager.module.internal.DeployedAppServicesImpl,[applications, app.manager],null,null]"
  futureMonitor = class com.ibm.ws.threading.internal.FutureMonitorImpl@f74f22c9
    _monitor = class java.util.concurrent.ConcurrentLinkedQueue@a1c0adf4
      serialVersionUID = "/* Could not access serialVersionUID */"
      head = "/* Could not access head */"
      tail = "/* Could not access tail */"
      MAX_HOPS = "/* Could not access MAX_HOPS */"
      HEAD = "/* Could not access HEAD */"
      TAIL = "/* Could not access TAIL */"
      ITEM = "/* Could not access ITEM */"
      NEXT = "/* Could not access NEXT */"
    _executor = class com.ibm.ws.threading.internal.DeferrableScheduledExecutorImpl@53b13b28
      PERIOD_MILLISECONDS = 15000
      executor = class com.ibm.ws.threading.internal.ScheduledExecutorImpl@38ead88e
      serialVersionUID = 4761900424000004220
      $$$tc$$$ = class com.ibm.websphere.ras.TraceComponent@a0eb352d
    _threadRunning = class java.util.concurrent.atomic.AtomicBoolean@82ca6a00
      serialVersionUID = "/* Could not access serialVersionUID */"
      VALUE = "/* Could not access VALUE */"
      value = "/* Could not access value */"
    _thread = class com.ibm.ws.threading.internal.FutureMonitorImpl$1@3b3ade64
      this$0 = class com.ibm.ws.threading.internal.FutureMonitorImpl@f74f22c9
      serialVersionUID = 2422512430832938099
      $$$tc$$$ = class com.ibm.websphere.ras.TraceComponent@63b254dc
    serialVersionUID = 2765238413969174390
    $$$tc$$$ = class com.ibm.websphere.ras.TraceComponent@ff6f560b
      strings[0] = "TraceComponent[com.ibm.ws.threading.internal.FutureMonitorImpl,class com.ibm.ws.threading.internal.FutureMonitorImpl,[Threading],com.ibm.ws.threading.internal.resources.ThreadingMessages,null]"
  appInfoFactory = class com.ibm.ws.container.service.app.deploy.internal.ApplicationInfoFactoryImpl@4c708217
    j2eeNameFactory = class com.ibm.wsspi.kernel.service.utils.AtomicServiceReference@a744ba36
      referenceName = "j2eeNameFactory"
      contextRef = class java.util.concurrent.atomic.AtomicReference@f8761fa7
      references = class java.util.PriorityQueue@8129aba3
      referencesLock = class java.util.concurrent.locks.ReentrantReadWriteLock@ae7add70
      serialVersionUID = -5371852544883285473
      $$$tc$$$ = class com.ibm.websphere.ras.TraceComponent@6300a457
    names = class java.util.HashSet@bd77a56f
      serialVersionUID = "/* Could not access serialVersionUID */"
      map = "/* Could not access map */"
      PRESENT = "/* Could not access PRESENT */"
    serialVersionUID = 6232436640731165768
    $$$tc$$$ = class com.ibm.websphere.ras.TraceComponent@f03fcef
      strings[0] = "TraceComponent[com.ibm.ws.container.service.app.deploy.internal.ApplicationInfoFactoryImpl,class com.ibm.ws.container.service.app.deploy.internal.ApplicationInfoFactoryImpl,[container.service],com.ibm.ws.container.service.resources.Messages,null]"
  metaDataService = class com.ibm.ws.container.service.metadata.internal.MetaDataServiceImpl@943e3383
    applicationMetaDataManager = class com.ibm.ws.container.service.metadata.internal.ApplicationMetaDataManager@e3a927b4
      serialVersionUID = 1843747281024490904
      $$$tc$$$ = class com.ibm.websphere.ras.TraceComponent@59ea8df7
      listeners = class com.ibm.wsspi.kernel.service.utils.ConcurrentServiceReferenceSet@4eee6d49
      metaDataIDs = class com.ibm.ws.container.service.metadata.internal.IndexList@975b27ca
      metaDatas = class java.util.ArrayList@10695b0b
      slotIDs = class com.ibm.ws.container.service.metadata.internal.IndexList@146f6fbd
      serialVersionUID = 5464421863354792977
      $$$tc$$$ = class com.ibm.websphere.ras.TraceComponent@920114fe
    moduleMetaDataManager = class com.ibm.ws.container.service.metadata.internal.ModuleMetaDataManager@24fac5a1
      serialVersionUID = 2513574389899327209
      $$$tc$$$ = class com.ibm.websphere.ras.TraceComponent@9ffdb6f7
      listeners = class com.ibm.wsspi.kernel.service.utils.ConcurrentServiceReferenceSet@79d49436
      metaDataIDs = class com.ibm.ws.container.service.metadata.internal.IndexList@45edea7c
      metaDatas = class java.util.ArrayList@287b5bf4
      slotIDs = class com.ibm.ws.container.service.metadata.internal.IndexList@453a29b7
      serialVersionUID = 5464421863354792977
      $$$tc$$$ = class com.ibm.websphere.ras.TraceComponent@920114fe
    componentMetaDataManager = class com.ibm.ws.container.service.metadata.internal.ComponentMetaDataManager@56c02210
      serialVersionUID = 8629793739641703882
      $$$tc$$$ = class com.ibm.websphere.ras.TraceComponent@d0173588
      listeners = class com.ibm.wsspi.kernel.service.utils.ConcurrentServiceReferenceSet@60e1d803
      metaDataIDs = class com.ibm.ws.container.service.metadata.internal.IndexList@5ed00fce
      metaDatas = class java.util.ArrayList@3df81d63
      slotIDs = class com.ibm.ws.container.service.metadata.internal.IndexList@9763cc24
      serialVersionUID = 5464421863354792977
      $$$tc$$$ = class com.ibm.websphere.ras.TraceComponent@920114fe
    methodMetaDataManager = class com.ibm.ws.container.service.metadata.internal.MethodMetaDataManager@6853d151
      serialVersionUID = -8002489041502300640
      $$$tc$$$ = class com.ibm.websphere.ras.TraceComponent@3a8f59c
      listeners = class com.ibm.wsspi.kernel.service.utils.ConcurrentServiceReferenceSet@8c428697
      metaDataIDs = class com.ibm.ws.container.service.metadata.internal.IndexList@13c85cd1
      metaDatas = class java.util.ArrayList@2fa8a90e
      slotIDs = class com.ibm.ws.container.service.metadata.internal.IndexList@dcfab441
      serialVersionUID = 5464421863354792977
      $$$tc$$$ = class com.ibm.websphere.ras.TraceComponent@920114fe
    appModuleNameToModuleContainer = class java.util.concurrent.ConcurrentHashMap@c6b43961
      serialVersionUID = "/* Could not access serialVersionUID */"
      MAXIMUM_CAPACITY = "/* Could not access MAXIMUM_CAPACITY */"
      DEFAULT_CAPACITY = "/* Could not access DEFAULT_CAPACITY */"
      MAX_ARRAY_SIZE = "/* Could not access MAX_ARRAY_SIZE */"
      DEFAULT_CONCURRENCY_LEVEL = "/* Could not access DEFAULT_CONCURRENCY_LEVEL */"
      LOAD_FACTOR = "/* Could not access LOAD_FACTOR */"
      TREEIFY_THRESHOLD = "/* Could not access TREEIFY_THRESHOLD */"
      UNTREEIFY_THRESHOLD = "/* Could not access UNTREEIFY_THRESHOLD */"
      MIN_TREEIFY_CAPACITY = "/* Could not access MIN_TREEIFY_CAPACITY */"
      MIN_TRANSFER_STRIDE = "/* Could not access MIN_TRANSFER_STRIDE */"
      RESIZE_STAMP_BITS = "/* Could not access RESIZE_STAMP_BITS */"
      MAX_RESIZERS = "/* Could not access MAX_RESIZERS */"
      RESIZE_STAMP_SHIFT = "/* Could not access RESIZE_STAMP_SHIFT */"
      MOVED = "/* Could not access MOVED */"
      TREEBIN = "/* Could not access TREEBIN */"
      RESERVED = "/* Could not access RESERVED */"
      HASH_BITS = "/* Could not access HASH_BITS */"
      NCPU = "/* Could not access NCPU */"
      serialPersistentFields = "/* Could not access serialPersistentFields */"
      table = "/* Could not access table */"
      nextTable = "/* Could not access nextTable */"
      baseCount = "/* Could not access baseCount */"
      sizeCtl = "/* Could not access sizeCtl */"
      transferIndex = "/* Could not access transferIndex */"
      cellsBusy = "/* Could not access cellsBusy */"
      counterCells = "/* Could not access counterCells */"
      keySet = "/* Could not access keySet */"
      values = "/* Could not access values */"
      entrySet = "/* Could not access entrySet */"
      U = "/* Could not access U */"
      SIZECTL = "/* Could not access SIZECTL */"
      TRANSFERINDEX = "/* Could not access TRANSFERINDEX */"
      BASECOUNT = "/* Could not access BASECOUNT */"
      CELLSBUSY = "/* Could not access CELLSBUSY */"
      CELLVALUE = "/* Could not access CELLVALUE */"
      ABASE = "/* Could not access ABASE */"
      ASHIFT = "/* Could not access ASHIFT */"
      keySet = "/* Could not access keySet */"
      values = "/* Could not access values */"
    jeeNameToComponentMetaData = class java.util.concurrent.ConcurrentHashMap@b3ea122b
      serialVersionUID = "/* Could not access serialVersionUID */"
      MAXIMUM_CAPACITY = "/* Could not access MAXIMUM_CAPACITY */"
      DEFAULT_CAPACITY = "/* Could not access DEFAULT_CAPACITY */"
      MAX_ARRAY_SIZE = "/* Could not access MAX_ARRAY_SIZE */"
      DEFAULT_CONCURRENCY_LEVEL = "/* Could not access DEFAULT_CONCURRENCY_LEVEL */"
      LOAD_FACTOR = "/* Could not access LOAD_FACTOR */"
      TREEIFY_THRESHOLD = "/* Could not access TREEIFY_THRESHOLD */"
      UNTREEIFY_THRESHOLD = "/* Could not access UNTREEIFY_THRESHOLD */"
      MIN_TREEIFY_CAPACITY = "/* Could not access MIN_TREEIFY_CAPACITY */"
      MIN_TRANSFER_STRIDE = "/* Could not access MIN_TRANSFER_STRIDE */"
      RESIZE_STAMP_BITS = "/* Could not access RESIZE_STAMP_BITS */"
      MAX_RESIZERS = "/* Could not access MAX_RESIZERS */"
      RESIZE_STAMP_SHIFT = "/* Could not access RESIZE_STAMP_SHIFT */"
      MOVED = "/* Could not access MOVED */"
      TREEBIN = "/* Could not access TREEBIN */"
      RESERVED = "/* Could not access RESERVED */"
      HASH_BITS = "/* Could not access HASH_BITS */"
      NCPU = "/* Could not access NCPU */"
      serialPersistentFields = "/* Could not access serialPersistentFields */"
      table = "/* Could not access table */"
      nextTable = "/* Could not access nextTable */"
      baseCount = "/* Could not access baseCount */"
      sizeCtl = "/* Could not access sizeCtl */"
      transferIndex = "/* Could not access transferIndex */"
      cellsBusy = "/* Could not access cellsBusy */"
      counterCells = "/* Could not access counterCells */"
      keySet = "/* Could not access keySet */"
      values = "/* Could not access values */"
      entrySet = "/* Could not access entrySet */"
      U = "/* Could not access U */"
      SIZECTL = "/* Could not access SIZECTL */"
      TRANSFERINDEX = "/* Could not access TRANSFERINDEX */"
      BASECOUNT = "/* Could not access BASECOUNT */"
      CELLSBUSY = "/* Could not access CELLSBUSY */"
      CELLVALUE = "/* Could not access CELLVALUE */"
      ABASE = "/* Could not access ABASE */"
      ASHIFT = "/* Could not access ASHIFT */"
      keySet = "/* Could not access keySet */"
      values = "/* Could not access values */"
    deferredMetaDataFactories = class com.ibm.wsspi.kernel.service.utils.ConcurrentServiceReferenceSet@4c094003
      referenceName = "deferredMetaDataFactory"
      contextRef = class java.util.concurrent.atomic.AtomicReference@472375b5
      elementMap = class java.util.LinkedHashMap@461af15b
      elementMapLock = class java.util.concurrent.locks.ReentrantReadWriteLock@34fd7a5b
      elementSet = class java.util.concurrent.ConcurrentSkipListSet@279d6fa5
      elementSetUnsorted = false
      serialVersionUID = 57360986016377485
      $$$tc$$$ = class com.ibm.websphere.ras.TraceComponent@6d94179c
    deferredMetaDataInitializers = class com.ibm.wsspi.kernel.service.utils.ConcurrentServiceReferenceMap@798602e0
      referenceName = "deferredMetaDataFactory"
      context = class org.apache.felix.scr.impl.manager.ComponentContextImpl@3b82bbd5
      elementMap = class java.util.concurrent.ConcurrentHashMap@338b5be2
      serialVersionUID = 6980924785166233786
      $$$tc$$$ = class com.ibm.websphere.ras.TraceComponent@5b437d85
    serialVersionUID = -2494605732980966097
    $$$tc$$$ = class com.ibm.websphere.ras.TraceComponent@ee6fc4bb
      strings[0] = "TraceComponent[com.ibm.ws.container.service.metadata.internal.MetaDataServiceImpl,class com.ibm.ws.container.service.metadata.internal.MetaDataServiceImpl,[Runtime],null,null]"
  stateChangeService = class com.ibm.ws.container.service.state.internal.StateChangeServiceImpl@bcc6384c
    applicationStateManager = class com.ibm.ws.container.service.state.internal.ApplicationStateManager@13cb2984
      serialVersionUID = -6685368059484454124
      $$$tc$$$ = class com.ibm.websphere.ras.TraceComponent@dba04913
      listeners = class com.ibm.wsspi.kernel.service.utils.ConcurrentServiceReferenceSet@c47fe60f
      serialVersionUID = 2284273176985484160
      $$$tc$$$ = class com.ibm.websphere.ras.TraceComponent@d002e9af
    moduleStateManager = class com.ibm.ws.container.service.state.internal.ModuleStateManager@31d7bd07
      serialVersionUID = -5540260902341249963
      $$$tc$$$ = class com.ibm.websphere.ras.TraceComponent@7f88f5f0
      listeners = class com.ibm.wsspi.kernel.service.utils.ConcurrentServiceReferenceSet@b9d54259
      serialVersionUID = 2284273176985484160
      $$$tc$$$ = class com.ibm.websphere.ras.TraceComponent@d002e9af
    serialVersionUID = -537917915330350560
    $$$tc$$$ = class com.ibm.websphere.ras.TraceComponent@c870951a
      strings[0] = "TraceComponent[com.ibm.ws.container.service.state.internal.StateChangeServiceImpl,class com.ibm.ws.container.service.state.internal.StateChangeServiceImpl,[Runtime],null,null]"
  moduleClassesInfo = class com.ibm.ws.app.manager.module.internal.SimpleDeployedAppInfoBase$ManifestClassPathProvider@ac1792d4
    entryContainerInfosMap = class java.util.HashMap@be5cd529
      serialVersionUID = "/* Could not access serialVersionUID */"
      DEFAULT_INITIAL_CAPACITY = "/* Could not access DEFAULT_INITIAL_CAPACITY */"
      MAXIMUM_CAPACITY = "/* Could not access MAXIMUM_CAPACITY */"
      DEFAULT_LOAD_FACTOR = "/* Could not access DEFAULT_LOAD_FACTOR */"
      TREEIFY_THRESHOLD = "/* Could not access TREEIFY_THRESHOLD */"
      UNTREEIFY_THRESHOLD = "/* Could not access UNTREEIFY_THRESHOLD */"
      MIN_TREEIFY_CAPACITY = "/* Could not access MIN_TREEIFY_CAPACITY */"
      table = "/* Could not access table */"
      entrySet = "/* Could not access entrySet */"
      size = "/* Could not access size */"
      modCount = "/* Could not access modCount */"
      threshold = "/* Could not access threshold */"
      loadFactor = "/* Could not access loadFactor */"
      keySet = "/* Could not access keySet */"
      values = "/* Could not access values */"
    serialVersionUID = -8402300106659235451
    $$$tc$$$ = class com.ibm.websphere.ras.TraceComponent@ddbdd67e
      strings[0] = "TraceComponent[com.ibm.ws.app.manager.module.internal.SimpleDeployedAppInfoBase$ManifestClassPathProvider,class com.ibm.ws.app.manager.module.internal.SimpleDeployedAppInfoBase$ManifestClassPathProvider,[applications, app.manager],null,null]"
  moduleContainerInfos = class java.util.ArrayList@39bcf64d
    serialVersionUID = "/* Could not access serialVersionUID */"
    DEFAULT_CAPACITY = "/* Could not access DEFAULT_CAPACITY */"
    EMPTY_ELEMENTDATA = "/* Could not access EMPTY_ELEMENTDATA */"
    DEFAULTCAPACITY_EMPTY_ELEMENTDATA = "/* Could not access DEFAULTCAPACITY_EMPTY_ELEMENTDATA */"
    elementData = "/* Could not access elementData */"
    size = "/* Could not access size */"
    modCount = "/* Could not access modCount */"
  activeModuleHandlers = class java.util.IdentityHashMap@a5dac8ce
    DEFAULT_CAPACITY = "/* Could not access DEFAULT_CAPACITY */"
    MINIMUM_CAPACITY = "/* Could not access MINIMUM_CAPACITY */"
    MAXIMUM_CAPACITY = "/* Could not access MAXIMUM_CAPACITY */"
    table = "/* Could not access table */"
    size = "/* Could not access size */"
    modCount = "/* Could not access modCount */"
    NULL_KEY = "/* Could not access NULL_KEY */"
    entrySet = "/* Could not access entrySet */"
    serialVersionUID = "/* Could not access serialVersionUID */"
    keySet = "/* Could not access keySet */"
    values = "/* Could not access values */"
  serialVersionUID = -4491037433348296352
  $$$tc$$$ = class com.ibm.websphere.ras.TraceComponent@aa0576b9
    strings[0] = "TraceComponent[com.ibm.ws.app.manager.module.internal.SimpleDeployedAppInfoBase,class com.ibm.ws.app.manager.module.internal.SimpleDeployedAppInfoBase,[applications, app.manager],null,null]"

Dump of objectArray[0]
Object type = com.ibm.ws.threading.internal.NonCancelableResultFuture
  _done = false
  _result = null
  _failure = null
  _listeners = class java.util.concurrent.ConcurrentLinkedQueue@4c0efa79
    serialVersionUID = "/* Could not access serialVersionUID */"
    head = "/* Could not access head */"
    tail = "/* Could not access tail */"
    MAX_HOPS = "/* Could not access MAX_HOPS */"
    HEAD = "/* Could not access HEAD */"
    TAIL = "/* Could not access TAIL */"
    ITEM = "/* Could not access ITEM */"
    NEXT = "/* Could not access NEXT */"
  _notifiedListeners = class java.util.concurrent.atomic.AtomicBoolean@7f6bd798
    serialVersionUID = "/* Could not access serialVersionUID */"
    VALUE = "/* Could not access VALUE */"
    value = "/* Could not access value */"
  serialVersionUID = -296387658814354272
  $$$tc$$$ = class com.ibm.websphere.ras.TraceComponent@870017e
    strings[0] = "TraceComponent[com.ibm.ws.threading.internal.NonCancelableResultFuture,class com.ibm.ws.threading.internal.NonCancelableResultFuture,[Threading],com.ibm.ws.threading.internal.resources.ThreadingMessages,null]"

