------Start of DE processing------ = [12/8/25, 22:24:17:638 UTC]
Exception = java.lang.IllegalStateException
Source = com.ibm.ws.kernel.feature.internal.FeatureManager
probeid = 943
Stack Dump = java.lang.IllegalStateException: Framework/VM shutting down
	at com.ibm.ws.kernel.feature.internal.FeatureManager.checkBundleStatus(FeatureManager.java:2630)
	at com.ibm.ws.kernel.feature.internal.FeatureManager.update(FeatureManager.java:836)
	at com.ibm.ws.kernel.feature.internal.FeatureManager.processFeatureChanges(FeatureManager.java:939)
	at com.ibm.ws.kernel.feature.internal.FeatureManager$1.run(FeatureManager.java:722)
	at com.ibm.ws.threading.internal.ExecutorServiceImpl$RunnableWrapper.run(ExecutorServiceImpl.java:344)
	at java.base/java.util.concurrent.ThreadPoolExecutor.runWorker(ThreadPoolExecutor.java:1136)
	at java.base/java.util.concurrent.ThreadPoolExecutor$Worker.run(ThreadPoolExecutor.java:635)
	at java.base/java.lang.Thread.run(Thread.java:853)

Dump of callerThis
Object type = com.ibm.ws.kernel.feature.internal.FeatureManager
  ME = "com.ibm.ws.kernel.feature.internal.FeatureManager"
  tc = class com.ibm.websphere.ras.TraceComponent@f425d4e
    strings[0] = "TraceComponent[com.ibm.ws.kernel.feature.internal.FeatureManager,class com.ibm.ws.kernel.feature.internal.FeatureManager,[featureManager],com.ibm.ws.kernel.feature.internal.resources.ProvisionerMessages,null]"
  CFG_KEY_ACTIVE_FEATURES = "feature"
  CFG_KEY_PLATFORMS = "platform"
  EE_COMPATIBLE_NAME = "eeCompatible"
  INSTALLED_BUNDLE_CACHE = "platform/feature.bundles.cache"
  FEATURE_DEF_CACHE_FILE = "platform/feature.cache"
  FEATURE_FIX_CACHE_FILE = "feature.fix.cache"
  FEATURE_FIX_CACHE_VERSION = 1
  FEATURE_TEST_FIXES = "IBM-Test-Fixes"
  FEATURE_INTERIM_FIXES = "IBM-Interim-Fixes"
  FEATURE_PRODUCT_EXTENSIONS_INSTALL = "com.ibm.websphere.productInstall"
  FEATURE_PRODUCT_EXTENSIONS_FILE_EXTENSION = ".properties"
  PRODUCT_INFO_STRING_OPEN_LIBERTY = "Open Liberty"
  platformEnvironmentVariable = null
  featureResolver = class com.ibm.ws.kernel.feature.internal.FeatureResolverImpl@b53cc555
    tc = class com.ibm.websphere.ras.TraceComponent@2a5ac0d3
      strings[0] = "TraceComponent[com.ibm.ws.kernel.feature.internal.FeatureResolverImpl,class com.ibm.ws.kernel.feature.internal.FeatureResolverImpl,[featureManager],com.ibm.ws.kernel.feature.internal.resources.ProvisionerMessages,null]"
    parsedNAV = class java.util.HashMap@d0988363
      serialVersionUID = "/* Could not access serialVersionUID */"
      DEFAULT_INITIAL_CAPACITY = "/* Could not access DEFAULT_INITIAL_CAPACITY */"
      MAXIMUM_CAPACITY = "/* Could not access MAXIMUM_CAPACITY */"
      DEFAULT_LOAD_FACTOR = "/* Could not access DEFAULT_LOAD_FACTOR */"
      TREEIFY_THRESHOLD = "/* Could not access TREEIFY_THRESHOLD */"
      UNTREEIFY_THRESHOLD = "/* Could not access UNTREEIFY_THRESHOLD */"
      MIN_TREEIFY_CAPACITY = "/* Could not access MIN_TREEIFY_CAPACITY */"
      table = "/* Could not access table */"
      entrySet = "/* Could not access entrySet */"
      size = "/* Could not access size */"
      modCount = "/* Could not access modCount */"
      threshold = "/* Could not access threshold */"
      loadFactor = "/* Could not access loadFactor */"
      keySet = "/* Could not access keySet */"
      values = "/* Could not access values */"
    PREFERRED_PLATFORM_VERSIONS_ENV_VAR = "PREFERRED_PLATFORM_VERSIONS"
    preferredPlatformVersions = null
    allCompatibilityFeatures = class java.util.HashMap@1a9b7a0a
      serialVersionUID = "/* Could not access serialVersionUID */"
      DEFAULT_INITIAL_CAPACITY = "/* Could not access DEFAULT_INITIAL_CAPACITY */"
      MAXIMUM_CAPACITY = "/* Could not access MAXIMUM_CAPACITY */"
      DEFAULT_LOAD_FACTOR = "/* Could not access DEFAULT_LOAD_FACTOR */"
      TREEIFY_THRESHOLD = "/* Could not access TREEIFY_THRESHOLD */"
      UNTREEIFY_THRESHOLD = "/* Could not access UNTREEIFY_THRESHOLD */"
      MIN_TREEIFY_CAPACITY = "/* Could not access MIN_TREEIFY_CAPACITY */"
      table = "/* Could not access table */"
      entrySet = "/* Could not access entrySet */"
      size = "/* Could not access size */"
      modCount = "/* Could not access modCount */"
      threshold = "/* Could not access threshold */"
      loadFactor = "/* Could not access loadFactor */"
      keySet = "/* Could not access keySet */"
      values = "/* Could not access values */"
    linkingFeatureBaseNameToCompatibility = class java.util.HashMap@9d256e8f
      serialVersionUID = "/* Could not access serialVersionUID */"
      DEFAULT_INITIAL_CAPACITY = "/* Could not access DEFAULT_INITIAL_CAPACITY */"
      MAXIMUM_CAPACITY = "/* Could not access MAXIMUM_CAPACITY */"
      DEFAULT_LOAD_FACTOR = "/* Could not access DEFAULT_LOAD_FACTOR */"
      TREEIFY_THRESHOLD = "/* Could not access TREEIFY_THRESHOLD */"
      UNTREEIFY_THRESHOLD = "/* Could not access UNTREEIFY_THRESHOLD */"
      MIN_TREEIFY_CAPACITY = "/* Could not access MIN_TREEIFY_CAPACITY */"
      table = "/* Could not access table */"
      entrySet = "/* Could not access entrySet */"
      size = "/* Could not access size */"
      modCount = "/* Could not access modCount */"
      threshold = "/* Could not access threshold */"
      loadFactor = "/* Could not access loadFactor */"
      keySet = "/* Could not access keySet */"
      values = "/* Could not access values */"
    serialVersionUID = 8036412349350895560
    $$$tc$$$ = class com.ibm.websphere.ras.TraceComponent@3a34280d
      strings[0] = "TraceComponent[com.ibm.ws.kernel.feature.internal.FeatureResolverImpl,class com.ibm.ws.kernel.feature.internal.FeatureResolverImpl,[featureManager],com.ibm.ws.kernel.feature.internal.resources.ProvisionerMessages,null]"
  JAVA_MAJOR_VERSION = class org.osgi.framework.Version@415a42cf
    major = 17
    minor = 0
    micro = 0
    qualifier = ""
    SEPARATOR = "."
    versionString = null
    hash = 0
    emptyVersion = class org.osgi.framework.Version@b0d774f7
      major = 0
      minor = 0
      micro = 0
      qualifier = ""
      SEPARATOR = "."
      versionString = "0.0.0"
      hash = 486695567
      emptyVersion = class org.osgi.framework.Version@b0d774f7
  ALLOWED_ON_ALL_FEATURES = class java.util.Arrays$ArrayList@1cddbd3d
    serialVersionUID = "/* Could not access serialVersionUID */"
    a = "/* Could not access a */"
    modCount = "/* Could not access modCount */"
  ALL_ALLOWED_ON_CLIENT_FEATURES = class java.util.Collections$UnmodifiableCollection@95fe550f
    serialVersionUID = "/* Could not access serialVersionUID */"
    c = "/* Could not access c */"
  featureGroup = "feature"
  featureGroupUsr = "feature:usr"
  bundleGroup = "bundle"
  featureChanges = class java.util.concurrent.ConcurrentLinkedQueue@e68b026f
    serialVersionUID = "/* Could not access serialVersionUID */"
    head = "/* Could not access head */"
    tail = "/* Could not access tail */"
    MAX_HOPS = "/* Could not access MAX_HOPS */"
    HEAD = "/* Could not access HEAD */"
    TAIL = "/* Could not access TAIL */"
    ITEM = "/* Could not access ITEM */"
    NEXT = "/* Could not access NEXT */"
  bundleContext = class org.eclipse.osgi.internal.framework.BundleContextImpl@2d2ab9b1
    valid = true
    bundle = class org.eclipse.osgi.internal.framework.EquinoxBundle@b5c3dbb2
      equinoxContainer = class org.eclipse.osgi.internal.framework.EquinoxContainer@ff0f334e
      module = class org.eclipse.osgi.internal.framework.EquinoxBundle$EquinoxModule@7358912a
      monitor = class java.lang.Object@c21eb87b
      context = class org.eclipse.osgi.internal.framework.BundleContextImpl@2d2ab9b1
      signedContent = null
      $SWITCH_TABLE$org$eclipse$osgi$container$Module$State = {1,2,3,4,5,6,7} /* array length = 7 */
    container = class org.eclipse.osgi.internal.framework.EquinoxContainer@ff0f334e
      NAME = "org.eclipse.osgi"
      secureAction = class org.eclipse.osgi.framework.util.SecureAction@ee973447
      connectModules = class org.eclipse.osgi.internal.framework.EquinoxContainer$ConnectModules@6e338bb4
      equinoxConfig = class org.eclipse.osgi.internal.framework.EquinoxConfiguration@b7f335aa
      logServices = class org.eclipse.osgi.internal.log.EquinoxLogServices@5f841694
      storage = class org.eclipse.osgi.storage.Storage@5ec26f53
      bootDelegation = class java.util.HashSet@848110df
      bootDelegationStems = class java.lang.String[12]
      bootDelegateAll = false
      isProcessClassRecursionSupportedByAll = false
      eventPublisher = class org.eclipse.osgi.internal.framework.EquinoxEventPublisher@3ccd7e6f
      monitor = class java.lang.Object@6b8ab2c2
      bootLoader = class jdk.internal.loader.ClassLoaders$PlatformClassLoader@6bff4b5f
      serviceRegistry = class org.eclipse.osgi.internal.serviceregistry.ServiceRegistry@7b461813
      contextFinder = class org.eclipse.osgi.internal.framework.ContextFinder@25b66540
      signedContentFactory = class org.osgi.util.tracker.ServiceTracker@a5b14525
      executor = class java.util.concurrent.ScheduledThreadPoolExecutor@de0caf41
      storageSaver = class org.eclipse.osgi.internal.framework.StorageSaver@b6af54ab
    debug = class org.eclipse.osgi.internal.debug.Debug@637fe9e0
      EQUINOX_TRACE = "EQUINOX.TRACE"
      ECLIPSE_OSGI = "org.eclipse.osgi"
      OPTION_DEBUG_GENERAL = "org.eclipse.osgi/debug"
      OPTION_DEBUG_BUNDLE_TIME = "org.eclipse.osgi/debug/bundleTime"
      OPTION_DEBUG_BUNDLE_START_TIME = "org.eclipse.osgi/debug/bundleStartTime"
      OPTION_DEBUG_LOADER = "org.eclipse.osgi/debug/loader"
      OPTION_DEBUG_LOADER_CDS = "org.eclipse.osgi/debug/loader/cds"
      OPTION_DEBUG_STORAGE = "org.eclipse.osgi/debug/storage"
      OPTION_DEBUG_EVENTS = "org.eclipse.osgi/debug/events"
      OPTION_DEBUG_SERVICES = "org.eclipse.osgi/debug/services"
      OPTION_DEBUG_HOOKS = "org.eclipse.osgi/debug/hooks"
      OPTION_DEBUG_SECURITY = "org.eclipse.osgi/debug/security"
      OPTION_DEBUG_STARTLEVEL = "org.eclipse.osgi/debug/startlevel"
      OPTION_MONITOR_ACTIVATION = "org.eclipse.osgi/monitor/activation"
      OPTION_MONITOR_LAZY = "org.eclipse.osgi/monitor/lazy"
      OPTION_DEBUG_MESSAGE_BUNDLES = "org.eclipse.osgi/debug/messageBundles"
      OPTION_DEBUG_LOCATION = "org.eclipse.osgi/debug/location"
      OPTION_CACHED_MANIFEST = "org.eclipse.osgi/debug/cachedmanifest"
      OPTION_DEBUG_SYSTEM_BUNDLE = "org.eclipse.osgi/debug/systemBundle"
      OPTION_DEBUG_BUNDLE_FILE = "org.eclipse.osgi/debug/bundleFile"
      OPTION_DEBUG_BUNDLE_FILE_OPEN = "org.eclipse.osgi/debug/bundleFile/open"
      OPTION_DEBUG_BUNDLE_FILE_CLOSE = "org.eclipse.osgi/debug/bundleFile/close"
      DEBUG_GENERAL = false
      DEBUG_BUNDLE_TIME = false
      DEBUG_LOADER = false
      DEBUG_LOADER_CDS = false
      DEBUG_STORAGE = false
      DEBUG_EVENTS = false
      DEBUG_SERVICES = false
      DEBUG_HOOKS = false
      DEBUG_SECURITY = false
      DEBUG_STARTLEVEL = false
      MONITOR_ACTIVATION = false
      DEBUG_LOCATION = false
      DEBUG_CACHED_MANIFEST = false
      DEBUG_SYSTEM_BUNDLE = false
      DEBUG_BUNDLE_FILE = false
      DEBUG_BUNDLE_FILE_OPEN = false
      DEBUG_BUNDLE_FILE_CLOSE = false
      out = class com.ibm.ws.logging.internal.impl.BaseTraceService$TeePrintStream@6211fc43
      logService = null
    servicesInUse = class java.util.HashMap@2be359c5
      serialVersionUID = "/* Could not access serialVersionUID */"
      DEFAULT_INITIAL_CAPACITY = "/* Could not access DEFAULT_INITIAL_CAPACITY */"
      MAXIMUM_CAPACITY = "/* Could not access MAXIMUM_CAPACITY */"
      DEFAULT_LOAD_FACTOR = "/* Could not access DEFAULT_LOAD_FACTOR */"
      TREEIFY_THRESHOLD = "/* Could not access TREEIFY_THRESHOLD */"
      UNTREEIFY_THRESHOLD = "/* Could not access UNTREEIFY_THRESHOLD */"
      MIN_TREEIFY_CAPACITY = "/* Could not access MIN_TREEIFY_CAPACITY */"
      table = "/* Could not access table */"
      entrySet = "/* Could not access entrySet */"
      size = "/* Could not access size */"
      modCount = "/* Could not access modCount */"
      threshold = "/* Could not access threshold */"
      loadFactor = "/* Could not access loadFactor */"
      keySet = "/* Could not access keySet */"
      values = "/* Could not access values */"
    activator = null
    contextLock = class java.lang.Object@21ec7ac2
  locationService = class com.ibm.ws.kernel.service.location.internal.WsLocationAdminImpl@6358afb8
    tc = class com.ibm.websphere.ras.TraceComponent@cc51ad1b
      strings[0] = "TraceComponent[com.ibm.ws.kernel.service.location.internal.WsLocationAdminImpl,class com.ibm.ws.kernel.service.location.internal.WsLocationAdminImpl,[locationService],com.ibm.ws.kernel.service.location.internal.resources.LocServiceMessages,null]"
    LOC_INTERNAL_LIB_DIR = "wlp.lib.dir"
    LOC_INTERNAL_WORKAREA_DIR = "wlp.workarea.dir"
    LOC_AREA_NAME_APPS = "shared/apps/"
    LOC_AREA_NAME_CONFIG = "shared/config/"
    LOC_AREA_NAME_RESC = "shared/resources/"
    LOC_AREA_NAME_STATE = "logs/state/"
    LOC_AREA_NAME_SERVERS = "servers/"
    LOC_AREA_NAME_CLIENTS = "clients/"
    LOC_AREA_NAME_WORKING = "workarea/"
    LOC_AREA_NAME_LOGS = "logs/"
    LOC_AREA_NAME_EXTENSION = "extension/"
    instance = class com.ibm.ws.kernel.service.location.internal.WsLocationAdminImpl@6358afb8
    installRoot = class com.ibm.ws.kernel.service.location.internal.SymbolicRootResource@dcef8a42
      strings[0] = "SymbolicRootResource[${wlp.install.dir}/=/opt/ibm/wlp/]"
    installParentRoot = class com.ibm.ws.kernel.service.location.internal.SymbolicRootResource@dc418c8f
      strings[0] = "SymbolicRootResource[${wlp.parent.dir}/=/opt/ibm/]"
    userRoot = class com.ibm.ws.kernel.service.location.internal.SymbolicRootResource@ff0d9008
      strings[0] = "SymbolicRootResource[${wlp.user.dir}/=/opt/ibm/wlp/usr/]"
    usrExtensionRoot = class com.ibm.ws.kernel.service.location.internal.SymbolicRootResource@20800cfb
      strings[0] = "SymbolicRootResource[${usr.extension.dir}/=/opt/ibm/wlp/usr/extension/]"
    serverConfigDir = class com.ibm.ws.kernel.service.location.internal.SymbolicRootResource@f678578d
      strings[0] = "SymbolicRootResource[${server.config.dir}/=/opt/ibm/wlp/usr/servers/defaultServer/]"
    serverOutputDir = class com.ibm.ws.kernel.service.location.internal.SymbolicRootResource@c2fbbd58
      strings[0] = "SymbolicRootResource[${server.output.dir}/=/opt/ibm/wlp/output/defaultServer/]"
    bootstrapLib = class com.ibm.ws.kernel.service.location.internal.LocalFileResource@d0a90470
      strings[0] = "LocalFileResource[DIRECTORY;@-806458140;<undefined>;/opt/ibm/wlp/lib/]"
    serverWorkarea = class com.ibm.ws.kernel.service.location.internal.LocalFileResource@3cd9c360
      strings[0] = "LocalFileResource[DIRECTORY;@798008434;${server.output.dir}/workarea/;/opt/ibm/wlp/output/defaultServer/workarea/]"
    serverState = class com.ibm.ws.kernel.service.location.internal.LocalFileResource@b9b8d94f
      strings[0] = "LocalFileResource[DIRECTORY;@-1244661377;${server.output.dir}/logs/state/;/opt/ibm/wlp/output/defaultServer/logs/state/]"
    sharedAppsRoot = class com.ibm.ws.kernel.service.location.internal.SymbolicRootResource@3267d450
      strings[0] = "SymbolicRootResource[${shared.app.dir}/=/opt/ibm/wlp/usr/shared/apps/]"
    sharedConfigRoot = class com.ibm.ws.kernel.service.location.internal.SymbolicRootResource@51608315
      strings[0] = "SymbolicRootResource[${shared.config.dir}/=/opt/ibm/wlp/usr/shared/config/]"
    sharedResourceRoot = class com.ibm.ws.kernel.service.location.internal.SymbolicRootResource@2f592ab3
      strings[0] = "SymbolicRootResource[${shared.resource.dir}/=/opt/ibm/wlp/usr/shared/resources/]"
    tmpRoot = class com.ibm.ws.kernel.service.location.internal.SymbolicRootResource@63ac4a58
      strings[0] = "SymbolicRootResource[${tmp}/=/tmp/]"
    serverName = "defaultServer"
    resourcePaths = class java.util.ArrayList@17f5c05d
      serialVersionUID = "/* Could not access serialVersionUID */"
      DEFAULT_CAPACITY = "/* Could not access DEFAULT_CAPACITY */"
      EMPTY_ELEMENTDATA = "/* Could not access EMPTY_ELEMENTDATA */"
      DEFAULTCAPACITY_EMPTY_ELEMENTDATA = "/* Could not access DEFAULTCAPACITY_EMPTY_ELEMENTDATA */"
      elementData = "/* Could not access elementData */"
      size = "/* Could not access size */"
      modCount = "/* Could not access modCount */"
    resourceGroups = class java.util.HashMap@cc8c458e
      serialVersionUID = "/* Could not access serialVersionUID */"
      DEFAULT_INITIAL_CAPACITY = "/* Could not access DEFAULT_INITIAL_CAPACITY */"
      MAXIMUM_CAPACITY = "/* Could not access MAXIMUM_CAPACITY */"
      DEFAULT_LOAD_FACTOR = "/* Could not access DEFAULT_LOAD_FACTOR */"
      TREEIFY_THRESHOLD = "/* Could not access TREEIFY_THRESHOLD */"
      UNTREEIFY_THRESHOLD = "/* Could not access UNTREEIFY_THRESHOLD */"
      MIN_TREEIFY_CAPACITY = "/* Could not access MIN_TREEIFY_CAPACITY */"
      table = "/* Could not access table */"
      entrySet = "/* Could not access entrySet */"
      size = "/* Could not access size */"
      modCount = "/* Could not access modCount */"
      threshold = "/* Could not access threshold */"
      loadFactor = "/* Could not access loadFactor */"
      keySet = "/* Could not access keySet */"
      values = "/* Could not access values */"
    commonRoot = class com.ibm.ws.kernel.service.location.internal.VirtualRootResource@19489f6a
      strings[0] = "com.ibm.ws.kernel.service.location.internal.VirtualRootResource@19489f6a"
    serverCfgDirStr = "/opt/ibm/wlp/usr/servers/defaultServer/"
    variableSourceDirs = "/opt/ibm/wlp/usr/servers/defaultServer/variables/"
    serialVersionUID = 7963438175177362522
  executorService = class com.ibm.ws.threading.internal.ExecutorServiceImpl@8e7e3711
    tc = class com.ibm.websphere.ras.TraceComponent@d6aa7053
      strings[0] = "TraceComponent[com.ibm.ws.threading.internal.ExecutorServiceImpl,class com.ibm.ws.threading.internal.ExecutorServiceImpl,[Threading],com.ibm.ws.threading.internal.resources.ThreadingMessages,null]"
    threadPool = class java.util.concurrent.ThreadPoolExecutor@ffcce644
      ctl = "/* Could not access ctl */"
      COUNT_BITS = "/* Could not access COUNT_BITS */"
      COUNT_MASK = "/* Could not access COUNT_MASK */"
      RUNNING = "/* Could not access RUNNING */"
      SHUTDOWN = "/* Could not access SHUTDOWN */"
      STOP = "/* Could not access STOP */"
      TIDYING = "/* Could not access TIDYING */"
      TERMINATED = "/* Could not access TERMINATED */"
      workQueue = "/* Could not access workQueue */"
      mainLock = "/* Could not access mainLock */"
      workers = "/* Could not access workers */"
      termination = "/* Could not access termination */"
      largestPoolSize = "/* Could not access largestPoolSize */"
      completedTaskCount = "/* Could not access completedTaskCount */"
      threadFactory = "/* Could not access threadFactory */"
      handler = "/* Could not access handler */"
      keepAliveTime = "/* Could not access keepAliveTime */"
      allowCoreThreadTimeOut = "/* Could not access allowCoreThreadTimeOut */"
      corePoolSize = "/* Could not access corePoolSize */"
      maximumPoolSize = "/* Could not access maximumPoolSize */"
      defaultHandler = "/* Could not access defaultHandler */"
      shutdownPerm = "/* Could not access shutdownPerm */"
      ONLY_ONE = "/* Could not access ONLY_ONE */"
      $assertionsDisabled = "/* Could not access $assertionsDisabled */"
    threadPoolController = class com.ibm.ws.threading.internal.ThreadPoolController@819d2893
      tc = class com.ibm.websphere.ras.TraceComponent@d4240294
      interval = 1500
      hangInterval = 750
      hangResolutionCountdown = 0
      hangResolutionCycles = 3
      hangBufferPoolSize = 0
      currentMinimumPoolSize = 40
      controllerCyclesWithoutHang = 0
      noHangCyclesThreshold = 8
      compareRange = 4
      numberCpus = 20
      controllerCycle = 0
      distributionReset = false
      poolIncrement = 1
      poolDecrement = 1
      maxThreadsPoolDecrement = 1
      poolChangeBasis = 20
      poolIncrementBoundLow = 320
      poolIncrementBoundMedium = 1280
      poolIncrementBoundHigh = 2560
      poolIncrementBoundExtraHigh = 5120
      poolIncrementMax = 80
      poolIncrementMin = 1
      POOL_INCREMENT_MIN_DEFAULT = 1
      POOL_INCREMENT_MAX_DEFAULT = 80
      minimumDesiredPoolSizeAdjustments = 10
      targetPoolSize = 40
      consecutiveTargetPoolSizeWrong = 0
      MAX_CONSECUTIVE_TARGET_POOLSIZE_WRONG = 3
      highCpu = 90
      lowTputThreadsRatio = 1.0
      activeThreadsGrowthRatio = 0.75
      dataAgePruneLevel = 5.0
      compareSpanPruneMultiplier = 2
      tputRatioPruneLevel = 5.0
      poolTputRatioHigh = 5.0
      poolTputRatioLow = 3.0
      compareSpanRatioMultiplier = 2
      growScoreFilterLevel = 0.5
      shrinkScoreFilterLevel = 0.5
      growShrinkDiffFilter = 0.25
      resetDistroStdDevEwmaRatio = 0.1
      resetDistroNewTputEwmaRatio = 0.5
      resetDistroConsecutiveOutliers = 5.0
      deepQueueMultiple = 4
      consecutiveDeepQueueThreshold = 5
      deepQueuePoolIncrementMultiple = 4
      startupPoolSize = 6
      initialStartupCompleted = false
      startupHangCpuUtilThreshold = 10
      startupHangControllerCyclesSkip = 2
      processCpuUtil = 8.310363333333335
      systemCpuUtil = 8.09893947627134
      cpuUtil = 8.310363333333335
      df = class java.text.DecimalFormat@a1efde35
      queueDepth = 1
      deepQueue = false
      consecutiveDeepQueueCycles = 0
      activeThreads = 6
      MAX_INTERVALS_WITHOUT_CHANGE = 5
      EMPTY_QUEUE_SHRINK_MAGIC_PER_INTERVAL = 0.04
      IDLE_INTERVALS_BEFORE_PAUSE = 3
      MAX_OUTLIER_AFTER_CHANGE_BEFORE_RESET = 10
      maxThreadsToBreakHang = 1000
      lastAction = class com.ibm.ws.threading.internal.ThreadPoolController$LastAction@f7ab500
      timer = class java.util.Timer@494e2937
      activeTask = class com.ibm.ws.threading.internal.IntervalTask@77682e80
      paused = false
      lastTimerPop = 1765232656315
      previousCompleted = 64
      previousThroughput = 22.666666666666668
      consecutiveQueueEmptyCount = 0
      consecutiveNoAdjustment = 0
      consecutiveOutlierAfterAdjustment = 0
      consecutiveIdleCount = 0
      maxThreads = 2147483647
      coreThreads = 40
      threadRange = 2147483607
      threadPool = class java.util.concurrent.ThreadPoolExecutor@ffcce644
      threadStats = class java.util.TreeMap@67fa6fea
      poolSizeWhenHangDetected = -1
      hangIntervalCounter = 0
      hangMaxThreadsMessageEmitted = false
      startupCycleSkipCount = 0
      normalizedStartupHangCpuUtilThreshold = 3
      serialVersionUID = -4031134207551568497
    poolName = "Default Executor"
    MINIMUM_POOL_SIZE = 4
    MINIMUM_QUIESCE_TIMEOUT = 30
    quiesceTimeout = 30
    componentConfig = class org.apache.felix.scr.impl.helper.ReadOnlyDictionary@8bfa74ca
      m_delegate = class java.util.Hashtable@7054517f
      m_serviceReference = null
    interceptorsActive = false
    interceptors = class java.util.concurrent.CopyOnWriteArraySet@8d0fb064
      serialVersionUID = "/* Could not access serialVersionUID */"
      al = "/* Could not access al */"
    threadFactory = null
    serverStopping = true
    isBeta = false
    useBoundedBuffer = true
    phaser = class java.util.concurrent.Phaser@d88c7aed
      state = "/* Could not access state */"
      MAX_PARTIES = "/* Could not access MAX_PARTIES */"
      MAX_PHASE = "/* Could not access MAX_PHASE */"
      PARTIES_SHIFT = "/* Could not access PARTIES_SHIFT */"
      PHASE_SHIFT = "/* Could not access PHASE_SHIFT */"
      UNARRIVED_MASK = "/* Could not access UNARRIVED_MASK */"
      PARTIES_MASK = "/* Could not access PARTIES_MASK */"
      COUNTS_MASK = "/* Could not access COUNTS_MASK */"
      TERMINATION_BIT = "/* Could not access TERMINATION_BIT */"
      ONE_ARRIVAL = "/* Could not access ONE_ARRIVAL */"
      ONE_PARTY = "/* Could not access ONE_PARTY */"
      ONE_DEREGISTER = "/* Could not access ONE_DEREGISTER */"
      EMPTY = "/* Could not access EMPTY */"
      parent = "/* Could not access parent */"
      root = "/* Could not access root */"
      evenQ = "/* Could not access evenQ */"
      oddQ = "/* Could not access oddQ */"
      NCPU = "/* Could not access NCPU */"
      SPINS_PER_ARRIVAL = "/* Could not access SPINS_PER_ARRIVAL */"
      STATE = "/* Could not access STATE */"
    serialVersionUID = -7954740273890058045
  variableRegistry = class com.ibm.ws.kernel.service.location.internal.VariableRegistryHelper@881479a3
    registry = class com.ibm.ws.kernel.service.location.internal.SymbolRegistry@4df430d8
      tc = class com.ibm.websphere.ras.TraceComponent@fab2739b
      SYMBOL_DEF = class java.util.regex.Pattern@676040a5
      instance = class com.ibm.ws.kernel.service.location.internal.SymbolRegistry@4df430d8
      RECURSE_LIMIT = 100
      EVENT_ADDED = "ADDED ${"
      EVENT_REPLACED = "REPLACED ${"
      EVENT_ADDED_MIDDLE = "}="
      stringToEntry = class java.util.concurrent.ConcurrentHashMap@3ed4f886
      rootPaths = class java.util.concurrent.ConcurrentSkipListSet@b83920ac
      serialVersionUID = -7025838233203271862
    serialVersionUID = 6631204287320083732
    $$$tc$$$ = class com.ibm.websphere.ras.TraceComponent@4685a9dd
      strings[0] = "TraceComponent[com.ibm.ws.kernel.service.location.internal.VariableRegistryHelper,class com.ibm.ws.kernel.service.location.internal.VariableRegistryHelper,[locationService],com.ibm.ws.kernel.service.location.internal.resources.LocServiceMessages,null]"
  runtimeUpdateManager = class com.ibm.ws.runtime.update.internal.RuntimeUpdateManagerImpl@b67b5055
    tc = class com.ibm.websphere.ras.TraceComponent@6e734dc3
      strings[0] = "TraceComponent[com.ibm.ws.runtime.update.internal.RuntimeUpdateManagerImpl,class com.ibm.ws.runtime.update.internal.RuntimeUpdateManagerImpl,[runtime.update],com.ibm.ws.runtime.update.internal.resources.Messages,null]"
    futureMonitor = class com.ibm.ws.threading.internal.FutureMonitorImpl@f74f22c9
      _monitor = class java.util.concurrent.ConcurrentLinkedQueue@a1c0adf4
      _executor = class com.ibm.ws.threading.internal.DeferrableScheduledExecutorImpl@53b13b28
      _threadRunning = class java.util.concurrent.atomic.AtomicBoolean@82ca6a00
      _thread = class com.ibm.ws.threading.internal.FutureMonitorImpl$1@3b3ade64
      serialVersionUID = 2765238413969174390
      $$$tc$$$ = class com.ibm.websphere.ras.TraceComponent@ff6f560b
    normalServerStop = class java.util.concurrent.atomic.AtomicBoolean@a657a3c5
      serialVersionUID = "/* Could not access serialVersionUID */"
      VALUE = "/* Could not access VALUE */"
      value = "/* Could not access value */"
    updateListeners = class java.util.HashSet@471f6bac
      serialVersionUID = "/* Could not access serialVersionUID */"
      map = "/* Could not access map */"
      PRESENT = "/* Could not access PRESENT */"
    notifications = class java.util.HashMap@bfbecac7
      serialVersionUID = "/* Could not access serialVersionUID */"
      DEFAULT_INITIAL_CAPACITY = "/* Could not access DEFAULT_INITIAL_CAPACITY */"
      MAXIMUM_CAPACITY = "/* Could not access MAXIMUM_CAPACITY */"
      DEFAULT_LOAD_FACTOR = "/* Could not access DEFAULT_LOAD_FACTOR */"
      TREEIFY_THRESHOLD = "/* Could not access TREEIFY_THRESHOLD */"
      UNTREEIFY_THRESHOLD = "/* Could not access UNTREEIFY_THRESHOLD */"
      MIN_TREEIFY_CAPACITY = "/* Could not access MIN_TREEIFY_CAPACITY */"
      table = "/* Could not access table */"
      entrySet = "/* Could not access entrySet */"
      size = "/* Could not access size */"
      modCount = "/* Could not access modCount */"
      threshold = "/* Could not access threshold */"
      loadFactor = "/* Could not access loadFactor */"
      keySet = "/* Could not access keySet */"
      values = "/* Could not access values */"
    bundleCtx = class org.eclipse.osgi.internal.framework.BundleContextImpl@b15bf2b8
      valid = true
      bundle = class org.eclipse.osgi.internal.framework.EquinoxBundle@c984a859
      container = class org.eclipse.osgi.internal.framework.EquinoxContainer@ff0f334e
      debug = class org.eclipse.osgi.internal.debug.Debug@637fe9e0
      servicesInUse = class java.util.HashMap@9a0bd8e7
      activator = null
      contextLock = class java.lang.Object@a460ee52
    cleanupListener = class com.ibm.ws.runtime.update.internal.RuntimeUpdateManagerImpl$1@176b42e1
      this$0 = class com.ibm.ws.runtime.update.internal.RuntimeUpdateManagerImpl@b67b5055
      serialVersionUID = -1247721544084393241
      $$$tc$$$ = class com.ibm.websphere.ras.TraceComponent@3d83ac18
    locationService = class com.ibm.ws.kernel.service.location.internal.WsLocationAdminImpl@6358afb8
    libertyProcess = class com.ibm.ws.kernel.launch.internal.LibertyProcessImpl@a3ae0475
      argList = class java.util.ArrayList@f30514a9
      frameworkMgr = class com.ibm.ws.kernel.launch.internal.FrameworkManager@929f2268
      serialVersionUID = 3220471380775276842
      $$$tc$$$ = class com.ibm.websphere.ras.TraceComponent@9af8b049
    executorService = class com.ibm.ws.threading.internal.ExecutorServiceImpl@8e7e3711
    serialVersionUID = -6215238739117988494
  eventAdminService = class com.ibm.ws.event.internal.EventEngineImpl@d236e11e
    tc = class com.ibm.websphere.ras.TraceComponent@1c5280f6
      strings[0] = "TraceComponent[com.ibm.ws.event.internal.EventEngineImpl,class com.ibm.ws.event.internal.EventEngineImpl,[EventEngine],null,null]"
    OSGI_EVENT_HANDLER_REFERENCE_NAME = "OsgiEventHandler"
    WS_EVENT_HANDLER_REFERENCE_NAME = "WsEventHandler"
    CFG_KEY_REENTRANT_HANDLER_DEFAULT = "reentrant.handler.default"
    CFG_KEY_STAGE_PREFIX = "stage.topics."
    topicCache = class com.ibm.ws.event.internal.TopicBasedCache@b10a9b21
      serialVersionUID = -1668099068630434622
      DEFAULT_STAGE_NAME = "Events"
      serviceReferenceMap = class java.util.HashMap@7dadf7cd
      discreteEventHandlers = class java.util.HashMap@26c0c625
      wildcardEventHandlers = class java.util.HashMap@565d9f23
      discreteStageTopics = class java.util.HashMap@2c010e8a
      wildcardStageTopics = class java.util.HashMap@1ef8f8ab
      topicDataCache = class java.util.concurrent.ConcurrentHashMap@79775fcb
      eventEngine = class com.ibm.ws.event.internal.EventEngineImpl@d236e11e
      $$$tc$$$ = class com.ibm.websphere.ras.TraceComponent@e604d8ae
    componentContext = class org.apache.felix.scr.impl.manager.ComponentContextImpl@32707d89
      m_componentManager = class org.apache.felix.scr.impl.manager.SingleComponentManager@290d113e
      edgeInfos = class org.apache.felix.scr.impl.manager.EdgeInfo[5]
      m_componentInstance = class org.apache.felix.scr.impl.manager.ComponentContextImpl$ComponentInstanceImpl@4200d28f
      m_usingBundle = class org.eclipse.osgi.internal.framework.EquinoxBundle@fc0a8269
      m_serviceRegistration = class org.eclipse.osgi.internal.serviceregistry.ServiceRegistrationImpl@7bf7e321
      m_implementationObject = class com.ibm.ws.event.internal.EventEngineImpl@d236e11e
      m_implementationAccessible = true
      accessibleLatch = class java.util.concurrent.CountDownLatch@f82e8165
      serviceObjectsHelper = class org.apache.felix.scr.impl.helper.ComponentServiceObjectsHelper@b462dcf9
      boundValues = null
    bundleContext = class org.eclipse.osgi.internal.framework.BundleContextImpl@2dc8ecdf
      valid = true
      bundle = class org.eclipse.osgi.internal.framework.EquinoxBundle@fc0a8269
      container = class org.eclipse.osgi.internal.framework.EquinoxContainer@ff0f334e
      debug = class org.eclipse.osgi.internal.debug.Debug@637fe9e0
      servicesInUse = class java.util.HashMap@21dce6ba
      activator = null
      contextLock = class java.lang.Object@bc4de326
    logService = class org.eclipse.osgi.internal.log.ExtendedLogServiceImpl@fec053e5
      factory = class org.eclipse.osgi.internal.log.ExtendedLogServiceFactory@2e04a965
      bundle = class org.eclipse.osgi.internal.framework.EquinoxBundle@fc0a8269
      loggerClassLoggers = class java.util.HashMap@b12dda1a
      formatterLoggerClassLoggers = class java.util.HashMap@91dd93b6
      LOG_SERVICE = "LogService"
    frameworkEventAdapter = class com.ibm.ws.event.internal.adapter.FrameworkEventAdapter@f3c034e5
      FRAMEWORK_EVENT_TOPIC_PREFIX = "org/osgi/framework/FrameworkEvent/"
      eventAdmin = class com.ibm.ws.event.internal.EventEngineImpl@d236e11e
      serialVersionUID = -1092610607214715909
      $$$tc$$$ = class com.ibm.websphere.ras.TraceComponent@e457232b
    bundleEventAdapter = class com.ibm.ws.event.internal.adapter.BundleEventAdapter@824fd2c8
      BUNDLE_EVENT_TOPIC_PREFIX = "org/osgi/framework/BundleEvent/"
      eventAdmin = class com.ibm.ws.event.internal.EventEngineImpl@d236e11e
      serialVersionUID = -818773777250172927
      $$$tc$$$ = class com.ibm.websphere.ras.TraceComponent@ff1d5223
    serviceEventAdapter = class com.ibm.ws.event.internal.adapter.ServiceEventAdapter@e3a13b92
      SERVICE_EVENT_TOPIC_PREFIX = "org/osgi/framework/ServiceEvent/"
      eventAdmin = class com.ibm.ws.event.internal.EventEngineImpl@d236e11e
      serialVersionUID = 408387796793790680
      $$$tc$$$ = class com.ibm.websphere.ras.TraceComponent@287b87b
    executorServiceFactory = class com.ibm.ws.event.internal.WorkStageExecutorServiceFactory@d0838b67
      executorService = class com.ibm.ws.threading.internal.ExecutorServiceImpl@8e7e3711
      serialVersionUID = -89348135483836177
      $$$tc$$$ = class com.ibm.websphere.ras.TraceComponent@3a0d4c05
    defaultReentrancy = true
    skipSchedule = false
    serialVersionUID = -3714378010555321089
  digraph = class org.eclipse.equinox.internal.region.StandardRegionDigraph@a2c4852e
    EMPTY_EDGE_SET = class java.util.Collections$UnmodifiableSet@1d966c47
      serialVersionUID = "/* Could not access serialVersionUID */"
      serialVersionUID = "/* Could not access serialVersionUID */"
      c = "/* Could not access c */"
    monitor = class java.lang.Object@7372b6a1
    regions = class java.util.HashMap@567eba5d
      serialVersionUID = "/* Could not access serialVersionUID */"
      DEFAULT_INITIAL_CAPACITY = "/* Could not access DEFAULT_INITIAL_CAPACITY */"
      MAXIMUM_CAPACITY = "/* Could not access MAXIMUM_CAPACITY */"
      DEFAULT_LOAD_FACTOR = "/* Could not access DEFAULT_LOAD_FACTOR */"
      TREEIFY_THRESHOLD = "/* Could not access TREEIFY_THRESHOLD */"
      UNTREEIFY_THRESHOLD = "/* Could not access UNTREEIFY_THRESHOLD */"
      MIN_TREEIFY_CAPACITY = "/* Could not access MIN_TREEIFY_CAPACITY */"
      table = "/* Could not access table */"
      entrySet = "/* Could not access entrySet */"
      size = "/* Could not access size */"
      modCount = "/* Could not access modCount */"
      threshold = "/* Could not access threshold */"
      loadFactor = "/* Could not access loadFactor */"
      keySet = "/* Could not access keySet */"
      values = "/* Could not access values */"
    bundleIdToRegionMapping = class org.eclipse.equinox.internal.region.StandardBundleIdToRegionMapping@8535b59c
      monitor = class java.lang.Object@df4ccae2
      bundleToRegion = class java.util.HashMap@7358c3b7
    edges = class java.util.HashMap@c24a7d2a
      serialVersionUID = "/* Could not access serialVersionUID */"
      DEFAULT_INITIAL_CAPACITY = "/* Could not access DEFAULT_INITIAL_CAPACITY */"
      MAXIMUM_CAPACITY = "/* Could not access MAXIMUM_CAPACITY */"
      DEFAULT_LOAD_FACTOR = "/* Could not access DEFAULT_LOAD_FACTOR */"
      TREEIFY_THRESHOLD = "/* Could not access TREEIFY_THRESHOLD */"
      UNTREEIFY_THRESHOLD = "/* Could not access UNTREEIFY_THRESHOLD */"
      MIN_TREEIFY_CAPACITY = "/* Could not access MIN_TREEIFY_CAPACITY */"
      table = "/* Could not access table */"
      entrySet = "/* Could not access entrySet */"
      size = "/* Could not access size */"
      modCount = "/* Could not access modCount */"
      threshold = "/* Could not access threshold */"
      loadFactor = "/* Could not access loadFactor */"
      keySet = "/* Could not access keySet */"
      values = "/* Could not access values */"
    bundleContext = class org.eclipse.osgi.internal.framework.BundleContextImpl@772efca6
      valid = true
      bundle = class org.eclipse.osgi.internal.framework.EquinoxBundle$SystemBundle@3fc35f87
      container = class org.eclipse.osgi.internal.framework.EquinoxContainer@ff0f334e
      debug = class org.eclipse.osgi.internal.debug.Debug@637fe9e0
      servicesInUse = class java.util.HashMap@ee8af532
      activator = class org.eclipse.osgi.internal.framework.SystemBundleActivator@4f1f3d8e
      contextLock = class java.lang.Object@6d4a9463
    threadLocal = class java.lang.ThreadLocal@1df305cd
      threadLocalHashCode = "/* Could not access threadLocalHashCode */"
      nextHashCode = "/* Could not access nextHashCode */"
      HASH_INCREMENT = "/* Could not access HASH_INCREMENT */"
    subgraphTraverser = class org.eclipse.equinox.internal.region.SubgraphTraverser@1e17fe0
    bundleCollisionHook = class org.eclipse.equinox.internal.region.hook.RegionBundleCollisionHook@36a453ad
      regionDigraph = class org.eclipse.equinox.internal.region.StandardRegionDigraph@a2c4852e
      threadLocal = class java.lang.ThreadLocal@1df305cd
    bundleEventHook = class org.eclipse.equinox.internal.region.hook.RegionBundleEventHook@4c9792f3
      regionDigraph = class org.eclipse.equinox.internal.region.StandardRegionDigraph@a2c4852e
      threadLocal = class java.lang.ThreadLocal@1df305cd
      hookImplID = 0
    bundleFindHook = class org.eclipse.equinox.internal.region.hook.RegionBundleFindHook@f522a1bc
      regionDigraph = class org.eclipse.equinox.internal.region.StandardRegionDigraph@a2c4852e
      hookImplID = 0
    serviceEventHook = class org.eclipse.equinox.internal.region.hook.RegionServiceEventHook@dc7835bc
      regionDigraph = class org.eclipse.equinox.internal.region.StandardRegionDigraph@a2c4852e
    serviceFindHook = class org.eclipse.equinox.internal.region.hook.RegionServiceFindHook@3e50a26b
      regionDigraph = class org.eclipse.equinox.internal.region.StandardRegionDigraph@a2c4852e
    resolverHookFactory = class org.eclipse.equinox.internal.region.hook.RegionResolverHookFactory@5853e121
      regionDigraph = class org.eclipse.equinox.internal.region.StandardRegionDigraph@a2c4852e
    origin = null
    originUpdateCount = -1
    updateCount = class java.util.concurrent.atomic.AtomicLong@79106ff7
      serialVersionUID = "/* Could not access serialVersionUID */"
      VM_SUPPORTS_LONG_CAS = "/* Could not access VM_SUPPORTS_LONG_CAS */"
      U = "/* Could not access U */"
      VALUE = "/* Could not access VALUE */"
      value = "/* Could not access value */"
      serialVersionUID = "/* Could not access serialVersionUID */"
    defaultRegion = null
  iAmUpdater = class java.util.concurrent.locks.ReentrantLock@21437cd2
    serialVersionUID = "/* Could not access serialVersionUID */"
    sync = "/* Could not access sync */"
  fwStartLevel = class org.eclipse.osgi.container.ModuleContainer$ContainerStartLevel@bdf331a3
    USE_BEGINNING_START_LEVEL = -2147483648
    FRAMEWORK_STARTLEVEL = 1
    MODULE_STARTLEVEL = 2
    activeStartLevel = class java.util.concurrent.atomic.AtomicInteger@c4fedd62
      serialVersionUID = "/* Could not access serialVersionUID */"
      U = "/* Could not access U */"
      VALUE = "/* Could not access VALUE */"
      value = "/* Could not access value */"
      serialVersionUID = "/* Could not access serialVersionUID */"
    eventManagerLock = class java.lang.Object@c1fc98a1
    startLevelThread = class org.eclipse.osgi.framework.eventmgr.EventManager@aa474a16
      DEBUG = false
      thread = class org.eclipse.osgi.framework.eventmgr.EventManager$EventThread@c2d06848
      closed = false
      threadName = "Start Level: Equinox Container: 5e61424b-64ac-4377-a0bf-e48b3d6b4529"
      threadGroup = null
    frameworkStartLevelLock = class java.lang.Object@8b202411
    debugStartLevel = false
    this$0 = class org.eclipse.osgi.container.ModuleContainer@8ed17d1d
  initialProvisioningLatch = class com.ibm.ws.kernel.feature.internal.InitialProvisioningListener@eade78de
    initialProvisioningLatch = class java.util.concurrent.CountDownLatch@d74c699e
      sync = "/* Could not access sync */"
    serialVersionUID = -2962729704741126098
    $$$tc$$$ = class com.ibm.websphere.ras.TraceComponent@b9bb1374
      strings[0] = "TraceComponent[com.ibm.ws.kernel.feature.internal.InitialProvisioningListener,class com.ibm.ws.kernel.feature.internal.InitialProvisioningListener,[featureManager],com.ibm.ws.kernel.feature.internal.resources.ProvisionerMessages,null]"
  featureUpdateNumber = class java.util.concurrent.atomic.AtomicLong@c143fee2
    serialVersionUID = "/* Could not access serialVersionUID */"
    VM_SUPPORTS_LONG_CAS = "/* Could not access VM_SUPPORTS_LONG_CAS */"
    U = "/* Could not access U */"
    VALUE = "/* Could not access VALUE */"
    value = "/* Could not access value */"
    serialVersionUID = "/* Could not access serialVersionUID */"
  onError = class com.ibm.wsspi.kernel.service.utils.OnErrorUtil$OnError@843e2e11
    IGNORE = class com.ibm.wsspi.kernel.service.utils.OnErrorUtil$OnError@7e45de6d
      IGNORE = class com.ibm.wsspi.kernel.service.utils.OnErrorUtil$OnError@7e45de6d
      WARN = class com.ibm.wsspi.kernel.service.utils.OnErrorUtil$OnError@843e2e11
      FAIL = class com.ibm.wsspi.kernel.service.utils.OnErrorUtil$OnError@b40da6ce
      $VALUES = class com.ibm.wsspi.kernel.service.utils.OnErrorUtil$OnError[3]
      name = "/* Could not access name */"
      ordinal = "/* Could not access ordinal */"
    WARN = class com.ibm.wsspi.kernel.service.utils.OnErrorUtil$OnError@843e2e11
    FAIL = class com.ibm.wsspi.kernel.service.utils.OnErrorUtil$OnError@b40da6ce
      IGNORE = class com.ibm.wsspi.kernel.service.utils.OnErrorUtil$OnError@7e45de6d
      WARN = class com.ibm.wsspi.kernel.service.utils.OnErrorUtil$OnError@843e2e11
      FAIL = class com.ibm.wsspi.kernel.service.utils.OnErrorUtil$OnError@b40da6ce
      $VALUES = class com.ibm.wsspi.kernel.service.utils.OnErrorUtil$OnError[3]
      name = "/* Could not access name */"
      ordinal = "/* Could not access ordinal */"
    $VALUES = class com.ibm.wsspi.kernel.service.utils.OnErrorUtil$OnError[3]
      OnError[0] = class com.ibm.wsspi.kernel.service.utils.OnErrorUtil$OnError@7e45de6d
      OnError[1] = class com.ibm.wsspi.kernel.service.utils.OnErrorUtil$OnError@843e2e11
      OnError[2] = class com.ibm.wsspi.kernel.service.utils.OnErrorUtil$OnError@b40da6ce
    name = "/* Could not access name */"
    ordinal = "/* Could not access ordinal */"
  CONFIG_PACKAGE_SERVER_CONFLICT = "package.server.conflict"
  packageServerConflict = null
  featureRepository = class com.ibm.ws.kernel.feature.internal.subsystem.FeatureRepository@d334f9b
    tc = class com.ibm.websphere.ras.TraceComponent@6057b968
      strings[0] = "TraceComponent[com.ibm.ws.kernel.feature.internal.subsystem.FeatureRepository,class com.ibm.ws.kernel.feature.internal.subsystem.FeatureRepository,[featureManager],com.ibm.ws.kernel.feature.internal.resources.ProvisionerMessages,null]"
    FEATURE_CACHE_VERSION = 4
    EMPTY = ""
    isDirty = false
    cacheOk = true
    cacheResource = class com.ibm.ws.kernel.service.location.internal.LocalFileResource@721c819
      strings[0] = "LocalFileResource[FILE;@-218132256;${server.output.dir}/workarea/platform/feature.cache;/opt/ibm/wlp/output/defaultServer/workarea/platform/feature.cache]"
    bundleContext = class org.eclipse.osgi.internal.framework.BundleContextImpl@2d2ab9b1
    resolvedFeatures = class java.util.Collections$UnmodifiableSet@31ec3c1b
      serialVersionUID = "/* Could not access serialVersionUID */"
      serialVersionUID = "/* Could not access serialVersionUID */"
      c = "/* Could not access c */"
    platforms = class java.util.Collections$EmptySet@4c1f2de
      serialVersionUID = "/* Could not access serialVersionUID */"
    platformEnvVar = null
    configuredFeatures = class java.util.Collections$UnmodifiableSet@8983b70e
      serialVersionUID = "/* Could not access serialVersionUID */"
      serialVersionUID = "/* Could not access serialVersionUID */"
      c = "/* Could not access c */"
    configurationError = false
    installedFeatures = class java.util.HashMap@fd09b596
      serialVersionUID = "/* Could not access serialVersionUID */"
      DEFAULT_INITIAL_CAPACITY = "/* Could not access DEFAULT_INITIAL_CAPACITY */"
      MAXIMUM_CAPACITY = "/* Could not access MAXIMUM_CAPACITY */"
      DEFAULT_LOAD_FACTOR = "/* Could not access DEFAULT_LOAD_FACTOR */"
      TREEIFY_THRESHOLD = "/* Could not access TREEIFY_THRESHOLD */"
      UNTREEIFY_THRESHOLD = "/* Could not access UNTREEIFY_THRESHOLD */"
      MIN_TREEIFY_CAPACITY = "/* Could not access MIN_TREEIFY_CAPACITY */"
      table = "/* Could not access table */"
      entrySet = "/* Could not access entrySet */"
      size = "/* Could not access size */"
      modCount = "/* Could not access modCount */"
      threshold = "/* Could not access threshold */"
      loadFactor = "/* Could not access loadFactor */"
      keySet = "/* Could not access keySet */"
      values = "/* Could not access values */"
    publicFeatureNameToSymbolicName = class java.util.HashMap@744bb539
      serialVersionUID = "/* Could not access serialVersionUID */"
      DEFAULT_INITIAL_CAPACITY = "/* Could not access DEFAULT_INITIAL_CAPACITY */"
      MAXIMUM_CAPACITY = "/* Could not access MAXIMUM_CAPACITY */"
      DEFAULT_LOAD_FACTOR = "/* Could not access DEFAULT_LOAD_FACTOR */"
      TREEIFY_THRESHOLD = "/* Could not access TREEIFY_THRESHOLD */"
      UNTREEIFY_THRESHOLD = "/* Could not access UNTREEIFY_THRESHOLD */"
      MIN_TREEIFY_CAPACITY = "/* Could not access MIN_TREEIFY_CAPACITY */"
      table = "/* Could not access table */"
      entrySet = "/* Could not access entrySet */"
      size = "/* Could not access size */"
      modCount = "/* Could not access modCount */"
      threshold = "/* Could not access threshold */"
      loadFactor = "/* Could not access loadFactor */"
      keySet = "/* Could not access keySet */"
      values = "/* Could not access values */"
    alternateFeatureNameToPublicName = class java.util.HashMap@363b37ed
      serialVersionUID = "/* Could not access serialVersionUID */"
      DEFAULT_INITIAL_CAPACITY = "/* Could not access DEFAULT_INITIAL_CAPACITY */"
      MAXIMUM_CAPACITY = "/* Could not access MAXIMUM_CAPACITY */"
      DEFAULT_LOAD_FACTOR = "/* Could not access DEFAULT_LOAD_FACTOR */"
      TREEIFY_THRESHOLD = "/* Could not access TREEIFY_THRESHOLD */"
      UNTREEIFY_THRESHOLD = "/* Could not access UNTREEIFY_THRESHOLD */"
      MIN_TREEIFY_CAPACITY = "/* Could not access MIN_TREEIFY_CAPACITY */"
      table = "/* Could not access table */"
      entrySet = "/* Could not access entrySet */"
      size = "/* Could not access size */"
      modCount = "/* Could not access modCount */"
      threshold = "/* Could not access threshold */"
      loadFactor = "/* Could not access loadFactor */"
      keySet = "/* Could not access keySet */"
      values = "/* Could not access values */"
    featureServiceFactories = class java.util.concurrent.ConcurrentHashMap@8e602651
      serialVersionUID = "/* Could not access serialVersionUID */"
      MAXIMUM_CAPACITY = "/* Could not access MAXIMUM_CAPACITY */"
      DEFAULT_CAPACITY = "/* Could not access DEFAULT_CAPACITY */"
      MAX_ARRAY_SIZE = "/* Could not access MAX_ARRAY_SIZE */"
      DEFAULT_CONCURRENCY_LEVEL = "/* Could not access DEFAULT_CONCURRENCY_LEVEL */"
      LOAD_FACTOR = "/* Could not access LOAD_FACTOR */"
      TREEIFY_THRESHOLD = "/* Could not access TREEIFY_THRESHOLD */"
      UNTREEIFY_THRESHOLD = "/* Could not access UNTREEIFY_THRESHOLD */"
      MIN_TREEIFY_CAPACITY = "/* Could not access MIN_TREEIFY_CAPACITY */"
      MIN_TRANSFER_STRIDE = "/* Could not access MIN_TRANSFER_STRIDE */"
      RESIZE_STAMP_BITS = "/* Could not access RESIZE_STAMP_BITS */"
      MAX_RESIZERS = "/* Could not access MAX_RESIZERS */"
      RESIZE_STAMP_SHIFT = "/* Could not access RESIZE_STAMP_SHIFT */"
      MOVED = "/* Could not access MOVED */"
      TREEBIN = "/* Could not access TREEBIN */"
      RESERVED = "/* Could not access RESERVED */"
      HASH_BITS = "/* Could not access HASH_BITS */"
      NCPU = "/* Could not access NCPU */"
      serialPersistentFields = "/* Could not access serialPersistentFields */"
      table = "/* Could not access table */"
      nextTable = "/* Could not access nextTable */"
      baseCount = "/* Could not access baseCount */"
      sizeCtl = "/* Could not access sizeCtl */"
      transferIndex = "/* Could not access transferIndex */"
      cellsBusy = "/* Could not access cellsBusy */"
      counterCells = "/* Could not access counterCells */"
      keySet = "/* Could not access keySet */"
      values = "/* Could not access values */"
      entrySet = "/* Could not access entrySet */"
      U = "/* Could not access U */"
      SIZECTL = "/* Could not access SIZECTL */"
      TRANSFERINDEX = "/* Could not access TRANSFERINDEX */"
      BASECOUNT = "/* Could not access BASECOUNT */"
      CELLSBUSY = "/* Could not access CELLSBUSY */"
      CELLVALUE = "/* Could not access CELLVALUE */"
      ABASE = "/* Could not access ABASE */"
      ASHIFT = "/* Could not access ASHIFT */"
      keySet = "/* Could not access keySet */"
      values = "/* Could not access values */"
    knownGoodFeatureFiles = null
    knownBadFeatureFiles = null
    autoFeatures = null
    compatibilityFeatures = null
    TOLERATE_PREFIX = "tolerates."
    FEATURE_SERVICE_NAME = "ibm.featureName"
    FEATURE_SERVICE_SYMBOLIC_NAME = "osgi.symbolicName"
    FEATURE_SERVICE_VERSION = "osgi.version"
    FEATURE_SERVICE_CATEGORY = "osgi.category"
    FEATURE_SUBSYSTEM_CATEGORY = "Subsystem-Category"
    serialVersionUID = -7734563436556075515
  bundleCache = class com.ibm.ws.kernel.feature.internal.BundleList@255423eb
    CACHE_WRITE_TIME = "Cache-WriteTime"
    tc = class com.ibm.websphere.ras.TraceComponent@6001d50f
      strings[0] = "TraceComponent[com.ibm.ws.kernel.feature.internal.BundleList,class com.ibm.ws.kernel.feature.internal.BundleList,[featureManager],com.ibm.ws.kernel.feature.internal.resources.ProvisionerMessages,null]"
    cacheFile = class com.ibm.ws.kernel.service.location.internal.LocalFileResource@74ed133d
      strings[0] = "LocalFileResource[FILE;@530478819;${server.output.dir}/workarea/platform/feature.bundles.cache;/opt/ibm/wlp/output/defaultServer/workarea/platform/feature.bundles.cache]"
    stale = class java.util.concurrent.atomic.AtomicBoolean@58ccd174
      serialVersionUID = "/* Could not access serialVersionUID */"
      VALUE = "/* Could not access VALUE */"
      value = "/* Could not access value */"
    resources = class java.util.ArrayList@33042e09
      serialVersionUID = "/* Could not access serialVersionUID */"
      DEFAULT_CAPACITY = "/* Could not access DEFAULT_CAPACITY */"
      EMPTY_ELEMENTDATA = "/* Could not access EMPTY_ELEMENTDATA */"
      DEFAULTCAPACITY_EMPTY_ELEMENTDATA = "/* Could not access DEFAULTCAPACITY_EMPTY_ELEMENTDATA */"
      elementData = "/* Could not access elementData */"
      size = "/* Could not access size */"
      modCount = "/* Could not access modCount */"
    writeTime = 1765232657541
    javaSpecVersion = null
    featureManager = class com.ibm.ws.kernel.feature.internal.FeatureManager@ed9f8a55
    serialVersionUID = -3878131719277879131
  provisioningMode = class com.ibm.ws.kernel.feature.internal.FeatureManager$ProvisioningMode@4ec32542
    CONTENT_REQUEST = class com.ibm.ws.kernel.feature.internal.FeatureManager$ProvisioningMode@f6111539
      CONTENT_REQUEST = class com.ibm.ws.kernel.feature.internal.FeatureManager$ProvisioningMode@f6111539
      FEATURES_REQUEST = class com.ibm.ws.kernel.feature.internal.FeatureManager$ProvisioningMode@b412a134
      INITIAL_PROVISIONING = class com.ibm.ws.kernel.feature.internal.FeatureManager$ProvisioningMode@a2bc5088
      UPDATE = class com.ibm.ws.kernel.feature.internal.FeatureManager$ProvisioningMode@4ec32542
      REFRESH = class com.ibm.ws.kernel.feature.internal.FeatureManager$ProvisioningMode@c9a5ef74
      $VALUES = class com.ibm.ws.kernel.feature.internal.FeatureManager$ProvisioningMode[5]
      name = "/* Could not access name */"
      ordinal = "/* Could not access ordinal */"
    FEATURES_REQUEST = class com.ibm.ws.kernel.feature.internal.FeatureManager$ProvisioningMode@b412a134
      CONTENT_REQUEST = class com.ibm.ws.kernel.feature.internal.FeatureManager$ProvisioningMode@f6111539
      FEATURES_REQUEST = class com.ibm.ws.kernel.feature.internal.FeatureManager$ProvisioningMode@b412a134
      INITIAL_PROVISIONING = class com.ibm.ws.kernel.feature.internal.FeatureManager$ProvisioningMode@a2bc5088
      UPDATE = class com.ibm.ws.kernel.feature.internal.FeatureManager$ProvisioningMode@4ec32542
      REFRESH = class com.ibm.ws.kernel.feature.internal.FeatureManager$ProvisioningMode@c9a5ef74
      $VALUES = class com.ibm.ws.kernel.feature.internal.FeatureManager$ProvisioningMode[5]
      name = "/* Could not access name */"
      ordinal = "/* Could not access ordinal */"
    INITIAL_PROVISIONING = class com.ibm.ws.kernel.feature.internal.FeatureManager$ProvisioningMode@a2bc5088
      CONTENT_REQUEST = class com.ibm.ws.kernel.feature.internal.FeatureManager$ProvisioningMode@f6111539
      FEATURES_REQUEST = class com.ibm.ws.kernel.feature.internal.FeatureManager$ProvisioningMode@b412a134
      INITIAL_PROVISIONING = class com.ibm.ws.kernel.feature.internal.FeatureManager$ProvisioningMode@a2bc5088
      UPDATE = class com.ibm.ws.kernel.feature.internal.FeatureManager$ProvisioningMode@4ec32542
      REFRESH = class com.ibm.ws.kernel.feature.internal.FeatureManager$ProvisioningMode@c9a5ef74
      $VALUES = class com.ibm.ws.kernel.feature.internal.FeatureManager$ProvisioningMode[5]
      name = "/* Could not access name */"
      ordinal = "/* Could not access ordinal */"
    UPDATE = class com.ibm.ws.kernel.feature.internal.FeatureManager$ProvisioningMode@4ec32542
    REFRESH = class com.ibm.ws.kernel.feature.internal.FeatureManager$ProvisioningMode@c9a5ef74
      CONTENT_REQUEST = class com.ibm.ws.kernel.feature.internal.FeatureManager$ProvisioningMode@f6111539
      FEATURES_REQUEST = class com.ibm.ws.kernel.feature.internal.FeatureManager$ProvisioningMode@b412a134
      INITIAL_PROVISIONING = class com.ibm.ws.kernel.feature.internal.FeatureManager$ProvisioningMode@a2bc5088
      UPDATE = class com.ibm.ws.kernel.feature.internal.FeatureManager$ProvisioningMode@4ec32542
      REFRESH = class com.ibm.ws.kernel.feature.internal.FeatureManager$ProvisioningMode@c9a5ef74
      $VALUES = class com.ibm.ws.kernel.feature.internal.FeatureManager$ProvisioningMode[5]
      name = "/* Could not access name */"
      ordinal = "/* Could not access ordinal */"
    $VALUES = class com.ibm.ws.kernel.feature.internal.FeatureManager$ProvisioningMode[5]
      ProvisioningMode[0] = class com.ibm.ws.kernel.feature.internal.FeatureManager$ProvisioningMode@f6111539
      ProvisioningMode[1] = class com.ibm.ws.kernel.feature.internal.FeatureManager$ProvisioningMode@b412a134
      ProvisioningMode[2] = class com.ibm.ws.kernel.feature.internal.FeatureManager$ProvisioningMode@a2bc5088
      ProvisioningMode[3] = class com.ibm.ws.kernel.feature.internal.FeatureManager$ProvisioningMode@4ec32542
      ProvisioningMode[4] = class com.ibm.ws.kernel.feature.internal.FeatureManager$ProvisioningMode@c9a5ef74
    name = "/* Could not access name */"
    ordinal = "/* Could not access ordinal */"
  kernelFeaturesHolder = class com.ibm.ws.kernel.feature.internal.FeatureManager$KernelFeaturesHolder@f0dbe9e9
    kernelFeatures = class java.util.ArrayList@d2696fa0
      serialVersionUID = "/* Could not access serialVersionUID */"
      DEFAULT_CAPACITY = "/* Could not access DEFAULT_CAPACITY */"
      EMPTY_ELEMENTDATA = "/* Could not access EMPTY_ELEMENTDATA */"
      DEFAULTCAPACITY_EMPTY_ELEMENTDATA = "/* Could not access DEFAULTCAPACITY_EMPTY_ELEMENTDATA */"
      elementData = "/* Could not access elementData */"
      size = "/* Could not access size */"
      modCount = "/* Could not access modCount */"
    featureManager = class com.ibm.ws.kernel.feature.internal.FeatureManager@ed9f8a55
    initialMode = class com.ibm.ws.kernel.feature.internal.FeatureManager$ProvisioningMode@a2bc5088
    serialVersionUID = -262786423820304061
    $$$tc$$$ = class com.ibm.websphere.ras.TraceComponent@4927db1a
      strings[0] = "TraceComponent[com.ibm.ws.kernel.feature.internal.FeatureManager$KernelFeaturesHolder,class com.ibm.ws.kernel.feature.internal.FeatureManager$KernelFeaturesHolder,[featureManager],com.ibm.ws.kernel.feature.internal.resources.ProvisionerMessages,null]"
  packageInspector = class com.ibm.ws.kernel.feature.internal.PackageInspectorImpl@29f88ef4
    tc = class com.ibm.websphere.ras.TraceComponent@ab6fc475
      strings[0] = "TraceComponent[com.ibm.ws.kernel.feature.internal.PackageInspectorImpl,class com.ibm.ws.kernel.feature.internal.PackageInspectorImpl,[featureManager],com.ibm.ws.kernel.feature.internal.resources.ProvisionerMessages,null]"
    registration = class org.eclipse.osgi.internal.serviceregistry.ServiceRegistrationImpl@ac986911
      registry = class org.eclipse.osgi.internal.serviceregistry.ServiceRegistry@7b461813
      context = class org.eclipse.osgi.internal.framework.BundleContextImpl@2d2ab9b1
      bundle = class org.eclipse.osgi.internal.framework.EquinoxBundle@b5c3dbb2
      clazzes = class java.lang.String[2]
      service = class com.ibm.ws.kernel.feature.internal.PackageInspectorImpl@29f88ef4
      reference = class org.eclipse.osgi.internal.serviceregistry.ServiceReferenceImpl@8ee8bd88
      contextsUsing = class java.util.ArrayList@4a1a3eb3
      properties = class java.util.Collections$UnmodifiableMap@ce6f2d52
      serviceid = 124
      serviceranking = 0
      registrationLock = class java.lang.Object@ced565ff
      state = 0
      REGISTERED = 0
      UNREGISTERING = 1
      UNREGISTERED = 2
      FRAMEWORK_SET_SERVICE_PROPERTIES_COUNT = 4
      $assertionsDisabled = true
    packageIndex = class com.ibm.ws.kernel.feature.internal.PackageInspectorImpl$ProductPackages@dab67733
      
	sun.reflect = "[API_Spec]|[]
	sun.misc = [API_Spec]|[]
	org.xml.sax.helpers = [API_Spec]|[]
	org.xml.sax.ext = [API_Spec]|[]
	org.xml.sax = [API_Spec]|[]
	org.w3c.dom.xpath = [API_Spec]|[]
	org.w3c.dom.views = [API_Spec]|[]
	org.w3c.dom.traversal = [API_Spec]|[]
	org.w3c.dom.stylesheets = [API_Spec]|[]
	org.w3c.dom.ranges = [API_Spec]|[]
	org.w3c.dom.ls = [API_Spec]|[]
	org.w3c.dom.html = [API_Spec]|[]
	org.w3c.dom.events = [API_Spec]|[]
	org.w3c.dom.css = [API_Spec]|[]
	org.w3c.dom.bootstrap = [API_Spec]|[]
	org.w3c.dom = [API_Spec]|[]
	org.osgi.util.tracker = [SPI]|[]
	org.osgi.service.url = [SPI]|[]
	org.osgi.service.startlevel = [SPI]|[]
	org.osgi.service.resolver = [SPI]|[]
	org.osgi.service.permissionadmin = [SPI]|[]
	org.osgi.service.packageadmin = [SPI]|[]
	org.osgi.service.metatype = [SPI]|[]
	org.osgi.service.log.admin = [SPI]|[]
	org.osgi.service.log = [SPI]|[]
	org.osgi.service.event = [SPI]|[]
	org.osgi.service.coordinator = [SPI]|[]
	org.osgi.service.condpermadmin = [SPI]|[]
	org.osgi.service.condition = [SPI]|[]
	org.osgi.service.component = [SPI]|[]
	org.osgi.service.cm = [SPI]|[]
	org.osgi.resource.dto = [SPI]|[]
	org.osgi.resource = [SPI]|[]
	org.osgi.framework.wiring.dto = [SPI]|[]
	org.osgi.framework.wiring = [SPI]|[]
	org.osgi.framework.startlevel.dto = [SPI]|[]
	org.osgi.framework.startlevel = [SPI]|[]
	org.osgi.framework.namespace = [SPI]|[]
	org.osgi.framework.launch = [SPI]|[]
	org.osgi.framework.hooks.weaving = [SPI]|[]
	org.osgi.framework.hooks.service = [SPI]|[]
	org.osgi.framework.hooks.resolver = [SPI]|[]
	org.osgi.framework.hooks.bundle = [SPI]|[]
	org.osgi.framework.dto = [SPI]|[]
	org.osgi.framework.connect = [SPI]|[]
	org.osgi.framework = [SPI]|[]
	org.osgi.dto = [SPI]|[]
	org.jboss.weld.serialization.spi = [API_Internal]|[]
	org.jboss.weld.security = [API_Internal]|[]
	org.jboss.weld.proxy = [API_Internal]|[]
	org.jboss.weld.module.web.el = [API_Internal]|[]
	org.jboss.weld.module.jsf = [API_Internal]|[]
	org.jboss.weld.module.ejb = [API_Internal]|[]
	org.jboss.weld.interceptor.util.proxy = [API_Internal]|[]
	org.jboss.weld.interceptor.proxy = [API_Internal]|[]
	org.jboss.weld.context.bound = [API_ThirdParty]|[]
	org.jboss.weld.context.api = [API_ThirdParty]|[]
	org.jboss.weld.context = [API_ThirdParty]|[]
	org.jboss.weld.bean.proxy.util = [API_Internal]|[]
	org.jboss.weld.bean.proxy = [API_Internal]|[]
	org.jboss.weld.bean = [API_Internal]|[]
	org.ietf.jgss = [API_Spec]|[]
	org.eclipse.osgi.util = [SPI]|[]
	org.eclipse.osgi.storagemanager = [SPI]|[]
	org.eclipse.osgi.signedcontent = [SPI]|[]
	org.eclipse.osgi.service.urlconversion = [SPI]|[]
	org.eclipse.osgi.service.security = [SPI]|[]
	org.eclipse.osgi.service.runnable = [SPI]|[]
	org.eclipse.osgi.service.resolver = [SPI]|[]
	org.eclipse.osgi.service.localization = [SPI]|[]
	org.eclipse.osgi.service.environment = [SPI]|[]
	org.eclipse.osgi.service.debug = [SPI]|[]
	org.eclipse.osgi.service.datalocation = [SPI]|[]
	org.eclipse.osgi.framework.log = [SPI]|[]
	org.eclipse.osgi.framework.eventmgr = [SPI]|[]
	org.eclipse.osgi.framework.console = [SPI]|[]
	org.eclipse.openj9.criu = [API_Spec]|[]
	org.eclipse.microprofile.openapi.spi = [API_Stable]|[]
	org.eclipse.microprofile.openapi.models.tags = [API_Stable]|[]
	org.eclipse.microprofile.openapi.models.servers = [API_Stable]|[]
	org.eclipse.microprofile.openapi.models.security = [API_Stable]|[]
	org.eclipse.microprofile.openapi.models.responses = [API_Stable]|[]
	org.eclipse.microprofile.openapi.models.parameters = [API_Stable]|[]
	org.eclipse.microprofile.openapi.models.media = [API_Stable]|[]
	org.eclipse.microprofile.openapi.models.links = [API_Stable]|[]
	org.eclipse.microprofile.openapi.models.info = [API_Stable]|[]
	org.eclipse.microprofile.openapi.models.headers = [API_Stable]|[]
	org.eclipse.microprofile.openapi.models.examples = [API_Stable]|[]
	org.eclipse.microprofile.openapi.models.callbacks = [API_Stable]|[]
	org.eclipse.microprofile.openapi.models = [API_Stable]|[]
	org.eclipse.microprofile.openapi.annotations.tags = [API_Stable]|[]
	org.eclipse.microprofile.openapi.annotations.servers = [API_Stable]|[]
	org.eclipse.microprofile.openapi.annotations.security = [API_Stable]|[]
	org.eclipse.microprofile.openapi.annotations.responses = [API_Stable]|[]
	org.eclipse.microprofile.openapi.annotations.parameters = [API_Stable]|[]
	org.eclipse.microprofile.openapi.annotations.media = [API_Stable]|[]
	org.eclipse.microprofile.openapi.annotations.links = [API_Stable]|[]
	org.eclipse.microprofile.openapi.annotations.info = [API_Stable]|[]
	org.eclipse.microprofile.openapi.annotations.headers = [API_Stable]|[]
	org.eclipse.microprofile.openapi.annotations.extensions = [API_Stable]|[]
	org.eclipse.microprofile.openapi.annotations.enums = [API_Stable]|[]
	org.eclipse.microprofile.openapi.annotations.callbacks = [API_Stable]|[]
	org.eclipse.microprofile.openapi.annotations = [API_Stable]|[]
	org.eclipse.microprofile.openapi = [API_Stable]|[]
	org.eclipse.microprofile.metrics.annotation = [API_Stable]|[]
	org.eclipse.microprofile.metrics = [API_Stable]|[]
	org.eclipse.microprofile.health.spi = [API_Stable]|[]
	org.eclipse.microprofile.health = [API_Stable]|[]
	org.eclipse.microprofile.context.spi = [API_Stable]|[]
	org.eclipse.microprofile.context = [API_Stable]|[]
	org.eclipse.microprofile.config.spi = [API_Stable]|[]
	org.eclipse.microprofile.config.inject = [API_Stable]|[]
	org.eclipse.microprofile.config = [API_Stable]|[]
	org.eclipse.equinox.log = [SPI]|[]
	org.apache.taglibs.standard.tag.rt.xml = [API_Internal]|[]
	org.apache.taglibs.standard.tag.rt.sql = [API_Internal]|[]
	org.apache.taglibs.standard.tag.rt.fmt = [API_Internal]|[]
	org.apache.taglibs.standard.tag.rt.core = [API_Internal]|[]
	org.apache.taglibs.standard.tag.el.xml = [API_Internal]|[]
	org.apache.taglibs.standard.tag.el.sql = [API_Internal]|[]
	org.apache.taglibs.standard.tag.el.fmt = [API_Internal]|[]
	org.apache.taglibs.standard.tag.el.core = [API_Internal]|[]
	org.apache.taglibs.standard.tag.common.xml = [API_Internal]|[]
	org.apache.taglibs.standard.tag.common.sql = [API_Internal]|[]
	org.apache.taglibs.standard.tag.common.fmt = [API_Internal]|[]
	org.apache.taglibs.standard.tag.common.core = [API_Internal]|[]
	org.apache.taglibs.standard.functions = [API_Internal]|[]
	org.apache.taglibs.standard = [API_Internal]|[]
	org.apache.jasper.el = [API_Internal]|[]
	org.apache.el.util = [API_Internal]|[]
	org.apache.el.stream = [API_Internal]|[]
	org.apache.el.lang = [API_Internal]|[]
	org.apache.el = [API_Internal]|[]
	openj9.lang.management = [API_Spec]|[]
	netscape.javascript = [API_Spec]|[]
	jdk.swing.interop = [API_Spec]|[]
	jdk.security.jarsigner = [API_Spec]|[]
	jdk.nio.mapmode = [API_Spec]|[]
	jdk.nio = [API_Spec]|[]
	jdk.net = [API_Spec]|[]
	jdk.management.jfr = [API_Spec]|[]
	jdk.jshell.tool = [API_Spec]|[]
	jdk.jshell.spi = [API_Spec]|[]
	jdk.jshell.execution = [API_Spec]|[]
	jdk.jshell = [API_Spec]|[]
	jdk.jfr.consumer = [API_Spec]|[]
	jdk.jfr = [API_Spec]|[]
	jdk.javadoc.doclet = [API_Spec]|[]
	jdk.dynalink.support = [API_Spec]|[]
	jdk.dynalink.linker.support = [API_Spec]|[]
	jdk.dynalink.linker = [API_Spec]|[]
	jdk.dynalink.beans = [API_Spec]|[]
	jdk.dynalink = [API_Spec]|[]
	jdk.crac.management = [API_Spec]|[]
	javax.xml.xpath = [API_Spec]|[]
	javax.xml.validation = [API_Spec]|[]
	javax.xml.transform.stream = [API_Spec]|[]
	javax.xml.transform.stax = [API_Spec]|[]
	javax.xml.transform.sax = [API_Spec]|[]
	javax.xml.transform.dom = [API_Spec]|[]
	javax.xml.transform = [API_Spec]|[]
	javax.xml.stream.util = [API_Spec]|[]
	javax.xml.stream.events = [API_Spec]|[]
	javax.xml.stream = [API_Spec]|[]
	javax.xml.soap = [API_Spec]|[]
	javax.xml.parsers = [API_Spec]|[]
	javax.xml.namespace = [API_Spec]|[]
	javax.xml.datatype = [API_Spec]|[]
	javax.xml.crypto.dsig.spec = [API_Spec]|[]
	javax.xml.crypto.dsig.keyinfo = [API_Spec]|[]
	javax.xml.crypto.dsig.dom = [API_Spec]|[]
	javax.xml.crypto.dsig = [API_Spec]|[]
	javax.xml.crypto.dom = [API_Spec]|[]
	javax.xml.crypto = [API_Spec]|[]
	javax.xml.catalog = [API_Spec]|[]
	javax.xml.bind.util = [API_Spec]|[]
	javax.xml.bind.helpers = [API_Spec]|[]
	javax.xml.bind.attachment = [API_Spec]|[]
	javax.xml.bind.annotation.adapters = [API_Spec]|[]
	javax.xml.bind.annotation = [API_Spec]|[]
	javax.xml.bind = [API_Spec]|[]
	javax.xml = [API_Spec]|[]
	javax.ws.rs.sse = [API_Spec]|[]
	javax.ws.rs.ext = [API_Spec]|[]
	javax.ws.rs.core = [API_Spec]|[]
	javax.ws.rs.container = [API_Spec]|[]
	javax.ws.rs.client = [API_Spec]|[]
	javax.ws.rs = [API_Spec]|[]
	javax.validation.valueextraction = [API_Spec]|[]
	javax.validation.spi = [API_Spec]|[]
	javax.validation.metadata = [API_Spec]|[]
	javax.validation.groups = [API_Spec]|[]
	javax.validation.executable = [API_Spec]|[]
	javax.validation.constraintvalidation = [API_Spec]|[]
	javax.validation.constraints = [API_Spec]|[]
	javax.validation.bootstrap = [API_Spec]|[]
	javax.validation = [API_Spec]|[]
	javax.transaction.xa = [API_Spec]|[]
	javax.transaction = [API_Spec]|[]
	javax.tools = [API_Spec]|[]
	javax.swing.undo = [API_Spec]|[]
	javax.swing.tree = [API_Spec]|[]
	javax.swing.text.rtf = [API_Spec]|[]
	javax.swing.text.html.parser = [API_Spec]|[]
	javax.swing.text.html = [API_Spec]|[]
	javax.swing.text = [API_Spec]|[]
	javax.swing.table = [API_Spec]|[]
	javax.swing.plaf.synth = [API_Spec]|[]
	javax.swing.plaf.nimbus = [API_Spec]|[]
	javax.swing.plaf.multi = [API_Spec]|[]
	javax.swing.plaf.metal = [API_Spec]|[]
	javax.swing.plaf.basic = [API_Spec]|[]
	javax.swing.plaf = [API_Spec]|[]
	javax.swing.filechooser = [API_Spec]|[]
	javax.swing.event = [API_Spec]|[]
	javax.swing.colorchooser = [API_Spec]|[]
	javax.swing.border = [API_Spec]|[]
	javax.swing = [API_Spec]|[]
	javax.sql.rowset.spi = [API_Spec]|[]
	javax.sql.rowset.serial = [API_Spec]|[]
	javax.sql.rowset = [API_Spec]|[]
	javax.sql = [API_Spec]|[]
	javax.sound.sampled.spi = [API_Spec]|[]
	javax.sound.sampled = [API_Spec]|[]
	javax.sound.midi.spi = [API_Spec]|[]
	javax.sound.midi = [API_Spec]|[]
	javax.smartcardio = [API_Spec]|[]
	javax.servlet.resources = [API_Spec]|[]
	javax.servlet.jsp.tagext = [API_Spec]|[]
	javax.servlet.jsp.jstl.tlv = [API_Spec]|[]
	javax.servlet.jsp.jstl.sql = [API_Spec]|[]
	javax.servlet.jsp.jstl.fmt = [API_Spec]|[]
	javax.servlet.jsp.jstl.core = [API_Spec]|[]
	javax.servlet.jsp.el = [API_Spec]|[]
	javax.servlet.jsp = [API_Spec]|[]
	javax.servlet.http = [API_Spec]|[]
	javax.servlet.descriptor = [API_Spec]|[]
	javax.servlet.annotation = [API_Spec]|[]
	javax.servlet = [API_Spec]|[]
	javax.security.sasl = [API_Spec]|[]
	javax.security.cert = [API_Spec]|[]
	javax.security.auth.x500 = [API_Spec]|[]
	javax.security.auth.spi = [API_Spec]|[]
	javax.security.auth.login = [API_Spec]|[]
	javax.security.auth.kerberos = [API_Spec]|[]
	javax.security.auth.callback = [API_Spec]|[]
	javax.security.auth = [API_Spec]|[]
	javax.script = [API_Spec]|[]
	javax.rmi.ssl = [API_Spec]|[]
	javax.resource.spi.work = [API_Spec]|[]
	javax.resource.spi.security = [API_Spec]|[]
	javax.resource.spi.endpoint = [API_Spec]|[]
	javax.resource.spi = [API_Spec]|[]
	javax.resource.cci = [API_Spec]|[]
	javax.resource = [API_Spec]|[]
	javax.print.event = [API_Spec]|[]
	javax.print.attribute.standard = [API_Spec]|[]
	javax.print.attribute = [API_Spec]|[]
	javax.print = [API_Spec]|[]
	javax.net.ssl = [API_Spec]|[]
	javax.net = [API_Spec]|[]
	javax.naming.spi = [API_Spec]|[]
	javax.naming.ldap.spi = [API_Spec]|[]
	javax.naming.ldap = [API_Spec]|[]
	javax.naming.event = [API_Spec]|[]
	javax.naming.directory = [API_Spec]|[]
	javax.naming = [API_Spec]|[]
	javax.management.timer = [API_Spec]|[]
	javax.management.remote.rmi = [API_Spec]|[]
	javax.management.remote = [API_Spec]|[]
	javax.management.relation = [API_Spec]|[]
	javax.management.openmbean = [API_Spec]|[]
	javax.management.monitor = [API_Spec]|[]
	javax.management.modelmbean = [API_Spec]|[]
	javax.management.loading = [API_Spec]|[]
	javax.management = [API_Spec]|[]
	javax.lang.model.util = [API_Spec]|[]
	javax.lang.model.type = [API_Spec]|[]
	javax.lang.model.element = [API_Spec]|[]
	javax.lang.model = [API_Spec]|[]
	javax.json.stream = [API_Spec]|[]
	javax.json.spi = [API_Spec]|[]
	javax.json.bind.spi = [API_Spec]|[]
	javax.json.bind.serializer = [API_Spec]|[]
	javax.json.bind.config = [API_Spec]|[]
	javax.json.bind.annotation = [API_Spec]|[]
	javax.json.bind.adapter = [API_Spec]|[]
	javax.json.bind = [API_Spec]|[]
	javax.json = [API_Spec]|[]
	javax.interceptor = [API_Spec]|[]
	javax.inject = [API_Spec]|[]
	javax.imageio.stream = [API_Spec]|[]
	javax.imageio.spi = [API_Spec]|[]
	javax.imageio.plugins.tiff = [API_Spec]|[]
	javax.imageio.plugins.jpeg = [API_Spec]|[]
	javax.imageio.plugins.bmp = [API_Spec]|[]
	javax.imageio.metadata = [API_Spec]|[]
	javax.imageio.event = [API_Spec]|[]
	javax.imageio = [API_Spec]|[]
	javax.enterprise.util = [API_Spec]|[]
	javax.enterprise.inject.spi.configurator = [API_Spec]|[]
	javax.enterprise.inject.spi = [API_Spec]|[]
	javax.enterprise.inject.se = [API_Spec]|[]
	javax.enterprise.inject.literal = [API_Spec]|[]
	javax.enterprise.inject = [API_Spec]|[]
	javax.enterprise.event = [API_Spec]|[]
	javax.enterprise.context.spi = [API_Spec]|[]
	javax.enterprise.context.control = [API_Spec]|[]
	javax.enterprise.context = [API_Spec]|[]
	javax.enterprise.concurrent = [API_Spec]|[]
	javax.el = [API_Spec]|[]
	javax.decorator = [API_Spec]|[]
	javax.crypto.spec = [API_Spec]|[]
	javax.crypto.interfaces = [API_Spec]|[]
	javax.crypto = [API_Spec]|[]
	javax.cache.spi = [SPI]|[]
	javax.cache.processor = [SPI]|[]
	javax.cache.management = [SPI]|[]
	javax.cache.integration = [SPI]|[]
	javax.cache.expiry = [SPI]|[]
	javax.cache.event = [SPI]|[]
	javax.cache.configuration = [SPI]|[]
	javax.cache.annotation = [SPI]|[]
	javax.cache = [SPI]|[]
	javax.annotation.sql = [API_Spec]|[]
	javax.annotation.security = [API_Spec]|[]
	javax.annotation.processing = [API_Spec]|[]
	javax.annotation = [API_Spec]|[]
	javax.activity = [API_Spec]|[]
	javax.activation = [API_Spec]|[]
	javax.accessibility = [API_Spec]|[]
	java.util.zip = [API_Spec]|[]
	java.util.stream = [API_Spec]|[]
	java.util.spi = [API_Spec]|[]
	java.util.regex = [API_Spec]|[]
	java.util.random = [API_Spec]|[]
	java.util.prefs = [API_Spec]|[]
	java.util.logging = [API_Spec]|[]
	java.util.jar = [API_Spec]|[]
	java.util.function = [API_Spec]|[]
	java.util.concurrent.locks = [API_Spec]|[]
	java.util.concurrent.atomic = [API_Spec]|[]
	java.util.concurrent = [API_Spec]|[]
	java.util = [API_Spec]|[]
	java.time.zone = [API_Spec]|[]
	java.time.temporal = [API_Spec]|[]
	java.time.format = [API_Spec]|[]
	java.time.chrono = [API_Spec]|[]
	java.time = [API_Spec]|[]
	java.text.spi = [API_Spec]|[]
	java.text = [API_Spec]|[]
	java.sql = [API_Spec]|[]
	java.security.spec = [API_Spec]|[]
	java.security.interfaces = [API_Spec]|[]
	java.security.cert = [API_Spec]|[]
	java.security = [API_Spec]|[]
	java.rmi.server = [API_Spec]|[]
	java.rmi.registry = [API_Spec]|[]
	java.rmi.dgc = [API_Spec]|[]
	java.rmi = [API_Spec]|[]
	java.nio.file.spi = [API_Spec]|[]
	java.nio.file.attribute = [API_Spec]|[]
	java.nio.file = [API_Spec]|[]
	java.nio.charset.spi = [API_Spec]|[]
	java.nio.charset = [API_Spec]|[]
	java.nio.channels.spi = [API_Spec]|[]
	java.nio.channels = [API_Spec]|[]
	java.nio = [API_Spec]|[]
	java.net.spi = [API_Spec]|[]
	java.net.http = [API_Spec]|[]
	java.net = [API_Spec]|[]
	java.math = [API_Spec]|[]
	java.lang.runtime = [API_Spec]|[]
	java.lang.reflect = [API_Spec]|[]
	java.lang.ref = [API_Spec]|[]
	java.lang.module = [API_Spec]|[]
	java.lang.management = [API_Spec]|[]
	java.lang.invoke = [API_Spec]|[]
	java.lang.instrument = [API_Spec]|[]
	java.lang.constant = [API_Spec]|[]
	java.lang.annotation = [API_Spec]|[]
	java.lang = [API_Spec]|[]
	java.io = [API_Spec]|[]
	java.beans.beancontext = [API_Spec]|[]
	java.beans = [API_Spec]|[]
	java.awt.print = [API_Spec]|[]
	java.awt.image.renderable = [API_Spec]|[]
	java.awt.image = [API_Spec]|[]
	java.awt.im.spi = [API_Spec]|[]
	java.awt.im = [API_Spec]|[]
	java.awt.geom = [API_Spec]|[]
	java.awt.font = [API_Spec]|[]
	java.awt.event = [API_Spec]|[]
	java.awt.dnd = [API_Spec]|[]
	java.awt.desktop = [API_Spec]|[]
	java.awt.datatransfer = [API_Spec]|[]
	java.awt.color = [API_Spec]|[]
	java.awt = [API_Spec]|[]
	java.applet = [API_Spec]|[]
	io.smallrye.config = [API_Internal]|[]
	io.openliberty.jcache = [SPI]|[]
	io.openliberty.http.monitor.mbean = [API_IBM]|[]
	io.openliberty.checkpoint.internal.criu = [API_Internal]|[]
	io.openliberty.cdi.spi = [SPI]|[]
	ibm.security.internal.spec = [API_Spec]|[]
	com.sun.tools.jconsole = [API_Spec]|[]
	com.sun.tools.javac = [API_Spec]|[]
	com.sun.tools.attach.spi = [API_Spec]|[]
	com.sun.tools.attach = [API_Spec]|[]
	com.sun.source.util = [API_Spec]|[]
	com.sun.source.tree = [API_Spec]|[]
	com.sun.source.doctree = [API_Spec]|[]
	com.sun.security.jgss = [API_Spec]|[]
	com.sun.security.auth.module = [API_Spec]|[]
	com.sun.security.auth.login = [API_Spec]|[]
	com.sun.security.auth.callback = [API_Spec]|[]
	com.sun.security.auth = [API_Spec]|[]
	com.sun.nio.sctp = [API_Spec]|[]
	com.sun.nio.file = [API_Spec]|[]
	com.sun.net.httpserver.spi = [API_Spec]|[]
	com.sun.net.httpserver = [API_Spec]|[]
	com.sun.management = [API_Spec]|[]
	com.sun.jdi.request = [API_Spec]|[]
	com.sun.jdi.event = [API_Spec]|[]
	com.sun.jdi.connect.spi = [API_Spec]|[]
	com.sun.jdi.connect = [API_Spec]|[]
	com.sun.jdi = [API_Spec]|[]
	com.sun.java.accessibility.util = [API_Spec]|[]
	com.sun.jarsigner = [API_Spec]|[]
	com.ibm.zosconnect.zosasset.ims = [API_IBM]|[zosconnect]
	com.ibm.zosconnect.zosasset.db2 = [API_IBM]|[zosconnect]
	com.ibm.zosconnect.zosasset.cics = [API_IBM]|[zosconnect]
	com.ibm.zosconnect.spi = [SPI]|[zosconnect]
	com.ibm.zosconnect.engine = [API, API_IBM]|[zosconnect]
	com.ibm.zosconnect.api.project.zosasset.cics.* = [API_IBM]|[zosconnect]
	com.ibm.zosconnect.api.project.* = [API_IBM]|[zosconnect]
	com.ibm.zosconnect.api.project = [API_IBM]|[zosconnect]
	com.ibm.xml.xlxp2.scan.util = [API_Internal]|[]
	com.ibm.xml.xlxp2.jaxb.unmarshal.impl = [API_Internal]|[]
	com.ibm.xml.xlxp2.jaxb.model = [API_Internal]|[]
	com.ibm.xml.xlxp2.jaxb.marshal.impl = [API_Internal]|[]
	com.ibm.xml.xlxp2.jaxb = [API_Internal]|[]
	com.ibm.xml.xlxp2.datatype = [API_Internal]|[]
	com.ibm.xml.xlxp2.api.wssec = [API_Internal]|[]
	com.ibm.xml.xlxp2.api.stax = [API_Internal]|[]
	com.ibm.xml.xlxp2.api.jaxb = [API_Internal]|[]
	com.ibm.wsspi.webservices.handler = [SPI]|[]
	com.ibm.wsspi.webcontainer.webapp = [SPI]|[]
	com.ibm.wsspi.webcontainer.servlet = [SPI]|[]
	com.ibm.wsspi.webcontainer.osgi.extension = [SPI]|[]
	com.ibm.wsspi.webcontainer.metadata = [SPI]|[]
	com.ibm.wsspi.webcontainer.filter = [SPI]|[]
	com.ibm.wsspi.webcontainer.extension = [SPI]|[]
	com.ibm.wsspi.webcontainer.collaborator = [SPI]|[]
	com.ibm.wsspi.webcontainer.annotation = [API_Internal]|[]
	com.ibm.wsspi.webcontainer = [API_Internal, SPI]|[]
	com.ibm.wsspi.wab.configure = [SPI]|[]
	com.ibm.wsspi.uow = [API_IBM]|[]
	com.ibm.wsspi.tx = [SPI]|[]
	com.ibm.wsspi.threading = [SPI]|[]
	com.ibm.wsspi.ssl = [SPI]|[]
	com.ibm.wsspi.servlet.session = [API_IBM]|[]
	com.ibm.wsspi.security.token = [API_IBM]|[]
	com.ibm.wsspi.security.tai = [API_IBM]|[]
	com.ibm.wsspi.security.registry = [API_IBM]|[]
	com.ibm.wsspi.security.crypto = [SPI]|[]
	com.ibm.wsspi.security.common.auth.module = [API_IBM]|[]
	com.ibm.wsspi.security.auth.callback = [API_IBM]|[]
	com.ibm.wsspi.security.audit = [SPI]|[]
	com.ibm.wsspi.rest.handler.helper = [SPI]|[]
	com.ibm.wsspi.rest.handler = [SPI]|[]
	com.ibm.wsspi.rest.api.discovery = [SPI]|[]
	com.ibm.wsspi.resource = [SPI]|[]
	com.ibm.wsspi.logging = [API_IBM, SPI]|[zosconnect, ]
	com.ibm.wsspi.library = [SPI]|[]
	com.ibm.wsspi.kernel.service.utils = [SPI]|[]
	com.ibm.wsspi.kernel.service.location = [SPI]|[]
	com.ibm.wsspi.kernel.security.thread = [SPI]|[]
	com.ibm.wsspi.kernel.filemonitor = [SPI]|[]
	com.ibm.wsspi.jsp.taglib.config = [SPI]|[]
	com.ibm.wsspi.http.ee8 = [SPI]|[]
	com.ibm.wsspi.http = [SPI]|[]
	com.ibm.wsspi.config = [SPI]|[]
	com.ibm.wsspi.collective.plugins.helpers = [SPI]|[]
	com.ibm.wsspi.collective.plugins = [SPI]|[]
	com.ibm.wsspi.classloading = [SPI]|[]
	com.ibm.wsspi.cache = [API_IBM]|[]
	com.ibm.wsspi.artifact.overlay = [SPI]|[]
	com.ibm.wsspi.artifact.factory.contributor = [SPI]|[]
	com.ibm.wsspi.artifact.factory = [SPI]|[]
	com.ibm.wsspi.artifact.equinox.module = [SPI]|[]
	com.ibm.wsspi.artifact = [SPI]|[]
	com.ibm.wsspi.application.handler = [SPI]|[]
	com.ibm.wsspi.anno.util = [SPI]|[]
	com.ibm.wsspi.anno.targets = [SPI]|[]
	com.ibm.wsspi.anno.service = [SPI]|[]
	com.ibm.wsspi.anno.info = [SPI]|[]
	com.ibm.wsspi.anno.classsource = [SPI]|[]
	com.ibm.wsspi.adaptable.module.adapters = [SPI]|[]
	com.ibm.wsspi.adaptable.module = [SPI]|[]
	com.ibm.ws.webcontainer.spiadapter.collaborator = [SPI]|[]
	com.ibm.ws.webcontainer.extension = [SPI]|[]
	com.ibm.ws.serialization = [SPI]|[]
	com.ibm.ws.logging = [SPI]|[]
	com.ibm.ws.jca.service = [API_Internal]|[]
	com.ibm.ws.jca.cm.mbean = [API_IBM]|[]
	com.ibm.ws.javaee.dd.webext = [SPI]|[]
	com.ibm.ws.javaee.dd.webbnd = [SPI]|[]
	com.ibm.ws.javaee.dd.web.common = [SPI]|[]
	com.ibm.ws.javaee.dd.web = [SPI]|[]
	com.ibm.ws.javaee.dd.jsp = [SPI]|[]
	com.ibm.ws.javaee.dd.commonext = [SPI]|[]
	com.ibm.ws.javaee.dd.commonbnd = [SPI]|[]
	com.ibm.ws.javaee.dd.common = [SPI]|[]
	com.ibm.ws.javaee.dd.appbnd = [SPI]|[]
	com.ibm.ws.ffdc.annotation = [API_IBM, SPI]|[zosconnect, ]
	com.ibm.ws.ffdc = [API_IBM, SPI]|[zosconnect, ]
	com.ibm.ws.context.service.serializable = [API_Internal]|[]
	com.ibm.ws.container.service.state = [SPI]|[]
	com.ibm.ws.container.service.security = [SPI]|[]
	com.ibm.ws.container.service.naming = [SPI]|[]
	com.ibm.ws.container.service.config = [SPI]|[]
	com.ibm.ws.container.service.app.deploy = [SPI]|[]
	com.ibm.ws.container.service.annotations = [SPI]|[]
	com.ibm.ws.cache.spi = [API_IBM]|[]
	com.ibm.ws.cache.intf = [API_Internal]|[]
	com.ibm.ws.cache.eca = [API_Internal]|[]
	com.ibm.ws.cache.config = [API_Internal]|[]
	com.ibm.ws.cache = [API_Internal]|[]
	com.ibm.ws.beanvalidation.accessor = [API_Internal]|[]
	com.ibm.ws.anno.classsource.specification = [SPI]|[]
	com.ibm.ws.adaptable.module.structure = [SPI]|[]
	com.ibm.ws.Transaction.resources = [API_Internal]|[]
	com.ibm.ws.LocalTransaction.resources = [API_Internal]|[]
	com.ibm.websphere.webcontainer.async = [SPI]|[]
	com.ibm.websphere.webcontainer = [API_IBM]|[]
	com.ibm.websphere.uow = [API_IBM]|[]
	com.ibm.websphere.ssl = [API_IBM]|[]
	com.ibm.websphere.session.monitor = [API_IBM]|[]
	com.ibm.websphere.servlet.session = [API_IBM]|[]
	com.ibm.websphere.servlet.response = [SPI]|[]
	com.ibm.websphere.servlet.request = [SPI]|[]
	com.ibm.websphere.servlet.filter = [SPI]|[]
	com.ibm.websphere.servlet.event = [API_IBM]|[]
	com.ibm.websphere.servlet.error = [API_IBM]|[]
	com.ibm.websphere.servlet.context = [API_IBM]|[]
	com.ibm.websphere.servlet.container = [API_IBM]|[]
	com.ibm.websphere.security.web = [API_IBM]|[]
	com.ibm.websphere.security.jwt = [API_IBM]|[]
	com.ibm.websphere.security.cred = [API_IBM]|[]
	com.ibm.websphere.security.auth.callback = [API_IBM]|[]
	com.ibm.websphere.security.auth = [API_IBM]|[]
	com.ibm.websphere.security.audit = [API_IBM]|[]
	com.ibm.websphere.security = [API_IBM]|[]
	com.ibm.websphere.runtime.update = [API_IBM]|[]
	com.ibm.websphere.ras.annotation = [API_IBM, SPI]|[zosconnect, ]
	com.ibm.websphere.ras = [API_IBM, SPI]|[zosconnect, ]
	com.ibm.websphere.pmi.stat = [API_Internal]|[]
	com.ibm.websphere.pmi.server = [API_Internal]|[]
	com.ibm.websphere.pmi.client = [API_Internal]|[]
	com.ibm.websphere.monitor.meters = [API_Internal]|[]
	com.ibm.websphere.monitor.jmx = [API_IBM]|[]
	com.ibm.websphere.monitor.annotation = [API_Internal]|[]
	com.ibm.websphere.logging.hpel = [API_IBM]|[]
	com.ibm.websphere.logging = [API_IBM]|[]
	com.ibm.websphere.kernel.server = [API_IBM]|[]
	com.ibm.websphere.jtaextensions = [API_IBM]|[]
	com.ibm.websphere.jaxrs20.multipart = [API_IBM]|[]
	com.ibm.websphere.jaxrs.providers.json4j = [API_IBM]|[]
	com.ibm.websphere.jaxrs.monitor = [API_IBM]|[]
	com.ibm.websphere.filemonitor = [API_IBM]|[]
	com.ibm.websphere.exception = [API_IBM]|[]
	com.ibm.websphere.endpoint = [API_IBM]|[]
	com.ibm.websphere.crypto = [SPI]|[]
	com.ibm.websphere.connectionpool.monitor = [API_IBM]|[]
	com.ibm.websphere.config.mbeans = [API_IBM]|[]
	com.ibm.websphere.cache.exception = [API_IBM]|[]
	com.ibm.websphere.cache = [API_IBM]|[]
	com.ibm.websphere.application = [API_IBM]|[]
	com.ibm.virtualization.management = [API_Spec]|[]
	com.ibm.tx.jta = [API_IBM]|[]
	com.ibm.tools.attach = [API_Spec]|[]
	com.ibm.security.jgss = [API_Spec]|[]
	com.ibm.security.auth.module = [API_Spec]|[]
	com.ibm.security.auth.callback = [API_Spec]|[]
	com.ibm.oti.shared = [API_Spec]|[]
	com.ibm.le.conditionhandling = [API_Spec]|[]
	com.ibm.lang.management = [API_Spec]|[]
	com.ibm.jvm.trace.format.api = [API_Spec]|[]
	com.ibm.jvm = [API_Spec]|[]
	com.ibm.json.xml = [API_IBM]|[]
	com.ibm.json.java = [API_IBM]|[]
	com.ibm.java.diagnostics.utils.plugins = [API_Spec]|[]
	com.ibm.java.diagnostics.utils.commands = [API_Spec]|[]
	com.ibm.java.diagnostics.utils = [API_Spec]|[]
	com.ibm.icu.text = [API_IBM]|[zosconnect]
	com.ibm.gpu = [API_Spec]|[]
	com.ibm.dtfj.runtime = [API_Spec]|[]
	com.ibm.dtfj.java = [API_Spec]|[]
	com.ibm.dtfj.image = [API_Spec]|[]
	com.ibm.dataaccess = [API_Spec]|[]
	com.ibm.cuda = [API_Spec]|[]
	com.ibm.crypto.plus.provider = [API_Spec]|[]
	com.ibm.connector2.ims.ico.inbound = [API_Internal]|[zosconnect]
	com.ibm.connector2.ims.ico = [API_Internal]|[zosconnect]
	com.fasterxml.jackson.module.jaxb = [API_IBM]|[zosconnect]
	com.fasterxml.jackson.dataformat.yaml = [API_IBM]|[zosconnect]
	com.fasterxml.jackson.databind.node = [API_IBM]|[zosconnect]
	com.fasterxml.jackson.databind.introspect = [API_IBM]|[zosconnect]
	com.fasterxml.jackson.databind.* = [API_IBM]|[zosconnect]
	com.fasterxml.jackson.databind = [API_IBM]|[zosconnect]
	com.fasterxml.jackson.core.util = [API_IBM]|[zosconnect]
	com.fasterxml.jackson.core.io = [API_IBM]|[zosconnect]
	com.fasterxml.jackson.core = [API_IBM]|[zosconnect]
	com.fasterxml.jackson.annotation = [API_IBM]|[zosconnect]
	com.fasterxml.jackson = [API_IBM]|[zosconnect]
	---> 616 elements"
    serialVersionUID = -5575384688725981944
  shutdownHook = class com.ibm.ws.kernel.feature.internal.ShutdownHookManager@cc98832a
    shutdownListeners = class java.util.concurrent.CopyOnWriteArraySet@6afb2573
      serialVersionUID = "/* Could not access serialVersionUID */"
      al = "/* Could not access al */"
    hookSet = class java.util.concurrent.atomic.AtomicBoolean@7f5b4130
      serialVersionUID = "/* Could not access serialVersionUID */"
      VALUE = "/* Could not access VALUE */"
      value = "/* Could not access value */"
    shutdownInvoked = true
    serialVersionUID = 6313948673319050596
    $$$tc$$$ = class com.ibm.websphere.ras.TraceComponent@167e9634
      strings[0] = "TraceComponent[com.ibm.ws.kernel.feature.internal.ShutdownHookManager,class com.ibm.ws.kernel.feature.internal.ShutdownHookManager,[featureManager],com.ibm.ws.kernel.feature.internal.resources.ProvisionerMessages,null]"
    MAX_PRIORITY = 10
    MIN_PRIORITY = 1
    NORM_PRIORITY = 5
    createCount = "/* Could not access createCount */"
    tidLock = "/* Could not access tidLock */"
    tidCount = "/* Could not access tidCount */"
    NANOS_MAX = "/* Could not access NANOS_MAX */"
    INITIAL_LOCAL_STORAGE_CAPACITY = "/* Could not access INITIAL_LOCAL_STORAGE_CAPACITY */"
    NO_REF = "/* Could not access NO_REF */"
    threadRef = "/* Could not access threadRef */"
    stackSize = "/* Could not access stackSize */"
    deadInterrupt = "/* Could not access deadInterrupt */"
    started = "/* Could not access started */"
    name = "/* Could not access name */"
    priority = "/* Could not access priority */"
    isDaemon = "/* Could not access isDaemon */"
    group = "/* Could not access group */"
    runnable = "/* Could not access runnable */"
    stopCalled = "/* Could not access stopCalled */"
    contextClassLoader = "/* Could not access contextClassLoader */"
    threadLocals = "/* Could not access threadLocals */"
    inheritedAccessControlContext = "/* Could not access inheritedAccessControlContext */"
    lock = "/* Could not access lock */"
    inheritableThreadLocals = "/* Could not access inheritableThreadLocals */"
    blockOn = "/* Could not access blockOn */"
    threadLocalsIndex = "/* Could not access threadLocalsIndex */"
    inheritableThreadLocalsIndex = "/* Could not access inheritableThreadLocalsIndex */"
    exceptionHandler = "/* Could not access exceptionHandler */"
    tid = "/* Could not access tid */"
    parkBlocker = "/* Could not access parkBlocker */"
    systemThreadGroup = "/* Could not access systemThreadGroup */"
    mainGroup = "/* Could not access mainGroup */"
    defaultExceptionHandler = "/* Could not access defaultExceptionHandler */"
    threadLocalRandomSeed = "/* Could not access threadLocalRandomSeed */"
    threadLocalRandomProbe = "/* Could not access threadLocalRandomProbe */"
    threadLocalRandomSecondarySeed = "/* Could not access threadLocalRandomSecondarySeed */"
    EMPTY_STACK_TRACE = "/* Could not access EMPTY_STACK_TRACE */"
  bundleOriginsListener = class com.ibm.ws.kernel.feature.internal.BundleInstallOriginBundleListener@1bfc5782
    tc = class com.ibm.websphere.ras.TraceComponent@65d086b8
      strings[0] = "TraceComponent[com.ibm.ws.kernel.feature.internal.BundleInstallOriginBundleListener,class com.ibm.ws.kernel.feature.internal.BundleInstallOriginBundleListener,[featureManager],com.ibm.ws.kernel.feature.internal.resources.ProvisionerMessages,null]"
    storagePath = "bundle.origin.cache"
    ctx = class org.eclipse.osgi.internal.framework.BundleContextImpl@772efca6
    bundleOriginCache = class java.io.File@526db286
      fs = "/* Could not access fs */"
      path = "/* Could not access path */"
      status = "/* Could not access status */"
      prefixLength = "/* Could not access prefixLength */"
      separatorChar = /
      separator = "/"
      pathSeparatorChar = :
      pathSeparator = ":"
      UNSAFE = "/* Could not access UNSAFE */"
      PATH_OFFSET = "/* Could not access PATH_OFFSET */"
      PREFIX_LENGTH_OFFSET = "/* Could not access PREFIX_LENGTH_OFFSET */"
      serialVersionUID = "/* Could not access serialVersionUID */"
      filePath = "/* Could not access filePath */"
      $assertionsDisabled = "/* Could not access $assertionsDisabled */"
    bundleOrigins = class java.util.Collections$SynchronizedMap@8a9b546a
      serialVersionUID = "/* Could not access serialVersionUID */"
      m = "/* Could not access m */"
      mutex = "/* Could not access mutex */"
      keySet = "/* Could not access keySet */"
      entrySet = "/* Could not access entrySet */"
      values = "/* Could not access values */"
    allTracked = class java.util.HashSet@75d94753
      serialVersionUID = "/* Could not access serialVersionUID */"
      map = "/* Could not access map */"
      PRESENT = "/* Could not access PRESENT */"
    serialVersionUID = -6094136040931465036
  supportedProcessTypes = class java.util.RegularEnumSet@a0e81a3c
    serialVersionUID = "/* Could not access serialVersionUID */"
    elements = "/* Could not access elements */"
    serialVersionUID = "/* Could not access serialVersionUID */"
    elementType = "/* Could not access elementType */"
    universe = "/* Could not access universe */"
  processTypeString = "server"
  deactivated = false
  libertyBoot = null
  frameworkWiring = class org.eclipse.osgi.container.ModuleContainer$ContainerWiring@3a9947d1
    monitor = class java.lang.Object@ad2d6155
    refreshThread = null
    this$0 = class org.eclipse.osgi.container.ModuleContainer@8ed17d1d
      secureAction = class org.eclipse.osgi.framework.util.SecureAction@3aa3b107
      locationLocks = class org.eclipse.osgi.internal.container.LockSet@3af9eae8
      nameLocks = class org.eclipse.osgi.internal.container.LockSet@6f24bdf4
      frameworkWiring = class org.eclipse.osgi.container.ModuleContainer$ContainerWiring@3a9947d1
      frameworkStartLevel = class org.eclipse.osgi.container.ModuleContainer$ContainerStartLevel@bdf331a3
      moduleDatabase = class org.eclipse.osgi.container.ModuleDatabase@de9bef26
      adaptor = class org.eclipse.osgi.internal.framework.EquinoxContainerAdaptor@b35a0d25
      moduleResolver = class org.eclipse.osgi.container.ModuleResolver@a048af6a
      refreshingSystemModule = class java.util.concurrent.atomic.AtomicReference@fb620c6f
      moduleLockTimeout = 5
      autoStartOnResolve = false
      restrictParallelStart = true
      DEBUG_MONITOR_LAZY = false
      DEBUG_BUNDLE_START_TIME = false
      _resolutionLock = class org.eclipse.osgi.container.ModuleContainer$ResolutionLock@67afb5fb
      _bundleStateLock = class java.util.concurrent.locks.ReentrantLock@3cacd6d8
  iFixSet = class java.util.concurrent.CopyOnWriteArraySet@73223c77
    serialVersionUID = "/* Could not access serialVersionUID */"
    al = "/* Could not access al */"
  tFixSet = class java.util.concurrent.CopyOnWriteArraySet@d8fa3ed9
    serialVersionUID = "/* Could not access serialVersionUID */"
    al = "/* Could not access al */"
  fixLock = class java.util.concurrent.atomic.AtomicBoolean@c072e072
    serialVersionUID = "/* Could not access serialVersionUID */"
    VALUE = "/* Could not access VALUE */"
    value = "/* Could not access value */"
  serverReadyChecks = class java.util.ArrayList@537d8c3b
    serialVersionUID = "/* Could not access serialVersionUID */"
    DEFAULT_CAPACITY = "/* Could not access DEFAULT_CAPACITY */"
    EMPTY_ELEMENTDATA = "/* Could not access EMPTY_ELEMENTDATA */"
    DEFAULTCAPACITY_EMPTY_ELEMENTDATA = "/* Could not access DEFAULTCAPACITY_EMPTY_ELEMENTDATA */"
    elementData = "/* Could not access elementData */"
    size = "/* Could not access size */"
    modCount = "/* Could not access modCount */"
  serialVersionUID = -6868847374276192058

