------Start of DE processing------ = [12/10/25, 22:08:56:962 UTC]
Exception = java.net.NoRouteToHostException
Source = org.apache.cxf.jaxrs.client.AbstractClient
probeid = 535
Stack Dump = java.net.NoRouteToHostException: No route to host
	at java.base/sun.nio.ch.Net.pollConnect(Native Method)
	at java.base/sun.nio.ch.Net.pollConnectNow(Net.java:672)
	at java.base/sun.nio.ch.NioSocketImpl.timedFinishConnect(NioSocketImpl.java:561)
	at java.base/sun.nio.ch.NioSocketImpl.connect(NioSocketImpl.java:609)
	at java.base/java.net.Socket.connect(Socket.java:633)
	at java.base/sun.net.NetworkClient.doConnect(NetworkClient.java:178)
	at java.base/sun.net.www.http.HttpClient.openServer(HttpClient.java:533)
	at java.base/sun.net.www.http.HttpClient.openServer(HttpClient.java:638)
	at java.base/sun.net.www.http.HttpClient.<init>(HttpClient.java:283)
	at java.base/sun.net.www.http.HttpClient.New(HttpClient.java:386)
	at java.base/sun.net.www.http.HttpClient.New(HttpClient.java:408)
	at java.base/sun.net.www.protocol.http.HttpURLConnection.getNewHttpClient(HttpURLConnection.java:1325)
	at java.base/sun.net.www.protocol.http.HttpURLConnection.plainConnect0(HttpURLConnection.java:1303)
	at java.base/sun.net.www.protocol.http.HttpURLConnection.plainConnect(HttpURLConnection.java:1144)
	at java.base/sun.net.www.protocol.http.HttpURLConnection.connect(HttpURLConnection.java:1073)
	at java.base/sun.net.www.protocol.http.HttpURLConnection.getOutputStream0(HttpURLConnection.java:1467)
	at java.base/sun.net.www.protocol.http.HttpURLConnection.getOutputStream(HttpURLConnection.java:1438)
	at org.apache.cxf.transport.http.URLConnectionHTTPConduit$URLConnectionWrappedOutputStream.setupWrappedStream(URLConnectionHTTPConduit.java:340)
	at org.apache.cxf.transport.http.HTTPConduit$WrappedOutputStream.handleHeadersTrustCaching(HTTPConduit.java:1496)
	at org.apache.cxf.transport.http.HTTPConduit$WrappedOutputStream.onFirstWrite(HTTPConduit.java:1452)
	at org.apache.cxf.transport.http.URLConnectionHTTPConduit$URLConnectionWrappedOutputStream.onFirstWrite(URLConnectionHTTPConduit.java:373)
	at org.apache.cxf.io.AbstractWrappedOutputStream.write(AbstractWrappedOutputStream.java:47)
	at org.apache.cxf.io.AbstractThresholdOutputStream.write(AbstractThresholdOutputStream.java:69)
	at org.apache.cxf.io.AbstractWrappedOutputStream.write(AbstractWrappedOutputStream.java:51)
	at org.apache.cxf.io.AbstractWrappedOutputStream.write(AbstractWrappedOutputStream.java:60)
	at org.apache.cxf.jaxrs.provider.StringTextProvider.writeTo(StringTextProvider.java:73)
	at org.apache.cxf.jaxrs.provider.StringTextProvider.writeTo(StringTextProvider.java:36)
	at org.apache.cxf.jaxrs.utils.JAXRSUtils$3.run(JAXRSUtils.java:1765)
	at org.apache.cxf.jaxrs.utils.JAXRSUtils$3.run(JAXRSUtils.java:1762)
	at java.base/java.security.AccessController.doPrivileged(AccessController.java:751)
	at org.apache.cxf.jaxrs.utils.JAXRSUtils.writeMessageBody(JAXRSUtils.java:1762)
	at org.apache.cxf.jaxrs.client.AbstractClient.writeBody(AbstractClient.java:522)
	at org.apache.cxf.jaxrs.client.WebClient$BodyWriter.doWriteBody(WebClient.java:1223)
	at org.apache.cxf.jaxrs.client.AbstractClient$AbstractBodyWriter.handleMessage(AbstractClient.java:1224)
	at org.apache.cxf.phase.PhaseInterceptorChain.doIntercept(PhaseInterceptorChain.java:325)
	at org.apache.cxf.jaxrs.client.AbstractClient.doRunInterceptorChain(AbstractClient.java:711)
	at org.apache.cxf.jaxrs.client.WebClient.doChainedInvocation(WebClient.java:1086)
	at org.apache.cxf.jaxrs.client.WebClient.doInvoke(WebClient.java:932)
	at org.apache.cxf.jaxrs.client.WebClient.doInvoke(WebClient.java:901)
	at org.apache.cxf.jaxrs.client.WebClient.invoke(WebClient.java:461)
	at org.apache.cxf.jaxrs.client.SyncInvokerImpl.method(SyncInvokerImpl.java:150)
	at org.apache.cxf.jaxrs.client.SyncInvokerImpl.method(SyncInvokerImpl.java:145)
	at org.apache.cxf.jaxrs.client.SyncInvokerImpl.post(SyncInvokerImpl.java:85)
	at org.apache.cxf.jaxrs.client.spec.InvocationBuilderImpl.post(InvocationBuilderImpl.java:161)
	at com.ibm.zosconnect.zosasset.db2.internal.Db2ConnectionImpl.sendRequest(Db2ConnectionImpl.java:223)
	at com.ibm.zosconnect.zosasset.db2.internal.Db2ConnectionImpl.invoke(Db2ConnectionImpl.java:109)
	at com.ibm.zosconnect.zosasset.db2.internal.Db2ZosAsset.invoke(Db2ZosAsset.java:153)
	at com.ibm.zosconnect.engine.impl.ProviderInvokeOperationImpl.invokeEndpoint(ProviderInvokeOperationImpl.java:494)
	at com.ibm.zosconnect.engine.impl.ProviderInvokeOperationImpl.processOperationImpl(ProviderInvokeOperationImpl.java:217)
	at com.ibm.zosconnect.engine.impl.ProviderInvokeOperationImpl.processOperation(ProviderInvokeOperationImpl.java:122)
	at com.ibm.zosconnect.engine.impl.ProviderInvokeOperationImpl$Proxy$_$$_WeldClientProxy.processOperation(Unknown Source)
	at com.ibm.zosconnect.api.EmployeesApi.employeesIdGet(EmployeesApi.java:124)
	at com.ibm.zosconnect.api.EmployeesApi$Proxy$_$$_WeldSubclass.employeesIdGet$$super(Unknown Source)
	at java.base/jdk.internal.reflect.NativeMethodAccessorImpl.invoke0(Native Method)
	at java.base/jdk.internal.reflect.NativeMethodAccessorImpl.invoke(NativeMethodAccessorImpl.java:77)
	at java.base/jdk.internal.reflect.DelegatingMethodAccessorImpl.invoke(DelegatingMethodAccessorImpl.java:43)
	at java.base/java.lang.reflect.Method.invoke(Method.java:575)
	at org.jboss.weld.interceptor.proxy.TerminalAroundInvokeInvocationContext.proceedInternal(TerminalAroundInvokeInvocationContext.java:51)
	at org.jboss.weld.interceptor.proxy.AroundInvokeInvocationContext.proceed(AroundInvokeInvocationContext.java:78)
	at io.openliberty.microprofile.metrics.internal.cdi30.interceptors.SimplyTimedInterceptor.simplyTimedCallable(SimplyTimedInterceptor.java:101)
	at io.openliberty.microprofile.metrics.internal.cdi30.interceptors.SimplyTimedInterceptor.timedMethod(SimplyTimedInterceptor.java:74)
	at java.base/jdk.internal.reflect.NativeMethodAccessorImpl.invoke0(Native Method)
	at java.base/jdk.internal.reflect.NativeMethodAccessorImpl.invoke(NativeMethodAccessorImpl.java:77)
	at java.base/jdk.internal.reflect.DelegatingMethodAccessorImpl.invoke(DelegatingMethodAccessorImpl.java:43)
	at java.base/java.lang.reflect.Method.invoke(Method.java:575)
	at org.jboss.weld.interceptor.reader.SimpleInterceptorInvocation$SimpleMethodInvocation.invoke(SimpleInterceptorInvocation.java:73)
	at org.jboss.weld.interceptor.proxy.NonTerminalAroundInvokeInvocationContext.proceedInternal(NonTerminalAroundInvokeInvocationContext.java:66)
	at org.jboss.weld.interceptor.proxy.AroundInvokeInvocationContext.proceed(AroundInvokeInvocationContext.java:78)
	at io.openliberty.microprofile.metrics.internal.cdi30.interceptors.CountedInterceptor.countedCallable(CountedInterceptor.java:99)
	at io.openliberty.microprofile.metrics.internal.cdi30.interceptors.CountedInterceptor.countedMethod(CountedInterceptor.java:74)
	at java.base/jdk.internal.reflect.NativeMethodAccessorImpl.invoke0(Native Method)
	at java.base/jdk.internal.reflect.NativeMethodAccessorImpl.invoke(NativeMethodAccessorImpl.java:77)
	at java.base/jdk.internal.reflect.DelegatingMethodAccessorImpl.invoke(DelegatingMethodAccessorImpl.java:43)
	at java.base/java.lang.reflect.Method.invoke(Method.java:575)
	at org.jboss.weld.interceptor.reader.SimpleInterceptorInvocation$SimpleMethodInvocation.invoke(SimpleInterceptorInvocation.java:73)
	at org.jboss.weld.interceptor.proxy.InterceptorMethodHandler.executeAroundInvoke(InterceptorMethodHandler.java:84)
	at org.jboss.weld.interceptor.proxy.InterceptorMethodHandler.executeInterception(InterceptorMethodHandler.java:72)
	at org.jboss.weld.interceptor.proxy.InterceptorMethodHandler.invoke(InterceptorMethodHandler.java:56)
	at org.jboss.weld.bean.proxy.CombinedInterceptorAndDecoratorStackMethodHandler.invoke(CombinedInterceptorAndDecoratorStackMethodHandler.java:79)
	at org.jboss.weld.bean.proxy.CombinedInterceptorAndDecoratorStackMethodHandler.invoke(CombinedInterceptorAndDecoratorStackMethodHandler.java:68)
	at com.ibm.zosconnect.api.EmployeesApi$Proxy$_$$_WeldSubclass.employeesIdGet(Unknown Source)
	at com.ibm.zosconnect.api.EmployeesApi$Proxy$_$$_WeldClientProxy.employeesIdGet(Unknown Source)
	at java.base/jdk.internal.reflect.NativeMethodAccessorImpl.invoke0(Native Method)
	at java.base/jdk.internal.reflect.NativeMethodAccessorImpl.invoke(NativeMethodAccessorImpl.java:77)
	at java.base/jdk.internal.reflect.DelegatingMethodAccessorImpl.invoke(DelegatingMethodAccessorImpl.java:43)
	at java.base/java.lang.reflect.Method.invoke(Method.java:575)
	at com.ibm.ws.jaxrs20.cdi.component.JaxRsFactoryImplicitBeanCDICustomizer.serviceInvoke(JaxRsFactoryImplicitBeanCDICustomizer.java:352)
	at com.ibm.ws.jaxrs20.server.LibertyJaxRsServerFactoryBean.performInvocation(LibertyJaxRsServerFactoryBean.java:642)
	at com.ibm.ws.jaxrs20.server.LibertyJaxRsInvoker.performInvocation(LibertyJaxRsInvoker.java:161)
	at org.apache.cxf.service.invoker.AbstractInvoker.invoke(AbstractInvoker.java:101)
	at com.ibm.ws.jaxrs20.server.LibertyJaxRsInvoker.invoke(LibertyJaxRsInvoker.java:276)
	at org.apache.cxf.jaxrs.JAXRSInvoker.invoke(JAXRSInvoker.java:213)
	at com.ibm.ws.jaxrs20.server.LibertyJaxRsInvoker.invoke(LibertyJaxRsInvoker.java:460)
	at org.apache.cxf.jaxrs.JAXRSInvoker.invoke(JAXRSInvoker.java:112)
	at org.apache.cxf.interceptor.ServiceInvokerInterceptor$1.run(ServiceInvokerInterceptor.java:69)
	at org.apache.cxf.interceptor.ServiceInvokerInterceptor.handleMessage(ServiceInvokerInterceptor.java:120)
	at org.apache.cxf.phase.PhaseInterceptorChain.doIntercept(PhaseInterceptorChain.java:325)
	at org.apache.cxf.transport.ChainInitiationObserver.onMessage(ChainInitiationObserver.java:129)
	at org.apache.cxf.transport.http.AbstractHTTPDestination.invoke(AbstractHTTPDestination.java:278)
	at com.ibm.ws.jaxrs20.endpoint.AbstractJaxRsWebEndpoint.invoke(AbstractJaxRsWebEndpoint.java:139)
	at com.ibm.websphere.jaxrs.server.IBMRestServlet.handleRequest(IBMRestServlet.java:148)
	at com.ibm.websphere.jaxrs.server.IBMRestServlet.doGet(IBMRestServlet.java:114)
	at javax.servlet.http.HttpServlet.service(HttpServlet.java:686)
	at com.ibm.websphere.jaxrs.server.IBMRestServlet.service(IBMRestServlet.java:98)
	at com.ibm.ws.webcontainer.servlet.ServletWrapper.service(ServletWrapper.java:1266)
	at com.ibm.ws.webcontainer.servlet.ServletWrapper.handleRequest(ServletWrapper.java:754)
	at com.ibm.ws.webcontainer.servlet.ServletWrapper.handleRequest(ServletWrapper.java:451)
	at com.ibm.ws.webcontainer.filter.WebAppFilterChain.invokeTarget(WebAppFilterChain.java:197)
	at com.ibm.ws.webcontainer.filter.WebAppFilterChain.doFilter(WebAppFilterChain.java:100)
	at io.openliberty.http.monitor.ServletFilter.doFilter(ServletFilter.java:77)
	at com.ibm.ws.webcontainer.filter.FilterInstanceWrapper.doFilter(FilterInstanceWrapper.java:203)
	at com.ibm.ws.webcontainer.filter.WebAppFilterChain.doFilter(WebAppFilterChain.java:93)
	at com.ibm.zosconnect.provider.ApiFilter.doFilter(ApiFilter.java:44)
	at com.ibm.ws.webcontainer.filter.FilterInstanceWrapper.doFilter(FilterInstanceWrapper.java:203)
	at com.ibm.ws.webcontainer.filter.WebAppFilterChain.doFilter(WebAppFilterChain.java:93)
	at com.ibm.ws.webcontainer.filter.WebAppFilterManager.doFilter(WebAppFilterManager.java:1069)
	at com.ibm.ws.webcontainer.filter.WebAppFilterManager.invokeFilters(WebAppFilterManager.java:1260)
	at com.ibm.ws.webcontainer.webapp.WebApp.handleRequest(WebApp.java:5096)
	at com.ibm.ws.webcontainer.osgi.DynamicVirtualHost$2.handleRequest(DynamicVirtualHost.java:328)
	at com.ibm.ws.webcontainer.WebContainer.handleRequest(WebContainer.java:1047)
	at com.ibm.ws.webcontainer.osgi.DynamicVirtualHost$2.run(DynamicVirtualHost.java:293)
	at com.ibm.ws.http.dispatcher.internal.channel.HttpDispatcherLink$TaskWrapper.run(HttpDispatcherLink.java:1284)
	at com.ibm.ws.http.dispatcher.internal.channel.HttpDispatcherLink.wrapHandlerAndExecute(HttpDispatcherLink.java:500)
	at com.ibm.ws.http.dispatcher.internal.channel.HttpDispatcherLink.ready(HttpDispatcherLink.java:459)
	at com.ibm.ws.http.channel.internal.inbound.HttpInboundLink.handleDiscrimination(HttpInboundLink.java:569)
	at com.ibm.ws.http.channel.internal.inbound.HttpInboundLink.handleNewRequest(HttpInboundLink.java:503)
	at com.ibm.ws.http.channel.internal.inbound.HttpInboundLink.processRequest(HttpInboundLink.java:363)
	at com.ibm.ws.http.channel.internal.inbound.HttpICLReadCallback.complete(HttpICLReadCallback.java:72)
	at com.ibm.ws.channel.ssl.internal.SSLReadServiceContext$SSLReadCompletedCallback.complete(SSLReadServiceContext.java:1827)
	at com.ibm.ws.tcpchannel.internal.WorkQueueManager.requestComplete(WorkQueueManager.java:516)
	at com.ibm.ws.tcpchannel.internal.WorkQueueManager.attemptIO(WorkQueueManager.java:586)
	at com.ibm.ws.tcpchannel.internal.WorkQueueManager.workerRun(WorkQueueManager.java:970)
	at com.ibm.ws.tcpchannel.internal.WorkQueueManager$Worker.run(WorkQueueManager.java:1059)
	at com.ibm.ws.threading.internal.ExecutorServiceImpl$RunnableWrapper.run(ExecutorServiceImpl.java:344)
	at java.base/java.util.concurrent.ThreadPoolExecutor.runWorker(ThreadPoolExecutor.java:1136)
	at java.base/java.util.concurrent.ThreadPoolExecutor$Worker.run(ThreadPoolExecutor.java:635)
	at java.base/java.lang.Thread.run(Thread.java:853)

Dump of callerThis
Object type = org.apache.cxf.jaxrs.client.WebClient
  REQUEST_CLASS = "request.class"
  REQUEST_TYPE = "request.type"
  REQUEST_ANNS = "request.annotations"
  RESPONSE_CLASS = "response.class"
  RESPONSE_TYPE = "response.type"
  WEB_CLIENT_OPERATION_REPORTING = "enable.webclient.operation.reporting"
  bodyWriter = class org.apache.cxf.jaxrs.client.WebClient$BodyWriter@145675f9
    this$0 = class org.apache.cxf.jaxrs.client.WebClient@b7b20815
    serialVersionUID = -5384067197557138849
    $$$tc$$$ = class com.ibm.websphere.ras.TraceComponent@121ba6f8
      strings[0] = "TraceComponent[org.apache.cxf.jaxrs.client.AbstractClient$AbstractBodyWriter,class org.apache.cxf.jaxrs.client.AbstractClient$AbstractBodyWriter,[],null,null]"
    DISABLE_OUTPUTSTREAM_OPTIMIZATION = "disable.outputstream.optimization"
    OUT_BUFFERING = "org.apache.cxf.output.buffering"
    id = "org.apache.cxf.jaxrs.client.WebClient$BodyWriter"
    phase = "write"
    before = class org.apache.cxf.common.util.SortedArraySet@1b75dd3f
      data = class java.util.concurrent.atomic.AtomicReference@6b83a266
    after = class org.apache.cxf.common.util.SortedArraySet@104d7aca
      data = class java.util.concurrent.atomic.AtomicReference@518299bc
  EXECUTOR_SERVICE_PROPERTY = "executorService"
  REQUEST_CONTEXT = "RequestContext"
  RESPONSE_CONTEXT = "ResponseContext"
  KEEP_CONDUIT_ALIVE = "KeepConduitAlive"
  HTTP_SCHEME = "http"
  ALLOW_EMPTY_PATH_VALUES = "allow.empty.path.template.value"
  PROXY_PROPERTY = "jaxrs.proxy"
  HEADER_SPLIT_PROPERTY = "org.apache.cxf.http.header.split"
  SERVICE_NOT_AVAIL_PROPERTY = "org.apache.cxf.transport.service_not_available"
  COMPLETE_IF_SERVICE_NOT_AVAIL_PROPERTY = "org.apache.cxf.transport.complete_if_service_not_available"
  LOG = class io.openliberty.cxf.logging.CXFLogger@8aeba5f6
    className = "org.apache.cxf.jaxrs.client.AbstractClient"
    ivCachedResourceBundleName = "org.apache.cxf.jaxrs.client.Messages"
    ivCachedResourceBundle = class java.util.PropertyResourceBundle@753efccc
      encoding = "/* Could not access encoding */"
      lookup = "/* Could not access lookup */"
      INITIAL_CACHE_SIZE = "/* Could not access INITIAL_CACHE_SIZE */"
      NONEXISTENT_BUNDLE = "/* Could not access NONEXISTENT_BUNDLE */"
      cacheList = "/* Could not access cacheList */"
      referenceQueue = "/* Could not access referenceQueue */"
      parent = "/* Could not access parent */"
      locale = "/* Could not access locale */"
      name = "/* Could not access name */"
      expired = "/* Could not access expired */"
      cacheKey = "/* Could not access cacheKey */"
      keySet = "/* Could not access keySet */"
      UNKNOWN_FORMAT = "/* Could not access UNKNOWN_FORMAT */"
      TRACE_ON = "/* Could not access TRACE_ON */"
      $assertionsDisabled = "/* Could not access $assertionsDisabled */"
    ivComponent = null
    ivOrganization = null
    ivProduct = null
    ivMinimumLocalizationLevelIntValue = 625
    ivTC = class com.ibm.websphere.ras.TraceComponent@7011c259
      strings[0] = "TraceComponent[org.apache.cxf.jaxrs.client.AbstractClientorg.eclipse.osgi.internal.loader.EquinoxClassLoader@24b94a4f[com.ibm.ws.org.apache.cxf.cxf.rt.rs.client.3.2:1.0.105.cl250920250821-1629(id=110)],class org.apache.cxf.jaxrs.client.AbstractClient,[org.apache.cxf.jaxrs.client.AbstractClientorg.eclipse.osgi.internal.loader.EquinoxClassLoader@24b94a4f[com.ibm.ws.org.apache.cxf.cxf.rt.rs.client.3.2:1.0.105.cl250920250821-1629(id=110)]],org.apache.cxf.jaxrs.client.Messages,null]"
    loggerRegistrationComponent = class java.lang.ThreadLocal@8e8781b6
      threadLocalHashCode = "/* Could not access threadLocalHashCode */"
      nextHashCode = "/* Could not access nextHashCode */"
      HASH_INCREMENT = "/* Could not access HASH_INCREMENT */"
    emptyHandlers = "/* Could not access emptyHandlers */"
    offValue = "/* Could not access offValue */"
    SYSTEM_LOGGER_RB_NAME = "/* Could not access SYSTEM_LOGGER_RB_NAME */"
    SYSTEM_BUNDLE = "/* Could not access SYSTEM_BUNDLE */"
    NO_RESOURCE_BUNDLE = "/* Could not access NO_RESOURCE_BUNDLE */"
    config = "/* Could not access config */"
    manager = "/* Could not access manager */"
    name = "/* Could not access name */"
    loggerBundle = "/* Could not access loggerBundle */"
    anonymous = "/* Could not access anonymous */"
    catalogRef = "/* Could not access catalogRef */"
    catalogName = "/* Could not access catalogName */"
    catalogLocale = "/* Could not access catalogLocale */"
    treeLock = "/* Could not access treeLock */"
    parent = "/* Could not access parent */"
    kids = "/* Could not access kids */"
    callerModuleRef = "/* Could not access callerModuleRef */"
    isSystemLogger = "/* Could not access isSystemLogger */"
    GLOBAL_LOGGER_NAME = "global"
    global = class java.util.logging.Logger@e18b5eae
      emptyHandlers = "/* Could not access emptyHandlers */"
      offValue = "/* Could not access offValue */"
      SYSTEM_LOGGER_RB_NAME = "/* Could not access SYSTEM_LOGGER_RB_NAME */"
      SYSTEM_BUNDLE = "/* Could not access SYSTEM_BUNDLE */"
      NO_RESOURCE_BUNDLE = "/* Could not access NO_RESOURCE_BUNDLE */"
      config = "/* Could not access config */"
      manager = "/* Could not access manager */"
      name = "/* Could not access name */"
      loggerBundle = "/* Could not access loggerBundle */"
      anonymous = "/* Could not access anonymous */"
      catalogRef = "/* Could not access catalogRef */"
      catalogName = "/* Could not access catalogName */"
      catalogLocale = "/* Could not access catalogLocale */"
      treeLock = "/* Could not access treeLock */"
      parent = "/* Could not access parent */"
      kids = "/* Could not access kids */"
      callerModuleRef = "/* Could not access callerModuleRef */"
      isSystemLogger = "/* Could not access isSystemLogger */"
      GLOBAL_LOGGER_NAME = "global"
      global = class java.util.logging.Logger@e18b5eae
  KNOWN_METHODS = class java.util.HashSet@540fcd3a
    serialVersionUID = "/* Could not access serialVersionUID */"
    map = "/* Could not access map */"
    PRESENT = "/* Could not access PRESENT */"
  cfg = class org.apache.cxf.jaxrs.client.ClientConfiguration@5ca16434
    LOG = class io.openliberty.cxf.logging.CXFLogger@ddc6786d
      className = "org.apache.cxf.jaxrs.client.ClientConfiguration"
      ivCachedResourceBundleName = "org.apache.cxf.jaxrs.client.Messages"
      ivCachedResourceBundle = class java.util.PropertyResourceBundle@753efccc
      ivComponent = null
      ivOrganization = null
      ivProduct = null
      ivMinimumLocalizationLevelIntValue = 625
      ivTC = class com.ibm.websphere.ras.TraceComponent@e37bbe45
      loggerRegistrationComponent = class java.lang.ThreadLocal@8e8781b6
      emptyHandlers = "/* Could not access emptyHandlers */"
      offValue = "/* Could not access offValue */"
      SYSTEM_LOGGER_RB_NAME = "/* Could not access SYSTEM_LOGGER_RB_NAME */"
      SYSTEM_BUNDLE = "/* Could not access SYSTEM_BUNDLE */"
      NO_RESOURCE_BUNDLE = "/* Could not access NO_RESOURCE_BUNDLE */"
      config = "/* Could not access config */"
      manager = "/* Could not access manager */"
      name = "/* Could not access name */"
      loggerBundle = "/* Could not access loggerBundle */"
      anonymous = "/* Could not access anonymous */"
      catalogRef = "/* Could not access catalogRef */"
      catalogName = "/* Could not access catalogName */"
      catalogLocale = "/* Could not access catalogLocale */"
      treeLock = "/* Could not access treeLock */"
      parent = "/* Could not access parent */"
      kids = "/* Could not access kids */"
      callerModuleRef = "/* Could not access callerModuleRef */"
      isSystemLogger = "/* Could not access isSystemLogger */"
      GLOBAL_LOGGER_NAME = "global"
      global = class java.util.logging.Logger@e18b5eae
    inInterceptors = class org.apache.cxf.common.util.ModCountCopyOnWriteArrayList@5ae8df28
      serialVersionUID = 1783937035760941219
      modCount = class java.util.concurrent.atomic.AtomicInteger@81b8b76a
      serialVersionUID = "/* Could not access serialVersionUID */"
      lock = "/* Could not access lock */"
      array = "/* Could not access array */"
    outInterceptors = class org.apache.cxf.common.util.ModCountCopyOnWriteArrayList@42fdf4fc
      serialVersionUID = 1783937035760941219
      modCount = class java.util.concurrent.atomic.AtomicInteger@21d9e1a4
      serialVersionUID = "/* Could not access serialVersionUID */"
      lock = "/* Could not access lock */"
      array = "/* Could not access array */"
    outFault = class org.apache.cxf.common.util.ModCountCopyOnWriteArrayList@75c2d6b5
      serialVersionUID = 1783937035760941219
      modCount = class java.util.concurrent.atomic.AtomicInteger@7915c978
      serialVersionUID = "/* Could not access serialVersionUID */"
      lock = "/* Could not access lock */"
      array = "/* Could not access array */"
    inFault = class org.apache.cxf.common.util.ModCountCopyOnWriteArrayList@bad83826
      serialVersionUID = 1783937035760941219
      modCount = class java.util.concurrent.atomic.AtomicInteger@f4e62ee7
      serialVersionUID = "/* Could not access serialVersionUID */"
      lock = "/* Could not access lock */"
      array = "/* Could not access array */"
    conduitSelector = class org.apache.cxf.endpoint.UpfrontConduitSelector@def88761
      LOG = class io.openliberty.cxf.logging.CXFLogger@be10df55
      CONDUIT_COMPARE_FULL_URL = "org.apache.cxf.ConduitSelector.compareFullUrl"
      KEEP_CONDUIT_ALIVE = "KeepConduitAlive"
      conduits = class java.util.concurrent.CopyOnWriteArrayList@fbcba3ec
      endpoint = class org.apache.cxf.endpoint.EndpointImpl@ab5a0b8f
    bus = class com.ibm.ws.jaxrs20.bus.LibertyApplicationBus@a67badf2
      busCounter = class java.util.concurrent.atomic.AtomicInteger@e3578b2b
      serialVersionUID = 2386792285914827878
      $$$tc$$$ = class com.ibm.websphere.ras.TraceComponent@4a955c88
      BUS_PROPERTY_NAME = "bus"
      BUS_ID_PROPERTY_NAME = "org.apache.cxf.bus.id"
      extensions = class java.util.concurrent.ConcurrentHashMap@25197103
      missingExtensions = class java.util.concurrent.CopyOnWriteArraySet@83ac990a
      id = "RS-Client-Bus-api-s0w1.dal-ebis.ihost.com-5045"
      state = class org.apache.cxf.Bus$BusState@d6006d8f
      features = class java.util.concurrent.CopyOnWriteArrayList@9a7444ea
      properties = class java.util.concurrent.ConcurrentHashMap@44378788
      extensionManager = class org.apache.cxf.bus.extension.ExtensionManagerImpl@d45cd7d0
      in = class org.apache.cxf.common.util.ModCountCopyOnWriteArrayList@835d52d3
      out = class org.apache.cxf.common.util.ModCountCopyOnWriteArrayList@ecc1cad3
      outFault = class org.apache.cxf.common.util.ModCountCopyOnWriteArrayList@f2ae8e05
      inFault = class org.apache.cxf.common.util.ModCountCopyOnWriteArrayList@6a2214e2
    requestContext = class java.util.HashMap@f2173040
      serialVersionUID = "/* Could not access serialVersionUID */"
      DEFAULT_INITIAL_CAPACITY = "/* Could not access DEFAULT_INITIAL_CAPACITY */"
      MAXIMUM_CAPACITY = "/* Could not access MAXIMUM_CAPACITY */"
      DEFAULT_LOAD_FACTOR = "/* Could not access DEFAULT_LOAD_FACTOR */"
      TREEIFY_THRESHOLD = "/* Could not access TREEIFY_THRESHOLD */"
      UNTREEIFY_THRESHOLD = "/* Could not access UNTREEIFY_THRESHOLD */"
      MIN_TREEIFY_CAPACITY = "/* Could not access MIN_TREEIFY_CAPACITY */"
      table = "/* Could not access table */"
      entrySet = "/* Could not access entrySet */"
      size = "/* Could not access size */"
      modCount = "/* Could not access modCount */"
      threshold = "/* Could not access threshold */"
      loadFactor = "/* Could not access loadFactor */"
      keySet = "/* Could not access keySet */"
      values = "/* Could not access values */"
    responseContext = class java.util.HashMap@b33088b1
      serialVersionUID = "/* Could not access serialVersionUID */"
      DEFAULT_INITIAL_CAPACITY = "/* Could not access DEFAULT_INITIAL_CAPACITY */"
      MAXIMUM_CAPACITY = "/* Could not access MAXIMUM_CAPACITY */"
      DEFAULT_LOAD_FACTOR = "/* Could not access DEFAULT_LOAD_FACTOR */"
      TREEIFY_THRESHOLD = "/* Could not access TREEIFY_THRESHOLD */"
      UNTREEIFY_THRESHOLD = "/* Could not access UNTREEIFY_THRESHOLD */"
      MIN_TREEIFY_CAPACITY = "/* Could not access MIN_TREEIFY_CAPACITY */"
      table = "/* Could not access table */"
      entrySet = "/* Could not access entrySet */"
      size = "/* Could not access size */"
      modCount = "/* Could not access modCount */"
      threshold = "/* Could not access threshold */"
      loadFactor = "/* Could not access loadFactor */"
      keySet = "/* Could not access keySet */"
      values = "/* Could not access values */"
    synchronousTimeout = 60000
    shutdownBusOnClose = false
    resetThreadLocalStateImmediately = false
  state = class org.apache.cxf.jaxrs.client.LocalClientState@d52b5ff8
    HTTP_SCHEME = "http"
    WS_SCHEME = "ws"
    requestHeaders = class org.apache.cxf.jaxrs.impl.MetadataMap@c2119530
      caseInsensitive = true
      readOnly = false
      m = class java.util.LinkedHashMap@45503f81
    templates = null
    response = null
    baseURI = class java.net.URI@3d5fe9a0
      serialVersionUID = "/* Could not access serialVersionUID */"
      scheme = "/* Could not access scheme */"
      fragment = "/* Could not access fragment */"
      authority = "/* Could not access authority */"
      userInfo = "/* Could not access userInfo */"
      host = "/* Could not access host */"
      port = "/* Could not access port */"
      path = "/* Could not access path */"
      query = "/* Could not access query */"
      schemeSpecificPart = "/* Could not access schemeSpecificPart */"
      hash = "/* Could not access hash */"
      decodedUserInfo = "/* Could not access decodedUserInfo */"
      decodedAuthority = "/* Could not access decodedAuthority */"
      decodedPath = "/* Could not access decodedPath */"
      decodedQuery = "/* Could not access decodedQuery */"
      decodedFragment = "/* Could not access decodedFragment */"
      decodedSchemeSpecificPart = "/* Could not access decodedSchemeSpecificPart */"
      string = "/* Could not access string */"
      L_DIGIT = "/* Could not access L_DIGIT */"
      H_DIGIT = "/* Could not access H_DIGIT */"
      L_UPALPHA = "/* Could not access L_UPALPHA */"
      H_UPALPHA = "/* Could not access H_UPALPHA */"
      L_LOWALPHA = "/* Could not access L_LOWALPHA */"
      H_LOWALPHA = "/* Could not access H_LOWALPHA */"
      L_ALPHA = "/* Could not access L_ALPHA */"
      H_ALPHA = "/* Could not access H_ALPHA */"
      L_ALPHANUM = "/* Could not access L_ALPHANUM */"
      H_ALPHANUM = "/* Could not access H_ALPHANUM */"
      L_HEX = "/* Could not access L_HEX */"
      H_HEX = "/* Could not access H_HEX */"
      L_MARK = "/* Could not access L_MARK */"
      H_MARK = "/* Could not access H_MARK */"
      L_UNRESERVED = "/* Could not access L_UNRESERVED */"
      H_UNRESERVED = "/* Could not access H_UNRESERVED */"
      L_RESERVED = "/* Could not access L_RESERVED */"
      H_RESERVED = "/* Could not access H_RESERVED */"
      L_ESCAPED = "/* Could not access L_ESCAPED */"
      H_ESCAPED = "/* Could not access H_ESCAPED */"
      L_URIC = "/* Could not access L_URIC */"
      H_URIC = "/* Could not access H_URIC */"
      L_PCHAR = "/* Could not access L_PCHAR */"
      H_PCHAR = "/* Could not access H_PCHAR */"
      L_PATH = "/* Could not access L_PATH */"
      H_PATH = "/* Could not access H_PATH */"
      L_DASH = "/* Could not access L_DASH */"
      H_DASH = "/* Could not access H_DASH */"
      L_DOT = "/* Could not access L_DOT */"
      H_DOT = "/* Could not access H_DOT */"
      L_USERINFO = "/* Could not access L_USERINFO */"
      H_USERINFO = "/* Could not access H_USERINFO */"
      L_REG_NAME = "/* Could not access L_REG_NAME */"
      H_REG_NAME = "/* Could not access H_REG_NAME */"
      L_SERVER = "/* Could not access L_SERVER */"
      H_SERVER = "/* Could not access H_SERVER */"
      L_SERVER_PERCENT = "/* Could not access L_SERVER_PERCENT */"
      H_SERVER_PERCENT = "/* Could not access H_SERVER_PERCENT */"
      L_SCHEME = "/* Could not access L_SCHEME */"
      H_SCHEME = "/* Could not access H_SCHEME */"
      L_SCOPE_ID = "/* Could not access L_SCOPE_ID */"
      H_SCOPE_ID = "/* Could not access H_SCOPE_ID */"
      hexDigits = "/* Could not access hexDigits */"
      $assertionsDisabled = "/* Could not access $assertionsDisabled */"
    currentBuilder = class org.apache.cxf.jaxrs.impl.UriBuilderImpl@7543cb2c
      EXPAND_QUERY_VALUE_AS_COLLECTION = "expand.query.value.as.collection"
      USE_ARRAY_SYNTAX_FOR_QUERY_VALUES = "use.array.syntax.for.query.values"
      scheme = "http"
      userInfo = null
      port = 5045
      host = "s0w1.dal-ebis.ihost.com"
      paths = class java.util.ArrayList@b836560e
      originalPathEmpty = false
      leadingSlash = true
      fragment = null
      schemeSpecificPart = null
      query = class org.apache.cxf.jaxrs.impl.MetadataMap@d8c77da0
      matrix = class org.apache.cxf.jaxrs.impl.MetadataMap@9601e8d2
      resolvedTemplates = null
      resolvedTemplatesPathEnc = null
      resolvedEncodedTemplates = null
      queryValueIsCollection = false
      useArraySyntaxForQueryParams = false
    properties = null
  closed = class java.util.concurrent.atomic.AtomicBoolean@9a3f5309
    serialVersionUID = "/* Could not access serialVersionUID */"
    VALUE = "/* Could not access VALUE */"
    value = "/* Could not access value */"
  serialVersionUID = 2744192720789396431

Dump of objectArray[0]
Object type = java.lang.String
  String value = "{"EMPNO":"000150"}"

Dump of objectArray[1]
Object type = org.apache.cxf.message.MessageImpl
  LOG = class io.openliberty.cxf.logging.CXFLogger@4a3fca93
    className = "org.apache.cxf.message.MessageImpl"
    ivCachedResourceBundleName = null
    ivCachedResourceBundle = null
    ivComponent = null
    ivOrganization = null
    ivProduct = null
    ivMinimumLocalizationLevelIntValue = 625
    ivTC = class com.ibm.websphere.ras.TraceComponent@57ae50b5
      strings[0] = "TraceComponent[org.apache.cxf.message.MessageImplorg.eclipse.osgi.internal.loader.EquinoxClassLoader@cf3e8079[com.ibm.ws.org.apache.cxf.cxf.core.3.2:1.0.105.cl250920250821-1629(id=100)],class org.apache.cxf.message.MessageImpl,[org.apache.cxf.message.MessageImplorg.eclipse.osgi.internal.loader.EquinoxClassLoader@cf3e8079[com.ibm.ws.org.apache.cxf.cxf.core.3.2:1.0.105.cl250920250821-1629(id=100)]],null,null]"
    loggerRegistrationComponent = class java.lang.ThreadLocal@8e8781b6
      threadLocalHashCode = "/* Could not access threadLocalHashCode */"
      nextHashCode = "/* Could not access nextHashCode */"
      HASH_INCREMENT = "/* Could not access HASH_INCREMENT */"
    emptyHandlers = "/* Could not access emptyHandlers */"
    offValue = "/* Could not access offValue */"
    SYSTEM_LOGGER_RB_NAME = "/* Could not access SYSTEM_LOGGER_RB_NAME */"
    SYSTEM_BUNDLE = "/* Could not access SYSTEM_BUNDLE */"
    NO_RESOURCE_BUNDLE = "/* Could not access NO_RESOURCE_BUNDLE */"
    config = "/* Could not access config */"
    manager = "/* Could not access manager */"
    name = "/* Could not access name */"
    loggerBundle = "/* Could not access loggerBundle */"
    anonymous = "/* Could not access anonymous */"
    catalogRef = "/* Could not access catalogRef */"
    catalogName = "/* Could not access catalogName */"
    catalogLocale = "/* Could not access catalogLocale */"
    treeLock = "/* Could not access treeLock */"
    parent = "/* Could not access parent */"
    kids = "/* Could not access kids */"
    callerModuleRef = "/* Could not access callerModuleRef */"
    isSystemLogger = "/* Could not access isSystemLogger */"
    GLOBAL_LOGGER_NAME = "global"
    global = class java.util.logging.Logger@e18b5eae
      emptyHandlers = "/* Could not access emptyHandlers */"
      offValue = "/* Could not access offValue */"
      SYSTEM_LOGGER_RB_NAME = "/* Could not access SYSTEM_LOGGER_RB_NAME */"
      SYSTEM_BUNDLE = "/* Could not access SYSTEM_BUNDLE */"
      NO_RESOURCE_BUNDLE = "/* Could not access NO_RESOURCE_BUNDLE */"
      config = "/* Could not access config */"
      manager = "/* Could not access manager */"
      name = "/* Could not access name */"
      loggerBundle = "/* Could not access loggerBundle */"
      anonymous = "/* Could not access anonymous */"
      catalogRef = "/* Could not access catalogRef */"
      catalogName = "/* Could not access catalogName */"
      catalogLocale = "/* Could not access catalogLocale */"
      treeLock = "/* Could not access treeLock */"
      parent = "/* Could not access parent */"
      kids = "/* Could not access kids */"
      callerModuleRef = "/* Could not access callerModuleRef */"
      isSystemLogger = "/* Could not access isSystemLogger */"
      GLOBAL_LOGGER_NAME = "global"
      global = class java.util.logging.Logger@e18b5eae
  serialVersionUID = -3020763696429459865
  exchange = class org.apache.cxf.message.ExchangeImpl@b91f2342
    serialVersionUID = -3112077559217623594
    destination = null
    oneWay = false
    synchronous = true
    inMessage = null
    outMessage = class org.apache.cxf.message.MessageImpl@a58a7807
    inFaultMessage = null
    outFaultMessage = null
    session = null
    bus = class com.ibm.ws.jaxrs20.bus.LibertyApplicationBus@a67badf2
      busCounter = class java.util.concurrent.atomic.AtomicInteger@e3578b2b
      serialVersionUID = 2386792285914827878
      $$$tc$$$ = class com.ibm.websphere.ras.TraceComponent@4a955c88
      BUS_PROPERTY_NAME = "bus"
      BUS_ID_PROPERTY_NAME = "org.apache.cxf.bus.id"
      extensions = class java.util.concurrent.ConcurrentHashMap@25197103
      missingExtensions = class java.util.concurrent.CopyOnWriteArraySet@83ac990a
      id = "RS-Client-Bus-api-s0w1.dal-ebis.ihost.com-5045"
      state = class org.apache.cxf.Bus$BusState@d6006d8f
      features = class java.util.concurrent.CopyOnWriteArrayList@9a7444ea
      properties = class java.util.concurrent.ConcurrentHashMap@44378788
      extensionManager = class org.apache.cxf.bus.extension.ExtensionManagerImpl@d45cd7d0
      in = class org.apache.cxf.common.util.ModCountCopyOnWriteArrayList@835d52d3
      out = class org.apache.cxf.common.util.ModCountCopyOnWriteArrayList@ecc1cad3
      outFault = class org.apache.cxf.common.util.ModCountCopyOnWriteArrayList@f2ae8e05
      inFault = class org.apache.cxf.common.util.ModCountCopyOnWriteArrayList@6a2214e2
    endpoint = class org.apache.cxf.endpoint.EndpointImpl@ab5a0b8f
      serialVersionUID = -7660560719050162091
      LOG = class io.openliberty.cxf.logging.CXFLogger@f2fcad5d
      BUNDLE = class java.util.PropertyResourceBundle@9dd965a3
      service = class org.apache.cxf.jaxrs.JAXRSServiceImpl@bcbb7dd3
      binding = class org.apache.cxf.jaxrs.JAXRSBinding@53dda40
      endpointInfo = class org.apache.cxf.service.model.EndpointInfo@f6510081
      executor = null
      bus = class com.ibm.ws.jaxrs20.bus.LibertyApplicationBus@bde08cd0
      inFaultObserver = class org.apache.cxf.interceptor.InFaultChainInitiatorObserver@ce7f4ab6
      outFaultObserver = class org.apache.cxf.interceptor.OutFaultChainInitiatorObserver@4fcf6535
      activeFeatures = null
      cleanupHooks = null
      serialVersionUID = -1915876045710441978
      in = class org.apache.cxf.common.util.ModCountCopyOnWriteArrayList@474375c0
      out = class org.apache.cxf.common.util.ModCountCopyOnWriteArrayList@cd2bc1a
      outFault = class org.apache.cxf.common.util.ModCountCopyOnWriteArrayList@fcd998e6
      inFault = class org.apache.cxf.common.util.ModCountCopyOnWriteArrayList@71007181
      serialVersionUID = "/* Could not access serialVersionUID */"
      MAXIMUM_CAPACITY = "/* Could not access MAXIMUM_CAPACITY */"
      DEFAULT_CAPACITY = "/* Could not access DEFAULT_CAPACITY */"
      MAX_ARRAY_SIZE = "/* Could not access MAX_ARRAY_SIZE */"
      DEFAULT_CONCURRENCY_LEVEL = "/* Could not access DEFAULT_CONCURRENCY_LEVEL */"
      LOAD_FACTOR = "/* Could not access LOAD_FACTOR */"
      TREEIFY_THRESHOLD = "/* Could not access TREEIFY_THRESHOLD */"
      UNTREEIFY_THRESHOLD = "/* Could not access UNTREEIFY_THRESHOLD */"
      MIN_TREEIFY_CAPACITY = "/* Could not access MIN_TREEIFY_CAPACITY */"
      MIN_TRANSFER_STRIDE = "/* Could not access MIN_TRANSFER_STRIDE */"
      RESIZE_STAMP_BITS = "/* Could not access RESIZE_STAMP_BITS */"
      MAX_RESIZERS = "/* Could not access MAX_RESIZERS */"
      RESIZE_STAMP_SHIFT = "/* Could not access RESIZE_STAMP_SHIFT */"
      MOVED = "/* Could not access MOVED */"
      TREEBIN = "/* Could not access TREEBIN */"
      RESERVED = "/* Could not access RESERVED */"
      HASH_BITS = "/* Could not access HASH_BITS */"
      NCPU = "/* Could not access NCPU */"
      serialPersistentFields = "/* Could not access serialPersistentFields */"
      table = "/* Could not access table */"
      nextTable = "/* Could not access nextTable */"
      baseCount = "/* Could not access baseCount */"
      sizeCtl = "/* Could not access sizeCtl */"
      transferIndex = "/* Could not access transferIndex */"
      cellsBusy = "/* Could not access cellsBusy */"
      counterCells = "/* Could not access counterCells */"
      keySet = "/* Could not access keySet */"
      values = "/* Could not access values */"
      entrySet = "/* Could not access entrySet */"
      U = "/* Could not access U */"
      SIZECTL = "/* Could not access SIZECTL */"
      TRANSFERINDEX = "/* Could not access TRANSFERINDEX */"
      BASECOUNT = "/* Could not access BASECOUNT */"
      CELLSBUSY = "/* Could not access CELLSBUSY */"
      CELLVALUE = "/* Could not access CELLVALUE */"
      ABASE = "/* Could not access ABASE */"
      ASHIFT = "/* Could not access ASHIFT */"
      keySet = "/* Could not access keySet */"
      values = "/* Could not access values */"
    service = class org.apache.cxf.jaxrs.JAXRSServiceImpl@bcbb7dd3
      serialVersionUID = 6765400202555126993
      classResourceInfos = null
      dataBinding = null
      executor = null
      invoker = null
      endpoints = class java.util.HashMap@a48170ed
      address = "http://s0w1.dal-ebis.ihost.com:5045/services/SYSIBMSERVICE/getEmployee/V1"
      createServiceModel = false
      serviceName = null
      serialVersionUID = -1915876045710441978
      in = class org.apache.cxf.common.util.ModCountCopyOnWriteArrayList@51c99ace
      out = class org.apache.cxf.common.util.ModCountCopyOnWriteArrayList@d21b5d28
      outFault = class org.apache.cxf.common.util.ModCountCopyOnWriteArrayList@2635594b
      inFault = class org.apache.cxf.common.util.ModCountCopyOnWriteArrayList@7ae0c8e8
      serialVersionUID = "/* Could not access serialVersionUID */"
      MAXIMUM_CAPACITY = "/* Could not access MAXIMUM_CAPACITY */"
      DEFAULT_CAPACITY = "/* Could not access DEFAULT_CAPACITY */"
      MAX_ARRAY_SIZE = "/* Could not access MAX_ARRAY_SIZE */"
      DEFAULT_CONCURRENCY_LEVEL = "/* Could not access DEFAULT_CONCURRENCY_LEVEL */"
      LOAD_FACTOR = "/* Could not access LOAD_FACTOR */"
      TREEIFY_THRESHOLD = "/* Could not access TREEIFY_THRESHOLD */"
      UNTREEIFY_THRESHOLD = "/* Could not access UNTREEIFY_THRESHOLD */"
      MIN_TREEIFY_CAPACITY = "/* Could not access MIN_TREEIFY_CAPACITY */"
      MIN_TRANSFER_STRIDE = "/* Could not access MIN_TRANSFER_STRIDE */"
      RESIZE_STAMP_BITS = "/* Could not access RESIZE_STAMP_BITS */"
      MAX_RESIZERS = "/* Could not access MAX_RESIZERS */"
      RESIZE_STAMP_SHIFT = "/* Could not access RESIZE_STAMP_SHIFT */"
      MOVED = "/* Could not access MOVED */"
      TREEBIN = "/* Could not access TREEBIN */"
      RESERVED = "/* Could not access RESERVED */"
      HASH_BITS = "/* Could not access HASH_BITS */"
      NCPU = "/* Could not access NCPU */"
      serialPersistentFields = "/* Could not access serialPersistentFields */"
      table = "/* Could not access table */"
      nextTable = "/* Could not access nextTable */"
      baseCount = "/* Could not access baseCount */"
      sizeCtl = "/* Could not access sizeCtl */"
      transferIndex = "/* Could not access transferIndex */"
      cellsBusy = "/* Could not access cellsBusy */"
      counterCells = "/* Could not access counterCells */"
      keySet = "/* Could not access keySet */"
      values = "/* Could not access values */"
      entrySet = "/* Could not access entrySet */"
      U = "/* Could not access U */"
      SIZECTL = "/* Could not access SIZECTL */"
      TRANSFERINDEX = "/* Could not access TRANSFERINDEX */"
      BASECOUNT = "/* Could not access BASECOUNT */"
      CELLSBUSY = "/* Could not access CELLSBUSY */"
      CELLVALUE = "/* Could not access CELLVALUE */"
      ABASE = "/* Could not access ABASE */"
      ASHIFT = "/* Could not access ASHIFT */"
      keySet = "/* Could not access keySet */"
      values = "/* Could not access values */"
    binding = null
    bindingOp = null
    serialVersionUID = "/* Could not access serialVersionUID */"
    MAXIMUM_CAPACITY = "/* Could not access MAXIMUM_CAPACITY */"
    DEFAULT_CAPACITY = "/* Could not access DEFAULT_CAPACITY */"
    MAX_ARRAY_SIZE = "/* Could not access MAX_ARRAY_SIZE */"
    DEFAULT_CONCURRENCY_LEVEL = "/* Could not access DEFAULT_CONCURRENCY_LEVEL */"
    LOAD_FACTOR = "/* Could not access LOAD_FACTOR */"
    TREEIFY_THRESHOLD = "/* Could not access TREEIFY_THRESHOLD */"
    UNTREEIFY_THRESHOLD = "/* Could not access UNTREEIFY_THRESHOLD */"
    MIN_TREEIFY_CAPACITY = "/* Could not access MIN_TREEIFY_CAPACITY */"
    MIN_TRANSFER_STRIDE = "/* Could not access MIN_TRANSFER_STRIDE */"
    RESIZE_STAMP_BITS = "/* Could not access RESIZE_STAMP_BITS */"
    MAX_RESIZERS = "/* Could not access MAX_RESIZERS */"
    RESIZE_STAMP_SHIFT = "/* Could not access RESIZE_STAMP_SHIFT */"
    MOVED = "/* Could not access MOVED */"
    TREEBIN = "/* Could not access TREEBIN */"
    RESERVED = "/* Could not access RESERVED */"
    HASH_BITS = "/* Could not access HASH_BITS */"
    NCPU = "/* Could not access NCPU */"
    serialPersistentFields = "/* Could not access serialPersistentFields */"
    table = "/* Could not access table */"
    nextTable = "/* Could not access nextTable */"
    baseCount = "/* Could not access baseCount */"
    sizeCtl = "/* Could not access sizeCtl */"
    transferIndex = "/* Could not access transferIndex */"
    cellsBusy = "/* Could not access cellsBusy */"
    counterCells = "/* Could not access counterCells */"
    keySet = "/* Could not access keySet */"
    values = "/* Could not access values */"
    entrySet = "/* Could not access entrySet */"
    U = "/* Could not access U */"
    SIZECTL = "/* Could not access SIZECTL */"
    TRANSFERINDEX = "/* Could not access TRANSFERINDEX */"
    BASECOUNT = "/* Could not access BASECOUNT */"
    CELLSBUSY = "/* Could not access CELLSBUSY */"
    CELLVALUE = "/* Could not access CELLVALUE */"
    ABASE = "/* Could not access ABASE */"
    ASHIFT = "/* Could not access ASHIFT */"
    keySet = "/* Could not access keySet */"
    values = "/* Could not access values */"
  id = null
  interceptorChain = class org.apache.cxf.phase.PhaseInterceptorChain@623bc93
    PREVIOUS_MESSAGE = "org.apache.cxf.phase.PhaseInterceptorChain.PREVIOUS_MESSAGE"
    LOG = class io.openliberty.cxf.logging.CXFLogger@35f98a35
      className = "org.apache.cxf.phase.PhaseInterceptorChain"
      ivCachedResourceBundleName = null
      ivCachedResourceBundle = null
      ivComponent = null
      ivOrganization = null
      ivProduct = null
      ivMinimumLocalizationLevelIntValue = 625
      ivTC = class com.ibm.websphere.ras.TraceComponent@96d2d170
      loggerRegistrationComponent = class java.lang.ThreadLocal@8e8781b6
      emptyHandlers = "/* Could not access emptyHandlers */"
      offValue = "/* Could not access offValue */"
      SYSTEM_LOGGER_RB_NAME = "/* Could not access SYSTEM_LOGGER_RB_NAME */"
      SYSTEM_BUNDLE = "/* Could not access SYSTEM_BUNDLE */"
      NO_RESOURCE_BUNDLE = "/* Could not access NO_RESOURCE_BUNDLE */"
      config = "/* Could not access config */"
      manager = "/* Could not access manager */"
      name = "/* Could not access name */"
      loggerBundle = "/* Could not access loggerBundle */"
      anonymous = "/* Could not access anonymous */"
      catalogRef = "/* Could not access catalogRef */"
      catalogName = "/* Could not access catalogName */"
      catalogLocale = "/* Could not access catalogLocale */"
      treeLock = "/* Could not access treeLock */"
      parent = "/* Could not access parent */"
      kids = "/* Could not access kids */"
      callerModuleRef = "/* Could not access callerModuleRef */"
      isSystemLogger = "/* Could not access isSystemLogger */"
      GLOBAL_LOGGER_NAME = "global"
      global = class java.util.logging.Logger@e18b5eae
    CURRENT_MESSAGE = class java.lang.ThreadLocal@5add9e65
      threadLocalHashCode = "/* Could not access threadLocalHashCode */"
      nextHashCode = "/* Could not access nextHashCode */"
      HASH_INCREMENT = "/* Could not access HASH_INCREMENT */"
    nameMap = class java.util.HashMap@408b1711
      serialVersionUID = "/* Could not access serialVersionUID */"
      DEFAULT_INITIAL_CAPACITY = "/* Could not access DEFAULT_INITIAL_CAPACITY */"
      MAXIMUM_CAPACITY = "/* Could not access MAXIMUM_CAPACITY */"
      DEFAULT_LOAD_FACTOR = "/* Could not access DEFAULT_LOAD_FACTOR */"
      TREEIFY_THRESHOLD = "/* Could not access TREEIFY_THRESHOLD */"
      UNTREEIFY_THRESHOLD = "/* Could not access UNTREEIFY_THRESHOLD */"
      MIN_TREEIFY_CAPACITY = "/* Could not access MIN_TREEIFY_CAPACITY */"
      table = "/* Could not access table */"
      entrySet = "/* Could not access entrySet */"
      size = "/* Could not access size */"
      modCount = "/* Could not access modCount */"
      threshold = "/* Could not access threshold */"
      loadFactor = "/* Could not access loadFactor */"
      keySet = "/* Could not access keySet */"
      values = "/* Could not access values */"
    phases = class org.apache.cxf.phase.Phase[32]
      Phase[0] = class org.apache.cxf.phase.Phase@69a49bf3
      Phase[1] = class org.apache.cxf.phase.Phase@23492315
      Phase[2] = class org.apache.cxf.phase.Phase@e92c5e7
      Phase[3] = class org.apache.cxf.phase.Phase@aa28f7ca
      Phase[4] = class org.apache.cxf.phase.Phase@48a452f3
      Phase[5] = class org.apache.cxf.phase.Phase@ed4b7e90
      Phase[6] = class org.apache.cxf.phase.Phase@4a2e4d26
      Phase[7] = class org.apache.cxf.phase.Phase@7d696821
      Phase[8] = class org.apache.cxf.phase.Phase@8cdc433e
      Phase[9] = class org.apache.cxf.phase.Phase@4a9d168c
      Phase[10] = class org.apache.cxf.phase.Phase@f8b31df4
      Phase[11] = class org.apache.cxf.phase.Phase@e8e09832
      Phase[12] = class org.apache.cxf.phase.Phase@bed091b4
      Phase[13] = class org.apache.cxf.phase.Phase@d672c87e
      Phase[14] = class org.apache.cxf.phase.Phase@c9df6cb6
      Phase[15] = class org.apache.cxf.phase.Phase@718e8f0a
      Phase[16] = class org.apache.cxf.phase.Phase@d021999a
      Phase[17] = class org.apache.cxf.phase.Phase@ad1f8b36
      Phase[18] = class org.apache.cxf.phase.Phase@c7269bbc
      Phase[19] = class org.apache.cxf.phase.Phase@864c5db8
      Phase[20] = class org.apache.cxf.phase.Phase@9fb916c0
      Phase[21] = class org.apache.cxf.phase.Phase@4217dfe
      Phase[22] = class org.apache.cxf.phase.Phase@51f1901e
      Phase[23] = class org.apache.cxf.phase.Phase@18569cf3
      Phase[24] = class org.apache.cxf.phase.Phase@e121cdbd
      Phase[25] = class org.apache.cxf.phase.Phase@a0419ddc
      Phase[26] = class org.apache.cxf.phase.Phase@13d0f335
      Phase[27] = class org.apache.cxf.phase.Phase@9111733c
      Phase[28] = class org.apache.cxf.phase.Phase@f3354a1f
      Phase[29] = class org.apache.cxf.phase.Phase@bb891f5
      Phase[30] = class org.apache.cxf.phase.Phase@b1a4898
      Phase[31] = class org.apache.cxf.phase.Phase@760f49a5
    heads = class org.apache.cxf.phase.PhaseInterceptorChain$InterceptorHolder[32]
      InterceptorHolder[0] = null
      InterceptorHolder[1] = class org.apache.cxf.phase.PhaseInterceptorChain$InterceptorHolder@644b8ad8
      InterceptorHolder[2] = null
      InterceptorHolder[3] = null
      InterceptorHolder[4] = class org.apache.cxf.phase.PhaseInterceptorChain$InterceptorHolder@6a8e7ffe
      InterceptorHolder[5] = null
      InterceptorHolder[6] = null
      InterceptorHolder[7] = null
      InterceptorHolder[8] = class org.apache.cxf.phase.PhaseInterceptorChain$InterceptorHolder@6276e657
      InterceptorHolder[9] = null
      InterceptorHolder[10] = class org.apache.cxf.phase.PhaseInterceptorChain$InterceptorHolder@7982975e
      InterceptorHolder[11] = null
      InterceptorHolder[12] = null
      InterceptorHolder[13] = null
      InterceptorHolder[14] = null
      InterceptorHolder[15] = null
      InterceptorHolder[16] = null
      InterceptorHolder[17] = null
      InterceptorHolder[18] = null
      InterceptorHolder[19] = null
      InterceptorHolder[20] = null
      InterceptorHolder[21] = null
      InterceptorHolder[22] = null
      InterceptorHolder[23] = null
      InterceptorHolder[24] = null
      InterceptorHolder[25] = null
      InterceptorHolder[26] = null
      InterceptorHolder[27] = class org.apache.cxf.phase.PhaseInterceptorChain$InterceptorHolder@55e2a99f
      InterceptorHolder[28] = null
      InterceptorHolder[29] = null
      InterceptorHolder[30] = null
      InterceptorHolder[31] = null
    tails = class org.apache.cxf.phase.PhaseInterceptorChain$InterceptorHolder[32]
      InterceptorHolder[0] = null
      InterceptorHolder[1] = class org.apache.cxf.phase.PhaseInterceptorChain$InterceptorHolder@12fd70db
      InterceptorHolder[2] = null
      InterceptorHolder[3] = null
      InterceptorHolder[4] = class org.apache.cxf.phase.PhaseInterceptorChain$InterceptorHolder@6a8e7ffe
      InterceptorHolder[5] = null
      InterceptorHolder[6] = null
      InterceptorHolder[7] = null
      InterceptorHolder[8] = class org.apache.cxf.phase.PhaseInterceptorChain$InterceptorHolder@6276e657
      InterceptorHolder[9] = null
      InterceptorHolder[10] = class org.apache.cxf.phase.PhaseInterceptorChain$InterceptorHolder@7982975e
      InterceptorHolder[11] = null
      InterceptorHolder[12] = null
      InterceptorHolder[13] = null
      InterceptorHolder[14] = null
      InterceptorHolder[15] = null
      InterceptorHolder[16] = null
      InterceptorHolder[17] = null
      InterceptorHolder[18] = null
      InterceptorHolder[19] = null
      InterceptorHolder[20] = null
      InterceptorHolder[21] = null
      InterceptorHolder[22] = null
      InterceptorHolder[23] = null
      InterceptorHolder[24] = null
      InterceptorHolder[25] = null
      InterceptorHolder[26] = null
      InterceptorHolder[27] = class org.apache.cxf.phase.PhaseInterceptorChain$InterceptorHolder@55e2a99f
      InterceptorHolder[28] = null
      InterceptorHolder[29] = null
      InterceptorHolder[30] = null
      InterceptorHolder[31] = null
    hasAfters = {false,false,false,false,false,false,false,false,false,false,true,false,false,false,false,false,false,false,false,false,false,false,false,false,false,false,false,false,false,false,false,false} /* array length = 32 */
    state = class org.apache.cxf.interceptor.InterceptorChain$State@8bfbce52
      PAUSED = class org.apache.cxf.interceptor.InterceptorChain$State@e9a3fae6
      SUSPENDED = class org.apache.cxf.interceptor.InterceptorChain$State@33bb6fbe
      EXECUTING = class org.apache.cxf.interceptor.InterceptorChain$State@8bfbce52
      COMPLETE = class org.apache.cxf.interceptor.InterceptorChain$State@f017c685
      ABORTED = class org.apache.cxf.interceptor.InterceptorChain$State@609661c4
      $VALUES = class org.apache.cxf.interceptor.InterceptorChain$State[5]
      name = "/* Could not access name */"
      ordinal = "/* Could not access ordinal */"
    pausedMessage = null
    faultObserver = class org.apache.cxf.jaxrs.client.AbstractClient$1@92a36c64
      val$cfg = class org.apache.cxf.jaxrs.client.ClientConfiguration@5ca16434
      serialVersionUID = 4354542050075830178
      $$$tc$$$ = class com.ibm.websphere.ras.TraceComponent@e0c1274c
      LOG = class io.openliberty.cxf.logging.CXFLogger@cb5f7bb1
      bus = class com.ibm.ws.jaxrs20.bus.LibertyApplicationBus@a67badf2
      loader = null
      $assertionsDisabled = true
    iterator = class org.apache.cxf.phase.PhaseInterceptorChain$PhaseInterceptorIterator@56922480
      heads = class org.apache.cxf.phase.PhaseInterceptorChain$InterceptorHolder[32]
      prev = class org.apache.cxf.phase.PhaseInterceptorChain$InterceptorHolder@6276e657
      first = class org.apache.cxf.phase.PhaseInterceptorChain$InterceptorHolder@644b8ad8
    isFineLogging = false
    faultOccurred = false
    chainReleased = false
  contents = class java.lang.Object[20]
    Object[0] = class java.lang.Class@36ec6d9c
      serialVersionUID = "/* Could not access serialVersionUID */"
      SYNTHETIC = "/* Could not access SYNTHETIC */"
      ANNOTATION = "/* Could not access ANNOTATION */"
      ENUM = "/* Could not access ENUM */"
      MEMBER_INVALID_TYPE = "/* Could not access MEMBER_INVALID_TYPE */"
      EmptyParameters = "/* Could not access EmptyParameters */"
      vmRef = "/* Could not access vmRef */"
      module = "/* Could not access module */"
      protectionDomain = "/* Could not access protectionDomain */"
      classNameString = "/* Could not access classNameString */"
      cachedToString = "/* Could not access cachedToString */"
      fileNameString = "/* Could not access fileNameString */"
      packageNameString = "/* Could not access packageNameString */"
      annotationVars = "/* Could not access annotationVars */"
      annotationVarsOffset = "/* Could not access annotationVarsOffset */"
      classValueMap = "/* Could not access classValueMap */"
      enumVars = "/* Could not access enumVars */"
      enumVarsOffset = "/* Could not access enumVarsOffset */"
      initializationLock = "/* Could not access initializationLock */"
      methodHandleCache = "/* Could not access methodHandleCache */"
      classRepoHolder = "/* Could not access classRepoHolder */"
      annotationCache = "/* Could not access annotationCache */"
      annotationCacheOffset = "/* Could not access annotationCacheOffset */"
      reflectCacheEnabled = "/* Could not access reflectCacheEnabled */"
      reflectCacheDebug = "/* Could not access reflectCacheDebug */"
      reflectCacheAppOnly = "/* Could not access reflectCacheAppOnly */"
      metadataCache = "/* Could not access metadataCache */"
      metadataCacheOffset = "/* Could not access metadataCacheOffset */"
      cachedInterfaces = "/* Could not access cachedInterfaces */"
      cachedInterfacesOffset = "/* Could not access cachedInterfacesOffset */"
      cachedDeclaringClass = "/* Could not access cachedDeclaringClass */"
      cachedDeclaringClassOffset = "/* Could not access cachedDeclaringClassOffset */"
      cachedEnclosingClass = "/* Could not access cachedEnclosingClass */"
      cachedEnclosingClassOffset = "/* Could not access cachedEnclosingClassOffset */"
      cachedCheckInnerClassAttr = "/* Could not access cachedCheckInnerClassAttr */"
      EMPTY_ANNOTATION_ARRAY = "/* Could not access EMPTY_ANNOTATION_ARRAY */"
      implLookup = "/* Could not access implLookup */"
      unsafe = "/* Could not access unsafe */"
      nestHost = "/* Could not access nestHost */"
      cachedPermittedSubclasses = "/* Could not access cachedPermittedSubclasses */"
      cachedPermittedSubclassesOffset = "/* Could not access cachedPermittedSubclassesOffset */"
      reflectCache = "/* Could not access reflectCache */"
      reflectCacheOffset = "/* Could not access reflectCacheOffset */"
      reflectionFactory = "/* Could not access reflectionFactory */"
    Object[1] = class org.apache.cxf.message.MessageContentsList@ade164b9
      REMOVED_MARKER = class java.lang.Object@2f580cd2
      serialVersionUID = -5780720048950696258
      removed = class java.util.HashSet@fd6f76
      serialVersionUID = "/* Could not access serialVersionUID */"
      DEFAULT_CAPACITY = "/* Could not access DEFAULT_CAPACITY */"
      EMPTY_ELEMENTDATA = "/* Could not access EMPTY_ELEMENTDATA */"
      DEFAULTCAPACITY_EMPTY_ELEMENTDATA = "/* Could not access DEFAULTCAPACITY_EMPTY_ELEMENTDATA */"
      elementData = "/* Could not access elementData */"
      size = "/* Could not access size */"
      modCount = "/* Could not access modCount */"
    Object[2] = class java.lang.Class@b1b40313
      serialVersionUID = "/* Could not access serialVersionUID */"
      SYNTHETIC = "/* Could not access SYNTHETIC */"
      ANNOTATION = "/* Could not access ANNOTATION */"
      ENUM = "/* Could not access ENUM */"
      MEMBER_INVALID_TYPE = "/* Could not access MEMBER_INVALID_TYPE */"
      EmptyParameters = "/* Could not access EmptyParameters */"
      vmRef = "/* Could not access vmRef */"
      module = "/* Could not access module */"
      protectionDomain = "/* Could not access protectionDomain */"
      classNameString = "/* Could not access classNameString */"
      cachedToString = "/* Could not access cachedToString */"
      fileNameString = "/* Could not access fileNameString */"
      packageNameString = "/* Could not access packageNameString */"
      annotationVars = "/* Could not access annotationVars */"
      annotationVarsOffset = "/* Could not access annotationVarsOffset */"
      classValueMap = "/* Could not access classValueMap */"
      enumVars = "/* Could not access enumVars */"
      enumVarsOffset = "/* Could not access enumVarsOffset */"
      initializationLock = "/* Could not access initializationLock */"
      methodHandleCache = "/* Could not access methodHandleCache */"
      classRepoHolder = "/* Could not access classRepoHolder */"
      annotationCache = "/* Could not access annotationCache */"
      annotationCacheOffset = "/* Could not access annotationCacheOffset */"
      reflectCacheEnabled = "/* Could not access reflectCacheEnabled */"
      reflectCacheDebug = "/* Could not access reflectCacheDebug */"
      reflectCacheAppOnly = "/* Could not access reflectCacheAppOnly */"
      metadataCache = "/* Could not access metadataCache */"
      metadataCacheOffset = "/* Could not access metadataCacheOffset */"
      cachedInterfaces = "/* Could not access cachedInterfaces */"
      cachedInterfacesOffset = "/* Could not access cachedInterfacesOffset */"
      cachedDeclaringClass = "/* Could not access cachedDeclaringClass */"
      cachedDeclaringClassOffset = "/* Could not access cachedDeclaringClassOffset */"
      cachedEnclosingClass = "/* Could not access cachedEnclosingClass */"
      cachedEnclosingClassOffset = "/* Could not access cachedEnclosingClassOffset */"
      cachedCheckInnerClassAttr = "/* Could not access cachedCheckInnerClassAttr */"
      EMPTY_ANNOTATION_ARRAY = "/* Could not access EMPTY_ANNOTATION_ARRAY */"
      implLookup = "/* Could not access implLookup */"
      unsafe = "/* Could not access unsafe */"
      nestHost = "/* Could not access nestHost */"
      cachedPermittedSubclasses = "/* Could not access cachedPermittedSubclasses */"
      cachedPermittedSubclassesOffset = "/* Could not access cachedPermittedSubclassesOffset */"
      reflectCache = "/* Could not access reflectCache */"
      reflectCacheOffset = "/* Could not access reflectCacheOffset */"
      reflectionFactory = "/* Could not access reflectionFactory */"
    Object[3] = class org.apache.cxf.transport.http.ProxyOutputStream@a54e500a
      wrappedStream = class org.apache.cxf.transport.http.URLConnectionHTTPConduit$URLConnectionWrappedOutputStream@dc34d1f9
      written = true
      allowFlush = true
    Object[4] = class java.lang.Class@c04643da
      serialVersionUID = "/* Could not access serialVersionUID */"
      SYNTHETIC = "/* Could not access SYNTHETIC */"
      ANNOTATION = "/* Could not access ANNOTATION */"
      ENUM = "/* Could not access ENUM */"
      MEMBER_INVALID_TYPE = "/* Could not access MEMBER_INVALID_TYPE */"
      EmptyParameters = "/* Could not access EmptyParameters */"
      vmRef = "/* Could not access vmRef */"
      module = "/* Could not access module */"
      protectionDomain = "/* Could not access protectionDomain */"
      classNameString = "/* Could not access classNameString */"
      cachedToString = "/* Could not access cachedToString */"
      fileNameString = "/* Could not access fileNameString */"
      packageNameString = "/* Could not access packageNameString */"
      annotationVars = "/* Could not access annotationVars */"
      annotationVarsOffset = "/* Could not access annotationVarsOffset */"
      classValueMap = "/* Could not access classValueMap */"
      enumVars = "/* Could not access enumVars */"
      enumVarsOffset = "/* Could not access enumVarsOffset */"
      initializationLock = "/* Could not access initializationLock */"
      methodHandleCache = "/* Could not access methodHandleCache */"
      classRepoHolder = "/* Could not access classRepoHolder */"
      annotationCache = "/* Could not access annotationCache */"
      annotationCacheOffset = "/* Could not access annotationCacheOffset */"
      reflectCacheEnabled = "/* Could not access reflectCacheEnabled */"
      reflectCacheDebug = "/* Could not access reflectCacheDebug */"
      reflectCacheAppOnly = "/* Could not access reflectCacheAppOnly */"
      metadataCache = "/* Could not access metadataCache */"
      metadataCacheOffset = "/* Could not access metadataCacheOffset */"
      cachedInterfaces = "/* Could not access cachedInterfaces */"
      cachedInterfacesOffset = "/* Could not access cachedInterfacesOffset */"
      cachedDeclaringClass = "/* Could not access cachedDeclaringClass */"
      cachedDeclaringClassOffset = "/* Could not access cachedDeclaringClassOffset */"
      cachedEnclosingClass = "/* Could not access cachedEnclosingClass */"
      cachedEnclosingClassOffset = "/* Could not access cachedEnclosingClassOffset */"
      cachedCheckInnerClassAttr = "/* Could not access cachedCheckInnerClassAttr */"
      EMPTY_ANNOTATION_ARRAY = "/* Could not access EMPTY_ANNOTATION_ARRAY */"
      implLookup = "/* Could not access implLookup */"
      unsafe = "/* Could not access unsafe */"
      nestHost = "/* Could not access nestHost */"
      cachedPermittedSubclasses = "/* Could not access cachedPermittedSubclasses */"
      cachedPermittedSubclassesOffset = "/* Could not access cachedPermittedSubclassesOffset */"
      reflectCache = "/* Could not access reflectCache */"
      reflectCacheOffset = "/* Could not access reflectCacheOffset */"
      reflectionFactory = "/* Could not access reflectionFactory */"
    Object[5] = class org.apache.cxf.transport.http.ProxyOutputStream@a54e500a
    Object[6] = null
    Object[7] = null
    Object[8] = null
    Object[9] = null
    Object[10] = null
    Object[11] = null
    Object[12] = null
    Object[13] = null
    Object[14] = null
    Object[15] = null
    Object[16] = null
    Object[17] = null
    Object[18] = null
    Object[19] = null
  index = 6
  NOT_FOUND = class java.lang.Object@6f201cd2
  serialVersionUID = -4590903451121887
  serialVersionUID = "/* Could not access serialVersionUID */"
  DEFAULT_INITIAL_CAPACITY = "/* Could not access DEFAULT_INITIAL_CAPACITY */"
  MAXIMUM_CAPACITY = "/* Could not access MAXIMUM_CAPACITY */"
  DEFAULT_LOAD_FACTOR = "/* Could not access DEFAULT_LOAD_FACTOR */"
  TREEIFY_THRESHOLD = "/* Could not access TREEIFY_THRESHOLD */"
  UNTREEIFY_THRESHOLD = "/* Could not access UNTREEIFY_THRESHOLD */"
  MIN_TREEIFY_CAPACITY = "/* Could not access MIN_TREEIFY_CAPACITY */"
  table = "/* Could not access table */"
  entrySet = "/* Could not access entrySet */"
  size = "/* Could not access size */"
  modCount = "/* Could not access modCount */"
  threshold = "/* Could not access threshold */"
  loadFactor = "/* Could not access loadFactor */"
  keySet = "/* Could not access keySet */"
  values = "/* Could not access values */"

Dump of objectArray[2]
Object type = java.lang.Class
  serialVersionUID = "/* Could not access serialVersionUID */"
  SYNTHETIC = "/* Could not access SYNTHETIC */"
  ANNOTATION = "/* Could not access ANNOTATION */"
  ENUM = "/* Could not access ENUM */"
  MEMBER_INVALID_TYPE = "/* Could not access MEMBER_INVALID_TYPE */"
  EmptyParameters = "/* Could not access EmptyParameters */"
  vmRef = "/* Could not access vmRef */"
  module = "/* Could not access module */"
  protectionDomain = "/* Could not access protectionDomain */"
  classNameString = "/* Could not access classNameString */"
  cachedToString = "/* Could not access cachedToString */"
  fileNameString = "/* Could not access fileNameString */"
  packageNameString = "/* Could not access packageNameString */"
  annotationVars = "/* Could not access annotationVars */"
  annotationVarsOffset = "/* Could not access annotationVarsOffset */"
  classValueMap = "/* Could not access classValueMap */"
  enumVars = "/* Could not access enumVars */"
  enumVarsOffset = "/* Could not access enumVarsOffset */"
  initializationLock = "/* Could not access initializationLock */"
  methodHandleCache = "/* Could not access methodHandleCache */"
  classRepoHolder = "/* Could not access classRepoHolder */"
  annotationCache = "/* Could not access annotationCache */"
  annotationCacheOffset = "/* Could not access annotationCacheOffset */"
  reflectCacheEnabled = "/* Could not access reflectCacheEnabled */"
  reflectCacheDebug = "/* Could not access reflectCacheDebug */"
  reflectCacheAppOnly = "/* Could not access reflectCacheAppOnly */"
  metadataCache = "/* Could not access metadataCache */"
  metadataCacheOffset = "/* Could not access metadataCacheOffset */"
  cachedInterfaces = "/* Could not access cachedInterfaces */"
  cachedInterfacesOffset = "/* Could not access cachedInterfacesOffset */"
  cachedDeclaringClass = "/* Could not access cachedDeclaringClass */"
  cachedDeclaringClassOffset = "/* Could not access cachedDeclaringClassOffset */"
  cachedEnclosingClass = "/* Could not access cachedEnclosingClass */"
  cachedEnclosingClassOffset = "/* Could not access cachedEnclosingClassOffset */"
  cachedCheckInnerClassAttr = "/* Could not access cachedCheckInnerClassAttr */"
  EMPTY_ANNOTATION_ARRAY = "/* Could not access EMPTY_ANNOTATION_ARRAY */"
  implLookup = "/* Could not access implLookup */"
  unsafe = "/* Could not access unsafe */"
  nestHost = "/* Could not access nestHost */"
  cachedPermittedSubclasses = "/* Could not access cachedPermittedSubclasses */"
  cachedPermittedSubclassesOffset = "/* Could not access cachedPermittedSubclassesOffset */"
  reflectCache = "/* Could not access reflectCache */"
  reflectCacheOffset = "/* Could not access reflectCacheOffset */"
  reflectionFactory = "/* Could not access reflectionFactory */"

Dump of objectArray[3]
Object type = java.lang.Class
  serialVersionUID = "/* Could not access serialVersionUID */"
  SYNTHETIC = "/* Could not access SYNTHETIC */"
  ANNOTATION = "/* Could not access ANNOTATION */"
  ENUM = "/* Could not access ENUM */"
  MEMBER_INVALID_TYPE = "/* Could not access MEMBER_INVALID_TYPE */"
  EmptyParameters = "/* Could not access EmptyParameters */"
  vmRef = "/* Could not access vmRef */"
  module = "/* Could not access module */"
  protectionDomain = "/* Could not access protectionDomain */"
  classNameString = "/* Could not access classNameString */"
  cachedToString = "/* Could not access cachedToString */"
  fileNameString = "/* Could not access fileNameString */"
  packageNameString = "/* Could not access packageNameString */"
  annotationVars = "/* Could not access annotationVars */"
  annotationVarsOffset = "/* Could not access annotationVarsOffset */"
  classValueMap = "/* Could not access classValueMap */"
  enumVars = "/* Could not access enumVars */"
  enumVarsOffset = "/* Could not access enumVarsOffset */"
  initializationLock = "/* Could not access initializationLock */"
  methodHandleCache = "/* Could not access methodHandleCache */"
  classRepoHolder = "/* Could not access classRepoHolder */"
  annotationCache = "/* Could not access annotationCache */"
  annotationCacheOffset = "/* Could not access annotationCacheOffset */"
  reflectCacheEnabled = "/* Could not access reflectCacheEnabled */"
  reflectCacheDebug = "/* Could not access reflectCacheDebug */"
  reflectCacheAppOnly = "/* Could not access reflectCacheAppOnly */"
  metadataCache = "/* Could not access metadataCache */"
  metadataCacheOffset = "/* Could not access metadataCacheOffset */"
  cachedInterfaces = "/* Could not access cachedInterfaces */"
  cachedInterfacesOffset = "/* Could not access cachedInterfacesOffset */"
  cachedDeclaringClass = "/* Could not access cachedDeclaringClass */"
  cachedDeclaringClassOffset = "/* Could not access cachedDeclaringClassOffset */"
  cachedEnclosingClass = "/* Could not access cachedEnclosingClass */"
  cachedEnclosingClassOffset = "/* Could not access cachedEnclosingClassOffset */"
  cachedCheckInnerClassAttr = "/* Could not access cachedCheckInnerClassAttr */"
  EMPTY_ANNOTATION_ARRAY = "/* Could not access EMPTY_ANNOTATION_ARRAY */"
  implLookup = "/* Could not access implLookup */"
  unsafe = "/* Could not access unsafe */"
  nestHost = "/* Could not access nestHost */"
  cachedPermittedSubclasses = "/* Could not access cachedPermittedSubclasses */"
  cachedPermittedSubclassesOffset = "/* Could not access cachedPermittedSubclassesOffset */"
  reflectCache = "/* Could not access reflectCache */"
  reflectCacheOffset = "/* Could not access reflectCacheOffset */"
  reflectionFactory = "/* Could not access reflectionFactory */"

Dump of objectArray[4]
Object type = [Ljava.lang.annotation.Annotation;

Dump of objectArray[5]
Object type = org.apache.cxf.transport.http.ProxyOutputStream
  wrappedStream = class org.apache.cxf.transport.http.URLConnectionHTTPConduit$URLConnectionWrappedOutputStream@dc34d1f9
    connection = class sun.net.www.protocol.http.HttpURLConnection@5152c243
      HTTP_CONNECT = "/* Could not access HTTP_CONNECT */"
      version = "/* Could not access version */"
      userAgent = "/* Could not access userAgent */"
      defaultmaxRedirects = "/* Could not access defaultmaxRedirects */"
      maxRedirects = "/* Could not access maxRedirects */"
      validateProxy = "/* Could not access validateProxy */"
      validateServer = "/* Could not access validateServer */"
      disabledProxyingSchemes = "/* Could not access disabledProxyingSchemes */"
      disabledTunnelingSchemes = "/* Could not access disabledTunnelingSchemes */"
      strOutputStream = "/* Could not access strOutputStream */"
      RETRY_MSG1 = "/* Could not access RETRY_MSG1 */"
      RETRY_MSG2 = "/* Could not access RETRY_MSG2 */"
      RETRY_MSG3 = "/* Could not access RETRY_MSG3 */"
      enableESBuffer = "/* Could not access enableESBuffer */"
      timeout4ESBuffer = "/* Could not access timeout4ESBuffer */"
      bufSize4ES = "/* Could not access bufSize4ES */"
      maxHeaderSize = "/* Could not access maxHeaderSize */"
      allowRestrictedHeaders = "/* Could not access allowRestrictedHeaders */"
      restrictedHeaderSet = "/* Could not access restrictedHeaderSet */"
      restrictedHeaders = "/* Could not access restrictedHeaders */"
      httpVersion = "/* Could not access httpVersion */"
      acceptString = "/* Could not access acceptString */"
      EXCLUDE_HEADERS = "/* Could not access EXCLUDE_HEADERS */"
      EXCLUDE_HEADERS2 = "/* Could not access EXCLUDE_HEADERS2 */"
      http = "/* Could not access http */"
      handler = "/* Could not access handler */"
      instProxy = "/* Could not access instProxy */"
      authenticator = "/* Could not access authenticator */"
      authenticatorKey = "/* Could not access authenticatorKey */"
      cookieHandler = "/* Could not access cookieHandler */"
      cacheHandler = "/* Could not access cacheHandler */"
      usingProxy = "/* Could not access usingProxy */"
      cachedResponse = "/* Could not access cachedResponse */"
      cachedHeaders = "/* Could not access cachedHeaders */"
      cachedInputStream = "/* Could not access cachedInputStream */"
      ps = "/* Could not access ps */"
      errorStream = "/* Could not access errorStream */"
      setUserCookies = "/* Could not access setUserCookies */"
      userCookies = "/* Could not access userCookies */"
      userCookies2 = "/* Could not access userCookies2 */"
      defaultAuth = "/* Could not access defaultAuth */"
      requests = "/* Could not access requests */"
      userHeaders = "/* Could not access userHeaders */"
      connecting = "/* Could not access connecting */"
      domain = "/* Could not access domain */"
      digestparams = "/* Could not access digestparams */"
      currentProxyCredentials = "/* Could not access currentProxyCredentials */"
      currentServerCredentials = "/* Could not access currentServerCredentials */"
      needToCheck = "/* Could not access needToCheck */"
      doingNTLM2ndStage = "/* Could not access doingNTLM2ndStage */"
      doingNTLMp2ndStage = "/* Could not access doingNTLMp2ndStage */"
      tryTransparentNTLMServer = "/* Could not access tryTransparentNTLMServer */"
      tryTransparentNTLMProxy = "/* Could not access tryTransparentNTLMProxy */"
      useProxyResponseCode = "/* Could not access useProxyResponseCode */"
      authObj = "/* Could not access authObj */"
      isUserServerAuth = "/* Could not access isUserServerAuth */"
      isUserProxyAuth = "/* Could not access isUserProxyAuth */"
      serverAuthKey = "/* Could not access serverAuthKey */"
      proxyAuthKey = "/* Could not access proxyAuthKey */"
      pi = "/* Could not access pi */"
      responses = "/* Could not access responses */"
      inputStream = "/* Could not access inputStream */"
      poster = "/* Could not access poster */"
      setRequests = "/* Could not access setRequests */"
      failedOnce = "/* Could not access failedOnce */"
      rememberedException = "/* Could not access rememberedException */"
      reuseClient = "/* Could not access reuseClient */"
      tunnelState = "/* Could not access tunnelState */"
      connectTimeout = "/* Could not access connectTimeout */"
      readTimeout = "/* Could not access readTimeout */"
      socketPermission = "/* Could not access socketPermission */"
      logger = "/* Could not access logger */"
      connectionLock = "/* Could not access connectionLock */"
      requestURI = "/* Could not access requestURI */"
      cdata = "/* Could not access cdata */"
      SET_COOKIE = "/* Could not access SET_COOKIE */"
      SET_COOKIE2 = "/* Could not access SET_COOKIE2 */"
      filteredHeaders = "/* Could not access filteredHeaders */"
      $assertionsDisabled = "/* Could not access $assertionsDisabled */"
      method = "/* Could not access method */"
      chunkLength = "/* Could not access chunkLength */"
      fixedContentLength = "/* Could not access fixedContentLength */"
      fixedContentLengthLong = "/* Could not access fixedContentLengthLong */"
      DEFAULT_CHUNK_SIZE = "/* Could not access DEFAULT_CHUNK_SIZE */"
      responseCode = "/* Could not access responseCode */"
      responseMessage = "/* Could not access responseMessage */"
      followRedirects = "/* Could not access followRedirects */"
      instanceFollowRedirects = "/* Could not access instanceFollowRedirects */"
      methods = "/* Could not access methods */"
      HTTP_OK = 200
      HTTP_CREATED = 201
      HTTP_ACCEPTED = 202
      HTTP_NOT_AUTHORITATIVE = 203
      HTTP_NO_CONTENT = 204
      HTTP_RESET = 205
      HTTP_PARTIAL = 206
      HTTP_MULT_CHOICE = 300
      HTTP_MOVED_PERM = 301
      HTTP_MOVED_TEMP = 302
      HTTP_SEE_OTHER = 303
      HTTP_NOT_MODIFIED = 304
      HTTP_USE_PROXY = 305
      HTTP_BAD_REQUEST = 400
      HTTP_UNAUTHORIZED = 401
      HTTP_PAYMENT_REQUIRED = 402
      HTTP_FORBIDDEN = 403
      HTTP_NOT_FOUND = 404
      HTTP_BAD_METHOD = 405
      HTTP_NOT_ACCEPTABLE = 406
      HTTP_PROXY_AUTH = 407
      HTTP_CLIENT_TIMEOUT = 408
      HTTP_CONFLICT = 409
      HTTP_GONE = 410
      HTTP_LENGTH_REQUIRED = 411
      HTTP_PRECON_FAILED = 412
      HTTP_ENTITY_TOO_LARGE = 413
      HTTP_REQ_TOO_LONG = 414
      HTTP_UNSUPPORTED_TYPE = 415
      HTTP_SERVER_ERROR = 500
      HTTP_INTERNAL_ERROR = 500
      HTTP_NOT_IMPLEMENTED = 501
      HTTP_BAD_GATEWAY = 502
      HTTP_UNAVAILABLE = 503
      HTTP_GATEWAY_TIMEOUT = 504
      HTTP_VERSION = 505
      url = "/* Could not access url */"
      doInput = "/* Could not access doInput */"
      doOutput = "/* Could not access doOutput */"
      defaultAllowUserInteraction = "/* Could not access defaultAllowUserInteraction */"
      allowUserInteraction = "/* Could not access allowUserInteraction */"
      defaultUseCaches = "/* Could not access defaultUseCaches */"
      useCaches = "/* Could not access useCaches */"
      defaultCaching = "/* Could not access defaultCaching */"
      ifModifiedSince = "/* Could not access ifModifiedSince */"
      connected = "/* Could not access connected */"
      connectTimeout = "/* Could not access connectTimeout */"
      readTimeout = "/* Could not access readTimeout */"
      requests = "/* Could not access requests */"
      fileNameMap = "/* Could not access fileNameMap */"
      factory = "/* Could not access factory */"
      handlers = "/* Could not access handlers */"
      contentClassPrefix = "/* Could not access contentClassPrefix */"
      contentPathProp = "/* Could not access contentPathProp */"
      $assertionsDisabled = "/* Could not access $assertionsDisabled */"
    this$0 = class org.apache.cxf.transport.http.asyncclient.AsyncHTTPConduit@49368b78
      USE_ASYNC = "use.async.http.conduit"
      factory = class org.apache.cxf.transport.http.asyncclient.AsyncHTTPConduitFactory@5b779ef0
      lastTlsHash = -1
      sslState = null
      sslURL = null
      sslContext = null
      session = null
      client = null
      HTTPURL_CONNECTION_METHOD_REFLECTION = "use.httpurlconnection.method.reflection"
      SET_REASON_PHRASE_NOT_NULL = "set.reason.phrase.not.null"
      DEFAULT_USE_REFLECTION = false
      SET_REASON_PHRASE = false
      connectionFactory = class org.apache.cxf.transport.https.HttpsURLConnectionFactory@b38c754c
      KEY_HTTP_CONNECTION = "http.connection"
      KEY_HTTP_CONNECTION_ADDRESS = "http.connection.address"
      SET_HTTP_RESPONSE_MESSAGE = "org.apache.cxf.transport.http.set.response.message"
      HTTP_RESPONSE_MESSAGE = "http.responseMessage"
      PROCESS_FAULT_ON_HTTP_400 = "org.apache.cxf.transport.process_fault_on_http_400"
      NO_IO_EXCEPTIONS = "org.apache.cxf.transport.no_io_exceptions"
      SERVICE_NOT_AVAILABLE_ON_HTTP_STATUS_CODES = "org.apache.cxf.transport.service_not_available_on_http_status_codes"
      LOG = class io.openliberty.cxf.logging.CXFLogger@392f1d64
      DEFAULT_SERVICE_NOT_AVAILABLE_ON_HTTP_STATUS_CODES = class java.util.Arrays$ArrayList@9d4e1906
      hasLoggedAsyncWarning = false
      tc = class com.ibm.websphere.ras.TraceComponent@82b03794
      SC_HTTP_CONDUIT_SUFFIX = ".http-conduit"
      AUTO_REDIRECT_SAME_HOST_ONLY = "http.redirect.same.host.only"
      AUTO_REDIRECT_ALLOW_REL_URI = "http.redirect.relative.uri"
      AUTO_REDIRECT_ALLOWED_URI = "http.redirect.allowed.uri"
      AUTO_REDIRECT_MAX_SAME_URI_COUNT = "http.redirect.max.same.uri.count"
      HTTP_POST_METHOD = "POST"
      HTTP_GET_METHOD = "GET"
      KNOWN_HTTP_VERBS_WITH_NO_CONTENT = class java.util.HashSet@34161fac
      AUTHORIZED_REDIRECTED_HTTP_VERBS = "http.redirect.allowed.verbs"
      KEY_VISITED_URLS = "VisitedURLs"
      KEY_AUTH_URLS = "AuthURLs"
      bus = class com.ibm.ws.jaxrs20.bus.LibertyApplicationBus@a67badf2
      endpointInfo = class org.apache.cxf.service.model.EndpointInfo@f6510081
      defaultAddress = class org.apache.cxf.transport.http.Address@1a3c6b98
      fromEndpointReferenceType = true
      proxyFactory = class org.apache.cxf.transport.http.ProxyFactory@feafb1b4
      clientSidePolicy = class org.apache.cxf.transports.http.configuration.HTTPClientPolicy@fc22470
      authorizationPolicy = class org.apache.cxf.configuration.security.AuthorizationPolicy@9161782f
      proxyAuthorizationPolicy = class org.apache.cxf.configuration.security.ProxyAuthorizationPolicy@2ba5c2de
      tlsClientParameters = null
      trustDecider = null
      authSupplier = class org.apache.cxf.transport.http.auth.DefaultBasicAuthSupplier@5d9c3802
      proxyAuthSupplier = class org.apache.cxf.transport.http.auth.DefaultBasicAuthSupplier@bc47923a
      cookies = class org.apache.cxf.transport.http.Cookies@6076874f
      certConstraints = null
      clientSidePolicyCalced = true
      enableAutoRedirect = false
      serialVersionUID = -3452202082437820880
      target = class org.apache.cxf.ws.addressing.EndpointReferenceType@487be33
      incomingObserver = class org.apache.cxf.jaxrs.client.ClientMessageObserver@29c56a13
    cachingForRetransmission = false
    chunking = false
    cachedStream = null
    outMessage = class org.apache.cxf.message.MessageImpl@a58a7807
      LOG = class io.openliberty.cxf.logging.CXFLogger@4a3fca93
      serialVersionUID = -3020763696429459865
      exchange = class org.apache.cxf.message.ExchangeImpl@b91f2342
      id = null
      interceptorChain = class org.apache.cxf.phase.PhaseInterceptorChain@623bc93
      contents = class java.lang.Object[20]
      index = 6
      NOT_FOUND = class java.lang.Object@6f201cd2
      serialVersionUID = -4590903451121887
      serialVersionUID = "/* Could not access serialVersionUID */"
      DEFAULT_INITIAL_CAPACITY = "/* Could not access DEFAULT_INITIAL_CAPACITY */"
      MAXIMUM_CAPACITY = "/* Could not access MAXIMUM_CAPACITY */"
      DEFAULT_LOAD_FACTOR = "/* Could not access DEFAULT_LOAD_FACTOR */"
      TREEIFY_THRESHOLD = "/* Could not access TREEIFY_THRESHOLD */"
      UNTREEIFY_THRESHOLD = "/* Could not access UNTREEIFY_THRESHOLD */"
      MIN_TREEIFY_CAPACITY = "/* Could not access MIN_TREEIFY_CAPACITY */"
      table = "/* Could not access table */"
      entrySet = "/* Could not access entrySet */"
      size = "/* Could not access size */"
      modCount = "/* Could not access modCount */"
      threshold = "/* Could not access threshold */"
      loadFactor = "/* Could not access loadFactor */"
      keySet = "/* Could not access keySet */"
      values = "/* Could not access values */"
    conduitName = "{http://s0w1.dal-ebis.ihost.com:5045/services/SYSIBMSERVICE/getEmployee/V1}WebClient.http-conduit"
    url = class java.net.URI@7cfc516e
      serialVersionUID = "/* Could not access serialVersionUID */"
      scheme = "/* Could not access scheme */"
      fragment = "/* Could not access fragment */"
      authority = "/* Could not access authority */"
      userInfo = "/* Could not access userInfo */"
      host = "/* Could not access host */"
      port = "/* Could not access port */"
      path = "/* Could not access path */"
      query = "/* Could not access query */"
      schemeSpecificPart = "/* Could not access schemeSpecificPart */"
      hash = "/* Could not access hash */"
      decodedUserInfo = "/* Could not access decodedUserInfo */"
      decodedAuthority = "/* Could not access decodedAuthority */"
      decodedPath = "/* Could not access decodedPath */"
      decodedQuery = "/* Could not access decodedQuery */"
      decodedFragment = "/* Could not access decodedFragment */"
      decodedSchemeSpecificPart = "/* Could not access decodedSchemeSpecificPart */"
      string = "/* Could not access string */"
      L_DIGIT = "/* Could not access L_DIGIT */"
      H_DIGIT = "/* Could not access H_DIGIT */"
      L_UPALPHA = "/* Could not access L_UPALPHA */"
      H_UPALPHA = "/* Could not access H_UPALPHA */"
      L_LOWALPHA = "/* Could not access L_LOWALPHA */"
      H_LOWALPHA = "/* Could not access H_LOWALPHA */"
      L_ALPHA = "/* Could not access L_ALPHA */"
      H_ALPHA = "/* Could not access H_ALPHA */"
      L_ALPHANUM = "/* Could not access L_ALPHANUM */"
      H_ALPHANUM = "/* Could not access H_ALPHANUM */"
      L_HEX = "/* Could not access L_HEX */"
      H_HEX = "/* Could not access H_HEX */"
      L_MARK = "/* Could not access L_MARK */"
      H_MARK = "/* Could not access H_MARK */"
      L_UNRESERVED = "/* Could not access L_UNRESERVED */"
      H_UNRESERVED = "/* Could not access H_UNRESERVED */"
      L_RESERVED = "/* Could not access L_RESERVED */"
      H_RESERVED = "/* Could not access H_RESERVED */"
      L_ESCAPED = "/* Could not access L_ESCAPED */"
      H_ESCAPED = "/* Could not access H_ESCAPED */"
      L_URIC = "/* Could not access L_URIC */"
      H_URIC = "/* Could not access H_URIC */"
      L_PCHAR = "/* Could not access L_PCHAR */"
      H_PCHAR = "/* Could not access H_PCHAR */"
      L_PATH = "/* Could not access L_PATH */"
      H_PATH = "/* Could not access H_PATH */"
      L_DASH = "/* Could not access L_DASH */"
      H_DASH = "/* Could not access H_DASH */"
      L_DOT = "/* Could not access L_DOT */"
      H_DOT = "/* Could not access H_DOT */"
      L_USERINFO = "/* Could not access L_USERINFO */"
      H_USERINFO = "/* Could not access H_USERINFO */"
      L_REG_NAME = "/* Could not access L_REG_NAME */"
      H_REG_NAME = "/* Could not access H_REG_NAME */"
      L_SERVER = "/* Could not access L_SERVER */"
      H_SERVER = "/* Could not access H_SERVER */"
      L_SERVER_PERCENT = "/* Could not access L_SERVER_PERCENT */"
      H_SERVER_PERCENT = "/* Could not access H_SERVER_PERCENT */"
      L_SCHEME = "/* Could not access L_SCHEME */"
      H_SCHEME = "/* Could not access H_SCHEME */"
      L_SCOPE_ID = "/* Could not access L_SCOPE_ID */"
      H_SCOPE_ID = "/* Could not access H_SCOPE_ID */"
      hexDigits = "/* Could not access hexDigits */"
      $assertionsDisabled = "/* Could not access $assertionsDisabled */"
    this$0 = class org.apache.cxf.transport.http.asyncclient.AsyncHTTPConduit@49368b78
    threshold = 0
    buffer = null
    wrappedStream = null
    written = false
    allowFlush = true
  written = true
  allowFlush = true

