[12/12/25 05:07:56:570 UTC] - BAQW0056I: Undeploying API project.
[12/12/25 05:07:56:572 UTC] - BAQW0063I: Building API project.

> Task :clean
BAQG0001I: Deleting generated Java in /workspace/project/src/gen
BAQG0002I: Deleting generated config in /workspace/project/src/main/webapp

> Task :zosConnectPreBuildTask

> Task :openApiGenerate
################################################################################
# Thanks for using OpenAPI Generator.                                          #
# Please consider donation to help us maintain this project 🙏                 #
# https://opencollective.com/openapi_generator/donate                          #
################################################################################
Successfully generated code to /workspace/project

> Task :zosConnectApiFilter
> Task :compileJava
> Task :processResources NO-SOURCE
> Task :classes
> Task :jar
> Task :war
> Task :assemble
> Task :compileTestJava NO-SOURCE
> Task :processTestResources NO-SOURCE
> Task :testClasses UP-TO-DATE
> Task :test NO-SOURCE
> Task :check UP-TO-DATE
> Task :build

[Incubating] Problems report is available at: file:///workspace/project/build/reports/problems/problems-report.html

Deprecated Gradle features were used in this build, making it incompatible with Gradle 10.

You can use '--warning-mode all' to show the individual deprecation warnings and determine if they come from your own scripts or plugins.

For more on this, please refer to https://docs.gradle.org/9.0.0/userguide/command_line_interface.html#sec:command_line_warnings in the Gradle documentation.

BUILD SUCCESSFUL in 23s
8 actionable tasks: 8 executed
[12/12/25 05:08:20:556 UTC] - BAQW0064I: API project built successfully.
[12/12/25 05:08:20:565 UTC] - BAQW0057I: Deploying API project.
[12/12/25 05:08:21:603 UTC] - BAQW0068I: API project deployed successfully.
