<?xml version="1.0" ?>

<verbosegc xmlns="http://www.ibm.com/j9/verbosegc" version="266a8c6f5_CMPRSS">

<initialized id="1" timestamp="2025-12-14T22:18:37.054">
  <attribute name="gcPolicy" value="-Xgcpolicy:gencon" />
  <attribute name="maxHeapSize" value="0x20000000" />
  <attribute name="initialHeapSize" value="0x10000000" />
  <attribute name="compressedRefs" value="true" />
  <attribute name="compressedRefsDisplacement" value="0x0" />
  <attribute name="compressedRefsShift" value="0x3" />
  <attribute name="pageSize" value="0x1000" />
  <attribute name="pageType" value="not used" />
  <attribute name="requestedPageSize" value="0x1000" />
  <attribute name="requestedPageType" value="not used" />
  <attribute name="gcthreads" value="20" />
  <attribute name="gcthreads Concurrent Mark" value="1" />
  <attribute name="packetListSplit" value="3" />
  <attribute name="cacheListSplit" value="3" />
  <attribute name="splitFreeListSplitAmount" value="3" />
  <attribute name="numaNodes" value="0" />
  <system>
    <attribute name="physicalMemory" value="16593895424" />
    <attribute name="addressablePhysicalMemory" value="16593895424" />
    <attribute name="container memory limit set" value="false" />
    <attribute name="numCPUs" value="20" />
    <attribute name="numCPUs active" value="20" />
    <attribute name="architecture" value="amd64" />
    <attribute name="os" value="Linux" />
    <attribute name="osVersion" value="6.6.87.2-microsoft-standard-WSL2" />
  </system>
  <vmargs>
    <vmarg name="-Xoptionsfile=/opt/java/openjdk/lib/options.default" />
    <vmarg name="-Xlockword:mode=default,noLockword=java/lang/String,noLockword=java/util/MapEntry,noLockword=java/util/HashMap$Entry,noLockword..." />
    <vmarg name="-XX:+EnsureHashed:java/lang/Class,java/lang/Thread" />
    <vmarg name="-Xjcl:jclse29" />
    <vmarg name="-Dcom.ibm.oti.vm.bootstrap.library.path=/opt/java/openjdk/lib/default:/opt/java/openjdk/lib" />
    <vmarg name="-Dsun.boot.library.path=/opt/java/openjdk/lib/default:/opt/java/openjdk/lib" />
    <vmarg name="-Djava.library.path=/opt/java/openjdk/lib/default:/opt/java/openjdk/lib:/usr/lib64:/usr/lib" />
    <vmarg name="-Djava.home=/opt/java/openjdk" />
    <vmarg name="-Duser.dir=/gradle/daemon/9.0.0" />
    <vmarg name="-XX:+IgnoreUnrecognizedVMOptions" />
    <vmarg name="-XX:+PortableSharedCache" />
    <vmarg name="-XX:+IdleTuningGcOnIdle" />
    <vmarg name="-Xshareclasses:name=openj9_system_scc,cacheDir=/opt/java/.scc,readonly,nonFatal" />
    <vmarg name="-Xverbosegclog:/logs/verbosegc.%seq.log,10,1024" />
    <vmarg name="-Djdk.nativePBKDF2=true" />
    <vmarg name="-XX:+IgnoreUnrecognizedVMOptions" />
    <vmarg name="-XX:+IdleTuningGcOnIdle" />
    <vmarg name="-Xshareclasses:name=openj9_system_scc,cacheDir=/opt/java/.scc,readonly,nonFatal" />
    <vmarg name="-Dosgi.checkConfiguration=false" />
    <vmarg name="-Djdk.nativePBKDF2=true" />
    <vmarg name="-XX:+IgnoreUnrecognizedVMOptions" />
    <vmarg name="-XX:+IdleTuningGcOnIdle" />
    <vmarg name="-Xshareclasses:name=openj9_system_scc,cacheDir=/opt/java/.scc,readonly,nonFatal" />
    <vmarg name="-Dosgi.checkConfiguration=false" />
    <vmarg name="--add-opens=java.base/java.lang=ALL-UNNAMED" />
    <vmarg name="--add-opens=java.base/java.lang.invoke=ALL-UNNAMED" />
    <vmarg name="--add-opens=java.base/java.util=ALL-UNNAMED" />
    <vmarg name="--add-opens=java.prefs/java.util.prefs=ALL-UNNAMED" />
    <vmarg name="--add-exports=jdk.compiler/com.sun.tools.javac.api=ALL-UNNAMED" />
    <vmarg name="--add-exports=jdk.compiler/com.sun.tools.javac.util=ALL-UNNAMED" />
    <vmarg name="--add-opens=java.base/java.util=ALL-UNNAMED" />
    <vmarg name="--add-opens=java.prefs/java.util.prefs=ALL-UNNAMED" />
    <vmarg name="--add-opens=java.base/java.nio.charset=ALL-UNNAMED" />
    <vmarg name="--add-opens=java.base/java.net=ALL-UNNAMED" />
    <vmarg name="--add-opens=java.base/java.util.concurrent=ALL-UNNAMED" />
    <vmarg name="--add-opens=java.base/java.util.concurrent.atomic=ALL-UNNAMED" />
    <vmarg name="--add-opens=java.xml/javax.xml.namespace=ALL-UNNAMED" />
    <vmarg name="-XX:MaxMetaspaceSize=384m" />
    <vmarg name="-XX:+HeapDumpOnOutOfMemoryError" />
    <vmarg name="-Xms256m" />
    <vmarg name="-Xmx512m" />
    <vmarg name="-Dfile.encoding=UTF-8" />
    <vmarg name="-Duser.country=US" />
    <vmarg name="-Duser.language=en" />
    <vmarg name="-Duser.variant" />
    <vmarg name="-Djava.class.path=/opt/gradle/lib/gradle-daemon-main-9.0.0.jar" />
    <vmarg name="-javaagent:/opt/gradle/lib/agents/gradle-instrumentation-agent-9.0.0.jar" />
    <vmarg name="-Dsun.java.command=org.gradle.launcher.daemon.bootstrap.GradleDaemon 9.0.0" />
    <vmarg name="-Dsun.java.launcher=SUN_STANDARD" />
  </vmargs>
</initialized>

<exclusive-start id="2" timestamp="2025-12-14T22:18:37.885" intervalms="830.617">
  <response-info timems="0.056" idlems="0.056" threads="0" lastid="0000000000025A00" lastname="main" />
</exclusive-start>
<af-start id="3" threadId="0000000000026478" totalBytesRequested="1296" timestamp="2025-12-14T22:18:37.886" intervalms="831.841" type="nursery" />
<cycle-start id="4" type="scavenge" contextid="0" timestamp="2025-12-14T22:18:37.887" intervalms="832.717" />
<gc-start id="5" type="scavenge" contextid="4" timestamp="2025-12-14T22:18:37.888">
  <mem-info id="6" free="200826784" total="268435456" percent="74">
    <mem type="nursery" free="0" total="67108864" percent="0">
      <mem type="allocate" free="0" total="33554432" percent="0" />
      <mem type="survivor" free="0" total="33554432" percent="0" />
    </mem>
    <mem type="tenure" free="200826784" total="201326592" percent="99">
      <mem type="soa" free="190759840" total="191259648" percent="99" />
      <mem type="loa" free="10066944" total="10066944" percent="100" />
    </mem>
    <remembered-set count="6585" />
  </mem-info>
</gc-start>
<allocation-stats totalBytes="34038128" discardedBytes="16112" >
  <allocated-bytes non-tlh="4851584" tlh="29186544" />
  <largest-consumer threadName="main" threadId="0000000000025A00" bytes="33881928" />
</allocation-stats>
<gc-op id="7" type="scavenge" timems="22.923" contextid="4" timestamp="2025-12-14T22:18:37.912">
  <scavenger-info tenureage="1" tenuremask="fffe" tiltratio="50" />
  <memory-copied type="nursery" objects="39951" bytes="9269232" bytesdiscarded="439256" />
  <finalization candidates="699" enqueued="442" />
  <ownableSynchronizers candidates="7" cleared="0" />
  <references type="soft" candidates="447" cleared="0" enqueued="0" dynamicThreshold="32" maxThreshold="32" />
  <references type="weak" candidates="2366" cleared="2074" enqueued="2074" />
  <references type="phantom" candidates="613" cleared="59" enqueued="59" />
  <object-monitors candidates="1" cleared="0"  />
</gc-op>
<gc-end id="8" type="scavenge" contextid="4" durationms="26.035" usertimems="37.512" systemtimems="28.458" stalltimems="361.188" timestamp="2025-12-14T22:18:37.914" activeThreads="20">
  <mem-info id="9" free="224668264" total="268435456" percent="83">
    <mem type="nursery" free="23841480" total="67108864" percent="35">
      <mem type="allocate" free="23841480" total="33554432" percent="71" />
      <mem type="survivor" free="0" total="33554432" percent="0" />
    </mem>
    <mem type="tenure" free="200826784" total="201326592" percent="99">
      <mem type="soa" free="190759840" total="191259648" percent="99" />
      <mem type="loa" free="10066944" total="10066944" percent="100" />
    </mem>
    <pending-finalizers system="442" default="0" reference="2133" classloader="0" />
    <remembered-set count="6585" />
  </mem-info>
</gc-end>
<cycle-end id="10" type="scavenge" contextid="4" timestamp="2025-12-14T22:18:37.914" />
<allocation-satisfied id="11" threadId="0000000000025A00" bytesRequested="1296" />
<af-end id="12" timestamp="2025-12-14T22:18:37.916" threadId="0000000000026478" success="true" from="nursery"/>
<exclusive-end id="13" timestamp="2025-12-14T22:18:37.916" durationms="31.688" />

<exclusive-start id="14" timestamp="2025-12-14T22:18:38.125" intervalms="240.763">
  <response-info timems="0.050" idlems="0.050" threads="0" lastid="0000000000025A00" lastname="main" />
</exclusive-start>
<af-start id="15" threadId="0000000000026478" totalBytesRequested="48" timestamp="2025-12-14T22:18:38.126" intervalms="240.289" type="nursery" />
<cycle-start id="16" type="scavenge" contextid="0" timestamp="2025-12-14T22:18:38.127" intervalms="240.278" />
<gc-start id="17" type="scavenge" contextid="16" timestamp="2025-12-14T22:18:38.128">
  <mem-info id="18" free="200791640" total="268435456" percent="74">
    <mem type="nursery" free="0" total="67108864" percent="0">
      <mem type="allocate" free="0" total="33554432" percent="0" />
      <mem type="survivor" free="0" total="33554432" percent="0" />
    </mem>
    <mem type="tenure" free="200791640" total="201326592" percent="99">
      <mem type="soa" free="190724696" total="191259648" percent="99" />
      <mem type="loa" free="10066944" total="10066944" percent="100" />
    </mem>
    <remembered-set count="7005" />
  </mem-info>
</gc-start>
<allocation-stats totalBytes="23873992" discardedBytes="2632" >
  <allocated-bytes non-tlh="36440" tlh="23837552" />
  <largest-consumer threadName="main" threadId="0000000000025A00" bytes="23861992" />
</allocation-stats>
<gc-op id="19" type="scavenge" timems="22.007" contextid="16" timestamp="2025-12-14T22:18:38.152">
  <scavenger-info tenureage="1" tenuremask="7ffe" tiltratio="50" />
  <memory-copied type="nursery" objects="21828" bytes="690952" bytesdiscarded="442800" />
  <memory-copied type="tenure" objects="33300" bytes="9028304" bytesdiscarded="8296" />
  <finalization candidates="290" enqueued="19" />
  <ownableSynchronizers candidates="7" cleared="0" />
  <references type="soft" candidates="15" cleared="0" enqueued="0" dynamicThreshold="32" maxThreshold="32" />
  <references type="weak" candidates="445" cleared="424" enqueued="422" />
  <references type="phantom" candidates="10" cleared="6" enqueued="6" />
  <object-monitors candidates="1" cleared="0"  />
</gc-op>
<heap-resize id="20" type="expand" space="nursery" amount="2621440" count="1" timems="0.078" reason="excessive time being spent scavenging" timestamp="2025-12-14T22:18:38.153" />
<gc-end id="21" type="scavenge" contextid="16" durationms="26.260" usertimems="61.083" systemtimems="25.098" stalltimems="102.948" timestamp="2025-12-14T22:18:38.154" activeThreads="14">
  <mem-info id="22" free="225140056" total="271056896" percent="83">
    <mem type="nursery" free="33731200" total="69730304" percent="48">
      <mem type="allocate" free="33731200" total="34865152" percent="96" />
      <mem type="survivor" free="0" total="34865152" percent="0" />
    </mem>
    <mem type="tenure" free="191408856" total="201326592" percent="95">
      <mem type="soa" free="181341912" total="191259648" percent="94" />
      <mem type="loa" free="10066944" total="10066944" percent="100" />
    </mem>
    <pending-finalizers system="19" default="0" reference="428" classloader="0" />
    <remembered-set count="7315" />
  </mem-info>
</gc-end>
<cycle-end id="23" type="scavenge" contextid="16" timestamp="2025-12-14T22:18:38.155" />
<allocation-satisfied id="24" threadId="0000000000025A00" bytesRequested="48" />
<af-end id="25" timestamp="2025-12-14T22:18:38.157" threadId="0000000000026478" success="true" from="nursery"/>
<exclusive-end id="26" timestamp="2025-12-14T22:18:38.158" durationms="32.374" />

<exclusive-start id="27" timestamp="2025-12-14T22:18:38.774" intervalms="649.021">
  <response-info timems="0.061" idlems="0.061" threads="0" lastid="0000000000025A00" lastname="main" />
</exclusive-start>
<af-start id="28" threadId="0000000000026478" totalBytesRequested="920" timestamp="2025-12-14T22:18:38.775" intervalms="649.180" type="nursery" />
<cycle-start id="29" type="scavenge" contextid="0" timestamp="2025-12-14T22:18:38.776" intervalms="649.322" />
<gc-start id="30" type="scavenge" contextid="29" timestamp="2025-12-14T22:18:38.777">
  <mem-info id="31" free="190929328" total="271056896" percent="70">
    <mem type="nursery" free="0" total="69730304" percent="0">
      <mem type="allocate" free="0" total="34865152" percent="0" />
      <mem type="survivor" free="0" total="34865152" percent="0" />
    </mem>
    <mem type="tenure" free="190929328" total="201326592" percent="94">
      <mem type="soa" free="180862384" total="191259648" percent="94" />
      <mem type="loa" free="10066944" total="10066944" percent="100" />
    </mem>
    <remembered-set count="14925" />
  </mem-info>
</gc-start>
<allocation-stats totalBytes="34205320" discardedBytes="5408" >
  <allocated-bytes non-tlh="2327560" tlh="31877760" />
  <largest-consumer threadName="main" threadId="0000000000025A00" bytes="34201000" />
</allocation-stats>
<gc-op id="32" type="scavenge" timems="15.275" contextid="29" timestamp="2025-12-14T22:18:38.795">
  <scavenger-info tenureage="2" tenuremask="7ffc" tiltratio="50" />
  <memory-copied type="nursery" objects="82784" bytes="6250544" bytesdiscarded="259064" />
  <finalization candidates="443" enqueued="287" />
  <ownableSynchronizers candidates="28" cleared="0" />
  <references type="soft" candidates="3555" cleared="0" enqueued="0" dynamicThreshold="32" maxThreshold="32" />
  <references type="weak" candidates="2512" cleared="2272" enqueued="2215" />
  <references type="phantom" candidates="594" cleared="49" enqueued="49" />
  <object-monitors candidates="1" cleared="0"  />
</gc-op>
<gc-end id="33" type="scavenge" contextid="29" durationms="18.144" usertimems="40.686" systemtimems="30.258" stalltimems="117.677" timestamp="2025-12-14T22:18:38.796" activeThreads="15">
  <mem-info id="34" free="219280880" total="271056896" percent="80">
    <mem type="nursery" free="28351552" total="69730304" percent="40">
      <mem type="allocate" free="28351552" total="34865152" percent="81" />
      <mem type="survivor" free="0" total="34865152" percent="0" />
    </mem>
    <mem type="tenure" free="190929328" total="201326592" percent="94">
      <mem type="soa" free="180862384" total="191259648" percent="94" />
      <mem type="loa" free="10066944" total="10066944" percent="100" />
    </mem>
    <pending-finalizers system="287" default="0" reference="2264" classloader="0" />
    <remembered-set count="7969" />
  </mem-info>
</gc-end>
<cycle-end id="35" type="scavenge" contextid="29" timestamp="2025-12-14T22:18:38.797" />
<allocation-satisfied id="36" threadId="0000000000025A00" bytesRequested="920" />
<af-end id="37" timestamp="2025-12-14T22:18:38.798" threadId="0000000000026478" success="true" from="nursery"/>
<exclusive-end id="38" timestamp="2025-12-14T22:18:38.799" durationms="24.577" />

<exclusive-start id="39" timestamp="2025-12-14T22:18:39.658" intervalms="883.878">
  <response-info timems="0.176" idlems="0.090" threads="1" lastid="0000000000637200" lastname="Daemon worker" />
</exclusive-start>
<af-start id="40" threadId="00000000007A8478" totalBytesRequested="24" timestamp="2025-12-14T22:18:39.659" intervalms="883.953" type="nursery" />
<cycle-start id="41" type="scavenge" contextid="0" timestamp="2025-12-14T22:18:39.660" intervalms="884.028" />
<gc-start id="42" type="scavenge" contextid="41" timestamp="2025-12-14T22:18:39.661">
  <mem-info id="43" free="190587752" total="271056896" percent="70">
    <mem type="nursery" free="0" total="69730304" percent="0">
      <mem type="allocate" free="0" total="34865152" percent="0" />
      <mem type="survivor" free="0" total="34865152" percent="0" />
    </mem>
    <mem type="tenure" free="190587752" total="201326592" percent="94">
      <mem type="soa" free="180520808" total="191259648" percent="94" />
      <mem type="loa" free="10066944" total="10066944" percent="100" />
    </mem>
    <remembered-set count="12538" />
  </mem-info>
</gc-start>
<allocation-stats totalBytes="28638384" discardedBytes="54744" >
  <allocated-bytes non-tlh="474784" tlh="28163600" />
  <largest-consumer threadName="Daemon worker" threadId="0000000000637200" bytes="24736384" />
</allocation-stats>
<gc-op id="44" type="scavenge" timems="11.200" contextid="41" timestamp="2025-12-14T22:18:39.675">
  <scavenger-info tenureage="2" tenuremask="7ffc" tiltratio="50" />
  <memory-copied type="nursery" objects="88943" bytes="6566160" bytesdiscarded="140384" />
  <memory-copied type="tenure" objects="19862" bytes="623616" bytesdiscarded="424" />
  <finalization candidates="983" enqueued="496" />
  <ownableSynchronizers candidates="97" cleared="6" />
  <references type="soft" candidates="4086" cleared="0" enqueued="0" dynamicThreshold="32" maxThreshold="32" />
  <references type="weak" candidates="4069" cleared="3547" enqueued="3547" />
  <references type="phantom" candidates="616" cleared="72" enqueued="72" />
  <object-monitors candidates="1" cleared="0"  />
</gc-op>
<gc-end id="45" type="scavenge" contextid="41" durationms="14.335" usertimems="43.895" systemtimems="10.550" stalltimems="85.459" timestamp="2025-12-14T22:18:39.676" activeThreads="13">
  <mem-info id="46" free="217881104" total="271056896" percent="80">
    <mem type="nursery" free="28153512" total="69730304" percent="40">
      <mem type="allocate" free="28153512" total="34865152" percent="80" />
      <mem type="survivor" free="0" total="34865152" percent="0" />
    </mem>
    <mem type="tenure" free="189727592" total="201326592" percent="94">
      <mem type="soa" free="179660648" total="191259648" percent="93" />
      <mem type="loa" free="10066944" total="10066944" percent="100" />
    </mem>
    <pending-finalizers system="496" default="0" reference="3619" classloader="0" />
    <remembered-set count="11576" />
  </mem-info>
</gc-end>
<cycle-end id="47" type="scavenge" contextid="41" timestamp="2025-12-14T22:18:39.676" />
<allocation-satisfied id="48" threadId="00000000007A7A00" bytesRequested="24" />
<af-end id="49" timestamp="2025-12-14T22:18:39.678" threadId="00000000007A8478" success="true" from="nursery"/>
<exclusive-end id="50" timestamp="2025-12-14T22:18:39.679" durationms="20.347" />

<exclusive-start id="51" timestamp="2025-12-14T22:18:40.563" intervalms="904.704">
  <response-info timems="0.090" idlems="0.090" threads="0" lastid="0000000000637200" lastname="Daemon worker" />
</exclusive-start>
<af-start id="52" threadId="0000000000637C78" totalBytesRequested="48" timestamp="2025-12-14T22:18:40.564" intervalms="905.081" type="nursery" />
<cycle-start id="53" type="scavenge" contextid="0" timestamp="2025-12-14T22:18:40.565" intervalms="905.021" />
<gc-start id="54" type="scavenge" contextid="53" timestamp="2025-12-14T22:18:40.566">
  <mem-info id="55" free="189376312" total="271056896" percent="69">
    <mem type="nursery" free="0" total="69730304" percent="0">
      <mem type="allocate" free="0" total="34865152" percent="0" />
      <mem type="survivor" free="0" total="34865152" percent="0" />
    </mem>
    <mem type="tenure" free="189376312" total="201326592" percent="94">
      <mem type="soa" free="179309368" total="191259648" percent="93" />
      <mem type="loa" free="10066944" total="10066944" percent="100" />
    </mem>
    <remembered-set count="15930" />
  </mem-info>
</gc-start>
<allocation-stats totalBytes="28493752" discardedBytes="11040" >
  <allocated-bytes non-tlh="2219056" tlh="26274696" />
  <largest-consumer threadName="Daemon worker" threadId="0000000000637200" bytes="28398896" />
</allocation-stats>
<gc-op id="56" type="scavenge" timems="19.456" contextid="53" timestamp="2025-12-14T22:18:40.587">
  <scavenger-info tenureage="2" tenuremask="7ffc" tiltratio="50" />
  <memory-copied type="nursery" objects="48245" bytes="1669760" bytesdiscarded="296712" />
  <memory-copied type="tenure" objects="56383" bytes="5403688" bytesdiscarded="5112" />
  <finalization candidates="629" enqueued="155" />
  <ownableSynchronizers candidates="324" cleared="5" />
  <references type="soft" candidates="892" cleared="0" enqueued="0" dynamicThreshold="32" maxThreshold="32" />
  <references type="weak" candidates="3801" cleared="3343" enqueued="3343" />
  <references type="phantom" candidates="58" cleared="49" enqueued="49" />
  <object-monitors candidates="1" cleared="0"  />
</gc-op>
<gc-end id="57" type="scavenge" contextid="53" durationms="21.774" usertimems="60.427" systemtimems="14.098" stalltimems="90.341" timestamp="2025-12-14T22:18:40.588" activeThreads="10">
  <mem-info id="58" free="216843632" total="271056896" percent="79">
    <mem type="nursery" free="32896016" total="69730304" percent="47">
      <mem type="allocate" free="32896016" total="34865152" percent="94" />
      <mem type="survivor" free="0" total="34865152" percent="0" />
    </mem>
    <mem type="tenure" free="183947616" total="201326592" percent="91">
      <mem type="soa" free="173880672" total="191259648" percent="90" />
      <mem type="loa" free="10066944" total="10066944" percent="100" />
    </mem>
    <pending-finalizers system="155" default="0" reference="3392" classloader="0" />
    <remembered-set count="8955" />
  </mem-info>
</gc-end>
<cycle-end id="59" type="scavenge" contextid="53" timestamp="2025-12-14T22:18:40.589" />
<allocation-satisfied id="60" threadId="0000000000637200" bytesRequested="48" />
<af-end id="61" timestamp="2025-12-14T22:18:40.591" threadId="0000000000637C78" success="true" from="nursery"/>
<exclusive-end id="62" timestamp="2025-12-14T22:18:40.592" durationms="28.658" />

<exclusive-start id="63" timestamp="2025-12-14T22:18:42.095" intervalms="1531.866">
  <response-info timems="0.063" idlems="0.063" threads="0" lastid="0000000000637200" lastname="Daemon worker" />
</exclusive-start>
<af-start id="64" threadId="0000000000637C78" totalBytesRequested="4680" timestamp="2025-12-14T22:18:42.096" intervalms="1531.413" type="nursery" />
<cycle-start id="65" type="scavenge" contextid="0" timestamp="2025-12-14T22:18:42.097" intervalms="1531.299" />
<gc-start id="66" type="scavenge" contextid="65" timestamp="2025-12-14T22:18:42.098">
  <mem-info id="67" free="183576800" total="271056896" percent="67">
    <mem type="nursery" free="0" total="69730304" percent="0">
      <mem type="allocate" free="0" total="34865152" percent="0" />
      <mem type="survivor" free="0" total="34865152" percent="0" />
    </mem>
    <mem type="tenure" free="183576800" total="201326592" percent="91">
      <mem type="soa" free="173509856" total="191259648" percent="90" />
      <mem type="loa" free="10066944" total="10066944" percent="100" />
    </mem>
    <remembered-set count="13612" />
  </mem-info>
</gc-start>
<allocation-stats totalBytes="33250584" discardedBytes="16248" >
  <allocated-bytes non-tlh="370864" tlh="32879720" />
  <largest-consumer threadName="Daemon worker" threadId="0000000000637200" bytes="33226008" />
</allocation-stats>
<gc-op id="68" type="scavenge" timems="8.822" contextid="65" timestamp="2025-12-14T22:18:42.108">
  <scavenger-info tenureage="3" tenuremask="7ff8" tiltratio="50" />
  <memory-copied type="nursery" objects="87655" bytes="2999704" bytesdiscarded="171912" />
  <finalization candidates="843" enqueued="491" />
  <ownableSynchronizers candidates="521" cleared="4" />
  <references type="soft" candidates="1799" cleared="0" enqueued="0" dynamicThreshold="32" maxThreshold="32" />
  <references type="weak" candidates="4268" cleared="3560" enqueued="3557" />
  <references type="phantom" candidates="105" cleared="87" enqueued="87" />
  <object-monitors candidates="1" cleared="0"  />
</gc-op>
<gc-end id="69" type="scavenge" contextid="65" durationms="11.551" usertimems="37.761" systemtimems="7.897" stalltimems="44.013" timestamp="2025-12-14T22:18:42.109" activeThreads="10">
  <mem-info id="70" free="219657080" total="271056896" percent="81">
    <mem type="nursery" free="36080280" total="69730304" percent="51">
      <mem type="allocate" free="36080280" total="39256064" percent="91" />
      <mem type="survivor" free="0" total="30474240" percent="0" />
    </mem>
    <mem type="tenure" free="183576800" total="201326592" percent="91">
      <mem type="soa" free="173509856" total="191259648" percent="90" />
      <mem type="loa" free="10066944" total="10066944" percent="100" />
    </mem>
    <pending-finalizers system="491" default="0" reference="3644" classloader="0" />
    <remembered-set count="10355" />
  </mem-info>
</gc-end>
<cycle-end id="71" type="scavenge" contextid="65" timestamp="2025-12-14T22:18:42.110" />
<allocation-satisfied id="72" threadId="0000000000637200" bytesRequested="4680" />
<af-end id="73" timestamp="2025-12-14T22:18:42.111" threadId="0000000000637C78" success="true" from="nursery"/>
<exclusive-end id="74" timestamp="2025-12-14T22:18:42.112" durationms="17.124" />

<exclusive-start id="75" timestamp="2025-12-14T22:18:43.357" intervalms="1261.985">
  <response-info timems="0.061" idlems="0.061" threads="0" lastid="0000000000637200" lastname="Daemon worker" />
</exclusive-start>
<af-start id="76" threadId="0000000000637C78" totalBytesRequested="1824" timestamp="2025-12-14T22:18:43.358" intervalms="1261.975" type="nursery" />
<cycle-start id="77" type="scavenge" contextid="0" timestamp="2025-12-14T22:18:43.358" intervalms="1261.837" />
<gc-start id="78" type="scavenge" contextid="77" timestamp="2025-12-14T22:18:43.359">
  <mem-info id="79" free="183213920" total="271056896" percent="67">
    <mem type="nursery" free="0" total="69730304" percent="0">
      <mem type="allocate" free="0" total="39256064" percent="0" />
      <mem type="survivor" free="0" total="30474240" percent="0" />
    </mem>
    <mem type="tenure" free="183213920" total="201326592" percent="91">
      <mem type="soa" free="173146976" total="191259648" percent="90" />
      <mem type="loa" free="10066944" total="10066944" percent="100" />
    </mem>
    <remembered-set count="14694" />
  </mem-info>
</gc-start>
<allocation-stats totalBytes="36435344" discardedBytes="7816" >
  <allocated-bytes non-tlh="367560" tlh="36067784" />
  <largest-consumer threadName="Daemon worker" threadId="0000000000637200" bytes="36398400" />
</allocation-stats>
<gc-op id="80" type="scavenge" timems="10.314" contextid="77" timestamp="2025-12-14T22:18:43.371">
  <scavenger-info tenureage="3" tenuremask="7ff8" tiltratio="56" />
  <memory-copied type="nursery" objects="90156" bytes="3097608" bytesdiscarded="119656" />
  <memory-copied type="tenure" objects="21850" bytes="797208" bytesdiscarded="768" />
  <finalization candidates="778" enqueued="426" />
  <ownableSynchronizers candidates="668" cleared="6" />
  <references type="soft" candidates="2635" cleared="0" enqueued="0" dynamicThreshold="32" maxThreshold="32" />
  <references type="weak" candidates="4639" cleared="3776" enqueued="3776" />
  <references type="phantom" candidates="178" cleared="160" enqueued="160" />
  <object-monitors candidates="1" cleared="0"  />
</gc-op>
<gc-end id="81" type="scavenge" contextid="77" durationms="12.712" usertimems="50.504" systemtimems="8.702" stalltimems="33.981" timestamp="2025-12-14T22:18:43.372" activeThreads="9">
  <mem-info id="82" free="223395616" total="271056896" percent="82">
    <mem type="nursery" free="41341272" total="69730304" percent="59">
      <mem type="allocate" free="41341272" total="44564480" percent="92" />
      <mem type="survivor" free="0" total="25165824" percent="0" />
    </mem>
    <mem type="tenure" free="182054344" total="201326592" percent="90">
      <mem type="soa" free="171987400" total="191259648" percent="89" />
      <mem type="loa" free="10066944" total="10066944" percent="100" />
    </mem>
    <pending-finalizers system="426" default="0" reference="3936" classloader="0" />
    <remembered-set count="10617" />
  </mem-info>
</gc-end>
<cycle-end id="83" type="scavenge" contextid="77" timestamp="2025-12-14T22:18:43.373" />
<allocation-satisfied id="84" threadId="0000000000637200" bytesRequested="1824" />
<af-end id="85" timestamp="2025-12-14T22:18:43.374" threadId="0000000000637C78" success="true" from="nursery"/>
<exclusive-end id="86" timestamp="2025-12-14T22:18:43.375" durationms="18.147" />

<exclusive-start id="87" timestamp="2025-12-14T22:18:44.737" intervalms="1380.600">
  <response-info timems="0.077" idlems="0.077" threads="0" lastid="0000000000637200" lastname="Daemon worker" />
</exclusive-start>
<af-start id="88" threadId="0000000000637C78" totalBytesRequested="112" timestamp="2025-12-14T22:18:44.739" intervalms="1380.896" type="nursery" />
<cycle-start id="89" type="scavenge" contextid="0" timestamp="2025-12-14T22:18:44.740" intervalms="1381.101" />
<gc-start id="90" type="scavenge" contextid="89" timestamp="2025-12-14T22:18:44.741">
  <mem-info id="91" free="181481264" total="271056896" percent="66">
    <mem type="nursery" free="0" total="69730304" percent="0">
      <mem type="allocate" free="0" total="44564480" percent="0" />
      <mem type="survivor" free="0" total="25165824" percent="0" />
    </mem>
    <mem type="tenure" free="181481264" total="201326592" percent="90">
      <mem type="soa" free="171414320" total="191259648" percent="89" />
      <mem type="loa" free="10066944" total="10066944" percent="100" />
    </mem>
    <remembered-set count="18517" />
  </mem-info>
</gc-start>
<allocation-stats totalBytes="41896592" discardedBytes="17760" >
  <allocated-bytes non-tlh="1897112" tlh="39999480" />
  <largest-consumer threadName="Daemon worker" threadId="0000000000637200" bytes="40223592" />
</allocation-stats>
<gc-op id="92" type="scavenge" timems="13.605" contextid="89" timestamp="2025-12-14T22:18:44.756">
  <scavenger-info tenureage="5" tenuremask="ffe0" tiltratio="63" />
  <memory-copied type="nursery" objects="173012" bytes="6181456" bytesdiscarded="121168" />
  <finalization candidates="832" enqueued="807" />
  <ownableSynchronizers candidates="3217" cleared="12" />
  <references type="soft" candidates="7502" cleared="0" enqueued="0" dynamicThreshold="32" maxThreshold="32" />
  <references type="weak" candidates="7737" cleared="3535" enqueued="3533" />
  <references type="phantom" candidates="264" cleared="235" enqueued="235" />
  <object-monitors candidates="2" cleared="1"  />
</gc-op>
<gc-end id="93" type="scavenge" contextid="89" durationms="17.810" usertimems="75.057" systemtimems="0.000" stalltimems="49.310" timestamp="2025-12-14T22:18:44.758" activeThreads="9">
  <mem-info id="94" free="222419920" total="271056896" percent="82">
    <mem type="nursery" free="40938656" total="69730304" percent="58">
      <mem type="allocate" free="40938656" total="47251456" percent="86" />
      <mem type="survivor" free="0" total="22478848" percent="0" />
    </mem>
    <mem type="tenure" free="181481264" total="201326592" percent="90">
      <mem type="soa" free="171414320" total="191259648" percent="89" />
      <mem type="loa" free="10066944" total="10066944" percent="100" />
    </mem>
    <pending-finalizers system="807" default="0" reference="3768" classloader="0" />
    <remembered-set count="15233" />
  </mem-info>
</gc-end>
<cycle-end id="95" type="scavenge" contextid="89" timestamp="2025-12-14T22:18:44.760" />
<allocation-satisfied id="96" threadId="0000000000637200" bytesRequested="112" />
<af-end id="97" timestamp="2025-12-14T22:18:44.762" threadId="0000000000637C78" success="true" from="nursery"/>
<exclusive-end id="98" timestamp="2025-12-14T22:18:44.763" durationms="25.514" />

<exclusive-start id="99" timestamp="2025-12-14T22:18:45.992" intervalms="1254.391">
  <response-info timems="0.071" idlems="0.071" threads="0" lastid="0000000000637200" lastname="Daemon worker" />
</exclusive-start>
<af-start id="100" threadId="0000000000637C78" totalBytesRequested="2552" timestamp="2025-12-14T22:18:45.993" intervalms="1253.992" type="nursery" />
<cycle-start id="101" type="scavenge" contextid="0" timestamp="2025-12-14T22:18:45.993" intervalms="1253.797" />
<gc-start id="102" type="scavenge" contextid="101" timestamp="2025-12-14T22:18:45.994">
  <mem-info id="103" free="181124088" total="271056896" percent="66">
    <mem type="nursery" free="0" total="69730304" percent="0">
      <mem type="allocate" free="0" total="47251456" percent="0" />
      <mem type="survivor" free="0" total="22478848" percent="0" />
    </mem>
    <mem type="tenure" free="181124088" total="201326592" percent="89">
      <mem type="soa" free="171057144" total="191259648" percent="89" />
      <mem type="loa" free="10066944" total="10066944" percent="100" />
    </mem>
    <remembered-set count="19914" />
  </mem-info>
</gc-start>
<allocation-stats totalBytes="41285616" discardedBytes="10216" >
  <allocated-bytes non-tlh="916136" tlh="40369480" />
  <largest-consumer threadName="Daemon worker" threadId="0000000000637200" bytes="40089992" />
</allocation-stats>
<gc-op id="104" type="scavenge" timems="15.121" contextid="101" timestamp="2025-12-14T22:18:46.011">
  <scavenger-info tenureage="3" tenuremask="7ff8" tiltratio="67" />
  <memory-copied type="nursery" objects="163577" bytes="6200368" bytesdiscarded="185616" />
  <memory-copied type="tenure" objects="55016" bytes="1843080" bytesdiscarded="752" />
  <finalization candidates="263" enqueued="238" />
  <ownableSynchronizers candidates="3729" cleared="9" />
  <references type="soft" candidates="9149" cleared="0" enqueued="0" dynamicThreshold="32" maxThreshold="32" />
  <references type="weak" candidates="8845" cleared="3077" enqueued="3056" />
  <references type="phantom" candidates="126" cleared="102" enqueued="102" />
  <object-monitors candidates="3" cleared="0"  />
</gc-op>
<gc-end id="105" type="scavenge" contextid="101" durationms="18.007" usertimems="84.772" systemtimems="10.802" stalltimems="37.900" timestamp="2025-12-14T22:18:46.012" activeThreads="9">
  <mem-info id="106" free="223208792" total="271056896" percent="82">
    <mem type="nursery" free="43806560" total="69730304" percent="62">
      <mem type="allocate" free="43806560" total="50200576" percent="87" />
      <mem type="survivor" free="0" total="19529728" percent="0" />
    </mem>
    <mem type="tenure" free="179402232" total="201326592" percent="89">
      <mem type="soa" free="169335288" total="191259648" percent="88" />
      <mem type="loa" free="10066944" total="10066944" percent="100" />
    </mem>
    <pending-finalizers system="238" default="0" reference="3158" classloader="0" />
    <remembered-set count="15081" />
  </mem-info>
</gc-end>
<cycle-end id="107" type="scavenge" contextid="101" timestamp="2025-12-14T22:18:46.013" />
<allocation-satisfied id="108" threadId="0000000000637200" bytesRequested="2552" />
<af-end id="109" timestamp="2025-12-14T22:18:46.015" threadId="0000000000637C78" success="true" from="nursery"/>
<exclusive-end id="110" timestamp="2025-12-14T22:18:46.016" durationms="23.829" />

<exclusive-start id="111" timestamp="2025-12-14T22:18:47.398" intervalms="1406.723">
  <response-info timems="0.072" idlems="0.072" threads="0" lastid="0000000000637200" lastname="Daemon worker" />
</exclusive-start>
<af-start id="112" threadId="0000000000637C78" totalBytesRequested="8200" timestamp="2025-12-14T22:18:47.399" intervalms="1406.838" type="nursery" />
<cycle-start id="113" type="scavenge" contextid="0" timestamp="2025-12-14T22:18:47.400" intervalms="1406.960" />
<gc-start id="114" type="scavenge" contextid="113" timestamp="2025-12-14T22:18:47.402">
  <mem-info id="115" free="178930608" total="271056896" percent="66">
    <mem type="nursery" free="0" total="69730304" percent="0">
      <mem type="allocate" free="0" total="50200576" percent="0" />
      <mem type="survivor" free="0" total="19529728" percent="0" />
    </mem>
    <mem type="tenure" free="178930608" total="201326592" percent="88">
      <mem type="soa" free="168863664" total="191259648" percent="88" />
      <mem type="loa" free="10066944" total="10066944" percent="100" />
    </mem>
    <remembered-set count="20837" />
  </mem-info>
</gc-start>
<allocation-stats totalBytes="44252480" discardedBytes="25704" >
  <allocated-bytes non-tlh="494680" tlh="43757800" />
  <largest-consumer threadName="Daemon worker" threadId="0000000000637200" bytes="44008240" />
</allocation-stats>
<gc-op id="116" type="scavenge" timems="15.070" contextid="113" timestamp="2025-12-14T22:18:47.418">
  <scavenger-info tenureage="3" tenuremask="7fe8" tiltratio="71" />
  <memory-copied type="nursery" objects="176903" bytes="6906784" bytesdiscarded="73912" />
  <memory-copied type="tenure" objects="23697" bytes="870888" bytesdiscarded="240" />
  <finalization candidates="802" enqueued="795" />
  <ownableSynchronizers candidates="3444" cleared="30" />
  <references type="soft" candidates="9771" cleared="0" enqueued="0" dynamicThreshold="32" maxThreshold="32" />
  <references type="weak" candidates="9977" cleared="3731" enqueued="3731" />
  <references type="phantom" candidates="322" cleared="287" enqueued="287" />
  <object-monitors candidates="3" cleared="0"  />
</gc-op>
<gc-end id="117" type="scavenge" contextid="113" durationms="18.205" usertimems="79.855" systemtimems="8.349" stalltimems="58.688" timestamp="2025-12-14T22:18:47.420" activeThreads="10">
  <mem-info id="118" free="223083032" total="271056896" percent="82">
    <mem type="nursery" free="45244280" total="69730304" percent="64">
      <mem type="allocate" free="45244280" total="52232192" percent="86" />
      <mem type="survivor" free="0" total="17498112" percent="0" />
    </mem>
    <mem type="tenure" free="177838752" total="201326592" percent="88">
      <mem type="soa" free="167771808" total="191259648" percent="87" />
      <mem type="loa" free="10066944" total="10066944" percent="100" />
    </mem>
    <pending-finalizers system="795" default="0" reference="4018" classloader="0" />
    <remembered-set count="12987" />
  </mem-info>
</gc-end>
<cycle-end id="119" type="scavenge" contextid="113" timestamp="2025-12-14T22:18:47.421" />
<allocation-satisfied id="120" threadId="0000000000637200" bytesRequested="8200" />
<af-end id="121" timestamp="2025-12-14T22:18:47.423" threadId="0000000000637C78" success="true" from="nursery"/>
<exclusive-end id="122" timestamp="2025-12-14T22:18:47.423" durationms="24.707" />

<exclusive-start id="123" timestamp="2025-12-14T22:18:48.163" intervalms="764.409">
  <response-info timems="0.092" idlems="0.092" threads="0" lastid="0000000000637200" lastname="Daemon worker" />
</exclusive-start>
<af-start id="124" threadId="0000000000637C78" totalBytesRequested="48" timestamp="2025-12-14T22:18:48.164" intervalms="764.273" type="nursery" />
<cycle-start id="125" type="scavenge" contextid="0" timestamp="2025-12-14T22:18:48.164" intervalms="764.137" />
<gc-start id="126" type="scavenge" contextid="125" timestamp="2025-12-14T22:18:48.165">
  <mem-info id="127" free="177767968" total="271056896" percent="65">
    <mem type="nursery" free="0" total="69730304" percent="0">
      <mem type="allocate" free="0" total="52232192" percent="0" />
      <mem type="survivor" free="0" total="17498112" percent="0" />
    </mem>
    <mem type="tenure" free="177767968" total="201326592" percent="88">
      <mem type="soa" free="167701024" total="191259648" percent="87" />
      <mem type="loa" free="10066944" total="10066944" percent="100" />
    </mem>
    <remembered-set count="14323" />
  </mem-info>
</gc-start>
<allocation-stats totalBytes="45254280" discardedBytes="60784" >
  <allocated-bytes non-tlh="398704" tlh="44855576" />
  <largest-consumer threadName="Daemon worker" threadId="0000000000637200" bytes="31930480" />
</allocation-stats>
<gc-op id="128" type="scavenge" timems="16.464" contextid="125" timestamp="2025-12-14T22:18:48.184">
  <scavenger-info tenureage="3" tenuremask="7fe8" tiltratio="74" />
  <memory-copied type="nursery" objects="114459" bytes="4900304" bytesdiscarded="132464" />
  <memory-copied type="tenure" objects="82400" bytes="3081688" bytesdiscarded="1480" />
  <finalization candidates="62" enqueued="55" />
  <ownableSynchronizers candidates="3350" cleared="66" />
  <references type="soft" candidates="4926" cleared="0" enqueued="0" dynamicThreshold="32" maxThreshold="32" />
  <references type="weak" candidates="3239" cleared="236" enqueued="236" />
  <references type="phantom" candidates="46" cleared="23" enqueued="23" />
  <object-monitors candidates="4" cleared="1"  />
</gc-op>
<gc-end id="129" type="scavenge" contextid="125" durationms="19.612" usertimems="77.601" systemtimems="12.268" stalltimems="71.463" timestamp="2025-12-14T22:18:48.185" activeThreads="10">
  <mem-info id="130" free="223927528" total="271056896" percent="82">
    <mem type="nursery" free="48960744" total="69730304" percent="70">
      <mem type="allocate" free="48960744" total="54001664" percent="90" />
      <mem type="survivor" free="0" total="15728640" percent="0" />
    </mem>
    <mem type="tenure" free="174966784" total="201326592" percent="86">
      <mem type="soa" free="164899840" total="191259648" percent="86" />
      <mem type="loa" free="10066944" total="10066944" percent="100" />
    </mem>
    <pending-finalizers system="55" default="0" reference="259" classloader="0" />
    <remembered-set count="9351" />
  </mem-info>
</gc-end>
<cycle-end id="131" type="scavenge" contextid="125" timestamp="2025-12-14T22:18:48.186" />
<allocation-satisfied id="132" threadId="0000000000637200" bytesRequested="48" />
<af-end id="133" timestamp="2025-12-14T22:18:48.188" threadId="0000000000637C78" success="true" from="nursery"/>
<exclusive-end id="134" timestamp="2025-12-14T22:18:48.190" durationms="26.650" />

<exclusive-start id="135" timestamp="2025-12-14T22:18:48.681" intervalms="518.207">
  <response-info timems="0.044" idlems="0.044" threads="0" lastid="00000000012EE300" lastname="Unconstrained build operations Thread 50" />
</exclusive-start>
<af-start id="136" threadId="00000000012EED78" totalBytesRequested="40" timestamp="2025-12-14T22:18:48.682" intervalms="518.064" type="nursery" />
<cycle-start id="137" type="scavenge" contextid="0" timestamp="2025-12-14T22:18:48.682" intervalms="517.914" />
<gc-start id="138" type="scavenge" contextid="137" timestamp="2025-12-14T22:18:48.683">
  <mem-info id="139" free="174952168" total="271056896" percent="64">
    <mem type="nursery" free="0" total="69730304" percent="0">
      <mem type="allocate" free="0" total="54001664" percent="0" />
      <mem type="survivor" free="0" total="15728640" percent="0" />
    </mem>
    <mem type="tenure" free="174952168" total="201326592" percent="86">
      <mem type="soa" free="164885224" total="191259648" percent="86" />
      <mem type="loa" free="10066944" total="10066944" percent="100" />
    </mem>
    <remembered-set count="9649" />
  </mem-info>
</gc-start>
<allocation-stats totalBytes="48910168" discardedBytes="65192" >
  <allocated-bytes non-tlh="965632" tlh="47944536" />
  <largest-consumer threadName="Daemon worker" threadId="0000000000637200" bytes="13713192" />
</allocation-stats>
<gc-op id="140" type="scavenge" timems="7.606" contextid="137" timestamp="2025-12-14T22:18:48.692">
  <scavenger-info tenureage="3" tenuremask="7fc8" tiltratio="77" />
  <memory-copied type="nursery" objects="92922" bytes="4553016" bytesdiscarded="511064" />
  <memory-copied type="tenure" objects="48620" bytes="1955568" bytesdiscarded="600" />
  <finalization candidates="10" enqueued="7" />
  <ownableSynchronizers candidates="819" cleared="103" />
  <references type="soft" candidates="2064" cleared="0" enqueued="0" dynamicThreshold="32" maxThreshold="32" />
  <references type="weak" candidates="1208" cleared="76" enqueued="76" />
  <references type="phantom" candidates="16" cleared="0" enqueued="0" />
  <object-monitors candidates="3" cleared="0"  />
</gc-op>
<gc-end id="141" type="scavenge" contextid="137" durationms="9.489" usertimems="38.866" systemtimems="0.000" stalltimems="31.502" timestamp="2025-12-14T22:18:48.693" activeThreads="10">
  <mem-info id="142" free="224112064" total="271056896" percent="82">
    <mem type="nursery" free="50824128" total="69730304" percent="72">
      <mem type="allocate" free="50824128" total="55902208" percent="90" />
      <mem type="survivor" free="0" total="13828096" percent="0" />
    </mem>
    <mem type="tenure" free="173287936" total="201326592" percent="86">
      <mem type="soa" free="163220992" total="191259648" percent="85" />
      <mem type="loa" free="10066944" total="10066944" percent="100" />
    </mem>
    <pending-finalizers system="7" default="0" reference="76" classloader="0" />
    <remembered-set count="3932" />
  </mem-info>
</gc-end>
<cycle-end id="143" type="scavenge" contextid="137" timestamp="2025-12-14T22:18:48.693" />
<allocation-satisfied id="144" threadId="00000000012EE300" bytesRequested="40" />
<af-end id="145" timestamp="2025-12-14T22:18:48.694" threadId="00000000012EED78" success="true" from="nursery"/>
<exclusive-end id="146" timestamp="2025-12-14T22:18:48.695" durationms="13.860" />

<exclusive-start id="147" timestamp="2025-12-14T22:18:49.229" intervalms="547.913">
  <response-info timems="0.101" idlems="0.101" threads="0" lastid="0000000000637200" lastname="Daemon worker" />
</exclusive-start>
<af-start id="148" threadId="0000000000637C78" totalBytesRequested="6488" timestamp="2025-12-14T22:18:49.229" intervalms="547.719" type="nursery" />
<cycle-start id="149" type="scavenge" contextid="0" timestamp="2025-12-14T22:18:49.230" intervalms="547.725" />
<gc-start id="150" type="scavenge" contextid="149" timestamp="2025-12-14T22:18:49.231">
  <mem-info id="151" free="173267776" total="271056896" percent="63">
    <mem type="nursery" free="0" total="69730304" percent="0">
      <mem type="allocate" free="0" total="55902208" percent="0" />
      <mem type="survivor" free="0" total="13828096" percent="0" />
    </mem>
    <mem type="tenure" free="173267776" total="201326592" percent="86">
      <mem type="soa" free="163200832" total="191259648" percent="85" />
      <mem type="loa" free="10066944" total="10066944" percent="100" />
    </mem>
    <remembered-set count="4315" />
  </mem-info>
</gc-start>
<allocation-stats totalBytes="50786648" discardedBytes="57640" >
  <allocated-bytes non-tlh="479288" tlh="50307360" />
  <largest-consumer threadName="Daemon worker" threadId="0000000000637200" bytes="30311296" />
</allocation-stats>
<gc-op id="152" type="scavenge" timems="4.750" contextid="149" timestamp="2025-12-14T22:18:49.236">
  <scavenger-info tenureage="3" tenuremask="7f88" tiltratio="80" />
  <memory-copied type="nursery" objects="75300" bytes="3731824" bytesdiscarded="303656" />
  <memory-copied type="tenure" objects="33637" bytes="1389680" bytesdiscarded="1592" />
  <finalization candidates="29" enqueued="26" />
  <ownableSynchronizers candidates="336" cleared="127" />
  <references type="soft" candidates="78" cleared="0" enqueued="0" dynamicThreshold="32" maxThreshold="32" />
  <references type="weak" candidates="373" cleared="119" enqueued="119" />
  <references type="phantom" candidates="13" cleared="12" enqueued="12" />
  <object-monitors candidates="3" cleared="0"  />
</gc-op>
<gc-end id="153" type="scavenge" contextid="149" durationms="6.419" usertimems="18.051" systemtimems="6.645" stalltimems="22.517" timestamp="2025-12-14T22:18:49.237" activeThreads="10">
  <mem-info id="154" free="225079120" total="271056896" percent="83">
    <mem type="nursery" free="53486384" total="69730304" percent="76">
      <mem type="allocate" free="53486384" total="57540608" percent="92" />
      <mem type="survivor" free="0" total="12189696" percent="0" />
    </mem>
    <mem type="tenure" free="171592736" total="201326592" percent="85">
      <mem type="soa" free="161525792" total="191259648" percent="84" />
      <mem type="loa" free="10066944" total="10066944" percent="100" />
    </mem>
    <pending-finalizers system="26" default="0" reference="131" classloader="0" />
    <remembered-set count="1283" />
  </mem-info>
</gc-end>
<cycle-end id="155" type="scavenge" contextid="149" timestamp="2025-12-14T22:18:49.238" />
<allocation-satisfied id="156" threadId="0000000000637200" bytesRequested="6488" />
<af-end id="157" timestamp="2025-12-14T22:18:49.238" threadId="0000000000637C78" success="true" from="nursery"/>
<exclusive-end id="158" timestamp="2025-12-14T22:18:49.239" durationms="9.736" />

<exclusive-start id="159" timestamp="2025-12-14T22:18:49.902" intervalms="672.915">
  <response-info timems="0.111" idlems="0.084" threads="1" lastid="0000000001472900" lastname="Unconstrained build operations Thread 117" />
</exclusive-start>
<af-start id="160" threadId="0000000001474078" totalBytesRequested="16" timestamp="2025-12-14T22:18:49.902" intervalms="672.842" type="nursery" />
<cycle-start id="161" type="scavenge" contextid="0" timestamp="2025-12-14T22:18:49.903" intervalms="672.750" />
<gc-start id="162" type="scavenge" contextid="161" timestamp="2025-12-14T22:18:49.904">
  <mem-info id="163" free="171535336" total="271056896" percent="63">
    <mem type="nursery" free="0" total="69730304" percent="0">
      <mem type="allocate" free="0" total="57540608" percent="0" />
      <mem type="survivor" free="0" total="12189696" percent="0" />
    </mem>
    <mem type="tenure" free="171535336" total="201326592" percent="85">
      <mem type="soa" free="161468392" total="191259648" percent="84" />
      <mem type="loa" free="10066944" total="10066944" percent="100" />
    </mem>
    <remembered-set count="2425" />
  </mem-info>
</gc-start>
<allocation-stats totalBytes="53052312" discardedBytes="491472" >
  <allocated-bytes non-tlh="1104864" tlh="51947448" />
  <largest-consumer threadName="Cache worker for file hash cache (/gradle/caches/9.0.0/fileHashes)" threadId="00000000007A5E00" bytes="14077480" />
</allocation-stats>
<gc-op id="164" type="scavenge" timems="5.020" contextid="161" timestamp="2025-12-14T22:18:49.909">
  <scavenger-info tenureage="8" tenuremask="7f00" tiltratio="82" />
  <memory-copied type="nursery" objects="145092" bytes="6256176" bytesdiscarded="100072" />
  <finalization candidates="202" enqueued="202" />
  <ownableSynchronizers candidates="1456" cleared="1293" />
  <references type="soft" candidates="200" cleared="0" enqueued="0" dynamicThreshold="32" maxThreshold="32" />
  <references type="weak" candidates="4154" cleared="522" enqueued="522" />
  <references type="phantom" candidates="3225" cleared="3134" enqueued="3134" />
  <object-monitors candidates="26" cleared="19"  />
</gc-op>
<gc-end id="165" type="scavenge" contextid="161" durationms="6.925" usertimems="28.509" systemtimems="0.000" stalltimems="16.675" timestamp="2025-12-14T22:18:49.910" activeThreads="9">
  <mem-info id="166" free="222965384" total="271056896" percent="82">
    <mem type="nursery" free="51430048" total="69730304" percent="73">
      <mem type="allocate" free="51430048" total="57802752" percent="88" />
      <mem type="survivor" free="0" total="11927552" percent="0" />
    </mem>
    <mem type="tenure" free="171535336" total="201326592" percent="85">
      <mem type="soa" free="161468392" total="191259648" percent="84" />
      <mem type="loa" free="10066944" total="10066944" percent="100" />
    </mem>
    <pending-finalizers system="202" default="0" reference="3656" classloader="0" />
    <remembered-set count="1997" />
  </mem-info>
</gc-end>
<cycle-end id="167" type="scavenge" contextid="161" timestamp="2025-12-14T22:18:49.911" />
<allocation-satisfied id="168" threadId="0000000001473600" bytesRequested="16" />
<af-end id="169" timestamp="2025-12-14T22:18:49.912" threadId="0000000001474078" success="true" from="nursery"/>
<exclusive-end id="170" timestamp="2025-12-14T22:18:49.912" durationms="10.482" />

<exclusive-start id="171" timestamp="2025-12-14T22:18:50.440" intervalms="538.082">
  <response-info timems="0.078" idlems="0.078" threads="0" lastid="0000000000637200" lastname="Daemon worker" />
</exclusive-start>
<af-start id="172" threadId="0000000000637C78" totalBytesRequested="1032" timestamp="2025-12-14T22:18:50.441" intervalms="538.514" type="nursery" />
<cycle-start id="173" type="scavenge" contextid="0" timestamp="2025-12-14T22:18:50.442" intervalms="538.818" />
<gc-start id="174" type="scavenge" contextid="173" timestamp="2025-12-14T22:18:50.443">
  <mem-info id="175" free="171272392" total="271056896" percent="63">
    <mem type="nursery" free="0" total="69730304" percent="0">
      <mem type="allocate" free="0" total="57802752" percent="0" />
      <mem type="survivor" free="0" total="11927552" percent="0" />
    </mem>
    <mem type="tenure" free="171272392" total="201326592" percent="85">
      <mem type="soa" free="161205448" total="191259648" percent="84" />
      <mem type="loa" free="10066944" total="10066944" percent="100" />
    </mem>
    <remembered-set count="6852" />
  </mem-info>
</gc-start>
<allocation-stats totalBytes="51402216" discardedBytes="290776" >
  <allocated-bytes non-tlh="693816" tlh="50708400" />
  <largest-consumer threadName="Daemon worker" threadId="0000000000637200" bytes="29050480" />
</allocation-stats>
<gc-op id="176" type="scavenge" timems="7.512" contextid="173" timestamp="2025-12-14T22:18:50.452">
  <scavenger-info tenureage="3" tenuremask="7f18" tiltratio="82" />
  <memory-copied type="nursery" objects="151137" bytes="6707560" bytesdiscarded="99008" />
  <memory-copied type="tenure" objects="46775" bytes="2488984" bytesdiscarded="1352" />
  <finalization candidates="399" enqueued="399" />
  <ownableSynchronizers candidates="697" cleared="523" />
  <references type="soft" candidates="2378" cleared="0" enqueued="0" dynamicThreshold="32" maxThreshold="32" />
  <references type="weak" candidates="7037" cleared="1624" enqueued="1624" />
  <references type="phantom" candidates="1894" cleared="1706" enqueued="1706" />
  <object-monitors candidates="22" cleared="15"  />
</gc-op>
<gc-end id="177" type="scavenge" contextid="173" durationms="9.872" usertimems="32.565" systemtimems="10.739" stalltimems="25.336" timestamp="2025-12-14T22:18:50.453" activeThreads="9">
  <mem-info id="178" free="222181016" total="271056896" percent="81">
    <mem type="nursery" free="53408416" total="69730304" percent="76">
      <mem type="allocate" free="53408416" total="60227584" percent="88" />
      <mem type="survivor" free="0" total="9502720" percent="0" />
    </mem>
    <mem type="tenure" free="168772600" total="201326592" percent="83">
      <mem type="soa" free="158705656" total="191259648" percent="82" />
      <mem type="loa" free="10066944" total="10066944" percent="100" />
    </mem>
    <pending-finalizers system="399" default="0" reference="3330" classloader="0" />
    <remembered-set count="6803" />
  </mem-info>
</gc-end>
<cycle-end id="179" type="scavenge" contextid="173" timestamp="2025-12-14T22:18:50.454" />
<allocation-satisfied id="180" threadId="0000000000637200" bytesRequested="1032" />
<af-end id="181" timestamp="2025-12-14T22:18:50.455" threadId="0000000000637C78" success="true" from="nursery"/>
<exclusive-end id="182" timestamp="2025-12-14T22:18:50.455" durationms="15.140" />

<exclusive-start id="183" timestamp="2025-12-14T22:18:54.293" intervalms="3852.599">
  <response-info timems="0.186" idlems="0.186" threads="0" lastid="0000000001851500" lastname="Execution worker Thread 4" />
</exclusive-start>
<af-start id="184" threadId="0000000001851F78" totalBytesRequested="1376" timestamp="2025-12-14T22:18:54.294" intervalms="3853.079" type="nursery" />
<cycle-start id="185" type="scavenge" contextid="0" timestamp="2025-12-14T22:18:54.296" intervalms="3854.148" />
<gc-start id="186" type="scavenge" contextid="185" timestamp="2025-12-14T22:18:54.297">
  <mem-info id="187" free="168279840" total="271056896" percent="62">
    <mem type="nursery" free="0" total="69730304" percent="0">
      <mem type="allocate" free="0" total="60227584" percent="0" />
      <mem type="survivor" free="0" total="9502720" percent="0" />
    </mem>
    <mem type="tenure" free="168279840" total="201326592" percent="83">
      <mem type="soa" free="158212896" total="191259648" percent="82" />
      <mem type="loa" free="10066944" total="10066944" percent="100" />
    </mem>
    <remembered-set count="15207" />
  </mem-info>
</gc-start>
<allocation-stats totalBytes="53882712" discardedBytes="18464" >
  <allocated-bytes non-tlh="604952" tlh="53277760" />
  <largest-consumer threadName="Daemon worker" threadId="0000000000637200" bytes="41727888" />
</allocation-stats>
<gc-op id="188" type="scavenge" timems="26.375" contextid="185" timestamp="2025-12-14T22:18:54.325">
  <scavenger-info tenureage="3" tenuremask="7f08" tiltratio="86" />
  <memory-copied type="nursery" objects="174930" bytes="9487680" bytesdiscarded="3488" />
  <memory-copied type="tenure" objects="78473" bytes="2891504" bytesdiscarded="984" />
  <copy-failed type="nursery" objects="50469" bytes="1687656" />
  <finalization candidates="841" enqueued="841" />
  <ownableSynchronizers candidates="470" cleared="29" />
  <references type="soft" candidates="4823" cleared="0" enqueued="0" dynamicThreshold="32" maxThreshold="32" />
  <references type="weak" candidates="7790" cleared="1621" enqueued="1619" />
  <references type="phantom" candidates="802" cleared="406" enqueued="406" />
  <object-monitors candidates="8" cleared="0"  />
</gc-op>
<gc-end id="189" type="scavenge" contextid="185" durationms="29.952" usertimems="98.441" systemtimems="14.300" stalltimems="80.098" timestamp="2025-12-14T22:18:54.327" activeThreads="9">
  <mem-info id="190" free="206195920" total="271056896" percent="76">
    <mem type="nursery" free="40828928" total="69730304" percent="58">
      <mem type="allocate" free="40828928" total="50331648" percent="81" />
      <mem type="survivor" free="0" total="19398656" percent="0" />
    </mem>
    <mem type="tenure" free="165366992" total="201326592" percent="82">
      <mem type="soa" free="155300048" total="191259648" percent="81" />
      <mem type="loa" free="10066944" total="10066944" percent="100" />
    </mem>
    <pending-finalizers system="841" default="0" reference="2025" classloader="0" />
    <remembered-set count="27598" />
  </mem-info>
</gc-end>
<cycle-end id="191" type="scavenge" contextid="185" timestamp="2025-12-14T22:18:54.328" />
<allocation-satisfied id="192" threadId="0000000001851500" bytesRequested="1376" />
<af-end id="193" timestamp="2025-12-14T22:18:54.329" threadId="0000000001851F78" success="true" from="nursery"/>
<exclusive-end id="194" timestamp="2025-12-14T22:18:54.330" durationms="37.334" />

<exclusive-start id="195" timestamp="2025-12-14T22:19:02.759" intervalms="8466.524">
  <response-info timems="0.099" idlems="0.099" threads="0" lastid="000000000186C600" lastname="Execution worker Thread 7" />
</exclusive-start>
<af-start id="196" threadId="000000000186D078" totalBytesRequested="1176" timestamp="2025-12-14T22:19:02.760" intervalms="8466.089" type="nursery" />
<cycle-start id="197" type="scavenge" contextid="0" timestamp="2025-12-14T22:19:02.761" intervalms="8465.160" />
<gc-start id="198" type="scavenge" contextid="197" timestamp="2025-12-14T22:19:02.762">
  <mem-info id="199" free="165217032" total="271056896" percent="60">
    <mem type="nursery" free="0" total="69730304" percent="0">
      <mem type="allocate" free="0" total="50331648" percent="0" />
      <mem type="survivor" free="0" total="19398656" percent="0" />
    </mem>
    <mem type="tenure" free="165217032" total="201326592" percent="82">
      <mem type="soa" free="155150088" total="191259648" percent="81" />
      <mem type="loa" free="10066944" total="10066944" percent="100" />
    </mem>
    <remembered-set count="29546" />
  </mem-info>
</gc-start>
<allocation-stats totalBytes="40010096" discardedBytes="968792" >
  <allocated-bytes non-tlh="258840" tlh="39751256" />
  <largest-consumer threadName="Execution worker Thread 7" threadId="000000000186C600" bytes="31996800" />
</allocation-stats>
<gc-op id="200" type="scavenge" timems="11.483" contextid="197" timestamp="2025-12-14T22:19:02.774">
  <scavenger-info tenureage="3" tenuremask="7f08" tiltratio="72" />
  <memory-copied type="nursery" objects="145713" bytes="8499392" bytesdiscarded="264360" />
  <memory-copied type="tenure" objects="45378" bytes="1786968" bytesdiscarded="952" />
  <finalization candidates="145" enqueued="145" />
  <ownableSynchronizers candidates="488" cleared="85" />
  <references type="soft" candidates="4906" cleared="0" enqueued="0" dynamicThreshold="32" maxThreshold="32" />
  <references type="weak" candidates="6563" cleared="1814" enqueued="1814" />
  <references type="phantom" candidates="612" cleared="271" enqueued="271" />
  <object-monitors candidates="8" cleared="0"  />
</gc-op>
<gc-end id="201" type="scavenge" contextid="197" durationms="14.036" usertimems="68.503" systemtimems="3.939" stalltimems="31.399" timestamp="2025-12-14T22:19:02.776" activeThreads="9">
  <mem-info id="202" free="205888104" total="271056896" percent="75">
    <mem type="nursery" free="42611064" total="69730304" percent="61">
      <mem type="allocate" free="42611064" total="51380224" percent="82" />
      <mem type="survivor" free="0" total="18350080" percent="0" />
    </mem>
    <mem type="tenure" free="163277040" total="201326592" percent="81" macro-fragmented="143110048">
      <mem type="soa" free="153210096" total="191259648" percent="80" />
      <mem type="loa" free="10066944" total="10066944" percent="100" />
    </mem>
    <pending-finalizers system="144" default="1" reference="2085" classloader="0" />
    <remembered-set count="22364" />
  </mem-info>
</gc-end>
<cycle-end id="203" type="scavenge" contextid="197" timestamp="2025-12-14T22:19:02.777" />
<allocation-satisfied id="204" threadId="000000000186C600" bytesRequested="1176" />
<af-end id="205" timestamp="2025-12-14T22:19:02.778" threadId="000000000186D078" success="true" from="nursery"/>
<exclusive-end id="206" timestamp="2025-12-14T22:19:02.778" durationms="19.273" />

<exclusive-start id="207" timestamp="2025-12-14T22:19:03.610" intervalms="850.599">
  <response-info timems="0.087" idlems="0.087" threads="0" lastid="000000000186C600" lastname="Execution worker Thread 7" />
</exclusive-start>
<af-start id="208" threadId="000000000186D078" totalBytesRequested="960" timestamp="2025-12-14T22:19:03.610" intervalms="850.355" type="nursery" />
<cycle-start id="209" type="scavenge" contextid="0" timestamp="2025-12-14T22:19:03.612" intervalms="850.553" />
<gc-start id="210" type="scavenge" contextid="209" timestamp="2025-12-14T22:19:03.613">
  <mem-info id="211" free="162887408" total="271056896" percent="60">
    <mem type="nursery" free="0" total="69730304" percent="0">
      <mem type="allocate" free="0" total="51380224" percent="0" />
      <mem type="survivor" free="0" total="18350080" percent="0" />
    </mem>
    <mem type="tenure" free="162887408" total="201326592" percent="80">
      <mem type="soa" free="152820464" total="191259648" percent="79" />
      <mem type="loa" free="10066944" total="10066944" percent="100" />
    </mem>
    <remembered-set count="28285" />
  </mem-info>
</gc-start>
<allocation-stats totalBytes="42720440" discardedBytes="280256" >
  <allocated-bytes non-tlh="1399488" tlh="41320952" />
  <largest-consumer threadName="Execution worker Thread 7" threadId="000000000186C600" bytes="42699960" />
</allocation-stats>
<gc-op id="212" type="scavenge" timems="9.568" contextid="209" timestamp="2025-12-14T22:19:03.623">
  <scavenger-info tenureage="3" tenuremask="7f08" tiltratio="73" />
  <memory-copied type="nursery" objects="117674" bytes="6899976" bytesdiscarded="134664" />
  <memory-copied type="tenure" objects="37100" bytes="2401520" bytesdiscarded="1584" />
  <finalization candidates="227" enqueued="227" />
  <ownableSynchronizers candidates="358" cleared="0" />
  <references type="soft" candidates="4061" cleared="0" enqueued="0" dynamicThreshold="32" maxThreshold="32" />
  <references type="weak" candidates="5877" cleared="2058" enqueued="2058" />
  <references type="phantom" candidates="378" cleared="112" enqueued="112" />
  <object-monitors candidates="9" cleared="0"  />
</gc-op>
<gc-end id="213" type="scavenge" contextid="209" durationms="12.906" usertimems="48.631" systemtimems="12.212" stalltimems="25.357" timestamp="2025-12-14T22:19:03.626" activeThreads="9">
  <mem-info id="214" free="206205048" total="271056896" percent="76">
    <mem type="nursery" free="45912112" total="69730304" percent="65">
      <mem type="allocate" free="45912112" total="52953088" percent="86" />
      <mem type="survivor" free="0" total="16777216" percent="0" />
    </mem>
    <mem type="tenure" free="160292936" total="201326592" percent="79" macro-fragmented="143110048">
      <mem type="soa" free="150225992" total="191259648" percent="78" />
      <mem type="loa" free="10066944" total="10066944" percent="100" />
    </mem>
    <pending-finalizers system="227" default="0" reference="2170" classloader="0" />
    <remembered-set count="17827" />
  </mem-info>
</gc-end>
<cycle-end id="215" type="scavenge" contextid="209" timestamp="2025-12-14T22:19:03.627" />
<allocation-satisfied id="216" threadId="000000000186C600" bytesRequested="960" />
<af-end id="217" timestamp="2025-12-14T22:19:03.628" threadId="000000000186D078" success="true" from="nursery"/>
<exclusive-end id="218" timestamp="2025-12-14T22:19:03.628" durationms="18.430" />

<exclusive-start id="219" timestamp="2025-12-14T22:19:09.045" intervalms="5434.960">
  <response-info timems="0.075" idlems="0.075" threads="0" lastid="000000000186C600" lastname="Execution worker Thread 7" />
</exclusive-start>
<af-start id="220" threadId="000000000186D078" totalBytesRequested="1288" timestamp="2025-12-14T22:19:09.045" intervalms="5435.012" type="nursery" />
<cycle-start id="221" type="scavenge" contextid="0" timestamp="2025-12-14T22:19:09.046" intervalms="5434.718" />
<gc-start id="222" type="scavenge" contextid="221" timestamp="2025-12-14T22:19:09.047">
  <mem-info id="223" free="160063224" total="271056896" percent="59">
    <mem type="nursery" free="0" total="69730304" percent="0">
      <mem type="allocate" free="0" total="52953088" percent="0" />
      <mem type="survivor" free="0" total="16777216" percent="0" />
    </mem>
    <mem type="tenure" free="160063224" total="201326592" percent="79">
      <mem type="soa" free="149996280" total="191259648" percent="78" />
      <mem type="loa" free="10066944" total="10066944" percent="100" />
    </mem>
    <remembered-set count="21311" />
  </mem-info>
</gc-start>
<allocation-stats totalBytes="46131784" discardedBytes="10040" >
  <allocated-bytes non-tlh="255272" tlh="45876512" />
  <largest-consumer threadName="Execution worker Thread 7" threadId="000000000186C600" bytes="45936000" />
</allocation-stats>
<gc-op id="224" type="scavenge" timems="7.476" contextid="221" timestamp="2025-12-14T22:19:09.056">
  <scavenger-info tenureage="3" tenuremask="7f08" tiltratio="75" />
  <memory-copied type="nursery" objects="61320" bytes="3067536" bytesdiscarded="423528" />
  <memory-copied type="tenure" objects="87245" bytes="5149888" bytesdiscarded="1592" />
  <finalization candidates="151" enqueued="151" />
  <ownableSynchronizers candidates="343" cleared="8" />
  <references type="soft" candidates="1386" cleared="0" enqueued="0" dynamicThreshold="32" maxThreshold="32" />
  <references type="weak" candidates="4207" cleared="1759" enqueued="1759" />
  <references type="phantom" candidates="115" cleared="49" enqueued="49" />
  <object-monitors candidates="9" cleared="0"  />
</gc-op>
<gc-end id="225" type="scavenge" contextid="221" durationms="10.435" usertimems="45.353" systemtimems="0.000" stalltimems="21.425" timestamp="2025-12-14T22:19:09.057" activeThreads="9">
  <mem-info id="226" free="206405560" total="271056896" percent="76">
    <mem type="nursery" free="51095648" total="69730304" percent="73">
      <mem type="allocate" free="51095648" total="54591488" percent="93" />
      <mem type="survivor" free="0" total="15138816" percent="0" />
    </mem>
    <mem type="tenure" free="155309912" total="201326592" percent="77" macro-fragmented="39939376">
      <mem type="soa" free="145242968" total="191259648" percent="75" />
      <mem type="loa" free="10066944" total="10066944" percent="100" />
    </mem>
    <pending-finalizers system="151" default="0" reference="1808" classloader="0" />
    <remembered-set count="11610" />
  </mem-info>
</gc-end>
<cycle-end id="227" type="scavenge" contextid="221" timestamp="2025-12-14T22:19:09.058" />
<allocation-satisfied id="228" threadId="000000000186C600" bytesRequested="1288" />
<af-end id="229" timestamp="2025-12-14T22:19:09.059" threadId="000000000186D078" success="true" from="nursery"/>
<exclusive-end id="230" timestamp="2025-12-14T22:19:09.059" durationms="14.412" />

<exclusive-start id="231" timestamp="2025-12-14T22:19:16.280" intervalms="7235.488">
  <response-info timems="0.271" idlems="0.271" threads="0" lastid="0000000001EBDC00" lastname="Unconstrained build operations Thread 157" />
</exclusive-start>
<af-start id="232" threadId="0000000001EBE678" totalBytesRequested="16392" timestamp="2025-12-14T22:19:16.281" intervalms="7235.717" type="nursery" />
<cycle-start id="233" type="scavenge" contextid="0" timestamp="2025-12-14T22:19:16.282" intervalms="7235.724" />
<gc-start id="234" type="scavenge" contextid="233" timestamp="2025-12-14T22:19:16.283">
  <mem-info id="235" free="155213880" total="271056896" percent="57">
    <mem type="nursery" free="0" total="69730304" percent="0">
      <mem type="allocate" free="0" total="54591488" percent="0" />
      <mem type="survivor" free="0" total="15138816" percent="0" />
    </mem>
    <mem type="tenure" free="155213880" total="201326592" percent="77">
      <mem type="soa" free="145146936" total="191259648" percent="75" />
      <mem type="loa" free="10066944" total="10066944" percent="100" />
    </mem>
    <remembered-set count="13732" />
  </mem-info>
</gc-start>
<allocation-stats totalBytes="51061704" discardedBytes="129976" >
  <allocated-bytes non-tlh="789496" tlh="50272208" />
  <largest-consumer threadName="Execution worker Thread 7" threadId="000000000186C600" bytes="11176336" />
</allocation-stats>
<gc-op id="236" type="scavenge" timems="12.165" contextid="233" timestamp="2025-12-14T22:19:16.296">
  <scavenger-info tenureage="9" tenuremask="7e00" tiltratio="78" />
  <memory-copied type="nursery" objects="131399" bytes="7075768" bytesdiscarded="142472" />
  <finalization candidates="81" enqueued="81" />
  <ownableSynchronizers candidates="229" cleared="139" />
  <references type="soft" candidates="2329" cleared="0" enqueued="0" dynamicThreshold="32" maxThreshold="32" />
  <references type="weak" candidates="3135" cleared="338" enqueued="338" />
  <references type="phantom" candidates="266" cleared="191" enqueued="191" />
  <object-monitors candidates="9" cleared="0"  />
</gc-op>
<gc-end id="237" type="scavenge" contextid="233" durationms="15.785" usertimems="58.978" systemtimems="2.459" stalltimems="39.074" timestamp="2025-12-14T22:19:16.299" activeThreads="9">
  <mem-info id="238" free="202838224" total="271056896" percent="74">
    <mem type="nursery" free="47624344" total="69730304" percent="68">
      <mem type="allocate" free="47624344" total="54853632" percent="86" />
      <mem type="survivor" free="0" total="14876672" percent="0" />
    </mem>
    <mem type="tenure" free="155213880" total="201326592" percent="77" macro-fragmented="119258368">
      <mem type="soa" free="145146936" total="191259648" percent="75" />
      <mem type="loa" free="10066944" total="10066944" percent="100" />
    </mem>
    <pending-finalizers system="81" default="0" reference="529" classloader="0" />
    <remembered-set count="8422" />
  </mem-info>
</gc-end>
<cycle-end id="239" type="scavenge" contextid="233" timestamp="2025-12-14T22:19:16.300" />
<allocation-satisfied id="240" threadId="0000000001EBDC00" bytesRequested="16392" />
<af-end id="241" timestamp="2025-12-14T22:19:16.301" threadId="0000000001EBE678" success="true" from="nursery"/>
<exclusive-end id="242" timestamp="2025-12-14T22:19:16.302" durationms="22.067" />

<exclusive-start id="243" timestamp="2025-12-14T22:19:19.014" intervalms="2733.385">
  <response-info timems="0.225" idlems="0.225" threads="0" lastid="000000000187F600" lastname="Execution worker Thread 12" />
</exclusive-start>
<af-start id="244" threadId="0000000001880078" totalBytesRequested="77896" timestamp="2025-12-14T22:19:19.015" intervalms="2733.453" type="nursery" />
<cycle-start id="245" type="scavenge" contextid="0" timestamp="2025-12-14T22:19:19.016" intervalms="2734.176" />
<gc-start id="246" type="scavenge" contextid="245" timestamp="2025-12-14T22:19:19.018">
  <mem-info id="247" free="154991544" total="271056896" percent="57">
    <mem type="nursery" free="0" total="69730304" percent="0">
      <mem type="allocate" free="0" total="54853632" percent="0" />
      <mem type="survivor" free="0" total="14876672" percent="0" />
    </mem>
    <mem type="tenure" free="154991544" total="201326592" percent="76">
      <mem type="soa" free="144924600" total="191259648" percent="75" />
      <mem type="loa" free="10066944" total="10066944" percent="100" />
    </mem>
    <remembered-set count="11820" />
  </mem-info>
</gc-start>
<allocation-stats totalBytes="47268288" discardedBytes="578392" >
  <allocated-bytes non-tlh="698016" tlh="46570272" />
  <largest-consumer threadName="Execution worker Thread 12" threadId="000000000187F600" bytes="17047352" />
</allocation-stats>
<gc-op id="248" type="scavenge" timems="10.703" contextid="245" timestamp="2025-12-14T22:19:19.030">
  <scavenger-info tenureage="9" tenuremask="7e00" tiltratio="78" />
  <memory-copied type="nursery" objects="109436" bytes="5559192" bytesdiscarded="94488" />
  <finalization candidates="145" enqueued="145" />
  <ownableSynchronizers candidates="208" cleared="87" />
  <references type="soft" candidates="2443" cleared="0" enqueued="0" dynamicThreshold="32" maxThreshold="32" />
  <references type="weak" candidates="4388" cleared="1271" enqueued="1270" />
  <references type="phantom" candidates="141" cleared="66" enqueued="66" />
  <object-monitors candidates="9" cleared="0"  />
</gc-op>
<gc-end id="249" type="scavenge" contextid="245" durationms="13.771" usertimems="44.117" systemtimems="9.303" stalltimems="43.920" timestamp="2025-12-14T22:19:19.031" activeThreads="9">
  <mem-info id="250" free="205422736" total="271056896" percent="75">
    <mem type="nursery" free="50431192" total="69730304" percent="72">
      <mem type="allocate" free="50431192" total="56098816" percent="89" />
      <mem type="survivor" free="0" total="13631488" percent="0" />
    </mem>
    <mem type="tenure" free="154991544" total="201326592" percent="76" macro-fragmented="143110048">
      <mem type="soa" free="144924600" total="191259648" percent="75" />
      <mem type="loa" free="10066944" total="10066944" percent="100" />
    </mem>
    <pending-finalizers system="145" default="0" reference="1336" classloader="0" />
    <remembered-set count="8962" />
  </mem-info>
</gc-end>
<cycle-end id="251" type="scavenge" contextid="245" timestamp="2025-12-14T22:19:19.032" />
<allocation-satisfied id="252" threadId="000000000187F600" bytesRequested="77896" />
<af-end id="253" timestamp="2025-12-14T22:19:19.034" threadId="0000000001880078" success="true" from="nursery"/>
<exclusive-end id="254" timestamp="2025-12-14T22:19:19.034" durationms="20.886" />

<exclusive-start id="255" timestamp="2025-12-14T22:19:22.740" intervalms="3726.519">
  <response-info timems="0.161" idlems="0.161" threads="0" lastid="000000000187F600" lastname="Execution worker Thread 12" />
</exclusive-start>
<af-start id="256" threadId="0000000001880078" totalBytesRequested="24" timestamp="2025-12-14T22:19:22.741" intervalms="3726.345" type="nursery" />
<cycle-start id="257" type="scavenge" contextid="0" timestamp="2025-12-14T22:19:22.742" intervalms="3725.810" />
<gc-start id="258" type="scavenge" contextid="257" timestamp="2025-12-14T22:19:22.743">
  <mem-info id="259" free="154759864" total="271056896" percent="57">
    <mem type="nursery" free="0" total="69730304" percent="0">
      <mem type="allocate" free="0" total="56098816" percent="0" />
      <mem type="survivor" free="0" total="13631488" percent="0" />
    </mem>
    <mem type="tenure" free="154759864" total="201326592" percent="76">
      <mem type="soa" free="144692920" total="191259648" percent="75" />
      <mem type="loa" free="10066944" total="10066944" percent="100" />
    </mem>
    <remembered-set count="12827" />
  </mem-info>
</gc-start>
<allocation-stats totalBytes="50655136" discardedBytes="7736" >
  <allocated-bytes non-tlh="584312" tlh="50070824" />
  <largest-consumer threadName="Execution worker Thread 12" threadId="000000000187F600" bytes="40755936" />
</allocation-stats>
<gc-op id="260" type="scavenge" timems="17.260" contextid="257" timestamp="2025-12-14T22:19:22.762">
  <scavenger-info tenureage="3" tenuremask="7c18" tiltratio="80" />
  <memory-copied type="nursery" objects="208714" bytes="9060208" bytesdiscarded="178648" />
  <memory-copied type="tenure" objects="36301" bytes="1871544" bytesdiscarded="456" />
  <finalization candidates="389" enqueued="389" />
  <ownableSynchronizers candidates="194" cleared="7" />
  <references type="soft" candidates="1415" cleared="0" enqueued="0" dynamicThreshold="32" maxThreshold="32" />
  <references type="weak" candidates="9951" cleared="880" enqueued="880" />
  <references type="phantom" candidates="190" cleared="153" enqueued="153" />
  <object-monitors candidates="9" cleared="0"  />
</gc-op>
<gc-end id="261" type="scavenge" contextid="257" durationms="20.062" usertimems="80.742" systemtimems="26.739" stalltimems="33.063" timestamp="2025-12-14T22:19:22.763" activeThreads="8">
  <mem-info id="262" free="197915416" total="271056896" percent="73">
    <mem type="nursery" free="45276624" total="69730304" percent="64">
      <mem type="allocate" free="45276624" total="54525952" percent="83" />
      <mem type="survivor" free="0" total="15204352" percent="0" />
    </mem>
    <mem type="tenure" free="152638792" total="201326592" percent="75" macro-fragmented="119258368">
      <mem type="soa" free="142571848" total="191259648" percent="74" />
      <mem type="loa" free="10066944" total="10066944" percent="100" />
    </mem>
    <pending-finalizers system="345" default="44" reference="1033" classloader="0" />
    <remembered-set count="10570" />
  </mem-info>
</gc-end>
<cycle-end id="263" type="scavenge" contextid="257" timestamp="2025-12-14T22:19:22.764" />
<allocation-satisfied id="264" threadId="000000000187F600" bytesRequested="24" />
<af-end id="265" timestamp="2025-12-14T22:19:22.766" threadId="0000000001880078" success="true" from="nursery"/>
<exclusive-end id="266" timestamp="2025-12-14T22:19:22.766" durationms="26.267" />

<exclusive-start id="267" timestamp="2025-12-14T22:23:11.863" intervalms="229123.345">
  <response-info timems="0.066" idlems="0.066" threads="0" lastid="00000000001D0800" lastname="VM Runtime State Listener" />
</exclusive-start>
<sys-start reason="vm idle" id="268" timestamp="2025-12-14T22:23:11.865" intervalms="274810.927" />
<cycle-start id="269" type="global" contextid="0" timestamp="2025-12-14T22:23:11.867" intervalms="274813.067" />
<gc-start id="270" type="global" contextid="269" timestamp="2025-12-14T22:23:11.869">
  <mem-info id="271" free="183155720" total="271056896" percent="67">
    <mem type="nursery" free="30598488" total="69730304" percent="43">
      <mem type="allocate" free="30598488" total="54525952" percent="56" />
      <mem type="survivor" free="0" total="15204352" percent="0" />
    </mem>
    <mem type="tenure" free="152557232" total="201326592" percent="75">
      <mem type="soa" free="142490288" total="191259648" percent="74" />
      <mem type="loa" free="10066944" total="10066944" percent="100" />
    </mem>
    <remembered-set count="14245" />
  </mem-info>
</gc-start>
<allocation-stats totalBytes="14698432" discardedBytes="61264" >
  <allocated-bytes non-tlh="370448" tlh="14327984" />
  <largest-consumer threadName="Daemon periodic checks" threadId="00000000005EE800" bytes="1406776" />
</allocation-stats>
<gc-op id="272" type="mark" timems="65.801" contextid="269" timestamp="2025-12-14T22:23:11.937">
  <trace-info objectcount="944499" scancount="818792" scanbytes="27085456" />
  <finalization candidates="952" enqueued="180" />
  <ownableSynchronizers candidates="4906" cleared="614" />
  <references type="soft" candidates="27035" cleared="0" enqueued="0" dynamicThreshold="32" maxThreshold="32" />
  <references type="weak" candidates="28510" cleared="4318" enqueued="4315" />
  <references type="phantom" candidates="1642" cleared="125" enqueued="125" />
  <stringconstants candidates="42910" cleared="1547"  />
  <object-monitors candidates="11" cleared="1"  />
</gc-op>
<gc-op id="273" type="classunload" timems="0.219" contextid="269" timestamp="2025-12-14T22:23:11.938">
  <classunload-info classloadercandidates="147" classloadersunloaded="2" classesunloaded="0" anonymousclassesunloaded="0" quiescems="0.000" setupms="0.202" scanms="0.010" postms="0.006" />
</gc-op>
<gc-op id="274" type="sweep" timems="3.006" contextid="269" timestamp="2025-12-14T22:23:11.942" />
<mem-info id="275" free="204166056" total="271056896" percent="75">
  <mem type="nursery" free="46941944" total="69730304" percent="67">
    <mem type="allocate" free="46941944" total="54525952" percent="86" />
    <mem type="survivor" free="0" total="15204352" percent="0" />
  </mem>
  <mem type="tenure" free="157224112" total="201326592" percent="78" micro-fragmented="932841" macro-fragmented="82818304">
    <mem type="soa" free="147157168" total="191259648" percent="76" />
    <mem type="loa" free="10066944" total="10066944" percent="100" />
  </mem>
  <pending-finalizers system="180" default="0" reference="4440" classloader="0" />
  <remembered-set count="11744" />
</mem-info>
<gc-op id="276" type="compact" timems="56.693" contextid="269" timestamp="2025-12-14T22:23:12.002">
  <compact-info movecount="939118" movebytes="49361024" reason="page granularity fragmentation" />
</gc-op>
<gc-end id="277" type="global" contextid="269" durationms="149.463" usertimems="767.196" systemtimems="154.724" stalltimems="895.499" timestamp="2025-12-14T22:23:12.018" activeThreads="20">
  <mem-info id="278" free="206245640" total="271056896" percent="76">
    <mem type="nursery" free="47934792" total="69730304" percent="68">
      <mem type="allocate" free="47934792" total="54525952" percent="87" />
      <mem type="survivor" free="0" total="15204352" percent="0" />
    </mem>
    <mem type="tenure" free="158310848" total="201326592" percent="78">
      <mem type="soa" free="148243904" total="191259648" percent="77" />
      <mem type="loa" free="10066944" total="10066944" percent="100" />
    </mem>
    <pending-finalizers system="180" default="0" reference="4440" classloader="0" />
    <remembered-set count="11744" />
  </mem-info>
</gc-end>
<cycle-end id="279" type="global" contextid="269" timestamp="2025-12-14T22:23:12.019" />
<sys-end id="280" timestamp="2025-12-14T22:23:12.020" />
<exclusive-end id="281" timestamp="2025-12-14T22:23:12.020" durationms="156.947" />

<heap-resize id="282" type="release free pages" space="tenure" amount="158269440" count="1" timems="0.654" reason="idle" timestamp="2025-12-14T22:23:12.021" />
<exclusive-start id="283" timestamp="2025-12-14T22:28:31.860" intervalms="319996.899">
  <response-info timems="0.193" idlems="0.193" threads="0" lastid="00000000001D0800" lastname="VM Runtime State Listener" />
</exclusive-start>
<sys-start reason="vm idle" id="284" timestamp="2025-12-14T22:28:31.862" intervalms="319997.516" />
<cycle-start id="285" type="global" contextid="0" timestamp="2025-12-14T22:28:31.865" intervalms="319997.722" />
<gc-start id="286" type="global" contextid="285" timestamp="2025-12-14T22:28:31.868">
  <mem-info id="287" free="202452744" total="271056896" percent="74">
    <mem type="nursery" free="44141896" total="69730304" percent="63">
      <mem type="allocate" free="44141896" total="54525952" percent="80" />
      <mem type="survivor" free="0" total="15204352" percent="0" />
    </mem>
    <mem type="tenure" free="158310848" total="201326592" percent="78">
      <mem type="soa" free="148243904" total="191259648" percent="77" />
      <mem type="loa" free="10066944" total="10066944" percent="100" />
    </mem>
    <remembered-set count="15369" />
  </mem-info>
</gc-start>
<allocation-stats totalBytes="3760464" discardedBytes="32432" >
  <allocated-bytes non-tlh="0" tlh="3760464" />
  <largest-consumer threadName="Daemon periodic checks" threadId="00000000005EE800" bytes="2022184" />
</allocation-stats>
<gc-op id="288" type="mark" timems="48.393" contextid="285" timestamp="2025-12-14T22:28:31.920">
  <trace-info objectcount="938624" scancount="813811" scanbytes="26954936" />
  <finalization candidates="772" enqueued="0" />
  <ownableSynchronizers candidates="4388" cleared="96" />
  <references type="soft" candidates="27035" cleared="0" enqueued="0" dynamicThreshold="25" maxThreshold="32" />
  <references type="weak" candidates="24192" cleared="0" enqueued="0" />
  <references type="phantom" candidates="1517" cleared="0" enqueued="0" />
  <stringconstants candidates="41363" cleared="0"  />
  <object-monitors candidates="10" cleared="0"  />
</gc-op>
<gc-op id="289" type="classunload" timems="0.114" contextid="285" timestamp="2025-12-14T22:28:31.921">
  <classunload-info classloadercandidates="145" classloadersunloaded="0" classesunloaded="0" anonymousclassesunloaded="0" quiescems="0.000" setupms="0.113" scanms="0.000" postms="0.000" />
</gc-op>
<gc-op id="290" type="sweep" timems="4.584" contextid="285" timestamp="2025-12-14T22:28:31.927" />
<gc-end id="291" type="global" contextid="285" durationms="92.952" usertimems="239.057" systemtimems="35.443" stalltimems="723.638" timestamp="2025-12-14T22:28:31.961" activeThreads="20">
  <mem-info id="292" free="206343224" total="271056896" percent="76">
    <mem type="nursery" free="47933336" total="69730304" percent="68">
      <mem type="allocate" free="47933336" total="54525952" percent="87" />
      <mem type="survivor" free="0" total="15204352" percent="0" />
    </mem>
    <mem type="tenure" free="158409888" total="201326592" percent="78" micro-fragmented="56104" macro-fragmented="99381968">
      <mem type="soa" free="148342944" total="191259648" percent="77" />
      <mem type="loa" free="10066944" total="10066944" percent="100" />
    </mem>
    <remembered-set count="13843" />
  </mem-info>
</gc-end>
<cycle-end id="293" type="global" contextid="285" timestamp="2025-12-14T22:28:31.962" />
<sys-end id="294" timestamp="2025-12-14T22:28:31.963" />
<exclusive-end id="295" timestamp="2025-12-14T22:28:31.964" durationms="103.183" />

<heap-resize id="296" type="release free pages" space="tenure" amount="158310400" count="1" timems="0.688" reason="idle" timestamp="2025-12-14T22:28:31.965" />
