<?xml version="1.0" ?>

<verbosegc xmlns="http://www.ibm.com/j9/verbosegc" version="266a8c6f5_CMPRSS">

<initialized id="1" timestamp="2025-12-15T22:48:15.479">
  <attribute name="gcPolicy" value="-Xgcpolicy:gencon" />
  <attribute name="maxHeapSize" value="0x20000000" />
  <attribute name="initialHeapSize" value="0x10000000" />
  <attribute name="compressedRefs" value="true" />
  <attribute name="compressedRefsDisplacement" value="0x0" />
  <attribute name="compressedRefsShift" value="0x3" />
  <attribute name="pageSize" value="0x1000" />
  <attribute name="pageType" value="not used" />
  <attribute name="requestedPageSize" value="0x1000" />
  <attribute name="requestedPageType" value="not used" />
  <attribute name="gcthreads" value="20" />
  <attribute name="gcthreads Concurrent Mark" value="1" />
  <attribute name="packetListSplit" value="3" />
  <attribute name="cacheListSplit" value="3" />
  <attribute name="splitFreeListSplitAmount" value="3" />
  <attribute name="numaNodes" value="0" />
  <system>
    <attribute name="physicalMemory" value="16593895424" />
    <attribute name="addressablePhysicalMemory" value="16593895424" />
    <attribute name="container memory limit set" value="false" />
    <attribute name="numCPUs" value="20" />
    <attribute name="numCPUs active" value="20" />
    <attribute name="architecture" value="amd64" />
    <attribute name="os" value="Linux" />
    <attribute name="osVersion" value="6.6.87.2-microsoft-standard-WSL2" />
  </system>
  <vmargs>
    <vmarg name="-Xoptionsfile=/opt/java/openjdk/lib/options.default" />
    <vmarg name="-Xlockword:mode=default,noLockword=java/lang/String,noLockword=java/util/MapEntry,noLockword=java/util/HashMap$Entry,noLockword..." />
    <vmarg name="-XX:+EnsureHashed:java/lang/Class,java/lang/Thread" />
    <vmarg name="-Xjcl:jclse29" />
    <vmarg name="-Dcom.ibm.oti.vm.bootstrap.library.path=/opt/java/openjdk/lib/default:/opt/java/openjdk/lib" />
    <vmarg name="-Dsun.boot.library.path=/opt/java/openjdk/lib/default:/opt/java/openjdk/lib" />
    <vmarg name="-Djava.library.path=/opt/java/openjdk/lib/default:/opt/java/openjdk/lib:/usr/lib64:/usr/lib" />
    <vmarg name="-Djava.home=/opt/java/openjdk" />
    <vmarg name="-Duser.dir=/gradle/daemon/9.0.0" />
    <vmarg name="-XX:+IgnoreUnrecognizedVMOptions" />
    <vmarg name="-XX:+PortableSharedCache" />
    <vmarg name="-XX:+IdleTuningGcOnIdle" />
    <vmarg name="-Xshareclasses:name=openj9_system_scc,cacheDir=/opt/java/.scc,readonly,nonFatal" />
    <vmarg name="-Xverbosegclog:/logs/verbosegc.%seq.log,10,1024" />
    <vmarg name="-Djdk.nativePBKDF2=true" />
    <vmarg name="-XX:+IgnoreUnrecognizedVMOptions" />
    <vmarg name="-XX:+IdleTuningGcOnIdle" />
    <vmarg name="-Xshareclasses:name=openj9_system_scc,cacheDir=/opt/java/.scc,readonly,nonFatal" />
    <vmarg name="-Dosgi.checkConfiguration=false" />
    <vmarg name="-Djdk.nativePBKDF2=true" />
    <vmarg name="-XX:+IgnoreUnrecognizedVMOptions" />
    <vmarg name="-XX:+IdleTuningGcOnIdle" />
    <vmarg name="-Xshareclasses:name=openj9_system_scc,cacheDir=/opt/java/.scc,readonly,nonFatal" />
    <vmarg name="-Dosgi.checkConfiguration=false" />
    <vmarg name="--add-opens=java.base/java.lang=ALL-UNNAMED" />
    <vmarg name="--add-opens=java.base/java.lang.invoke=ALL-UNNAMED" />
    <vmarg name="--add-opens=java.base/java.util=ALL-UNNAMED" />
    <vmarg name="--add-opens=java.prefs/java.util.prefs=ALL-UNNAMED" />
    <vmarg name="--add-exports=jdk.compiler/com.sun.tools.javac.api=ALL-UNNAMED" />
    <vmarg name="--add-exports=jdk.compiler/com.sun.tools.javac.util=ALL-UNNAMED" />
    <vmarg name="--add-opens=java.base/java.util=ALL-UNNAMED" />
    <vmarg name="--add-opens=java.prefs/java.util.prefs=ALL-UNNAMED" />
    <vmarg name="--add-opens=java.base/java.nio.charset=ALL-UNNAMED" />
    <vmarg name="--add-opens=java.base/java.net=ALL-UNNAMED" />
    <vmarg name="--add-opens=java.base/java.util.concurrent=ALL-UNNAMED" />
    <vmarg name="--add-opens=java.base/java.util.concurrent.atomic=ALL-UNNAMED" />
    <vmarg name="--add-opens=java.xml/javax.xml.namespace=ALL-UNNAMED" />
    <vmarg name="-XX:MaxMetaspaceSize=384m" />
    <vmarg name="-XX:+HeapDumpOnOutOfMemoryError" />
    <vmarg name="-Xms256m" />
    <vmarg name="-Xmx512m" />
    <vmarg name="-Dfile.encoding=UTF-8" />
    <vmarg name="-Duser.country=US" />
    <vmarg name="-Duser.language=en" />
    <vmarg name="-Duser.variant" />
    <vmarg name="-Djava.class.path=/opt/gradle/lib/gradle-daemon-main-9.0.0.jar" />
    <vmarg name="-javaagent:/opt/gradle/lib/agents/gradle-instrumentation-agent-9.0.0.jar" />
    <vmarg name="-Dsun.java.command=org.gradle.launcher.daemon.bootstrap.GradleDaemon 9.0.0" />
    <vmarg name="-Dsun.java.launcher=SUN_STANDARD" />
  </vmargs>
</initialized>

<exclusive-start id="2" timestamp="2025-12-15T22:48:16.085" intervalms="605.549">
  <response-info timems="0.056" idlems="0.056" threads="0" lastid="0000000000025A00" lastname="main" />
</exclusive-start>
<af-start id="3" threadId="0000000000026478" totalBytesRequested="1296" timestamp="2025-12-15T22:48:16.086" intervalms="606.489" type="nursery" />
<cycle-start id="4" type="scavenge" contextid="0" timestamp="2025-12-15T22:48:16.087" intervalms="607.594" />
<gc-start id="5" type="scavenge" contextid="4" timestamp="2025-12-15T22:48:16.088">
  <mem-info id="6" free="200826704" total="268435456" percent="74">
    <mem type="nursery" free="0" total="67108864" percent="0">
      <mem type="allocate" free="0" total="33554432" percent="0" />
      <mem type="survivor" free="0" total="33554432" percent="0" />
    </mem>
    <mem type="tenure" free="200826704" total="201326592" percent="99">
      <mem type="soa" free="190759760" total="191259648" percent="99" />
      <mem type="loa" free="10066944" total="10066944" percent="100" />
    </mem>
    <remembered-set count="6587" />
  </mem-info>
</gc-start>
<allocation-stats totalBytes="34038552" discardedBytes="15768" >
  <allocated-bytes non-tlh="5174968" tlh="28863584" />
  <largest-consumer threadName="main" threadId="0000000000025A00" bytes="33882352" />
</allocation-stats>
<gc-op id="7" type="scavenge" timems="17.910" contextid="4" timestamp="2025-12-15T22:48:16.107">
  <scavenger-info tenureage="1" tenuremask="fffe" tiltratio="50" />
  <memory-copied type="nursery" objects="39952" bytes="9269304" bytesdiscarded="396056" />
  <finalization candidates="699" enqueued="442" />
  <ownableSynchronizers candidates="7" cleared="0" />
  <references type="soft" candidates="447" cleared="0" enqueued="0" dynamicThreshold="32" maxThreshold="32" />
  <references type="weak" candidates="2366" cleared="2074" enqueued="2074" />
  <references type="phantom" candidates="613" cleared="59" enqueued="59" />
  <object-monitors candidates="1" cleared="0"  />
</gc-op>
<gc-end id="8" type="scavenge" contextid="4" durationms="19.579" usertimems="42.007" systemtimems="16.603" stalltimems="209.439" timestamp="2025-12-15T22:48:16.107" activeThreads="20">
  <mem-info id="9" free="224711312" total="268435456" percent="83">
    <mem type="nursery" free="23884608" total="67108864" percent="35">
      <mem type="allocate" free="23884608" total="33554432" percent="71" />
      <mem type="survivor" free="0" total="33554432" percent="0" />
    </mem>
    <mem type="tenure" free="200826704" total="201326592" percent="99">
      <mem type="soa" free="190759760" total="191259648" percent="99" />
      <mem type="loa" free="10066944" total="10066944" percent="100" />
    </mem>
    <pending-finalizers system="442" default="0" reference="2133" classloader="0" />
    <remembered-set count="6587" />
  </mem-info>
</gc-end>
<cycle-end id="10" type="scavenge" contextid="4" timestamp="2025-12-15T22:48:16.108" />
<allocation-satisfied id="11" threadId="0000000000025A00" bytesRequested="1296" />
<af-end id="12" timestamp="2025-12-15T22:48:16.110" threadId="0000000000026478" success="true" from="nursery"/>
<exclusive-end id="13" timestamp="2025-12-15T22:48:16.110" durationms="25.704" />

<exclusive-start id="14" timestamp="2025-12-15T22:48:16.270" intervalms="185.729">
  <response-info timems="0.049" idlems="0.049" threads="0" lastid="0000000000025A00" lastname="main" />
</exclusive-start>
<af-start id="15" threadId="0000000000026478" totalBytesRequested="24" timestamp="2025-12-15T22:48:16.271" intervalms="185.572" type="nursery" />
<cycle-start id="16" type="scavenge" contextid="0" timestamp="2025-12-15T22:48:16.272" intervalms="185.179" />
<gc-start id="17" type="scavenge" contextid="16" timestamp="2025-12-15T22:48:16.273">
  <mem-info id="18" free="200791560" total="268435456" percent="74">
    <mem type="nursery" free="0" total="67108864" percent="0">
      <mem type="allocate" free="0" total="33554432" percent="0" />
      <mem type="survivor" free="0" total="33554432" percent="0" />
    </mem>
    <mem type="tenure" free="200791560" total="201326592" percent="99">
      <mem type="soa" free="190724616" total="191259648" percent="99" />
      <mem type="loa" free="10066944" total="10066944" percent="100" />
    </mem>
    <remembered-set count="7007" />
  </mem-info>
</gc-start>
<allocation-stats totalBytes="23916976" discardedBytes="2776" >
  <allocated-bytes non-tlh="315832" tlh="23601144" />
  <largest-consumer threadName="main" threadId="0000000000025A00" bytes="23904976" />
</allocation-stats>
<gc-op id="19" type="scavenge" timems="18.032" contextid="16" timestamp="2025-12-15T22:48:16.292">
  <scavenger-info tenureage="1" tenuremask="7ffe" tiltratio="50" />
  <memory-copied type="nursery" objects="21393" bytes="674736" bytesdiscarded="291376" />
  <memory-copied type="tenure" objects="33301" bytes="9028376" bytesdiscarded="9008" />
  <finalization candidates="290" enqueued="19" />
  <ownableSynchronizers candidates="7" cleared="0" />
  <references type="soft" candidates="15" cleared="0" enqueued="0" dynamicThreshold="32" maxThreshold="32" />
  <references type="weak" candidates="445" cleared="424" enqueued="422" />
  <references type="phantom" candidates="10" cleared="6" enqueued="6" />
  <object-monitors candidates="1" cleared="0"  />
</gc-op>
<heap-resize id="20" type="expand" space="nursery" amount="2752512" count="1" timems="0.076" reason="excessive time being spent scavenging" timestamp="2025-12-15T22:48:16.293" />
<gc-end id="21" type="scavenge" contextid="16" durationms="21.601" usertimems="32.910" systemtimems="14.098" stalltimems="228.133" timestamp="2025-12-15T22:48:16.294" activeThreads="17">
  <mem-info id="22" free="225422136" total="271187968" percent="83">
    <mem type="nursery" free="33964376" total="69861376" percent="48">
      <mem type="allocate" free="33964376" total="34930688" percent="97" />
      <mem type="survivor" free="0" total="34930688" percent="0" />
    </mem>
    <mem type="tenure" free="191457760" total="201326592" percent="95">
      <mem type="soa" free="181390816" total="191259648" percent="94" />
      <mem type="loa" free="10066944" total="10066944" percent="100" />
    </mem>
    <pending-finalizers system="19" default="0" reference="428" classloader="0" />
    <remembered-set count="7318" />
  </mem-info>
</gc-end>
<cycle-end id="23" type="scavenge" contextid="16" timestamp="2025-12-15T22:48:16.295" />
<allocation-satisfied id="24" threadId="0000000000025A00" bytesRequested="24" />
<af-end id="25" timestamp="2025-12-15T22:48:16.296" threadId="0000000000026478" success="true" from="nursery"/>
<exclusive-end id="26" timestamp="2025-12-15T22:48:16.297" durationms="26.333" />

<exclusive-start id="27" timestamp="2025-12-15T22:48:16.868" intervalms="597.253">
  <response-info timems="0.081" idlems="0.081" threads="0" lastid="0000000000025A00" lastname="main" />
</exclusive-start>
<af-start id="28" threadId="0000000000026478" totalBytesRequested="18152" timestamp="2025-12-15T22:48:16.869" intervalms="597.791" type="nursery" />
<cycle-start id="29" type="scavenge" contextid="0" timestamp="2025-12-15T22:48:16.870" intervalms="597.826" />
<gc-start id="30" type="scavenge" contextid="29" timestamp="2025-12-15T22:48:16.871">
  <mem-info id="31" free="190974504" total="271187968" percent="70">
    <mem type="nursery" free="0" total="69861376" percent="0">
      <mem type="allocate" free="0" total="34930688" percent="0" />
      <mem type="survivor" free="0" total="34930688" percent="0" />
    </mem>
    <mem type="tenure" free="190974504" total="201326592" percent="94">
      <mem type="soa" free="180907560" total="191259648" percent="94" />
      <mem type="loa" free="10066944" total="10066944" percent="100" />
    </mem>
    <remembered-set count="14961" />
  </mem-info>
</gc-start>
<allocation-stats totalBytes="34437496" discardedBytes="10136" >
  <allocated-bytes non-tlh="2273560" tlh="32163936" />
  <largest-consumer threadName="main" threadId="0000000000025A00" bytes="34433176" />
</allocation-stats>
<gc-op id="32" type="scavenge" timems="11.066" contextid="29" timestamp="2025-12-15T22:48:16.885">
  <scavenger-info tenureage="2" tenuremask="7ffc" tiltratio="50" />
  <memory-copied type="nursery" objects="83125" bytes="6259760" bytesdiscarded="332592" />
  <finalization candidates="443" enqueued="287" />
  <ownableSynchronizers candidates="29" cleared="0" />
  <references type="soft" candidates="3555" cleared="0" enqueued="0" dynamicThreshold="32" maxThreshold="32" />
  <references type="weak" candidates="2569" cleared="2330" enqueued="2273" />
  <references type="phantom" candidates="595" cleared="49" enqueued="49" />
  <object-monitors candidates="1" cleared="0"  />
</gc-op>
<gc-end id="33" type="scavenge" contextid="29" durationms="14.471" usertimems="37.756" systemtimems="13.933" stalltimems="50.640" timestamp="2025-12-15T22:48:16.886" activeThreads="13">
  <mem-info id="34" free="219308832" total="271187968" percent="80">
    <mem type="nursery" free="28334328" total="69861376" percent="40">
      <mem type="allocate" free="28334328" total="34930688" percent="81" />
      <mem type="survivor" free="0" total="34930688" percent="0" />
    </mem>
    <mem type="tenure" free="190974504" total="201326592" percent="94">
      <mem type="soa" free="180907560" total="191259648" percent="94" />
      <mem type="loa" free="10066944" total="10066944" percent="100" />
    </mem>
    <pending-finalizers system="287" default="0" reference="2322" classloader="0" />
    <remembered-set count="8000" />
  </mem-info>
</gc-end>
<cycle-end id="35" type="scavenge" contextid="29" timestamp="2025-12-15T22:48:16.886" />
<allocation-satisfied id="36" threadId="0000000000025A00" bytesRequested="18152" />
<af-end id="37" timestamp="2025-12-15T22:48:16.888" threadId="0000000000026478" success="true" from="nursery"/>
<exclusive-end id="38" timestamp="2025-12-15T22:48:16.888" durationms="20.610" />

<exclusive-start id="39" timestamp="2025-12-15T22:48:17.609" intervalms="740.954">
  <response-info timems="0.043" idlems="0.043" threads="0" lastid="0000000000637900" lastname="Daemon worker" />
</exclusive-start>
<af-start id="40" threadId="0000000000638378" totalBytesRequested="2632" timestamp="2025-12-15T22:48:17.610" intervalms="740.511" type="nursery" />
<cycle-start id="41" type="scavenge" contextid="0" timestamp="2025-12-15T22:48:17.610" intervalms="740.561" />
<gc-start id="42" type="scavenge" contextid="41" timestamp="2025-12-15T22:48:17.611">
  <mem-info id="43" free="190631144" total="271187968" percent="70">
    <mem type="nursery" free="0" total="69861376" percent="0">
      <mem type="allocate" free="0" total="34930688" percent="0" />
      <mem type="survivor" free="0" total="34930688" percent="0" />
    </mem>
    <mem type="tenure" free="190631144" total="201326592" percent="94">
      <mem type="soa" free="180564200" total="191259648" percent="94" />
      <mem type="loa" free="10066944" total="10066944" percent="100" />
    </mem>
    <remembered-set count="12610" />
  </mem-info>
</gc-start>
<allocation-stats totalBytes="28643568" discardedBytes="34120" >
  <allocated-bytes non-tlh="493800" tlh="28149768" />
  <largest-consumer threadName="Daemon worker" threadId="0000000000637900" bytes="25031120" />
</allocation-stats>
<gc-op id="44" type="scavenge" timems="7.191" contextid="41" timestamp="2025-12-15T22:48:17.619">
  <scavenger-info tenureage="2" tenuremask="7ffc" tiltratio="50" />
  <memory-copied type="nursery" objects="89411" bytes="6575232" bytesdiscarded="229440" />
  <memory-copied type="tenure" objects="19858" bytes="623528" bytesdiscarded="688" />
  <finalization candidates="1000" enqueued="513" />
  <ownableSynchronizers candidates="100" cleared="8" />
  <references type="soft" candidates="4092" cleared="0" enqueued="0" dynamicThreshold="32" maxThreshold="32" />
  <references type="weak" candidates="4084" cleared="3552" enqueued="3552" />
  <references type="phantom" candidates="620" cleared="75" enqueued="75" />
  <object-monitors candidates="1" cleared="0"  />
</gc-op>
<gc-end id="45" type="scavenge" contextid="41" durationms="9.018" usertimems="35.900" systemtimems="2.110" stalltimems="44.818" timestamp="2025-12-15T22:48:17.620" activeThreads="12">
  <mem-info id="46" free="218012432" total="271187968" percent="80">
    <mem type="nursery" free="28120872" total="69861376" percent="40">
      <mem type="allocate" free="28120872" total="34930688" percent="80" />
      <mem type="survivor" free="0" total="34930688" percent="0" />
    </mem>
    <mem type="tenure" free="189891560" total="201326592" percent="94">
      <mem type="soa" free="179824616" total="191259648" percent="94" />
      <mem type="loa" free="10066944" total="10066944" percent="100" />
    </mem>
    <pending-finalizers system="513" default="0" reference="3627" classloader="0" />
    <remembered-set count="11647" />
  </mem-info>
</gc-end>
<cycle-end id="47" type="scavenge" contextid="41" timestamp="2025-12-15T22:48:17.621" />
<allocation-satisfied id="48" threadId="0000000000637900" bytesRequested="2632" />
<af-end id="49" timestamp="2025-12-15T22:48:17.622" threadId="0000000000638378" success="true" from="nursery"/>
<exclusive-end id="50" timestamp="2025-12-15T22:48:17.623" durationms="13.886" />

<exclusive-start id="51" timestamp="2025-12-15T22:48:18.320" intervalms="711.131">
  <response-info timems="0.125" idlems="0.125" threads="0" lastid="0000000000637900" lastname="Daemon worker" />
</exclusive-start>
<af-start id="52" threadId="0000000000638378" totalBytesRequested="1888" timestamp="2025-12-15T22:48:18.325" intervalms="715.795" type="nursery" />
<cycle-start id="53" type="scavenge" contextid="0" timestamp="2025-12-15T22:48:18.329" intervalms="719.197" />
<gc-start id="54" type="scavenge" contextid="53" timestamp="2025-12-15T22:48:18.334">
  <mem-info id="55" free="189537240" total="271187968" percent="69">
    <mem type="nursery" free="0" total="69861376" percent="0">
      <mem type="allocate" free="0" total="34930688" percent="0" />
      <mem type="survivor" free="0" total="34930688" percent="0" />
    </mem>
    <mem type="tenure" free="189537240" total="201326592" percent="94">
      <mem type="soa" free="179470296" total="191259648" percent="93" />
      <mem type="loa" free="10066944" total="10066944" percent="100" />
    </mem>
    <remembered-set count="16029" />
  </mem-info>
</gc-start>
<allocation-stats totalBytes="28466144" discardedBytes="9048" >
  <allocated-bytes non-tlh="2224704" tlh="26241440" />
  <largest-consumer threadName="Daemon worker" threadId="0000000000637900" bytes="28441592" />
</allocation-stats>
<gc-op id="56" type="scavenge" timems="11.733" contextid="53" timestamp="2025-12-15T22:48:18.356">
  <scavenger-info tenureage="2" tenuremask="7ffc" tiltratio="50" />
  <memory-copied type="nursery" objects="48248" bytes="1665824" bytesdiscarded="326712" />
  <memory-copied type="tenure" objects="56591" bytes="5409920" bytesdiscarded="2104" />
  <finalization candidates="612" enqueued="138" />
  <ownableSynchronizers candidates="322" cleared="3" />
  <references type="soft" candidates="892" cleared="0" enqueued="0" dynamicThreshold="32" maxThreshold="32" />
  <references type="weak" candidates="3837" cleared="3380" enqueued="3380" />
  <references type="phantom" candidates="55" cleared="46" enqueued="46" />
  <object-monitors candidates="1" cleared="0"  />
</gc-op>
<gc-end id="57" type="scavenge" contextid="53" durationms="29.461" usertimems="73.105" systemtimems="7.026" stalltimems="42.413" timestamp="2025-12-15T22:48:18.363" activeThreads="10">
  <mem-info id="58" free="217112688" total="271187968" percent="80">
    <mem type="nursery" free="32935536" total="69861376" percent="47">
      <mem type="allocate" free="32935536" total="34930688" percent="94" />
      <mem type="survivor" free="0" total="34930688" percent="0" />
    </mem>
    <mem type="tenure" free="184177152" total="201326592" percent="91">
      <mem type="soa" free="174110208" total="191259648" percent="91" />
      <mem type="loa" free="10066944" total="10066944" percent="100" />
    </mem>
    <pending-finalizers system="138" default="0" reference="3426" classloader="0" />
    <remembered-set count="9030" />
  </mem-info>
</gc-end>
<cycle-end id="59" type="scavenge" contextid="53" timestamp="2025-12-15T22:48:18.366" />
<allocation-satisfied id="60" threadId="0000000000637900" bytesRequested="1888" />
<af-end id="61" timestamp="2025-12-15T22:48:18.374" threadId="0000000000638378" success="true" from="nursery"/>
<exclusive-end id="62" timestamp="2025-12-15T22:48:18.379" durationms="59.247" />

<exclusive-start id="63" timestamp="2025-12-15T22:48:19.416" intervalms="1096.311">
  <response-info timems="0.041" idlems="0.041" threads="0" lastid="0000000000637900" lastname="Daemon worker" />
</exclusive-start>
<af-start id="64" threadId="0000000000638378" totalBytesRequested="3232" timestamp="2025-12-15T22:48:19.417" intervalms="1091.454" type="nursery" />
<cycle-start id="65" type="scavenge" contextid="0" timestamp="2025-12-15T22:48:19.418" intervalms="1088.077" />
<gc-start id="66" type="scavenge" contextid="65" timestamp="2025-12-15T22:48:19.418">
  <mem-info id="67" free="183805992" total="271187968" percent="67">
    <mem type="nursery" free="0" total="69861376" percent="0">
      <mem type="allocate" free="0" total="34930688" percent="0" />
      <mem type="survivor" free="0" total="34930688" percent="0" />
    </mem>
    <mem type="tenure" free="183805992" total="201326592" percent="91">
      <mem type="soa" free="173739048" total="191259648" percent="90" />
      <mem type="loa" free="10066944" total="10066944" percent="100" />
    </mem>
    <remembered-set count="13730" />
  </mem-info>
</gc-start>
<allocation-stats totalBytes="33293320" discardedBytes="13376" >
  <allocated-bytes non-tlh="373048" tlh="32920272" />
  <largest-consumer threadName="Daemon worker" threadId="0000000000637900" bytes="33276936" />
</allocation-stats>
<gc-op id="68" type="scavenge" timems="5.481" contextid="65" timestamp="2025-12-15T22:48:19.425">
  <scavenger-info tenureage="3" tenuremask="7ff8" tiltratio="50" />
  <memory-copied type="nursery" objects="87869" bytes="3014304" bytesdiscarded="91136" />
  <finalization candidates="846" enqueued="494" />
  <ownableSynchronizers candidates="526" cleared="4" />
  <references type="soft" candidates="1817" cleared="0" enqueued="0" dynamicThreshold="32" maxThreshold="32" />
  <references type="weak" candidates="4247" cleared="3534" enqueued="3531" />
  <references type="phantom" candidates="107" cleared="88" enqueued="88" />
  <object-monitors candidates="1" cleared="0"  />
</gc-op>
<gc-end id="69" type="scavenge" contextid="65" durationms="7.491" usertimems="28.452" systemtimems="0.000" stalltimems="16.214" timestamp="2025-12-15T22:48:19.426" activeThreads="8">
  <mem-info id="70" free="220083456" total="271187968" percent="81">
    <mem type="nursery" free="36277464" total="69861376" percent="51">
      <mem type="allocate" free="36277464" total="39387136" percent="92" />
      <mem type="survivor" free="0" total="30474240" percent="0" />
    </mem>
    <mem type="tenure" free="183805992" total="201326592" percent="91">
      <mem type="soa" free="173739048" total="191259648" percent="90" />
      <mem type="loa" free="10066944" total="10066944" percent="100" />
    </mem>
    <pending-finalizers system="494" default="0" reference="3619" classloader="0" />
    <remembered-set count="10468" />
  </mem-info>
</gc-end>
<cycle-end id="71" type="scavenge" contextid="65" timestamp="2025-12-15T22:48:19.427" />
<allocation-satisfied id="72" threadId="0000000000637900" bytesRequested="3232" />
<af-end id="73" timestamp="2025-12-15T22:48:19.429" threadId="0000000000638378" success="true" from="nursery"/>
<exclusive-end id="74" timestamp="2025-12-15T22:48:19.429" durationms="13.121" />

<exclusive-start id="75" timestamp="2025-12-15T22:48:20.395" intervalms="979.305">
  <response-info timems="0.053" idlems="0.053" threads="0" lastid="0000000000637900" lastname="Daemon worker" />
</exclusive-start>
<af-start id="76" threadId="0000000000638378" totalBytesRequested="7176" timestamp="2025-12-15T22:48:20.396" intervalms="979.458" type="nursery" />
<cycle-start id="77" type="scavenge" contextid="0" timestamp="2025-12-15T22:48:20.397" intervalms="979.585" />
<gc-start id="78" type="scavenge" contextid="77" timestamp="2025-12-15T22:48:20.398">
  <mem-info id="79" free="183436056" total="271187968" percent="67">
    <mem type="nursery" free="0" total="69861376" percent="0">
      <mem type="allocate" free="0" total="39387136" percent="0" />
      <mem type="survivor" free="0" total="30474240" percent="0" />
    </mem>
    <mem type="tenure" free="183436056" total="201326592" percent="91">
      <mem type="soa" free="173369112" total="191259648" percent="90" />
      <mem type="loa" free="10066944" total="10066944" percent="100" />
    </mem>
    <remembered-set count="14856" />
  </mem-info>
</gc-start>
<allocation-stats totalBytes="36635896" discardedBytes="11504" >
  <allocated-bytes non-tlh="373168" tlh="36262728" />
  <largest-consumer threadName="Daemon worker" threadId="0000000000637900" bytes="36598952" />
</allocation-stats>
<gc-op id="80" type="scavenge" timems="7.639" contextid="77" timestamp="2025-12-15T22:48:20.407">
  <scavenger-info tenureage="3" tenuremask="7ff8" tiltratio="56" />
  <memory-copied type="nursery" objects="90510" bytes="3136296" bytesdiscarded="62136" />
  <memory-copied type="tenure" objects="22228" bytes="813184" bytesdiscarded="176" />
  <finalization candidates="786" enqueued="434" />
  <ownableSynchronizers candidates="680" cleared="8" />
  <references type="soft" candidates="2697" cleared="0" enqueued="0" dynamicThreshold="32" maxThreshold="32" />
  <references type="weak" candidates="4688" cleared="3826" enqueued="3826" />
  <references type="phantom" candidates="183" cleared="164" enqueued="164" />
  <object-monitors candidates="1" cleared="0"  />
</gc-op>
<gc-end id="81" type="scavenge" contextid="77" durationms="9.989" usertimems="35.671" systemtimems="3.962" stalltimems="21.889" timestamp="2025-12-15T22:48:20.408" activeThreads="8">
  <mem-info id="82" free="223746496" total="271187968" percent="82">
    <mem type="nursery" free="41425576" total="69861376" percent="59">
      <mem type="allocate" free="41425576" total="44630016" percent="92" />
      <mem type="survivor" free="0" total="25231360" percent="0" />
    </mem>
    <mem type="tenure" free="182320920" total="201326592" percent="90">
      <mem type="soa" free="172253976" total="191259648" percent="90" />
      <mem type="loa" free="10066944" total="10066944" percent="100" />
    </mem>
    <pending-finalizers system="434" default="0" reference="3990" classloader="0" />
    <remembered-set count="10709" />
  </mem-info>
</gc-end>
<cycle-end id="83" type="scavenge" contextid="77" timestamp="2025-12-15T22:48:20.409" />
<allocation-satisfied id="84" threadId="0000000000637900" bytesRequested="7176" />
<af-end id="85" timestamp="2025-12-15T22:48:20.410" threadId="0000000000638378" success="true" from="nursery"/>
<exclusive-end id="86" timestamp="2025-12-15T22:48:20.411" durationms="15.484" />

<exclusive-start id="87" timestamp="2025-12-15T22:48:21.412" intervalms="1016.492">
  <response-info timems="0.192" idlems="0.192" threads="0" lastid="0000000000637900" lastname="Daemon worker" />
</exclusive-start>
<af-start id="88" threadId="0000000000638378" totalBytesRequested="88" timestamp="2025-12-15T22:48:21.414" intervalms="1017.523" type="nursery" />
<cycle-start id="89" type="scavenge" contextid="0" timestamp="2025-12-15T22:48:21.415" intervalms="1018.012" />
<gc-start id="90" type="scavenge" contextid="89" timestamp="2025-12-15T22:48:21.418">
  <mem-info id="91" free="181756584" total="271187968" percent="67">
    <mem type="nursery" free="0" total="69861376" percent="0">
      <mem type="allocate" free="0" total="44630016" percent="0" />
      <mem type="survivor" free="0" total="25231360" percent="0" />
    </mem>
    <mem type="tenure" free="181756584" total="201326592" percent="90">
      <mem type="soa" free="171689640" total="191259648" percent="89" />
      <mem type="loa" free="10066944" total="10066944" percent="100" />
    </mem>
    <remembered-set count="18563" />
  </mem-info>
</gc-start>
<allocation-stats totalBytes="41953984" discardedBytes="35928" >
  <allocated-bytes non-tlh="1893720" tlh="40060264" />
  <largest-consumer threadName="Daemon worker" threadId="0000000000637900" bytes="40164552" />
</allocation-stats>
<gc-op id="92" type="scavenge" timems="7.536" contextid="89" timestamp="2025-12-15T22:48:21.428">
  <scavenger-info tenureage="5" tenuremask="ffe0" tiltratio="63" />
  <memory-copied type="nursery" objects="178481" bytes="6388464" bytesdiscarded="121488" />
  <finalization candidates="826" enqueued="801" />
  <ownableSynchronizers candidates="3478" cleared="10" />
  <references type="soft" candidates="7730" cleared="0" enqueued="0" dynamicThreshold="32" maxThreshold="32" />
  <references type="weak" candidates="7871" cleared="3441" enqueued="3439" />
  <references type="phantom" candidates="249" cleared="220" enqueued="220" />
  <object-monitors candidates="1" cleared="0"  />
</gc-op>
<gc-end id="93" type="scavenge" contextid="89" durationms="13.449" usertimems="41.983" systemtimems="5.064" stalltimems="13.276" timestamp="2025-12-15T22:48:21.431" activeThreads="8">
  <mem-info id="94" free="222552424" total="271187968" percent="82">
    <mem type="nursery" free="40795840" total="69861376" percent="58">
      <mem type="allocate" free="40795840" total="47316992" percent="86" />
      <mem type="survivor" free="0" total="22544384" percent="0" />
    </mem>
    <mem type="tenure" free="181756584" total="201326592" percent="90">
      <mem type="soa" free="171689640" total="191259648" percent="89" />
      <mem type="loa" free="10066944" total="10066944" percent="100" />
    </mem>
    <pending-finalizers system="801" default="0" reference="3659" classloader="0" />
    <remembered-set count="15248" />
  </mem-info>
</gc-end>
<cycle-end id="95" type="scavenge" contextid="89" timestamp="2025-12-15T22:48:21.432" />
<allocation-satisfied id="96" threadId="0000000000637900" bytesRequested="88" />
<af-end id="97" timestamp="2025-12-15T22:48:21.434" threadId="0000000000638378" success="true" from="nursery"/>
<exclusive-end id="98" timestamp="2025-12-15T22:48:21.435" durationms="23.050" />

<exclusive-start id="99" timestamp="2025-12-15T22:48:22.394" intervalms="982.395">
  <response-info timems="0.052" idlems="0.052" threads="0" lastid="00000000007A6500" lastname="Cache worker for file hash cache (/gradle/caches/9.0.0/fileHash" />
</exclusive-start>
<af-start id="100" threadId="00000000007A6F78" totalBytesRequested="4104" timestamp="2025-12-15T22:48:22.395" intervalms="981.393" type="nursery" />
<cycle-start id="101" type="scavenge" contextid="0" timestamp="2025-12-15T22:48:22.396" intervalms="981.085" />
<gc-start id="102" type="scavenge" contextid="101" timestamp="2025-12-15T22:48:22.398">
  <mem-info id="103" free="181403064" total="271187968" percent="66">
    <mem type="nursery" free="0" total="69861376" percent="0">
      <mem type="allocate" free="0" total="47316992" percent="0" />
      <mem type="survivor" free="0" total="22544384" percent="0" />
    </mem>
    <mem type="tenure" free="181403064" total="201326592" percent="90">
      <mem type="soa" free="171336120" total="191259648" percent="89" />
      <mem type="loa" free="10066944" total="10066944" percent="100" />
    </mem>
    <remembered-set count="19856" />
  </mem-info>
</gc-start>
<allocation-stats totalBytes="41130192" discardedBytes="19168" >
  <allocated-bytes non-tlh="912456" tlh="40217736" />
  <largest-consumer threadName="Daemon worker" threadId="0000000000637900" bytes="39878832" />
</allocation-stats>
<gc-op id="104" type="scavenge" timems="11.351" contextid="101" timestamp="2025-12-15T22:48:22.411">
  <scavenger-info tenureage="3" tenuremask="7ff8" tiltratio="67" />
  <memory-copied type="nursery" objects="166905" bytes="6271456" bytesdiscarded="120408" />
  <memory-copied type="tenure" objects="54762" bytes="1832008" bytesdiscarded="544" />
  <finalization candidates="261" enqueued="236" />
  <ownableSynchronizers candidates="3731" cleared="9" />
  <references type="soft" candidates="9131" cleared="0" enqueued="0" dynamicThreshold="32" maxThreshold="32" />
  <references type="weak" candidates="8833" cleared="3059" enqueued="3038" />
  <references type="phantom" candidates="126" cleared="103" enqueued="103" />
  <object-monitors candidates="2" cleared="0"  />
</gc-op>
<gc-end id="105" type="scavenge" contextid="101" durationms="18.540" usertimems="51.358" systemtimems="6.725" stalltimems="24.888" timestamp="2025-12-15T22:48:22.416" activeThreads="8">
  <mem-info id="106" free="222970168" total="271187968" percent="82">
    <mem type="nursery" free="43799680" total="69861376" percent="62">
      <mem type="allocate" free="43799680" total="50200576" percent="87" />
      <mem type="survivor" free="0" total="19660800" percent="0" />
    </mem>
    <mem type="tenure" free="179170488" total="201326592" percent="88">
      <mem type="soa" free="169103544" total="191259648" percent="88" />
      <mem type="loa" free="10066944" total="10066944" percent="100" />
    </mem>
    <pending-finalizers system="236" default="0" reference="3141" classloader="0" />
    <remembered-set count="14974" />
  </mem-info>
</gc-end>
<cycle-end id="107" type="scavenge" contextid="101" timestamp="2025-12-15T22:48:22.422" />
<allocation-satisfied id="108" threadId="00000000007A6500" bytesRequested="4104" />
<af-end id="109" timestamp="2025-12-15T22:48:22.432" threadId="00000000007A6F78" success="true" from="nursery"/>
<exclusive-end id="110" timestamp="2025-12-15T22:48:22.437" durationms="42.400" />

<exclusive-start id="111" timestamp="2025-12-15T22:48:23.417" intervalms="1023.177">
  <response-info timems="0.053" idlems="0.053" threads="0" lastid="0000000000637900" lastname="Daemon worker" />
</exclusive-start>
<af-start id="112" threadId="0000000000638378" totalBytesRequested="24" timestamp="2025-12-15T22:48:23.418" intervalms="1022.954" type="nursery" />
<cycle-start id="113" type="scavenge" contextid="0" timestamp="2025-12-15T22:48:23.419" intervalms="1022.721" />
<gc-start id="114" type="scavenge" contextid="113" timestamp="2025-12-15T22:48:23.420">
  <mem-info id="115" free="178701136" total="271187968" percent="65">
    <mem type="nursery" free="0" total="69861376" percent="0">
      <mem type="allocate" free="0" total="50200576" percent="0" />
      <mem type="survivor" free="0" total="19660800" percent="0" />
    </mem>
    <mem type="tenure" free="178701136" total="201326592" percent="88">
      <mem type="soa" free="168634192" total="191259648" percent="88" />
      <mem type="loa" free="10066944" total="10066944" percent="100" />
    </mem>
    <remembered-set count="20698" />
  </mem-info>
</gc-start>
<allocation-stats totalBytes="44248112" discardedBytes="20920" >
  <allocated-bytes non-tlh="493960" tlh="43754152" />
  <largest-consumer threadName="Daemon worker" threadId="0000000000637900" bytes="43981008" />
</allocation-stats>
<gc-op id="116" type="scavenge" timems="11.750" contextid="113" timestamp="2025-12-15T22:48:23.433">
  <scavenger-info tenureage="3" tenuremask="7fe8" tiltratio="71" />
  <memory-copied type="nursery" objects="181937" bytes="7107888" bytesdiscarded="81424" />
  <memory-copied type="tenure" objects="24440" bytes="909800" bytesdiscarded="304" />
  <finalization candidates="799" enqueued="792" />
  <ownableSynchronizers candidates="3440" cleared="30" />
  <references type="soft" candidates="9703" cleared="0" enqueued="0" dynamicThreshold="32" maxThreshold="32" />
  <references type="weak" candidates="9929" cleared="3694" enqueued="3694" />
  <references type="phantom" candidates="310" cleared="276" enqueued="276" />
  <object-monitors candidates="2" cleared="0"  />
</gc-op>
<gc-end id="117" type="scavenge" contextid="113" durationms="14.148" usertimems="54.125" systemtimems="4.582" stalltimems="18.342" timestamp="2025-12-15T22:48:23.434" activeThreads="7">
  <mem-info id="118" free="222819640" total="271187968" percent="82">
    <mem type="nursery" free="44970216" total="69861376" percent="64">
      <mem type="allocate" free="44970216" total="52166656" percent="86" />
      <mem type="survivor" free="0" total="17694720" percent="0" />
    </mem>
    <mem type="tenure" free="177849424" total="201326592" percent="88">
      <mem type="soa" free="167782480" total="191259648" percent="87" />
      <mem type="loa" free="10066944" total="10066944" percent="100" />
    </mem>
    <pending-finalizers system="792" default="0" reference="3970" classloader="0" />
    <remembered-set count="12850" />
  </mem-info>
</gc-end>
<cycle-end id="119" type="scavenge" contextid="113" timestamp="2025-12-15T22:48:23.435" />
<allocation-satisfied id="120" threadId="0000000000637900" bytesRequested="24" />
<af-end id="121" timestamp="2025-12-15T22:48:23.437" threadId="0000000000638378" success="true" from="nursery"/>
<exclusive-end id="122" timestamp="2025-12-15T22:48:23.437" durationms="19.698" />

<exclusive-start id="123" timestamp="2025-12-15T22:48:23.911" intervalms="494.029">
  <response-info timems="0.063" idlems="0.063" threads="0" lastid="0000000000637900" lastname="Daemon worker" />
</exclusive-start>
<af-start id="124" threadId="0000000000638378" totalBytesRequested="136" timestamp="2025-12-15T22:48:23.912" intervalms="494.398" type="nursery" />
<cycle-start id="125" type="scavenge" contextid="0" timestamp="2025-12-15T22:48:23.913" intervalms="494.453" />
<gc-start id="126" type="scavenge" contextid="125" timestamp="2025-12-15T22:48:23.914">
  <mem-info id="127" free="177777712" total="271187968" percent="65">
    <mem type="nursery" free="0" total="69861376" percent="0">
      <mem type="allocate" free="0" total="52166656" percent="0" />
      <mem type="survivor" free="0" total="17694720" percent="0" />
    </mem>
    <mem type="tenure" free="177777712" total="201326592" percent="88">
      <mem type="soa" free="167710768" total="191259648" percent="87" />
      <mem type="loa" free="10066944" total="10066944" percent="100" />
    </mem>
    <remembered-set count="14186" />
  </mem-info>
</gc-start>
<allocation-stats totalBytes="44979664" discardedBytes="62264" >
  <allocated-bytes non-tlh="366864" tlh="44612800" />
  <largest-consumer threadName="Daemon worker" threadId="0000000000637900" bytes="31289152" />
</allocation-stats>
<gc-op id="128" type="scavenge" timems="8.505" contextid="125" timestamp="2025-12-15T22:48:23.924">
  <scavenger-info tenureage="3" tenuremask="7fe8" tiltratio="74" />
  <memory-copied type="nursery" objects="111182" bytes="4729744" bytesdiscarded="103048" />
  <memory-copied type="tenure" objects="87637" bytes="3265392" bytesdiscarded="2008" />
  <finalization candidates="70" enqueued="63" />
  <ownableSynchronizers candidates="3340" cleared="66" />
  <references type="soft" candidates="4692" cleared="0" enqueued="0" dynamicThreshold="32" maxThreshold="32" />
  <references type="weak" candidates="3018" cleared="256" enqueued="256" />
  <references type="phantom" candidates="47" cleared="25" enqueued="25" />
  <object-monitors candidates="3" cleared="1"  />
</gc-op>
<gc-end id="129" type="scavenge" contextid="125" durationms="10.954" usertimems="35.983" systemtimems="11.741" stalltimems="20.280" timestamp="2025-12-15T22:48:23.925" activeThreads="8">
  <mem-info id="130" free="223440568" total="271187968" percent="82">
    <mem type="nursery" free="49095224" total="69861376" percent="70">
      <mem type="allocate" free="49095224" total="53936128" percent="91" />
      <mem type="survivor" free="0" total="15925248" percent="0" />
    </mem>
    <mem type="tenure" free="174345344" total="201326592" percent="86">
      <mem type="soa" free="164278400" total="191259648" percent="85" />
      <mem type="loa" free="10066944" total="10066944" percent="100" />
    </mem>
    <pending-finalizers system="63" default="0" reference="281" classloader="0" />
    <remembered-set count="9490" />
  </mem-info>
</gc-end>
<cycle-end id="131" type="scavenge" contextid="125" timestamp="2025-12-15T22:48:23.927" />
<allocation-satisfied id="132" threadId="0000000000637900" bytesRequested="136" />
<af-end id="133" timestamp="2025-12-15T22:48:23.928" threadId="0000000000638378" success="true" from="nursery"/>
<exclusive-end id="134" timestamp="2025-12-15T22:48:23.928" durationms="17.021" />

<exclusive-start id="135" timestamp="2025-12-15T22:48:24.507" intervalms="595.433">
  <response-info timems="0.061" idlems="0.061" threads="0" lastid="00000000012E6200" lastname="Unconstrained build operations Thread 50" />
</exclusive-start>
<af-start id="136" threadId="00000000012E6C78" totalBytesRequested="1040" timestamp="2025-12-15T22:48:24.508" intervalms="595.073" type="nursery" />
<cycle-start id="137" type="scavenge" contextid="0" timestamp="2025-12-15T22:48:24.508" intervalms="594.922" />
<gc-start id="138" type="scavenge" contextid="137" timestamp="2025-12-15T22:48:24.509">
  <mem-info id="139" free="174330992" total="271187968" percent="64">
    <mem type="nursery" free="0" total="69861376" percent="0">
      <mem type="allocate" free="0" total="53936128" percent="0" />
      <mem type="survivor" free="0" total="15925248" percent="0" />
    </mem>
    <mem type="tenure" free="174330992" total="201326592" percent="86">
      <mem type="soa" free="164264048" total="191259648" percent="85" />
      <mem type="loa" free="10066944" total="10066944" percent="100" />
    </mem>
    <remembered-set count="9780" />
  </mem-info>
</gc-start>
<allocation-stats totalBytes="49040456" discardedBytes="69120" >
  <allocated-bytes non-tlh="965456" tlh="48075000" />
  <largest-consumer threadName="Daemon worker" threadId="0000000000637900" bytes="9599352" />
</allocation-stats>
<gc-op id="140" type="scavenge" timems="7.756" contextid="137" timestamp="2025-12-15T22:48:24.518">
  <scavenger-info tenureage="3" tenuremask="7fc8" tiltratio="77" />
  <memory-copied type="nursery" objects="88146" bytes="4259536" bytesdiscarded="83640" />
  <memory-copied type="tenure" objects="45908" bytes="1802976" bytesdiscarded="296" />
  <finalization candidates="9" enqueued="6" />
  <ownableSynchronizers candidates="557" cleared="107" />
  <references type="soft" candidates="2064" cleared="0" enqueued="0" dynamicThreshold="32" maxThreshold="32" />
  <references type="weak" candidates="1191" cleared="78" enqueued="78" />
  <references type="phantom" candidates="16" cleared="0" enqueued="0" />
  <object-monitors candidates="2" cleared="0"  />
</gc-op>
<gc-end id="141" type="scavenge" contextid="137" durationms="9.844" usertimems="32.187" systemtimems="5.216" stalltimems="24.965" timestamp="2025-12-15T22:48:24.519" activeThreads="8">
  <mem-info id="142" free="223976704" total="271187968" percent="82">
    <mem type="nursery" free="51610520" total="69861376" percent="73">
      <mem type="allocate" free="51610520" total="55967744" percent="92" />
      <mem type="survivor" free="0" total="13893632" percent="0" />
    </mem>
    <mem type="tenure" free="172366184" total="201326592" percent="85">
      <mem type="soa" free="162299240" total="191259648" percent="84" />
      <mem type="loa" free="10066944" total="10066944" percent="100" />
    </mem>
    <pending-finalizers system="6" default="0" reference="78" classloader="0" />
    <remembered-set count="3904" />
  </mem-info>
</gc-end>
<cycle-end id="143" type="scavenge" contextid="137" timestamp="2025-12-15T22:48:24.520" />
<allocation-satisfied id="144" threadId="00000000012E6200" bytesRequested="1040" />
<af-end id="145" timestamp="2025-12-15T22:48:24.521" threadId="00000000012E6C78" success="true" from="nursery"/>
<exclusive-end id="146" timestamp="2025-12-15T22:48:24.522" durationms="15.041" />

<exclusive-start id="147" timestamp="2025-12-15T22:48:25.214" intervalms="707.380">
  <response-info timems="0.189" idlems="0.101" threads="2" lastid="0000000000637900" lastname="Daemon worker" />
</exclusive-start>
<af-start id="148" threadId="000000000144F678" totalBytesRequested="80" timestamp="2025-12-15T22:48:25.215" intervalms="707.228" type="nursery" />
<cycle-start id="149" type="scavenge" contextid="0" timestamp="2025-12-15T22:48:25.216" intervalms="707.162" />
<gc-start id="150" type="scavenge" contextid="149" timestamp="2025-12-15T22:48:25.217">
  <mem-info id="151" free="172345000" total="271187968" percent="63">
    <mem type="nursery" free="0" total="69861376" percent="0">
      <mem type="allocate" free="0" total="55967744" percent="0" />
      <mem type="survivor" free="0" total="13893632" percent="0" />
    </mem>
    <mem type="tenure" free="172345000" total="201326592" percent="85">
      <mem type="soa" free="162278056" total="191259648" percent="84" />
      <mem type="loa" free="10066944" total="10066944" percent="100" />
    </mem>
    <remembered-set count="4287" />
  </mem-info>
</gc-start>
<allocation-stats totalBytes="51590448" discardedBytes="41256" >
  <allocated-bytes non-tlh="481312" tlh="51109136" />
  <largest-consumer threadName="Daemon worker" threadId="0000000000637900" bytes="31145552" />
</allocation-stats>
<gc-op id="152" type="scavenge" timems="6.175" contextid="149" timestamp="2025-12-15T22:48:25.224">
  <scavenger-info tenureage="3" tenuremask="7f88" tiltratio="80" />
  <memory-copied type="nursery" objects="78377" bytes="3815656" bytesdiscarded="220592" />
  <memory-copied type="tenure" objects="32891" bytes="1365968" bytesdiscarded="256" />
  <finalization candidates="24" enqueued="21" />
  <ownableSynchronizers candidates="446" cleared="160" />
  <references type="soft" candidates="78" cleared="0" enqueued="0" dynamicThreshold="32" maxThreshold="32" />
  <references type="weak" candidates="433" cleared="134" enqueued="134" />
  <references type="phantom" candidates="10" cleared="10" enqueued="10" />
  <object-monitors candidates="5" cleared="2"  />
</gc-op>
<gc-end id="153" type="scavenge" contextid="149" durationms="9.121" usertimems="30.870" systemtimems="2.231" stalltimems="17.327" timestamp="2025-12-15T22:48:25.226" activeThreads="8">
  <mem-info id="154" free="224335264" total="271187968" percent="82">
    <mem type="nursery" free="53616152" total="69861376" percent="76">
      <mem type="allocate" free="53616152" total="57671680" percent="92" />
      <mem type="survivor" free="0" total="12189696" percent="0" />
    </mem>
    <mem type="tenure" free="170719112" total="201326592" percent="84">
      <mem type="soa" free="160652168" total="191259648" percent="83" />
      <mem type="loa" free="10066944" total="10066944" percent="100" />
    </mem>
    <pending-finalizers system="21" default="0" reference="144" classloader="0" />
    <remembered-set count="1308" />
  </mem-info>
</gc-end>
<cycle-end id="155" type="scavenge" contextid="149" timestamp="2025-12-15T22:48:25.227" />
<allocation-satisfied id="156" threadId="000000000144EC00" bytesRequested="80" />
<af-end id="157" timestamp="2025-12-15T22:48:25.228" threadId="000000000144F678" success="true" from="nursery"/>
<exclusive-end id="158" timestamp="2025-12-15T22:48:25.228" durationms="14.184" />

<exclusive-start id="159" timestamp="2025-12-15T22:48:25.946" intervalms="731.657">
  <response-info timems="0.158" idlems="0.086" threads="1" lastid="000000000002D300" lastname="JIT Compilation Thread-001" />
</exclusive-start>
<af-start id="160" threadId="00000000007A6F78" totalBytesRequested="4104" timestamp="2025-12-15T22:48:25.947" intervalms="731.821" type="nursery" />
<cycle-start id="161" type="scavenge" contextid="0" timestamp="2025-12-15T22:48:25.948" intervalms="732.014" />
<gc-start id="162" type="scavenge" contextid="161" timestamp="2025-12-15T22:48:25.948">
  <mem-info id="163" free="170673864" total="271187968" percent="62">
    <mem type="nursery" free="0" total="69861376" percent="0">
      <mem type="allocate" free="0" total="57671680" percent="0" />
      <mem type="survivor" free="0" total="12189696" percent="0" />
    </mem>
    <mem type="tenure" free="170673864" total="201326592" percent="84">
      <mem type="soa" free="160606920" total="191259648" percent="83" />
      <mem type="loa" free="10066944" total="10066944" percent="100" />
    </mem>
    <remembered-set count="2282" />
  </mem-info>
</gc-start>
<allocation-stats totalBytes="53212768" discardedBytes="448632" >
  <allocated-bytes non-tlh="664152" tlh="52548616" />
  <largest-consumer threadName="Cache worker for file hash cache (/gradle/caches/9.0.0/fileHashes)" threadId="00000000007A6500" bytes="14146968" />
</allocation-stats>
<gc-op id="164" type="scavenge" timems="6.626" contextid="161" timestamp="2025-12-15T22:48:25.956">
  <scavenger-info tenureage="8" tenuremask="7f00" tiltratio="82" />
  <memory-copied type="nursery" objects="143386" bytes="6181112" bytesdiscarded="79168" />
  <finalization candidates="159" enqueued="159" />
  <ownableSynchronizers candidates="1501" cleared="1348" />
  <references type="soft" candidates="198" cleared="0" enqueued="0" dynamicThreshold="32" maxThreshold="32" />
  <references type="weak" candidates="4307" cleared="457" enqueued="457" />
  <references type="phantom" candidates="1905" cleared="1817" enqueued="1817" />
  <object-monitors candidates="24" cleared="16"  />
</gc-op>
<gc-end id="165" type="scavenge" contextid="161" durationms="9.307" usertimems="36.557" systemtimems="0.000" stalltimems="18.899" timestamp="2025-12-15T22:48:25.958" activeThreads="8">
  <mem-info id="166" free="222396960" total="271187968" percent="82">
    <mem type="nursery" free="51723096" total="69861376" percent="74">
      <mem type="allocate" free="51723096" total="57999360" percent="89" />
      <mem type="survivor" free="0" total="11862016" percent="0" />
    </mem>
    <mem type="tenure" free="170673864" total="201326592" percent="84">
      <mem type="soa" free="160606920" total="191259648" percent="83" />
      <mem type="loa" free="10066944" total="10066944" percent="100" />
    </mem>
    <pending-finalizers system="159" default="0" reference="2274" classloader="0" />
    <remembered-set count="1831" />
  </mem-info>
</gc-end>
<cycle-end id="167" type="scavenge" contextid="161" timestamp="2025-12-15T22:48:25.958" />
<allocation-satisfied id="168" threadId="00000000007A6500" bytesRequested="4104" />
<af-end id="169" timestamp="2025-12-15T22:48:25.960" threadId="00000000007A6F78" success="true" from="nursery"/>
<exclusive-end id="170" timestamp="2025-12-15T22:48:25.960" durationms="14.462" />

<exclusive-start id="171" timestamp="2025-12-15T22:48:26.759" intervalms="812.928">
  <response-info timems="0.089" idlems="0.089" threads="0" lastid="0000000000637900" lastname="Daemon worker" />
</exclusive-start>
<af-start id="172" threadId="0000000000638378" totalBytesRequested="520" timestamp="2025-12-15T22:48:26.760" intervalms="812.994" type="nursery" />
<cycle-start id="173" type="scavenge" contextid="0" timestamp="2025-12-15T22:48:26.761" intervalms="813.268" />
<gc-start id="174" type="scavenge" contextid="173" timestamp="2025-12-15T22:48:26.762">
  <mem-info id="175" free="170368656" total="271187968" percent="62">
    <mem type="nursery" free="0" total="69861376" percent="0">
      <mem type="allocate" free="0" total="57999360" percent="0" />
      <mem type="survivor" free="0" total="11862016" percent="0" />
    </mem>
    <mem type="tenure" free="170368656" total="201326592" percent="84">
      <mem type="soa" free="160301712" total="191259648" percent="83" />
      <mem type="loa" free="10066944" total="10066944" percent="100" />
    </mem>
    <remembered-set count="7369" />
  </mem-info>
</gc-start>
<allocation-stats totalBytes="51757416" discardedBytes="270888" >
  <allocated-bytes non-tlh="740168" tlh="51017248" />
  <largest-consumer threadName="Daemon worker" threadId="0000000000637900" bytes="33551736" />
</allocation-stats>
<gc-op id="176" type="scavenge" timems="8.820" contextid="173" timestamp="2025-12-15T22:48:26.772">
  <scavenger-info tenureage="3" tenuremask="7f18" tiltratio="83" />
  <memory-copied type="nursery" objects="151884" bytes="6614080" bytesdiscarded="71720" />
  <memory-copied type="tenure" objects="47228" bytes="2503120" bytesdiscarded="1248" />
  <finalization candidates="454" enqueued="454" />
  <ownableSynchronizers candidates="609" cleared="430" />
  <references type="soft" candidates="2670" cleared="0" enqueued="0" dynamicThreshold="32" maxThreshold="32" />
  <references type="weak" candidates="7336" cleared="1840" enqueued="1840" />
  <references type="phantom" candidates="1114" cleared="926" enqueued="926" />
  <object-monitors candidates="26" cleared="18"  />
</gc-op>
<gc-end id="177" type="scavenge" contextid="173" durationms="11.662" usertimems="44.525" systemtimems="5.790" stalltimems="22.362" timestamp="2025-12-15T22:48:26.773" activeThreads="8">
  <mem-info id="178" free="221922896" total="271187968" percent="81">
    <mem type="nursery" free="53791000" total="69861376" percent="76">
      <mem type="allocate" free="53791000" total="60489728" percent="88" />
      <mem type="survivor" free="0" total="9371648" percent="0" />
    </mem>
    <mem type="tenure" free="168131896" total="201326592" percent="83">
      <mem type="soa" free="158064952" total="191259648" percent="82" />
      <mem type="loa" free="10066944" total="10066944" percent="100" />
    </mem>
    <pending-finalizers system="454" default="0" reference="2766" classloader="0" />
    <remembered-set count="7264" />
  </mem-info>
</gc-end>
<cycle-end id="179" type="scavenge" contextid="173" timestamp="2025-12-15T22:48:26.774" />
<allocation-satisfied id="180" threadId="0000000000637900" bytesRequested="520" />
<af-end id="181" timestamp="2025-12-15T22:48:26.776" threadId="0000000000638378" success="true" from="nursery"/>
<exclusive-end id="182" timestamp="2025-12-15T22:48:26.776" durationms="17.288" />

<exclusive-start id="183" timestamp="2025-12-15T22:48:38.952" intervalms="12192.999">
  <response-info timems="0.145" idlems="0.145" threads="0" lastid="0000000001885900" lastname="Execution worker Thread 13" />
</exclusive-start>
<af-start id="184" threadId="0000000001886378" totalBytesRequested="8200" timestamp="2025-12-15T22:48:38.953" intervalms="12193.103" type="nursery" />
<cycle-start id="185" type="scavenge" contextid="0" timestamp="2025-12-15T22:48:38.954" intervalms="12192.832" />
<gc-start id="186" type="scavenge" contextid="185" timestamp="2025-12-15T22:48:38.955">
  <mem-info id="187" free="167652424" total="271187968" percent="61">
    <mem type="nursery" free="0" total="69861376" percent="0">
      <mem type="allocate" free="0" total="60489728" percent="0" />
      <mem type="survivor" free="0" total="9371648" percent="0" />
    </mem>
    <mem type="tenure" free="167652424" total="201326592" percent="83">
      <mem type="soa" free="157585480" total="191259648" percent="82" />
      <mem type="loa" free="10066944" total="10066944" percent="100" />
    </mem>
    <remembered-set count="15448" />
  </mem-info>
</gc-start>
<allocation-stats totalBytes="54216280" discardedBytes="54192" >
  <allocated-bytes non-tlh="1058168" tlh="53158112" />
  <largest-consumer threadName="Daemon worker" threadId="0000000000637900" bytes="37804264" />
</allocation-stats>
<gc-op id="188" type="scavenge" timems="11.588" contextid="185" timestamp="2025-12-15T22:48:38.968">
  <scavenger-info tenureage="3" tenuremask="7f08" tiltratio="86" />
  <memory-copied type="nursery" objects="170707" bytes="9354464" bytesdiscarded="5064" />
  <memory-copied type="tenure" objects="85958" bytes="3062656" bytesdiscarded="3120" />
  <copy-failed type="nursery" objects="56394" bytes="1797744" />
  <finalization candidates="829" enqueued="828" />
  <ownableSynchronizers candidates="474" cleared="33" />
  <references type="soft" candidates="7263" cleared="0" enqueued="0" dynamicThreshold="32" maxThreshold="32" />
  <references type="weak" candidates="9348" cleared="2709" enqueued="2707" />
  <references type="phantom" candidates="801" cleared="400" enqueued="400" />
  <object-monitors candidates="9" cleared="0"  />
</gc-op>
<gc-end id="189" type="scavenge" contextid="185" durationms="14.355" usertimems="50.879" systemtimems="16.156" stalltimems="24.296" timestamp="2025-12-15T22:48:38.969" activeThreads="8">
  <mem-info id="190" free="205989888" total="271187968" percent="75">
    <mem type="nursery" free="41025536" total="69861376" percent="58">
      <mem type="allocate" free="41025536" total="50397184" percent="81" />
      <mem type="survivor" free="0" total="19464192" percent="0" />
    </mem>
    <mem type="tenure" free="164964352" total="201326592" percent="81" macro-fragmented="119258368">
      <mem type="soa" free="154897408" total="191259648" percent="80" />
      <mem type="loa" free="10066944" total="10066944" percent="100" />
    </mem>
    <pending-finalizers system="828" default="0" reference="3107" classloader="0" />
    <remembered-set count="24134" />
  </mem-info>
</gc-end>
<cycle-end id="191" type="scavenge" contextid="185" timestamp="2025-12-15T22:48:38.970" />
<allocation-satisfied id="192" threadId="0000000001885900" bytesRequested="8200" />
<af-end id="193" timestamp="2025-12-15T22:48:38.972" threadId="0000000001886378" success="true" from="nursery"/>
<exclusive-end id="194" timestamp="2025-12-15T22:48:38.973" durationms="20.780" />

<exclusive-start id="195" timestamp="2025-12-15T22:48:42.957" intervalms="4005.521">
  <response-info timems="0.217" idlems="0.217" threads="0" lastid="0000000001876600" lastname="Execution worker Thread 9" />
</exclusive-start>
<af-start id="196" threadId="0000000001877078" totalBytesRequested="202504" timestamp="2025-12-15T22:48:42.958" intervalms="4005.260" type="nursery" />
<cycle-start id="197" type="scavenge" contextid="0" timestamp="2025-12-15T22:48:42.959" intervalms="4005.321" />
<gc-start id="198" type="scavenge" contextid="197" timestamp="2025-12-15T22:48:42.960">
  <mem-info id="199" free="164825296" total="271187968" percent="60">
    <mem type="nursery" free="0" total="69861376" percent="0">
      <mem type="allocate" free="0" total="50397184" percent="0" />
      <mem type="survivor" free="0" total="19464192" percent="0" />
    </mem>
    <mem type="tenure" free="164825296" total="201326592" percent="81">
      <mem type="soa" free="154758352" total="191259648" percent="80" />
      <mem type="loa" free="10066944" total="10066944" percent="100" />
    </mem>
    <remembered-set count="25881" />
  </mem-info>
</gc-start>
<allocation-stats totalBytes="39810960" discardedBytes="1353632" >
  <allocated-bytes non-tlh="147256" tlh="39663704" />
  <largest-consumer threadName="Execution worker Thread 9" threadId="0000000001876600" bytes="35592552" />
</allocation-stats>
<gc-op id="200" type="scavenge" timems="11.319" contextid="197" timestamp="2025-12-15T22:48:42.972">
  <scavenger-info tenureage="3" tenuremask="7f08" tiltratio="72" />
  <memory-copied type="nursery" objects="154154" bytes="9753368" bytesdiscarded="187920" />
  <memory-copied type="tenure" objects="23003" bytes="964280" bytesdiscarded="152" />
  <finalization candidates="116" enqueued="116" />
  <ownableSynchronizers candidates="491" cleared="83" />
  <references type="soft" candidates="7219" cleared="0" enqueued="0" dynamicThreshold="32" maxThreshold="32" />
  <references type="weak" candidates="7565" cleared="1826" enqueued="1826" />
  <references type="phantom" candidates="592" cleared="250" enqueued="250" />
  <object-monitors candidates="9" cleared="0"  />
</gc-op>
<gc-end id="201" type="scavenge" contextid="197" durationms="14.760" usertimems="58.590" systemtimems="4.204" stalltimems="40.475" timestamp="2025-12-15T22:48:42.974" activeThreads="9">
  <mem-info id="202" free="205078816" total="271187968" percent="75">
    <mem type="nursery" free="41564144" total="69861376" percent="59">
      <mem type="allocate" free="41564144" total="51511296" percent="80" />
      <mem type="survivor" free="0" total="18350080" percent="0" />
    </mem>
    <mem type="tenure" free="163514672" total="201326592" percent="81" macro-fragmented="99381968">
      <mem type="soa" free="153447728" total="191259648" percent="80" />
      <mem type="loa" free="10066944" total="10066944" percent="100" />
    </mem>
    <pending-finalizers system="115" default="1" reference="2076" classloader="0" />
    <remembered-set count="17943" />
  </mem-info>
</gc-end>
<cycle-end id="203" type="scavenge" contextid="197" timestamp="2025-12-15T22:48:42.975" />
<allocation-satisfied id="204" threadId="0000000001876600" bytesRequested="202504" />
<af-end id="205" timestamp="2025-12-15T22:48:42.976" threadId="0000000001877078" success="true" from="nursery"/>
<exclusive-end id="206" timestamp="2025-12-15T22:48:42.977" durationms="19.360" />

<exclusive-start id="207" timestamp="2025-12-15T22:48:44.102" intervalms="1144.944">
  <response-info timems="0.291" idlems="0.291" threads="0" lastid="0000000001876600" lastname="Execution worker Thread 9" />
</exclusive-start>
<af-start id="208" threadId="0000000001877078" totalBytesRequested="4120" timestamp="2025-12-15T22:48:44.103" intervalms="1145.129" type="nursery" />
<cycle-start id="209" type="scavenge" contextid="0" timestamp="2025-12-15T22:48:44.104" intervalms="1145.023" />
<gc-start id="210" type="scavenge" contextid="209" timestamp="2025-12-15T22:48:44.105">
  <mem-info id="211" free="163124640" total="271187968" percent="60">
    <mem type="nursery" free="0" total="69861376" percent="0">
      <mem type="allocate" free="0" total="51511296" percent="0" />
      <mem type="survivor" free="0" total="18350080" percent="0" />
    </mem>
    <mem type="tenure" free="163124640" total="201326592" percent="81">
      <mem type="soa" free="153057696" total="191259648" percent="80" />
      <mem type="loa" free="10066944" total="10066944" percent="100" />
    </mem>
    <remembered-set count="23820" />
  </mem-info>
</gc-start>
<allocation-stats totalBytes="41830560" discardedBytes="123616" >
  <allocated-bytes non-tlh="799512" tlh="41031048" />
  <largest-consumer threadName="Execution worker Thread 9" threadId="0000000001876600" bytes="41810080" />
</allocation-stats>
<gc-op id="212" type="scavenge" timems="10.802" contextid="209" timestamp="2025-12-15T22:48:44.117">
  <scavenger-info tenureage="3" tenuremask="7f08" tiltratio="73" />
  <memory-copied type="nursery" objects="123704" bytes="7168280" bytesdiscarded="205016" />
  <memory-copied type="tenure" objects="41856" bytes="2556360" bytesdiscarded="448" />
  <finalization candidates="224" enqueued="224" />
  <ownableSynchronizers candidates="380" cleared="0" />
  <references type="soft" candidates="5051" cleared="0" enqueued="0" dynamicThreshold="32" maxThreshold="32" />
  <references type="weak" candidates="7349" cleared="2062" enqueued="2062" />
  <references type="phantom" candidates="376" cleared="111" enqueued="111" />
  <object-monitors candidates="10" cleared="0"  />
</gc-op>
<gc-end id="213" type="scavenge" contextid="209" durationms="13.069" usertimems="53.435" systemtimems="5.444" stalltimems="39.450" timestamp="2025-12-15T22:48:44.118" activeThreads="9">
  <mem-info id="214" free="205488776" total="271187968" percent="75">
    <mem type="nursery" free="45375944" total="69861376" percent="64">
      <mem type="allocate" free="45375944" total="52756480" percent="86" />
      <mem type="survivor" free="0" total="17104896" percent="0" />
    </mem>
    <mem type="tenure" free="160112832" total="201326592" percent="79" macro-fragmented="119258368">
      <mem type="soa" free="150045888" total="191259648" percent="78" />
      <mem type="loa" free="10066944" total="10066944" percent="100" />
    </mem>
    <pending-finalizers system="224" default="0" reference="2173" classloader="0" />
    <remembered-set count="13862" />
  </mem-info>
</gc-end>
<cycle-end id="215" type="scavenge" contextid="209" timestamp="2025-12-15T22:48:44.119" />
<allocation-satisfied id="216" threadId="0000000001876600" bytesRequested="4120" />
<af-end id="217" timestamp="2025-12-15T22:48:44.120" threadId="0000000001877078" success="true" from="nursery"/>
<exclusive-end id="218" timestamp="2025-12-15T22:48:44.121" durationms="18.582" />

<exclusive-start id="219" timestamp="2025-12-15T22:48:50.303" intervalms="6200.390">
  <response-info timems="0.087" idlems="0.087" threads="0" lastid="0000000001876600" lastname="Execution worker Thread 9" />
</exclusive-start>
<af-start id="220" threadId="0000000001877078" totalBytesRequested="13504" timestamp="2025-12-15T22:48:50.303" intervalms="6200.383" type="nursery" />
<cycle-start id="221" type="scavenge" contextid="0" timestamp="2025-12-15T22:48:50.305" intervalms="6201.002" />
<gc-start id="222" type="scavenge" contextid="221" timestamp="2025-12-15T22:48:50.307">
  <mem-info id="223" free="159885496" total="271187968" percent="58">
    <mem type="nursery" free="0" total="69861376" percent="0">
      <mem type="allocate" free="0" total="52756480" percent="0" />
      <mem type="survivor" free="0" total="17104896" percent="0" />
    </mem>
    <mem type="tenure" free="159885496" total="201326592" percent="79">
      <mem type="soa" free="149818552" total="191259648" percent="78" />
      <mem type="loa" free="10066944" total="10066944" percent="100" />
    </mem>
    <remembered-set count="17404" />
  </mem-info>
</gc-start>
<allocation-stats totalBytes="45585424" discardedBytes="17856" >
  <allocated-bytes non-tlh="256056" tlh="45329368" />
  <largest-consumer threadName="Execution worker Thread 9" threadId="0000000001876600" bytes="45150256" />
</allocation-stats>
<gc-op id="224" type="scavenge" timems="9.555" contextid="221" timestamp="2025-12-15T22:48:50.317">
  <scavenger-info tenureage="8" tenuremask="7f00" tiltratio="75" />
  <memory-copied type="nursery" objects="150538" bytes="8430504" bytesdiscarded="119880" />
  <finalization candidates="170" enqueued="170" />
  <ownableSynchronizers candidates="349" cleared="8" />
  <references type="soft" candidates="6144" cleared="0" enqueued="0" dynamicThreshold="32" maxThreshold="32" />
  <references type="weak" candidates="7606" cleared="1603" enqueued="1603" />
  <references type="phantom" candidates="329" cleared="54" enqueued="54" />
  <object-monitors candidates="10" cleared="0"  />
</gc-op>
<gc-end id="225" type="scavenge" contextid="221" durationms="13.246" usertimems="62.365" systemtimems="1.976" stalltimems="22.909" timestamp="2025-12-15T22:48:50.320" activeThreads="9">
  <mem-info id="226" free="205066752" total="271187968" percent="75">
    <mem type="nursery" free="45181256" total="69861376" percent="64">
      <mem type="allocate" free="45181256" total="53739520" percent="84" />
      <mem type="survivor" free="0" total="16121856" percent="0" />
    </mem>
    <mem type="tenure" free="159885496" total="201326592" percent="79" macro-fragmented="119258368">
      <mem type="soa" free="149818552" total="191259648" percent="78" />
      <mem type="loa" free="10066944" total="10066944" percent="100" />
    </mem>
    <pending-finalizers system="170" default="0" reference="1657" classloader="0" />
    <remembered-set count="16277" />
  </mem-info>
</gc-end>
<cycle-end id="227" type="scavenge" contextid="221" timestamp="2025-12-15T22:48:50.321" />
<allocation-satisfied id="228" threadId="0000000001876600" bytesRequested="13504" />
<af-end id="229" timestamp="2025-12-15T22:48:50.322" threadId="0000000001877078" success="true" from="nursery"/>
<exclusive-end id="230" timestamp="2025-12-15T22:48:50.322" durationms="19.632" />

<exclusive-start id="231" timestamp="2025-12-15T22:48:58.500" intervalms="8197.172">
  <response-info timems="0.158" idlems="0.158" threads="0" lastid="0000000001E9B700" lastname="Unconstrained build operations Thread 157" />
</exclusive-start>
<af-start id="232" threadId="0000000001E9C178" totalBytesRequested="24" timestamp="2025-12-15T22:48:58.501" intervalms="8197.177" type="nursery" />
<cycle-start id="233" type="scavenge" contextid="0" timestamp="2025-12-15T22:48:58.502" intervalms="8196.733" />
<gc-start id="234" type="scavenge" contextid="233" timestamp="2025-12-15T22:48:58.503">
  <mem-info id="235" free="159801928" total="271187968" percent="58">
    <mem type="nursery" free="0" total="69861376" percent="0">
      <mem type="allocate" free="0" total="53739520" percent="0" />
      <mem type="survivor" free="0" total="16121856" percent="0" />
    </mem>
    <mem type="tenure" free="159801928" total="201326592" percent="79">
      <mem type="soa" free="149734984" total="191259648" percent="78" />
      <mem type="loa" free="10066944" total="10066944" percent="100" />
    </mem>
    <remembered-set count="17915" />
  </mem-info>
</gc-start>
<allocation-stats totalBytes="45150328" discardedBytes="114496" >
  <allocated-bytes non-tlh="797456" tlh="44352872" />
  <largest-consumer threadName="Execution worker Thread 9" threadId="0000000001876600" bytes="10127720" />
</allocation-stats>
<gc-op id="236" type="scavenge" timems="16.494" contextid="233" timestamp="2025-12-15T22:48:58.521">
  <scavenger-info tenureage="4" tenuremask="7f10" tiltratio="76" />
  <memory-copied type="nursery" objects="118232" bytes="6462168" bytesdiscarded="486976" />
  <memory-copied type="tenure" objects="94266" bytes="5421128" bytesdiscarded="3448" />
  <finalization candidates="64" enqueued="64" />
  <ownableSynchronizers candidates="543" cleared="139" />
  <references type="soft" candidates="2191" cleared="0" enqueued="0" dynamicThreshold="32" maxThreshold="32" />
  <references type="weak" candidates="3092" cleared="319" enqueued="319" />
  <references type="phantom" candidates="261" cleared="187" enqueued="187" />
  <object-monitors candidates="10" cleared="0"  />
</gc-op>
<gc-end id="237" type="scavenge" contextid="233" durationms="18.692" usertimems="64.016" systemtimems="9.292" stalltimems="26.629" timestamp="2025-12-15T22:48:58.522" activeThreads="9">
  <mem-info id="238" free="202704984" total="271187968" percent="74">
    <mem type="nursery" free="47893792" total="69861376" percent="68">
      <mem type="allocate" free="47893792" total="54853632" percent="87" />
      <mem type="survivor" free="0" total="15007744" percent="0" />
    </mem>
    <mem type="tenure" free="154811192" total="201326592" percent="76" macro-fragmented="143110048">
      <mem type="soa" free="144744248" total="191259648" percent="75" />
      <mem type="loa" free="10066944" total="10066944" percent="100" />
    </mem>
    <pending-finalizers system="64" default="0" reference="506" classloader="0" />
    <remembered-set count="8131" />
  </mem-info>
</gc-end>
<cycle-end id="239" type="scavenge" contextid="233" timestamp="2025-12-15T22:48:58.522" />
<allocation-satisfied id="240" threadId="0000000001E9B700" bytesRequested="24" />
<af-end id="241" timestamp="2025-12-15T22:48:58.523" threadId="0000000001E9C178" success="true" from="nursery"/>
<exclusive-end id="242" timestamp="2025-12-15T22:48:58.524" durationms="24.136" />

<exclusive-start id="243" timestamp="2025-12-15T22:49:00.720" intervalms="2219.643">
  <response-info timems="0.103" idlems="0.103" threads="0" lastid="0000000001889600" lastname="Execution worker Thread 14" />
</exclusive-start>
<af-start id="244" threadId="000000000188A078" totalBytesRequested="2576" timestamp="2025-12-15T22:49:00.720" intervalms="2219.793" type="nursery" />
<cycle-start id="245" type="scavenge" contextid="0" timestamp="2025-12-15T22:49:00.722" intervalms="2219.845" />
<gc-start id="246" type="scavenge" contextid="245" timestamp="2025-12-15T22:49:00.723">
  <mem-info id="247" free="154669296" total="271187968" percent="57">
    <mem type="nursery" free="0" total="69861376" percent="0">
      <mem type="allocate" free="0" total="54853632" percent="0" />
      <mem type="survivor" free="0" total="15007744" percent="0" />
    </mem>
    <mem type="tenure" free="154669296" total="201326592" percent="76">
      <mem type="soa" free="144602352" total="191259648" percent="75" />
      <mem type="loa" free="10066944" total="10066944" percent="100" />
    </mem>
    <remembered-set count="10515" />
  </mem-info>
</gc-start>
<allocation-stats totalBytes="47738088" discardedBytes="297600" >
  <allocated-bytes non-tlh="578440" tlh="47159648" />
  <largest-consumer threadName="Unconstrained build operations Thread 156" threadId="0000000001E9AA00" bytes="13270800" />
</allocation-stats>
<gc-op id="248" type="scavenge" timems="6.634" contextid="245" timestamp="2025-12-15T22:49:00.731">
  <scavenger-info tenureage="8" tenuremask="7f00" tiltratio="78" />
  <memory-copied type="nursery" objects="101639" bytes="5127648" bytesdiscarded="183848" />
  <finalization candidates="124" enqueued="124" />
  <ownableSynchronizers candidates="209" cleared="88" />
  <references type="soft" candidates="2281" cleared="0" enqueued="0" dynamicThreshold="32" maxThreshold="32" />
  <references type="weak" candidates="3993" cleared="939" enqueued="938" />
  <references type="phantom" candidates="130" cleared="56" enqueued="56" />
  <object-monitors candidates="10" cleared="0"  />
</gc-op>
<gc-end id="249" type="scavenge" contextid="245" durationms="11.054" usertimems="33.275" systemtimems="1.973" stalltimems="37.554" timestamp="2025-12-15T22:49:00.734" activeThreads="11">
  <mem-info id="250" free="205639864" total="271187968" percent="75">
    <mem type="nursery" free="50970568" total="69861376" percent="72">
      <mem type="allocate" free="50970568" total="56295424" percent="90" />
      <mem type="survivor" free="0" total="13565952" percent="0" />
    </mem>
    <mem type="tenure" free="154669296" total="201326592" percent="76" macro-fragmented="99381968">
      <mem type="soa" free="144602352" total="191259648" percent="75" />
      <mem type="loa" free="10066944" total="10066944" percent="100" />
    </mem>
    <pending-finalizers system="124" default="0" reference="994" classloader="0" />
    <remembered-set count="7649" />
  </mem-info>
</gc-end>
<cycle-end id="251" type="scavenge" contextid="245" timestamp="2025-12-15T22:49:00.735" />
<allocation-satisfied id="252" threadId="0000000001889600" bytesRequested="2576" />
<af-end id="253" timestamp="2025-12-15T22:49:00.736" threadId="000000000188A078" success="true" from="nursery"/>
<exclusive-end id="254" timestamp="2025-12-15T22:49:00.737" durationms="17.033" />

<exclusive-start id="255" timestamp="2025-12-15T22:49:03.583" intervalms="2863.639">
  <response-info timems="0.121" idlems="0.121" threads="0" lastid="0000000001EACE00" lastname="Cache worker for Java compile cache (/gradle/caches/9.0.0/javaC" />
</exclusive-start>
<af-start id="256" threadId="0000000001EAD878" totalBytesRequested="4104" timestamp="2025-12-15T22:49:03.584" intervalms="2863.468" type="nursery" />
<cycle-start id="257" type="scavenge" contextid="0" timestamp="2025-12-15T22:49:03.585" intervalms="2863.230" />
<gc-start id="258" type="scavenge" contextid="257" timestamp="2025-12-15T22:49:03.586">
  <mem-info id="259" free="154362200" total="271187968" percent="56">
    <mem type="nursery" free="0" total="69861376" percent="0">
      <mem type="allocate" free="0" total="56295424" percent="0" />
      <mem type="survivor" free="0" total="13565952" percent="0" />
    </mem>
    <mem type="tenure" free="154362200" total="201326592" percent="76">
      <mem type="soa" free="144295256" total="191259648" percent="75" />
      <mem type="loa" free="10066944" total="10066944" percent="100" />
    </mem>
    <remembered-set count="12166" />
  </mem-info>
</gc-start>
<allocation-stats totalBytes="51265600" discardedBytes="12064" >
  <allocated-bytes non-tlh="683800" tlh="50581800" />
  <largest-consumer threadName="Execution worker Thread 14" threadId="0000000001889600" bytes="43442776" />
</allocation-stats>
<gc-op id="260" type="scavenge" timems="39.502" contextid="257" timestamp="2025-12-15T22:49:03.626">
  <scavenger-info tenureage="3" tenuremask="7e18" tiltratio="80" />
  <memory-copied type="nursery" objects="170997" bytes="7755000" bytesdiscarded="215776" />
  <memory-copied type="tenure" objects="37779" bytes="1910528" bytesdiscarded="544" />
  <finalization candidates="389" enqueued="389" />
  <ownableSynchronizers candidates="194" cleared="6" />
  <references type="soft" candidates="1064" cleared="0" enqueued="0" dynamicThreshold="32" maxThreshold="32" />
  <references type="weak" candidates="9316" cleared="1178" enqueued="1178" />
  <references type="phantom" candidates="190" cleared="153" enqueued="153" />
  <object-monitors candidates="10" cleared="0"  />
</gc-op>
<gc-end id="261" type="scavenge" contextid="257" durationms="42.592" usertimems="80.014" systemtimems="15.367" stalltimems="58.071" timestamp="2025-12-15T22:49:03.628" activeThreads="9">
  <mem-info id="262" free="200778296" total="271187968" percent="74">
    <mem type="nursery" free="48445168" total="69861376" percent="69">
      <mem type="allocate" free="48445168" total="56426496" percent="85" />
      <mem type="survivor" free="0" total="13434880" percent="0" />
    </mem>
    <mem type="tenure" free="152333128" total="201326592" percent="75" macro-fragmented="99381968">
      <mem type="soa" free="142266184" total="191259648" percent="74" />
      <mem type="loa" free="10066944" total="10066944" percent="100" />
    </mem>
    <pending-finalizers system="345" default="44" reference="1331" classloader="0" />
    <remembered-set count="10374" />
  </mem-info>
</gc-end>
<cycle-end id="263" type="scavenge" contextid="257" timestamp="2025-12-15T22:49:03.629" />
<allocation-satisfied id="264" threadId="0000000001EACE00" bytesRequested="4104" />
<af-end id="265" timestamp="2025-12-15T22:49:03.631" threadId="0000000001EAD878" success="true" from="nursery"/>
<exclusive-end id="266" timestamp="2025-12-15T22:49:03.632" durationms="48.916" />

<exclusive-start id="267" timestamp="2025-12-15T22:55:29.329" intervalms="385745.772">
  <response-info timems="0.125" idlems="0.125" threads="0" lastid="00000000001D0800" lastname="VM Runtime State Listener" />
</exclusive-start>
<sys-start reason="vm idle" id="268" timestamp="2025-12-15T22:55:29.332" intervalms="433852.824" />
<cycle-start id="269" type="global" contextid="0" timestamp="2025-12-15T22:55:29.335" intervalms="433855.443" />
<gc-start id="270" type="global" contextid="269" timestamp="2025-12-15T22:55:29.337">
  <mem-info id="271" free="181145696" total="271187968" percent="66">
    <mem type="nursery" free="28896528" total="69861376" percent="41">
      <mem type="allocate" free="28896528" total="56426496" percent="51" />
      <mem type="survivor" free="0" total="13434880" percent="0" />
    </mem>
    <mem type="tenure" free="152249168" total="201326592" percent="75">
      <mem type="soa" free="142182224" total="191259648" percent="74" />
      <mem type="loa" free="10066944" total="10066944" percent="100" />
    </mem>
    <remembered-set count="14300" />
  </mem-info>
</gc-start>
<allocation-stats totalBytes="19554224" discardedBytes="78376" >
  <allocated-bytes non-tlh="455128" tlh="19099096" />
  <largest-consumer threadName="Daemon periodic checks" threadId="00000000005DAB00" bytes="2346464" />
</allocation-stats>
<gc-op id="272" type="mark" timems="92.819" contextid="269" timestamp="2025-12-15T22:55:29.434">
  <trace-info objectcount="941170" scancount="815990" scanbytes="26990328" />
  <finalization candidates="963" enqueued="191" />
  <ownableSynchronizers candidates="4955" cleared="663" />
  <references type="soft" candidates="27033" cleared="0" enqueued="0" dynamicThreshold="32" maxThreshold="32" />
  <references type="weak" candidates="27423" cleared="3231" enqueued="3228" />
  <references type="phantom" candidates="1642" cleared="125" enqueued="125" />
  <stringconstants candidates="42906" cleared="1547"  />
  <object-monitors candidates="12" cleared="1"  />
</gc-op>
<gc-op id="273" type="classunload" timems="4.242" contextid="269" timestamp="2025-12-15T22:55:29.440">
  <classunload-info classloadercandidates="147" classloadersunloaded="2" classesunloaded="1" anonymousclassesunloaded="1" quiescems="0.000" setupms="4.082" scanms="0.150" postms="0.009" />
</gc-op>
<gc-op id="274" type="sweep" timems="5.112" contextid="269" timestamp="2025-12-15T22:55:29.447" />
<mem-info id="275" free="206353480" total="271187968" percent="76">
  <mem type="nursery" free="48910360" total="69861376" percent="70">
    <mem type="allocate" free="48910360" total="56426496" percent="86" />
    <mem type="survivor" free="0" total="13434880" percent="0" />
  </mem>
  <mem type="tenure" free="157443120" total="201326592" percent="78" micro-fragmented="1006373" macro-fragmented="119258368">
    <mem type="soa" free="147376176" total="191259648" percent="77" />
    <mem type="loa" free="10066944" total="10066944" percent="100" />
  </mem>
  <pending-finalizers system="191" default="0" reference="3353" classloader="0" />
  <remembered-set count="11850" />
</mem-info>
<gc-op id="276" type="compact" timems="99.869" contextid="269" timestamp="2025-12-15T22:55:29.551">
  <compact-info movecount="937046" movebytes="49106224" reason="page granularity fragmentation" />
</gc-op>
<gc-end id="277" type="global" contextid="269" durationms="330.835" usertimems="1358.463" systemtimems="106.716" stalltimems="1336.669" timestamp="2025-12-15T22:55:29.668" activeThreads="20">
  <mem-info id="278" free="208403088" total="271187968" percent="76">
    <mem type="nursery" free="50014416" total="69861376" percent="71">
      <mem type="allocate" free="50014416" total="56426496" percent="88" />
      <mem type="survivor" free="0" total="13434880" percent="0" />
    </mem>
    <mem type="tenure" free="158388672" total="201326592" percent="78">
      <mem type="soa" free="148321728" total="191259648" percent="77" />
      <mem type="loa" free="10066944" total="10066944" percent="100" />
    </mem>
    <pending-finalizers system="191" default="0" reference="3353" classloader="0" />
    <remembered-set count="11850" />
  </mem-info>
</gc-end>
<cycle-end id="279" type="global" contextid="269" timestamp="2025-12-15T22:55:29.670" />
<sys-end id="280" timestamp="2025-12-15T22:55:29.672" />
<exclusive-end id="281" timestamp="2025-12-15T22:55:29.674" durationms="344.660" />

<heap-resize id="282" type="release free pages" space="tenure" amount="158347264" count="1" timems="1.204" reason="idle" timestamp="2025-12-15T22:55:29.676" />
<exclusive-start id="283" timestamp="2025-12-15T23:42:49.329" intervalms="2839999.912">
  <response-info timems="0.218" idlems="0.218" threads="0" lastid="00000000001D0800" lastname="VM Runtime State Listener" />
</exclusive-start>
<sys-start reason="vm idle" id="284" timestamp="2025-12-15T23:42:49.332" intervalms="2839999.734" />
<cycle-start id="285" type="global" contextid="0" timestamp="2025-12-15T23:42:49.340" intervalms="2840004.913" />
<gc-start id="286" type="global" contextid="285" timestamp="2025-12-15T23:42:49.355">
  <mem-info id="287" free="177648976" total="271187968" percent="65">
    <mem type="nursery" free="19260304" total="69861376" percent="27">
      <mem type="allocate" free="19260304" total="56426496" percent="34" />
      <mem type="survivor" free="0" total="13434880" percent="0" />
    </mem>
    <mem type="tenure" free="158388672" total="201326592" percent="78">
      <mem type="soa" free="148321728" total="191259648" percent="77" />
      <mem type="loa" free="10066944" total="10066944" percent="100" />
    </mem>
    <remembered-set count="14298" />
  </mem-info>
</gc-start>
<allocation-stats totalBytes="30669400" discardedBytes="84712" >
  <allocated-bytes non-tlh="0" tlh="30669400" />
  <largest-consumer threadName="Daemon periodic checks" threadId="00000000005DAB00" bytes="16786288" />
</allocation-stats>
<gc-op id="288" type="mark" timems="126.212" contextid="285" timestamp="2025-12-15T23:42:49.485">
  <trace-info objectcount="938469" scancount="813654" scanbytes="26931336" />
  <finalization candidates="772" enqueued="0" />
  <ownableSynchronizers candidates="5144" cleared="852" />
  <references type="soft" candidates="27033" cleared="0" enqueued="0" dynamicThreshold="25" maxThreshold="32" />
  <references type="weak" candidates="24192" cleared="0" enqueued="0" />
  <references type="phantom" candidates="1517" cleared="0" enqueued="0" />
  <stringconstants candidates="41359" cleared="0"  />
  <object-monitors candidates="11" cleared="0"  />
</gc-op>
<gc-op id="289" type="classunload" timems="0.077" contextid="285" timestamp="2025-12-15T23:42:49.485">
  <classunload-info classloadercandidates="145" classloadersunloaded="0" classesunloaded="0" anonymousclassesunloaded="0" quiescems="0.000" setupms="0.076" scanms="0.000" postms="0.000" />
</gc-op>
<gc-op id="290" type="sweep" timems="3.563" contextid="285" timestamp="2025-12-15T23:42:49.490" />
<gc-end id="291" type="global" contextid="285" durationms="180.128" usertimems="958.541" systemtimems="75.566" stalltimems="1290.813" timestamp="2025-12-15T23:42:49.535" activeThreads="20">
  <mem-info id="292" free="208428064" total="271187968" percent="76">
    <mem type="nursery" free="50015968" total="69861376" percent="71">
      <mem type="allocate" free="50015968" total="56426496" percent="88" />
      <mem type="survivor" free="0" total="13434880" percent="0" />
    </mem>
    <mem type="tenure" free="158412096" total="201326592" percent="78" micro-fragmented="12118" macro-fragmented="119258368">
      <mem type="soa" free="148345152" total="191259648" percent="77" />
      <mem type="loa" free="10066944" total="10066944" percent="100" />
    </mem>
    <remembered-set count="13914" />
  </mem-info>
</gc-end>
<cycle-end id="293" type="global" contextid="285" timestamp="2025-12-15T23:42:49.535" />
<sys-end id="294" timestamp="2025-12-15T23:42:49.536" />
<exclusive-end id="295" timestamp="2025-12-15T23:42:49.536" durationms="207.361" />

<heap-resize id="296" type="release free pages" space="tenure" amount="158347264" count="1" timems="1.620" reason="idle" timestamp="2025-12-15T23:42:49.538" />
<exclusive-start id="297" timestamp="2025-12-16T00:06:09.341" intervalms="1400012.290">
  <response-info timems="0.232" idlems="0.232" threads="0" lastid="00000000001D0800" lastname="VM Runtime State Listener" />
</exclusive-start>
<sys-start reason="vm idle" id="298" timestamp="2025-12-16T00:06:09.344" intervalms="1400012.755" />
<cycle-start id="299" type="global" contextid="0" timestamp="2025-12-16T00:06:09.348" intervalms="1400008.096" />
<gc-start id="300" type="global" contextid="299" timestamp="2025-12-16T00:06:09.357">
  <mem-info id="301" free="193244504" total="271187968" percent="71">
    <mem type="nursery" free="34832408" total="69861376" percent="49">
      <mem type="allocate" free="34832408" total="56426496" percent="61" />
      <mem type="survivor" free="0" total="13434880" percent="0" />
    </mem>
    <mem type="tenure" free="158412096" total="201326592" percent="78">
      <mem type="soa" free="148345152" total="191259648" percent="77" />
      <mem type="loa" free="10066944" total="10066944" percent="100" />
    </mem>
    <remembered-set count="13916" />
  </mem-info>
</gc-start>
<allocation-stats totalBytes="15140664" discardedBytes="42896" >
  <allocated-bytes non-tlh="45104" tlh="15095560" />
  <largest-consumer threadName="Daemon periodic checks" threadId="00000000005DAB00" bytes="8214256" />
</allocation-stats>
<gc-op id="302" type="mark" timems="100.363" contextid="299" timestamp="2025-12-16T00:06:09.462">
  <trace-info objectcount="938469" scancount="813672" scanbytes="26931336" />
  <finalization candidates="772" enqueued="0" />
  <ownableSynchronizers candidates="4712" cleared="420" />
  <references type="soft" candidates="27033" cleared="0" enqueued="0" dynamicThreshold="25" maxThreshold="32" />
  <references type="weak" candidates="24192" cleared="0" enqueued="0" />
  <references type="phantom" candidates="1517" cleared="0" enqueued="0" />
  <stringconstants candidates="41359" cleared="0"  />
  <object-monitors candidates="11" cleared="0"  />
</gc-op>
<gc-op id="303" type="classunload" timems="0.126" contextid="299" timestamp="2025-12-16T00:06:09.464">
  <classunload-info classloadercandidates="145" classloadersunloaded="0" classesunloaded="0" anonymousclassesunloaded="0" quiescems="0.000" setupms="0.125" scanms="0.000" postms="0.000" />
</gc-op>
<gc-op id="304" type="sweep" timems="4.896" contextid="299" timestamp="2025-12-16T00:06:09.470" />
<mem-info id="305" free="208428040" total="271187968" percent="76">
  <mem type="nursery" free="50015944" total="69861376" percent="71">
    <mem type="allocate" free="50015944" total="56426496" percent="88" />
    <mem type="survivor" free="0" total="13434880" percent="0" />
  </mem>
  <mem type="tenure" free="158412096" total="201326592" percent="78" micro-fragmented="12118" macro-fragmented="82818304">
    <mem type="soa" free="148345152" total="191259648" percent="77" />
    <mem type="loa" free="10066944" total="10066944" percent="100" />
  </mem>
  <remembered-set count="13916" />
</mem-info>
<gc-op id="306" type="compact" timems="88.692" contextid="299" timestamp="2025-12-16T00:06:09.561">
  <compact-info movecount="457403" movebytes="17414336" reason="compact on aggressive collection" />
</gc-op>
<gc-end id="307" type="global" contextid="299" durationms="249.710" usertimems="1204.505" systemtimems="97.034" stalltimems="1308.463" timestamp="2025-12-16T00:06:09.607" activeThreads="20">
  <mem-info id="308" free="208488616" total="271187968" percent="76">
    <mem type="nursery" free="50058040" total="69861376" percent="71">
      <mem type="allocate" free="50058040" total="56426496" percent="88" />
      <mem type="survivor" free="0" total="13434880" percent="0" />
    </mem>
    <mem type="tenure" free="158430576" total="201326592" percent="78">
      <mem type="soa" free="148363632" total="191259648" percent="77" />
      <mem type="loa" free="10066944" total="10066944" percent="100" />
    </mem>
    <remembered-set count="13916" />
  </mem-info>
</gc-end>
<cycle-end id="309" type="global" contextid="299" timestamp="2025-12-16T00:06:09.608" />
<sys-end id="310" timestamp="2025-12-16T00:06:09.609" />
<exclusive-end id="311" timestamp="2025-12-16T00:06:09.609" durationms="267.986" />

<heap-resize id="312" type="release free pages" space="tenure" amount="158392320" count="1" timems="2.478" reason="idle" timestamp="2025-12-16T00:06:09.612" />
<exclusive-start id="313" timestamp="2025-12-16T01:24:46.926" intervalms="4717584.195">
  <response-info timems="0.666" idlems="0.666" threads="0" lastid="00000000005DAB00" lastname="Daemon periodic checks" />
</exclusive-start>
<af-start id="314" threadId="00000000005DB578" totalBytesRequested="8200" timestamp="2025-12-16T01:24:46.931" intervalms="9343347.463" type="nursery" />
<cycle-start id="315" type="scavenge" contextid="0" timestamp="2025-12-16T01:24:46.946" intervalms="9343361.448" />
<gc-start id="316" type="scavenge" contextid="315" timestamp="2025-12-16T01:24:46.985">
  <mem-info id="317" free="158430576" total="271187968" percent="58">
    <mem type="nursery" free="0" total="69861376" percent="0">
      <mem type="allocate" free="0" total="56426496" percent="0" />
      <mem type="survivor" free="0" total="13434880" percent="0" />
    </mem>
    <mem type="tenure" free="158430576" total="201326592" percent="78">
      <mem type="soa" free="148363632" total="191259648" percent="77" />
      <mem type="loa" free="10066944" total="10066944" percent="100" />
    </mem>
    <remembered-set count="13916" />
  </mem-info>
</gc-start>
<allocation-stats totalBytes="49957040" discardedBytes="101000" >
  <allocated-bytes non-tlh="0" tlh="49957040" />
  <largest-consumer threadName="Daemon periodic checks" threadId="00000000005DAB00" bytes="27382432" />
</allocation-stats>
<gc-op id="318" type="scavenge" timems="73.233" contextid="315" timestamp="2025-12-16T01:24:47.062">
  <scavenger-info tenureage="3" tenuremask="7e08" tiltratio="80" />
  <memory-copied type="nursery" objects="148474" bytes="5557880" bytesdiscarded="187904" />
  <memory-copied type="tenure" objects="25082" bytes="803728" bytesdiscarded="472" />
  <ownableSynchronizers candidates="9948" cleared="9896" />
  <references type="soft" candidates="371" cleared="0" enqueued="0" dynamicThreshold="25" maxThreshold="32" />
  <references type="weak" candidates="8236" cleared="0" enqueued="0" />
  <references type="phantom" candidates="30" cleared="0" enqueued="0" />
  <object-monitors candidates="11" cleared="0"  />
</gc-op>
<gc-end id="319" type="scavenge" contextid="315" durationms="121.529" usertimems="716.896" systemtimems="43.963" stalltimems="150.992" timestamp="2025-12-16T01:24:47.106" activeThreads="13">
  <mem-info id="320" free="208544040" total="271187968" percent="76">
    <mem type="nursery" free="51397128" total="69861376" percent="73">
      <mem type="allocate" free="51397128" total="57147392" percent="89" />
      <mem type="survivor" free="0" total="12713984" percent="0" />
    </mem>
    <mem type="tenure" free="157146912" total="201326592" percent="78" macro-fragmented="99381968">
      <mem type="soa" free="147079968" total="191259648" percent="76" />
      <mem type="loa" free="10066944" total="10066944" percent="100" />
    </mem>
    <remembered-set count="11257" />
  </mem-info>
</gc-end>
<cycle-end id="321" type="scavenge" contextid="315" timestamp="2025-12-16T01:24:47.110" />
<allocation-satisfied id="322" threadId="00000000005DAB00" bytesRequested="8200" />
<af-end id="323" timestamp="2025-12-16T01:24:47.115" threadId="00000000005DB578" success="true" from="nursery"/>
<exclusive-end id="324" timestamp="2025-12-16T01:24:47.117" durationms="191.835" />

<exclusive-start id="325" timestamp="2025-12-16T01:37:39.330" intervalms="772404.987">
  <response-info timems="0.266" idlems="0.266" threads="0" lastid="00000000001D0800" lastname="VM Runtime State Listener" />
</exclusive-start>
<sys-start reason="vm idle" id="326" timestamp="2025-12-16T01:37:39.332" intervalms="5489987.861" />
<cycle-start id="327" type="global" contextid="0" timestamp="2025-12-16T01:37:39.337" intervalms="5489989.101" />
<gc-start id="328" type="global" contextid="327" timestamp="2025-12-16T01:37:39.343">
  <mem-info id="329" free="200225056" total="271187968" percent="73">
    <mem type="nursery" free="43078144" total="69861376" percent="61">
      <mem type="allocate" free="43078144" total="57147392" percent="75" />
      <mem type="survivor" free="0" total="12713984" percent="0" />
    </mem>
    <mem type="tenure" free="157146912" total="201326592" percent="78">
      <mem type="soa" free="147079968" total="191259648" percent="76" />
      <mem type="loa" free="10066944" total="10066944" percent="100" />
    </mem>
    <remembered-set count="11262" />
  </mem-info>
</gc-start>
<allocation-stats totalBytes="8284592" discardedBytes="34392" >
  <allocated-bytes non-tlh="8200" tlh="8276392" />
  <largest-consumer threadName="Daemon periodic checks" threadId="00000000005DAB00" bytes="4506200" />
</allocation-stats>
<gc-op id="330" type="mark" timems="147.240" contextid="327" timestamp="2025-12-16T01:37:39.493">
  <trace-info objectcount="938469" scancount="813654" scanbytes="26931336" />
  <finalization candidates="772" enqueued="0" />
  <ownableSynchronizers candidates="4523" cleared="231" />
  <references type="soft" candidates="27033" cleared="0" enqueued="0" dynamicThreshold="25" maxThreshold="32" />
  <references type="weak" candidates="24192" cleared="0" enqueued="0" />
  <references type="phantom" candidates="1517" cleared="0" enqueued="0" />
  <stringconstants candidates="41359" cleared="0"  />
  <object-monitors candidates="11" cleared="0"  />
</gc-op>
<gc-op id="331" type="classunload" timems="0.114" contextid="327" timestamp="2025-12-16T01:37:39.496">
  <classunload-info classloadercandidates="145" classloadersunloaded="0" classesunloaded="0" anonymousclassesunloaded="0" quiescems="0.000" setupms="0.113" scanms="0.000" postms="0.000" />
</gc-op>
<gc-op id="332" type="sweep" timems="4.457" contextid="327" timestamp="2025-12-16T01:37:39.503" />
<gc-end id="333" type="global" contextid="327" durationms="171.630" usertimems="703.151" systemtimems="39.968" stalltimems="1914.077" timestamp="2025-12-16T01:37:39.514" activeThreads="20">
  <mem-info id="334" free="209204144" total="271187968" percent="77">
    <mem type="nursery" free="51580600" total="69861376" percent="73">
      <mem type="allocate" free="51580600" total="57147392" percent="90" />
      <mem type="survivor" free="0" total="12713984" percent="0" />
    </mem>
    <mem type="tenure" free="157623544" total="201326592" percent="78" micro-fragmented="0" macro-fragmented="0">
      <mem type="soa" free="147556600" total="191259648" percent="77" />
      <mem type="loa" free="10066944" total="10066944" percent="100" />
    </mem>
    <remembered-set count="11262" />
  </mem-info>
</gc-end>
<cycle-end id="335" type="global" contextid="327" timestamp="2025-12-16T01:37:39.517" />
<sys-end id="336" timestamp="2025-12-16T01:37:39.520" />
<exclusive-end id="337" timestamp="2025-12-16T01:37:39.521" durationms="190.638" />

<heap-resize id="338" type="release free pages" space="tenure" amount="157560832" count="1" timems="3.486" reason="idle" timestamp="2025-12-16T01:37:39.526" />
</verbosegc>

